02/24/26 21:38:54: Running xcd server. This server was NOT built by gradle, but presumably rdi.
02/24/26 21:38:54: Server was asked to start on port: '62942'
02/24/26 21:38:54: Server is using token UUID: '1fbaf54a-11f3-11f1-98e6-005056c00008'
02/24/26 21:38:54: SESSION_MGR: creating session with session uuid: '6d04a3e9-ade5-4ab9-8d63-1f78fcd2ec76' and name 'default'
02/24/26 21:38:54: Attempting to start server on port '62942'
02/24/26 21:38:54: Running Dispatch Server
02/24/26 21:38:54: Version 2.2.0
02/24/26 21:38:54: Dispatch Server: Accepted socket connection from client
02/24/26 21:38:54: Starting Socket connection
02/24/26 21:38:54: EXCHANGE_TOKEN received, server token: 1fbaf54a-11f3-11f1-98e6-005056c00008, passed token: 1fbaf54a-11f3-11f1-98e6-005056c00008
02/24/26 21:38:54: SESSION_MGR: creating session with session uuid: '3aa990c1-e609-4c7e-8957-4dd349f7af1d' and name 'Code Analyzer'
02/24/26 21:38:54: KERNEL_SVC: creating session with uuid: '3aa990c1-e609-4c7e-8957-4dd349f7af1d' and name 'Code Analyzer'
02/24/26 21:38:54: GUIDANCE_SMGR: creating guidance session with uuid: '3aa990c1-e609-4c7e-8957-4dd349f7af1d' and name 'Code Analyzer'
02/24/26 21:38:59: SESSION_MGR: closing session for UUID '3aa990c1-e609-4c7e-8957-4dd349f7af1d' with name ''
02/24/26 21:38:59: KERNEL_SVC: closing session for UUID '3aa990c1-e609-4c7e-8957-4dd349f7af1d' with name ''
02/24/26 21:38:59: GUIDANCE_SMGR: closing session for UUID '3aa990c1-e609-4c7e-8957-4dd349f7af1d' with name ''
02/24/26 21:38:59: STOP_SERVER received, server token: 1fbaf54a-11f3-11f1-98e6-005056c00008, passed token: 1fbaf54a-11f3-11f1-98e6-005056c00008
02/24/26 21:38:59: Socket received request to stop server.
02/24/26 21:38:59: Dispatch Server: do_await_stop
02/24/26 21:38:59: SERVER: destructor for server bound to port 62942
02/24/26 21:38:59: Server exiting with status 0.
02/24/26 21:38:59: Closing log file.
02/24/26 22:12:10: Running xcd server. This server was NOT built by gradle, but presumably rdi.
02/24/26 22:12:10: Server was asked to start on port: '52051'
02/24/26 22:12:10: Server is using token UUID: 'c550ccd9-11f7-11f1-a06c-005056c00008'
02/24/26 22:12:10: SESSION_MGR: creating session with session uuid: '6d04a3e9-ade5-4ab9-8d63-1f78fcd2ec76' and name 'default'
02/24/26 22:12:10: Attempting to start server on port '52051'
02/24/26 22:12:10: Running Dispatch Server
02/24/26 22:12:10: Version 2.2.0
02/24/26 22:12:10: Dispatch Server: Accepted socket connection from client
02/24/26 22:12:10: Starting Socket connection
02/24/26 22:12:10: EXCHANGE_TOKEN received, server token: c550ccd9-11f7-11f1-a06c-005056c00008, passed token: c550ccd9-11f7-11f1-a06c-005056c00008
02/24/26 22:12:10: SESSION_MGR: creating session with session uuid: '6ed40dbb-c644-49d0-ba75-fa5f6ce6a605' and name 'Code Analyzer'
02/24/26 22:12:10: KERNEL_SVC: creating session with uuid: '6ed40dbb-c644-49d0-ba75-fa5f6ce6a605' and name 'Code Analyzer'
02/24/26 22:12:10: GUIDANCE_SMGR: creating guidance session with uuid: '6ed40dbb-c644-49d0-ba75-fa5f6ce6a605' and name 'Code Analyzer'
02/24/26 22:12:12: SESSION_MGR: closing session for UUID '6ed40dbb-c644-49d0-ba75-fa5f6ce6a605' with name ''
02/24/26 22:12:12: KERNEL_SVC: closing session for UUID '6ed40dbb-c644-49d0-ba75-fa5f6ce6a605' with name ''
02/24/26 22:12:12: GUIDANCE_SMGR: closing session for UUID '6ed40dbb-c644-49d0-ba75-fa5f6ce6a605' with name ''
02/24/26 22:12:12: STOP_SERVER received, server token: c550ccd9-11f7-11f1-a06c-005056c00008, passed token: c550ccd9-11f7-11f1-a06c-005056c00008
02/24/26 22:12:12: Socket received request to stop server.
02/24/26 22:12:12: Dispatch Server: do_await_stop
02/24/26 22:12:12: SERVER: destructor for server bound to port 52051
02/24/26 22:12:12: Server exiting with status 0.
02/24/26 22:12:12: Closing log file.
02/24/26 22:12:48: Running xcd server. This server was NOT built by gradle, but presumably rdi.
02/24/26 22:12:48: Server was asked to start on port: '52060'
02/24/26 22:12:48: Server is using token UUID: 'dbcb97f8-11f7-11f1-ae06-005056c00008'
02/24/26 22:12:48: SESSION_MGR: creating session with session uuid: '6d04a3e9-ade5-4ab9-8d63-1f78fcd2ec76' and name 'default'
02/24/26 22:12:48: Attempting to start server on port '52060'
02/24/26 22:12:48: Running Dispatch Server
02/24/26 22:12:48: Version 2.2.0
02/24/26 22:12:48: Dispatch Server: Accepted socket connection from client
02/24/26 22:12:48: Starting Socket connection
02/24/26 22:12:48: EXCHANGE_TOKEN received, server token: dbcb97f8-11f7-11f1-ae06-005056c00008, passed token: dbcb97f8-11f7-11f1-ae06-005056c00008
02/24/26 22:12:48: SESSION_MGR: creating session with session uuid: '463c1056-6dad-4b0b-a9c3-c32fa1b56b03' and name 'Code Analyzer'
02/24/26 22:12:48: KERNEL_SVC: creating session with uuid: '463c1056-6dad-4b0b-a9c3-c32fa1b56b03' and name 'Code Analyzer'
02/24/26 22:12:48: GUIDANCE_SMGR: creating guidance session with uuid: '463c1056-6dad-4b0b-a9c3-c32fa1b56b03' and name 'Code Analyzer'
02/24/26 22:12:52: SESSION_MGR: closing session for UUID '463c1056-6dad-4b0b-a9c3-c32fa1b56b03' with name ''
02/24/26 22:12:52: KERNEL_SVC: closing session for UUID '463c1056-6dad-4b0b-a9c3-c32fa1b56b03' with name ''
02/24/26 22:12:52: GUIDANCE_SMGR: closing session for UUID '463c1056-6dad-4b0b-a9c3-c32fa1b56b03' with name ''
02/24/26 22:12:52: STOP_SERVER received, server token: dbcb97f8-11f7-11f1-ae06-005056c00008, passed token: dbcb97f8-11f7-11f1-ae06-005056c00008
02/24/26 22:12:52: Socket received request to stop server.
02/24/26 22:12:52: Dispatch Server: do_await_stop
02/24/26 22:12:52: SERVER: destructor for server bound to port 52060
02/24/26 22:12:52: Server exiting with status 0.
02/24/26 22:12:52: Closing log file.
02/24/26 22:13:35: Running xcd server. This server was NOT built by gradle, but presumably rdi.
02/24/26 22:13:35: Server was asked to start on port: '52071'
02/24/26 22:13:35: Server is using token UUID: 'f80975e7-11f7-11f1-b976-005056c00008'
02/24/26 22:13:35: SESSION_MGR: creating session with session uuid: '6d04a3e9-ade5-4ab9-8d63-1f78fcd2ec76' and name 'default'
02/24/26 22:13:35: Attempting to start server on port '52071'
02/24/26 22:13:35: Running Dispatch Server
02/24/26 22:13:35: Version 2.2.0
02/24/26 22:13:35: Dispatch Server: Accepted socket connection from client
02/24/26 22:13:35: Starting Socket connection
02/24/26 22:13:35: EXCHANGE_TOKEN received, server token: f80975e7-11f7-11f1-b976-005056c00008, passed token: f80975e7-11f7-11f1-b976-005056c00008
02/24/26 22:13:35: SESSION_MGR: creating session with session uuid: 'b9531dcb-f19b-4197-b5a0-1e2d767f7a90' and name 'Code Analyzer'
02/24/26 22:13:35: KERNEL_SVC: creating session with uuid: 'b9531dcb-f19b-4197-b5a0-1e2d767f7a90' and name 'Code Analyzer'
02/24/26 22:13:35: GUIDANCE_SMGR: creating guidance session with uuid: 'b9531dcb-f19b-4197-b5a0-1e2d767f7a90' and name 'Code Analyzer'
02/24/26 22:13:36: SESSION_MGR: closing session for UUID 'b9531dcb-f19b-4197-b5a0-1e2d767f7a90' with name ''
02/24/26 22:13:36: KERNEL_SVC: closing session for UUID 'b9531dcb-f19b-4197-b5a0-1e2d767f7a90' with name ''
02/24/26 22:13:36: GUIDANCE_SMGR: closing session for UUID 'b9531dcb-f19b-4197-b5a0-1e2d767f7a90' with name ''
02/24/26 22:13:36: STOP_SERVER received, server token: f80975e7-11f7-11f1-b976-005056c00008, passed token: f80975e7-11f7-11f1-b976-005056c00008
02/24/26 22:13:36: Socket received request to stop server.
02/24/26 22:13:36: Dispatch Server: do_await_stop
02/24/26 22:13:36: SERVER: destructor for server bound to port 52071
02/24/26 22:13:36: Server exiting with status 0.
02/24/26 22:13:36: Closing log file.
02/24/26 22:16:09: Running xcd server. This server was NOT built by gradle, but presumably rdi.
02/24/26 22:16:09: Server was asked to start on port: '52547'
02/24/26 22:16:09: Server is using token UUID: '538f6d1b-11f8-11f1-89bd-005056c00008'
02/24/26 22:16:09: SESSION_MGR: creating session with session uuid: '6d04a3e9-ade5-4ab9-8d63-1f78fcd2ec76' and name 'default'
02/24/26 22:16:09: Attempting to start server on port '52547'
02/24/26 22:16:09: Running Dispatch Server
02/24/26 22:16:09: Version 2.2.0
02/24/26 22:16:09: Dispatch Server: Accepted socket connection from client
02/24/26 22:16:09: Starting Socket connection
02/24/26 22:16:09: EXCHANGE_TOKEN received, server token: 538f6d1b-11f8-11f1-89bd-005056c00008, passed token: 538f6d1b-11f8-11f1-89bd-005056c00008
02/24/26 22:16:09: SESSION_MGR: creating session with session uuid: 'abfe69ee-7db5-43a6-9f05-898fdfe0cccb' and name 'Code Analyzer'
02/24/26 22:16:09: KERNEL_SVC: creating session with uuid: 'abfe69ee-7db5-43a6-9f05-898fdfe0cccb' and name 'Code Analyzer'
02/24/26 22:16:09: GUIDANCE_SMGR: creating guidance session with uuid: 'abfe69ee-7db5-43a6-9f05-898fdfe0cccb' and name 'Code Analyzer'
02/24/26 22:16:10: SESSION_MGR: closing session for UUID 'abfe69ee-7db5-43a6-9f05-898fdfe0cccb' with name ''
02/24/26 22:16:10: KERNEL_SVC: closing session for UUID 'abfe69ee-7db5-43a6-9f05-898fdfe0cccb' with name ''
02/24/26 22:16:10: GUIDANCE_SMGR: closing session for UUID 'abfe69ee-7db5-43a6-9f05-898fdfe0cccb' with name ''
02/24/26 22:16:10: STOP_SERVER received, server token: 538f6d1b-11f8-11f1-89bd-005056c00008, passed token: 538f6d1b-11f8-11f1-89bd-005056c00008
02/24/26 22:16:10: Socket received request to stop server.
02/24/26 22:16:10: Dispatch Server: do_await_stop
02/24/26 22:16:10: SERVER: destructor for server bound to port 52547
02/24/26 22:16:10: Server exiting with status 0.
02/24/26 22:16:10: Closing log file.
02/24/26 22:17:27: Running xcd server. This server was NOT built by gradle, but presumably rdi.
02/24/26 22:17:27: Server was asked to start on port: '61430'
02/24/26 22:17:27: Server is using token UUID: '8293beed-11f8-11f1-8623-005056c00008'
02/24/26 22:17:27: SESSION_MGR: creating session with session uuid: '6d04a3e9-ade5-4ab9-8d63-1f78fcd2ec76' and name 'default'
02/24/26 22:17:27: Attempting to start server on port '61430'
02/24/26 22:17:27: Running Dispatch Server
02/24/26 22:17:27: Version 2.2.0
02/24/26 22:17:28: Dispatch Server: Accepted socket connection from client
02/24/26 22:17:28: Starting Socket connection
02/24/26 22:17:28: EXCHANGE_TOKEN received, server token: 8293beed-11f8-11f1-8623-005056c00008, passed token: 8293beed-11f8-11f1-8623-005056c00008
02/24/26 22:17:28: SESSION_MGR: creating session with session uuid: 'e0c5e9de-c4d9-4485-abac-e7cc2f98c56c' and name 'Code Analyzer'
02/24/26 22:17:28: KERNEL_SVC: creating session with uuid: 'e0c5e9de-c4d9-4485-abac-e7cc2f98c56c' and name 'Code Analyzer'
02/24/26 22:17:28: GUIDANCE_SMGR: creating guidance session with uuid: 'e0c5e9de-c4d9-4485-abac-e7cc2f98c56c' and name 'Code Analyzer'
02/24/26 22:17:29: SESSION_MGR: closing session for UUID 'e0c5e9de-c4d9-4485-abac-e7cc2f98c56c' with name ''
02/24/26 22:17:29: KERNEL_SVC: closing session for UUID 'e0c5e9de-c4d9-4485-abac-e7cc2f98c56c' with name ''
02/24/26 22:17:29: GUIDANCE_SMGR: closing session for UUID 'e0c5e9de-c4d9-4485-abac-e7cc2f98c56c' with name ''
02/24/26 22:17:29: STOP_SERVER received, server token: 8293beed-11f8-11f1-8623-005056c00008, passed token: 8293beed-11f8-11f1-8623-005056c00008
02/24/26 22:17:29: Socket received request to stop server.
02/24/26 22:17:29: Dispatch Server: do_await_stop
02/24/26 22:17:29: SERVER: destructor for server bound to port 61430
02/24/26 22:17:29: Server exiting with status 0.
02/24/26 22:17:29: Closing log file.
02/25/26 15:00:37: Running xcd server. This server was NOT built by gradle, but presumably rdi.
02/25/26 15:00:37: Server was asked to start on port: '54218'
02/25/26 15:00:37: Server is using token UUID: 'a606bddb-1284-11f1-b199-a4bb6dbb67af'
02/25/26 15:00:37: SESSION_MGR: creating session with session uuid: '6d04a3e9-ade5-4ab9-8d63-1f78fcd2ec76' and name 'default'
02/25/26 15:00:37: Attempting to start server on port '54218'
02/25/26 15:00:37: Running Dispatch Server
02/25/26 15:00:37: Version 2.2.0
02/25/26 15:00:37: Dispatch Server: Accepted socket connection from client
02/25/26 15:00:37: Starting Socket connection
02/25/26 15:00:37: EXCHANGE_TOKEN received, server token: a606bddb-1284-11f1-b199-a4bb6dbb67af, passed token: a606bddb-1284-11f1-b199-a4bb6dbb67af
02/25/26 15:00:37: SESSION_MGR: creating session with session uuid: '3bed07e1-747f-4d77-990c-9097a91a17e8' and name 'Code Analyzer'
02/25/26 15:00:37: KERNEL_SVC: creating session with uuid: '3bed07e1-747f-4d77-990c-9097a91a17e8' and name 'Code Analyzer'
02/25/26 15:00:37: GUIDANCE_SMGR: creating guidance session with uuid: '3bed07e1-747f-4d77-990c-9097a91a17e8' and name 'Code Analyzer'
02/25/26 15:00:42: SESSION_MGR: closing session for UUID '3bed07e1-747f-4d77-990c-9097a91a17e8' with name ''
02/25/26 15:00:42: KERNEL_SVC: closing session for UUID '3bed07e1-747f-4d77-990c-9097a91a17e8' with name ''
02/25/26 15:00:42: GUIDANCE_SMGR: closing session for UUID '3bed07e1-747f-4d77-990c-9097a91a17e8' with name ''
02/25/26 15:00:42: STOP_SERVER received, server token: a606bddb-1284-11f1-b199-a4bb6dbb67af, passed token: a606bddb-1284-11f1-b199-a4bb6dbb67af
02/25/26 15:00:42: Socket received request to stop server.
02/25/26 15:00:42: Dispatch Server: do_await_stop
02/25/26 15:00:42: SERVER: destructor for server bound to port 54218
02/25/26 15:00:42: Server exiting with status 0.
02/25/26 15:00:42: Closing log file.
02/25/26 15:06:18: Running xcd server. This server was NOT built by gradle, but presumably rdi.
02/25/26 15:06:18: Server was asked to start on port: '50570'
02/25/26 15:06:18: Server is using token UUID: '71a0f364-1285-11f1-b27a-a4bb6dbb67af'
02/25/26 15:06:18: SESSION_MGR: creating session with session uuid: '6d04a3e9-ade5-4ab9-8d63-1f78fcd2ec76' and name 'default'
02/25/26 15:06:18: Attempting to start server on port '50570'
02/25/26 15:06:18: Running Dispatch Server
02/25/26 15:06:18: Version 2.2.0
02/25/26 15:06:19: Dispatch Server: Accepted socket connection from client
02/25/26 15:06:19: Starting Socket connection
02/25/26 15:06:19: EXCHANGE_TOKEN received, server token: 71a0f364-1285-11f1-b27a-a4bb6dbb67af, passed token: 71a0f364-1285-11f1-b27a-a4bb6dbb67af
02/25/26 15:06:19: SESSION_MGR: creating session with session uuid: '998b6029-792f-4c11-b65d-caa8252bdf20' and name 'Code Analyzer'
02/25/26 15:06:19: KERNEL_SVC: creating session with uuid: '998b6029-792f-4c11-b65d-caa8252bdf20' and name 'Code Analyzer'
02/25/26 15:06:19: GUIDANCE_SMGR: creating guidance session with uuid: '998b6029-792f-4c11-b65d-caa8252bdf20' and name 'Code Analyzer'
02/25/26 15:06:20: SESSION_MGR: closing session for UUID '998b6029-792f-4c11-b65d-caa8252bdf20' with name ''
02/25/26 15:06:20: KERNEL_SVC: closing session for UUID '998b6029-792f-4c11-b65d-caa8252bdf20' with name ''
02/25/26 15:06:20: GUIDANCE_SMGR: closing session for UUID '998b6029-792f-4c11-b65d-caa8252bdf20' with name ''
02/25/26 15:06:20: STOP_SERVER received, server token: 71a0f364-1285-11f1-b27a-a4bb6dbb67af, passed token: 71a0f364-1285-11f1-b27a-a4bb6dbb67af
02/25/26 15:06:20: Socket received request to stop server.
02/25/26 15:06:20: Dispatch Server: do_await_stop
02/25/26 15:06:20: SERVER: destructor for server bound to port 50570
02/25/26 15:06:20: Server exiting with status 0.
02/25/26 15:06:20: Closing log file.
02/25/26 15:08:12: Running xcd server. This server was NOT built by gradle, but presumably rdi.
02/25/26 15:08:12: Server was asked to start on port: '54577'
02/25/26 15:08:12: Server is using token UUID: 'b564a9ee-1285-11f1-acfe-a4bb6dbb67af'
02/25/26 15:08:12: SESSION_MGR: creating session with session uuid: '6d04a3e9-ade5-4ab9-8d63-1f78fcd2ec76' and name 'default'
02/25/26 15:08:12: Attempting to start server on port '54577'
02/25/26 15:08:12: Running Dispatch Server
02/25/26 15:08:12: Version 2.2.0
02/25/26 15:08:12: Dispatch Server: Accepted socket connection from client
02/25/26 15:08:12: Starting Socket connection
02/25/26 15:08:12: EXCHANGE_TOKEN received, server token: b564a9ee-1285-11f1-acfe-a4bb6dbb67af, passed token: b564a9ee-1285-11f1-acfe-a4bb6dbb67af
02/25/26 15:08:12: SESSION_MGR: creating session with session uuid: '832c3b69-8264-4198-8506-8ee146d8ec8c' and name 'Code Analyzer'
02/25/26 15:08:12: KERNEL_SVC: creating session with uuid: '832c3b69-8264-4198-8506-8ee146d8ec8c' and name 'Code Analyzer'
02/25/26 15:08:12: GUIDANCE_SMGR: creating guidance session with uuid: '832c3b69-8264-4198-8506-8ee146d8ec8c' and name 'Code Analyzer'
02/25/26 15:08:13: SESSION_MGR: closing session for UUID '832c3b69-8264-4198-8506-8ee146d8ec8c' with name ''
02/25/26 15:08:13: KERNEL_SVC: closing session for UUID '832c3b69-8264-4198-8506-8ee146d8ec8c' with name ''
02/25/26 15:08:13: GUIDANCE_SMGR: closing session for UUID '832c3b69-8264-4198-8506-8ee146d8ec8c' with name ''
02/25/26 15:08:13: STOP_SERVER received, server token: b564a9ee-1285-11f1-acfe-a4bb6dbb67af, passed token: b564a9ee-1285-11f1-acfe-a4bb6dbb67af
02/25/26 15:08:13: Socket received request to stop server.
02/25/26 15:08:13: Dispatch Server: do_await_stop
02/25/26 15:08:13: SERVER: destructor for server bound to port 54577
02/25/26 15:08:13: Server exiting with status 0.
02/25/26 15:08:13: Closing log file.
02/25/26 15:20:37: Running xcd server. This server was NOT built by gradle, but presumably rdi.
02/25/26 15:20:37: Server was asked to start on port: '60853'
02/25/26 15:20:37: Server is using token UUID: '71b29e62-1287-11f1-8bf5-a4bb6dbb67af'
02/25/26 15:20:37: SESSION_MGR: creating session with session uuid: '6d04a3e9-ade5-4ab9-8d63-1f78fcd2ec76' and name 'default'
02/25/26 15:20:37: Attempting to start server on port '60853'
02/25/26 15:20:37: Running Dispatch Server
02/25/26 15:20:37: Version 2.2.0
02/25/26 15:20:38: Dispatch Server: Accepted socket connection from client
02/25/26 15:20:38: Starting Socket connection
02/25/26 15:20:38: EXCHANGE_TOKEN received, server token: 71b29e62-1287-11f1-8bf5-a4bb6dbb67af, passed token: 71b29e62-1287-11f1-8bf5-a4bb6dbb67af
02/25/26 15:20:38: SESSION_MGR: creating session with session uuid: 'ab54755c-72e8-4850-b1e2-e344e3036870' and name 'Code Analyzer'
02/25/26 15:20:38: KERNEL_SVC: creating session with uuid: 'ab54755c-72e8-4850-b1e2-e344e3036870' and name 'Code Analyzer'
02/25/26 15:20:38: GUIDANCE_SMGR: creating guidance session with uuid: 'ab54755c-72e8-4850-b1e2-e344e3036870' and name 'Code Analyzer'
02/25/26 15:20:43: SESSION_MGR: closing session for UUID 'ab54755c-72e8-4850-b1e2-e344e3036870' with name ''
02/25/26 15:20:43: KERNEL_SVC: closing session for UUID 'ab54755c-72e8-4850-b1e2-e344e3036870' with name ''
02/25/26 15:20:43: GUIDANCE_SMGR: closing session for UUID 'ab54755c-72e8-4850-b1e2-e344e3036870' with name ''
02/25/26 15:20:43: STOP_SERVER received, server token: 71b29e62-1287-11f1-8bf5-a4bb6dbb67af, passed token: 71b29e62-1287-11f1-8bf5-a4bb6dbb67af
02/25/26 15:20:43: Socket received request to stop server.
02/25/26 15:20:43: Dispatch Server: do_await_stop
02/25/26 15:20:43: SERVER: destructor for server bound to port 60853
02/25/26 15:20:43: Server exiting with status 0.
02/25/26 15:20:43: Closing log file.
02/25/26 15:30:53: Running xcd server. This server was NOT built by gradle, but presumably rdi.
02/25/26 15:30:53: Server was asked to start on port: '51116'
02/25/26 15:30:53: Server is using token UUID: 'e0cbe824-1288-11f1-9e73-a4bb6dbb67af'
02/25/26 15:30:53: SESSION_MGR: creating session with session uuid: '6d04a3e9-ade5-4ab9-8d63-1f78fcd2ec76' and name 'default'
02/25/26 15:30:53: Attempting to start server on port '51116'
02/25/26 15:30:53: Running Dispatch Server
02/25/26 15:30:53: Version 2.2.0
02/25/26 15:30:54: Dispatch Server: Accepted socket connection from client
02/25/26 15:30:54: Starting Socket connection
02/25/26 15:30:54: EXCHANGE_TOKEN received, server token: e0cbe824-1288-11f1-9e73-a4bb6dbb67af, passed token: e0cbe824-1288-11f1-9e73-a4bb6dbb67af
02/25/26 15:30:54: SESSION_MGR: creating session with session uuid: '4965abb5-d60c-4e95-9381-4431613bdf30' and name 'Code Analyzer'
02/25/26 15:30:54: KERNEL_SVC: creating session with uuid: '4965abb5-d60c-4e95-9381-4431613bdf30' and name 'Code Analyzer'
02/25/26 15:30:54: GUIDANCE_SMGR: creating guidance session with uuid: '4965abb5-d60c-4e95-9381-4431613bdf30' and name 'Code Analyzer'
02/25/26 15:30:58: SESSION_MGR: closing session for UUID '4965abb5-d60c-4e95-9381-4431613bdf30' with name ''
02/25/26 15:30:58: KERNEL_SVC: closing session for UUID '4965abb5-d60c-4e95-9381-4431613bdf30' with name ''
02/25/26 15:30:58: GUIDANCE_SMGR: closing session for UUID '4965abb5-d60c-4e95-9381-4431613bdf30' with name ''
02/25/26 15:30:58: STOP_SERVER received, server token: e0cbe824-1288-11f1-9e73-a4bb6dbb67af, passed token: e0cbe824-1288-11f1-9e73-a4bb6dbb67af
02/25/26 15:30:58: Socket received request to stop server.
02/25/26 15:30:58: Dispatch Server: do_await_stop
02/25/26 15:30:58: SERVER: destructor for server bound to port 51116
02/25/26 15:30:58: Server exiting with status 0.
02/25/26 15:30:58: Closing log file.
02/25/26 15:36:41: Running xcd server. This server was NOT built by gradle, but presumably rdi.
02/25/26 15:36:41: Server was asked to start on port: '61226'
02/25/26 15:36:41: Server is using token UUID: 'b02f52fd-1289-11f1-91a2-a4bb6dbb67af'
02/25/26 15:36:41: SESSION_MGR: creating session with session uuid: '6d04a3e9-ade5-4ab9-8d63-1f78fcd2ec76' and name 'default'
02/25/26 15:36:41: Attempting to start server on port '61226'
02/25/26 15:36:41: Running Dispatch Server
02/25/26 15:36:41: Version 2.2.0
02/25/26 15:36:42: Dispatch Server: Accepted socket connection from client
02/25/26 15:36:42: Starting Socket connection
02/25/26 15:36:42: EXCHANGE_TOKEN received, server token: b02f52fd-1289-11f1-91a2-a4bb6dbb67af, passed token: b02f52fd-1289-11f1-91a2-a4bb6dbb67af
02/25/26 15:36:42: SESSION_MGR: creating session with session uuid: 'ff118fc3-600c-4726-8ffa-91add0af2b16' and name 'Code Analyzer'
02/25/26 15:36:42: KERNEL_SVC: creating session with uuid: 'ff118fc3-600c-4726-8ffa-91add0af2b16' and name 'Code Analyzer'
02/25/26 15:36:42: GUIDANCE_SMGR: creating guidance session with uuid: 'ff118fc3-600c-4726-8ffa-91add0af2b16' and name 'Code Analyzer'
02/25/26 15:36:45: SESSION_MGR: closing session for UUID 'ff118fc3-600c-4726-8ffa-91add0af2b16' with name ''
02/25/26 15:36:45: KERNEL_SVC: closing session for UUID 'ff118fc3-600c-4726-8ffa-91add0af2b16' with name ''
02/25/26 15:36:45: GUIDANCE_SMGR: closing session for UUID 'ff118fc3-600c-4726-8ffa-91add0af2b16' with name ''
02/25/26 15:36:45: STOP_SERVER received, server token: b02f52fd-1289-11f1-91a2-a4bb6dbb67af, passed token: b02f52fd-1289-11f1-91a2-a4bb6dbb67af
02/25/26 15:36:45: Socket received request to stop server.
02/25/26 15:36:45: Dispatch Server: do_await_stop
02/25/26 15:36:45: SERVER: destructor for server bound to port 61226
02/25/26 15:36:45: Server exiting with status 0.
02/25/26 15:36:45: Closing log file.
02/25/26 15:43:07: Running xcd server. This server was NOT built by gradle, but presumably rdi.
02/25/26 15:43:07: Server was asked to start on port: '49779'
02/25/26 15:43:07: Server is using token UUID: '961e7f59-128a-11f1-8876-a4bb6dbb67af'
02/25/26 15:43:07: SESSION_MGR: creating session with session uuid: '6d04a3e9-ade5-4ab9-8d63-1f78fcd2ec76' and name 'default'
02/25/26 15:43:07: Attempting to start server on port '49779'
02/25/26 15:43:07: Running Dispatch Server
02/25/26 15:43:07: Version 2.2.0
02/25/26 15:43:07: Dispatch Server: Accepted socket connection from client
02/25/26 15:43:07: Starting Socket connection
02/25/26 15:43:07: EXCHANGE_TOKEN received, server token: 961e7f59-128a-11f1-8876-a4bb6dbb67af, passed token: 961e7f59-128a-11f1-8876-a4bb6dbb67af
02/25/26 15:43:07: SESSION_MGR: creating session with session uuid: '83352e26-842a-4761-b5da-f56cb35cf961' and name 'Code Analyzer'
02/25/26 15:43:07: KERNEL_SVC: creating session with uuid: '83352e26-842a-4761-b5da-f56cb35cf961' and name 'Code Analyzer'
02/25/26 15:43:07: GUIDANCE_SMGR: creating guidance session with uuid: '83352e26-842a-4761-b5da-f56cb35cf961' and name 'Code Analyzer'
02/25/26 15:43:11: SESSION_MGR: closing session for UUID '83352e26-842a-4761-b5da-f56cb35cf961' with name ''
02/25/26 15:43:11: KERNEL_SVC: closing session for UUID '83352e26-842a-4761-b5da-f56cb35cf961' with name ''
02/25/26 15:43:11: GUIDANCE_SMGR: closing session for UUID '83352e26-842a-4761-b5da-f56cb35cf961' with name ''
02/25/26 15:43:11: STOP_SERVER received, server token: 961e7f59-128a-11f1-8876-a4bb6dbb67af, passed token: 961e7f59-128a-11f1-8876-a4bb6dbb67af
02/25/26 15:43:11: Socket received request to stop server.
02/25/26 15:43:11: Dispatch Server: do_await_stop
02/25/26 15:43:11: SERVER: destructor for server bound to port 49779
02/25/26 15:43:11: Server exiting with status 0.
02/25/26 15:43:11: Closing log file.
02/25/26 16:07:52: Running xcd server. This server was NOT built by gradle, but presumably rdi.
02/25/26 16:07:52: Server was asked to start on port: '59076'
02/25/26 16:07:52: Server is using token UUID: '0b2aa3eb-128e-11f1-8986-a4bb6dbb67af'
02/25/26 16:07:52: SESSION_MGR: creating session with session uuid: '6d04a3e9-ade5-4ab9-8d63-1f78fcd2ec76' and name 'default'
02/25/26 16:07:52: Attempting to start server on port '59076'
02/25/26 16:07:52: Running Dispatch Server
02/25/26 16:07:52: Version 2.2.0
02/25/26 16:07:52: Dispatch Server: Accepted socket connection from client
02/25/26 16:07:52: Starting Socket connection
02/25/26 16:07:52: EXCHANGE_TOKEN received, server token: 0b2aa3eb-128e-11f1-8986-a4bb6dbb67af, passed token: 0b2aa3eb-128e-11f1-8986-a4bb6dbb67af
02/25/26 16:07:52: SESSION_MGR: creating session with session uuid: '9dad704b-1739-4273-9fe9-627a2fc9b2b4' and name 'Code Analyzer'
02/25/26 16:07:52: KERNEL_SVC: creating session with uuid: '9dad704b-1739-4273-9fe9-627a2fc9b2b4' and name 'Code Analyzer'
02/25/26 16:07:52: GUIDANCE_SMGR: creating guidance session with uuid: '9dad704b-1739-4273-9fe9-627a2fc9b2b4' and name 'Code Analyzer'
02/25/26 16:07:56: SESSION_MGR: closing session for UUID '9dad704b-1739-4273-9fe9-627a2fc9b2b4' with name ''
02/25/26 16:07:56: KERNEL_SVC: closing session for UUID '9dad704b-1739-4273-9fe9-627a2fc9b2b4' with name ''
02/25/26 16:07:56: GUIDANCE_SMGR: closing session for UUID '9dad704b-1739-4273-9fe9-627a2fc9b2b4' with name ''
02/25/26 16:07:56: STOP_SERVER received, server token: 0b2aa3eb-128e-11f1-8986-a4bb6dbb67af, passed token: 0b2aa3eb-128e-11f1-8986-a4bb6dbb67af
02/25/26 16:07:56: Socket received request to stop server.
02/25/26 16:07:56: Dispatch Server: do_await_stop
02/25/26 16:07:56: SERVER: destructor for server bound to port 59076
02/25/26 16:07:56: Server exiting with status 0.
02/25/26 16:07:56: Closing log file.
02/25/26 16:12:48: Running xcd server. This server was NOT built by gradle, but presumably rdi.
02/25/26 16:12:48: Server was asked to start on port: '59595'
02/25/26 16:12:48: Server is using token UUID: 'bb5edb3b-128e-11f1-a84b-a4bb6dbb67af'
02/25/26 16:12:48: SESSION_MGR: creating session with session uuid: '6d04a3e9-ade5-4ab9-8d63-1f78fcd2ec76' and name 'default'
02/25/26 16:12:48: Attempting to start server on port '59595'
02/25/26 16:12:48: Running Dispatch Server
02/25/26 16:12:48: Version 2.2.0
02/25/26 16:12:48: Dispatch Server: Accepted socket connection from client
02/25/26 16:12:48: Starting Socket connection
02/25/26 16:12:48: EXCHANGE_TOKEN received, server token: bb5edb3b-128e-11f1-a84b-a4bb6dbb67af, passed token: bb5edb3b-128e-11f1-a84b-a4bb6dbb67af
02/25/26 16:12:48: SESSION_MGR: creating session with session uuid: 'cb068cb4-a4fa-4cf7-81e9-7e570ddc6c8f' and name 'Code Analyzer'
02/25/26 16:12:48: KERNEL_SVC: creating session with uuid: 'cb068cb4-a4fa-4cf7-81e9-7e570ddc6c8f' and name 'Code Analyzer'
02/25/26 16:12:48: GUIDANCE_SMGR: creating guidance session with uuid: 'cb068cb4-a4fa-4cf7-81e9-7e570ddc6c8f' and name 'Code Analyzer'
02/25/26 16:12:51: SESSION_MGR: closing session for UUID 'cb068cb4-a4fa-4cf7-81e9-7e570ddc6c8f' with name ''
02/25/26 16:12:51: KERNEL_SVC: closing session for UUID 'cb068cb4-a4fa-4cf7-81e9-7e570ddc6c8f' with name ''
02/25/26 16:12:51: GUIDANCE_SMGR: closing session for UUID 'cb068cb4-a4fa-4cf7-81e9-7e570ddc6c8f' with name ''
02/25/26 16:12:51: STOP_SERVER received, server token: bb5edb3b-128e-11f1-a84b-a4bb6dbb67af, passed token: bb5edb3b-128e-11f1-a84b-a4bb6dbb67af
02/25/26 16:12:51: Socket received request to stop server.
02/25/26 16:12:51: Dispatch Server: do_await_stop
02/25/26 16:12:51: SERVER: destructor for server bound to port 59595
02/25/26 16:12:51: Server exiting with status 0.
02/25/26 16:12:51: Closing log file.
02/25/26 16:16:41: Running xcd server. This server was NOT built by gradle, but presumably rdi.
02/25/26 16:16:41: Server was asked to start on port: '52411'
02/25/26 16:16:41: Server is using token UUID: '46c25cf2-128f-11f1-950d-a4bb6dbb67af'
02/25/26 16:16:41: SESSION_MGR: creating session with session uuid: '6d04a3e9-ade5-4ab9-8d63-1f78fcd2ec76' and name 'default'
02/25/26 16:16:41: Attempting to start server on port '52411'
02/25/26 16:16:41: Running Dispatch Server
02/25/26 16:16:41: Version 2.2.0
02/25/26 16:16:42: Dispatch Server: Accepted socket connection from client
02/25/26 16:16:42: Starting Socket connection
02/25/26 16:16:42: EXCHANGE_TOKEN received, server token: 46c25cf2-128f-11f1-950d-a4bb6dbb67af, passed token: 46c25cf2-128f-11f1-950d-a4bb6dbb67af
02/25/26 16:16:42: SESSION_MGR: creating session with session uuid: 'b30d8511-801f-4913-a5bd-e5eca5a335b9' and name 'Code Analyzer'
02/25/26 16:16:42: KERNEL_SVC: creating session with uuid: 'b30d8511-801f-4913-a5bd-e5eca5a335b9' and name 'Code Analyzer'
02/25/26 16:16:42: GUIDANCE_SMGR: creating guidance session with uuid: 'b30d8511-801f-4913-a5bd-e5eca5a335b9' and name 'Code Analyzer'
02/25/26 16:16:45: SESSION_MGR: closing session for UUID 'b30d8511-801f-4913-a5bd-e5eca5a335b9' with name ''
02/25/26 16:16:45: KERNEL_SVC: closing session for UUID 'b30d8511-801f-4913-a5bd-e5eca5a335b9' with name ''
02/25/26 16:16:45: GUIDANCE_SMGR: closing session for UUID 'b30d8511-801f-4913-a5bd-e5eca5a335b9' with name ''
02/25/26 16:16:45: STOP_SERVER received, server token: 46c25cf2-128f-11f1-950d-a4bb6dbb67af, passed token: 46c25cf2-128f-11f1-950d-a4bb6dbb67af
02/25/26 16:16:45: Socket received request to stop server.
02/25/26 16:16:45: Dispatch Server: do_await_stop
02/25/26 16:16:45: SERVER: destructor for server bound to port 52411
02/25/26 16:16:45: Server exiting with status 0.
02/25/26 16:16:45: Closing log file.
02/25/26 17:54:32: Running xcd server. This server was NOT built by gradle, but presumably rdi.
02/25/26 17:54:32: Server was asked to start on port: '51306'
02/25/26 17:54:32: Server is using token UUID: 'f206026e-129c-11f1-b9fa-a4bb6dbb67af'
02/25/26 17:54:32: SESSION_MGR: creating session with session uuid: '6d04a3e9-ade5-4ab9-8d63-1f78fcd2ec76' and name 'default'
02/25/26 17:54:32: Attempting to start server on port '51306'
02/25/26 17:54:32: Running Dispatch Server
02/25/26 17:54:32: Version 2.2.0
02/25/26 17:54:33: Dispatch Server: Accepted socket connection from client
02/25/26 17:54:33: Starting Socket connection
02/25/26 17:54:33: EXCHANGE_TOKEN received, server token: f206026e-129c-11f1-b9fa-a4bb6dbb67af, passed token: f206026e-129c-11f1-b9fa-a4bb6dbb67af
02/25/26 17:54:33: SESSION_MGR: creating session with session uuid: 'dd3871ba-bc3f-40c7-815a-9851b4abe13b' and name 'Code Analyzer'
02/25/26 17:54:33: KERNEL_SVC: creating session with uuid: 'dd3871ba-bc3f-40c7-815a-9851b4abe13b' and name 'Code Analyzer'
02/25/26 17:54:33: GUIDANCE_SMGR: creating guidance session with uuid: 'dd3871ba-bc3f-40c7-815a-9851b4abe13b' and name 'Code Analyzer'
02/25/26 17:54:36: SESSION_MGR: closing session for UUID 'dd3871ba-bc3f-40c7-815a-9851b4abe13b' with name ''
02/25/26 17:54:36: KERNEL_SVC: closing session for UUID 'dd3871ba-bc3f-40c7-815a-9851b4abe13b' with name ''
02/25/26 17:54:36: GUIDANCE_SMGR: closing session for UUID 'dd3871ba-bc3f-40c7-815a-9851b4abe13b' with name ''
02/25/26 17:54:36: STOP_SERVER received, server token: f206026e-129c-11f1-b9fa-a4bb6dbb67af, passed token: f206026e-129c-11f1-b9fa-a4bb6dbb67af
02/25/26 17:54:36: Socket received request to stop server.
02/25/26 17:54:36: Dispatch Server: do_await_stop
02/25/26 17:54:36: SERVER: destructor for server bound to port 51306
02/25/26 17:54:36: Server exiting with status 0.
02/25/26 17:54:36: Closing log file.
02/25/26 18:14:09: Running xcd server. This server was NOT built by gradle, but presumably rdi.
02/25/26 18:14:09: Server was asked to start on port: '63987'
02/25/26 18:14:09: Server is using token UUID: 'af63d92d-129f-11f1-a5eb-a4bb6dbb67af'
02/25/26 18:14:09: SESSION_MGR: creating session with session uuid: '6d04a3e9-ade5-4ab9-8d63-1f78fcd2ec76' and name 'default'
02/25/26 18:14:09: Attempting to start server on port '63987'
02/25/26 18:14:09: Running Dispatch Server
02/25/26 18:14:09: Version 2.2.0
02/25/26 18:14:09: Dispatch Server: Accepted socket connection from client
02/25/26 18:14:09: Starting Socket connection
02/25/26 18:14:09: EXCHANGE_TOKEN received, server token: af63d92d-129f-11f1-a5eb-a4bb6dbb67af, passed token: af63d92d-129f-11f1-a5eb-a4bb6dbb67af
02/25/26 18:14:09: SESSION_MGR: creating session with session uuid: '551652ba-f858-4a76-a9eb-4a707b99d358' and name 'Code Analyzer'
02/25/26 18:14:09: KERNEL_SVC: creating session with uuid: '551652ba-f858-4a76-a9eb-4a707b99d358' and name 'Code Analyzer'
02/25/26 18:14:09: GUIDANCE_SMGR: creating guidance session with uuid: '551652ba-f858-4a76-a9eb-4a707b99d358' and name 'Code Analyzer'
02/25/26 18:14:12: SESSION_MGR: closing session for UUID '551652ba-f858-4a76-a9eb-4a707b99d358' with name ''
02/25/26 18:14:12: KERNEL_SVC: closing session for UUID '551652ba-f858-4a76-a9eb-4a707b99d358' with name ''
02/25/26 18:14:12: GUIDANCE_SMGR: closing session for UUID '551652ba-f858-4a76-a9eb-4a707b99d358' with name ''
02/25/26 18:14:12: STOP_SERVER received, server token: af63d92d-129f-11f1-a5eb-a4bb6dbb67af, passed token: af63d92d-129f-11f1-a5eb-a4bb6dbb67af
02/25/26 18:14:12: Socket received request to stop server.
02/25/26 18:14:12: Dispatch Server: do_await_stop
02/25/26 18:14:12: SERVER: destructor for server bound to port 63987
02/25/26 18:14:12: Server exiting with status 0.
02/25/26 18:14:12: Closing log file.
02/25/26 18:15:08: Running xcd server. This server was NOT built by gradle, but presumably rdi.
02/25/26 18:15:08: Server was asked to start on port: '54756'
02/25/26 18:15:08: Server is using token UUID: 'd2dd9241-129f-11f1-a93c-a4bb6dbb67af'
02/25/26 18:15:08: SESSION_MGR: creating session with session uuid: '6d04a3e9-ade5-4ab9-8d63-1f78fcd2ec76' and name 'default'
02/25/26 18:15:08: Attempting to start server on port '54756'
02/25/26 18:15:08: Running Dispatch Server
02/25/26 18:15:08: Version 2.2.0
02/25/26 18:15:09: Dispatch Server: Accepted socket connection from client
02/25/26 18:15:09: Starting Socket connection
02/25/26 18:15:09: EXCHANGE_TOKEN received, server token: d2dd9241-129f-11f1-a93c-a4bb6dbb67af, passed token: d2dd9241-129f-11f1-a93c-a4bb6dbb67af
02/25/26 18:15:09: SESSION_MGR: creating session with session uuid: '659da6a5-d6ca-4698-9614-34e959a5fc28' and name 'Code Analyzer'
02/25/26 18:15:09: KERNEL_SVC: creating session with uuid: '659da6a5-d6ca-4698-9614-34e959a5fc28' and name 'Code Analyzer'
02/25/26 18:15:09: GUIDANCE_SMGR: creating guidance session with uuid: '659da6a5-d6ca-4698-9614-34e959a5fc28' and name 'Code Analyzer'
02/25/26 18:15:12: SESSION_MGR: closing session for UUID '659da6a5-d6ca-4698-9614-34e959a5fc28' with name ''
02/25/26 18:15:12: KERNEL_SVC: closing session for UUID '659da6a5-d6ca-4698-9614-34e959a5fc28' with name ''
02/25/26 18:15:12: GUIDANCE_SMGR: closing session for UUID '659da6a5-d6ca-4698-9614-34e959a5fc28' with name ''
02/25/26 18:15:12: STOP_SERVER received, server token: d2dd9241-129f-11f1-a93c-a4bb6dbb67af, passed token: d2dd9241-129f-11f1-a93c-a4bb6dbb67af
02/25/26 18:15:12: Socket received request to stop server.
02/25/26 18:15:12: Dispatch Server: do_await_stop
02/25/26 18:15:12: SERVER: destructor for server bound to port 54756
02/25/26 18:15:12: Server exiting with status 0.
02/25/26 18:15:12: Closing log file.
02/25/26 19:30:59: Running xcd server. This server was NOT built by gradle, but presumably rdi.
02/25/26 19:30:59: Server was asked to start on port: '50385'
02/25/26 19:30:59: Server is using token UUID: '6b2089bb-12aa-11f1-8cfe-a4bb6dbb67af'
02/25/26 19:30:59: SESSION_MGR: creating session with session uuid: '6d04a3e9-ade5-4ab9-8d63-1f78fcd2ec76' and name 'default'
02/25/26 19:30:59: Attempting to start server on port '50385'
02/25/26 19:30:59: Running Dispatch Server
02/25/26 19:30:59: Version 2.2.0
02/25/26 19:30:59: Dispatch Server: Accepted socket connection from client
02/25/26 19:30:59: Starting Socket connection
02/25/26 19:30:59: EXCHANGE_TOKEN received, server token: 6b2089bb-12aa-11f1-8cfe-a4bb6dbb67af, passed token: 6b2089bb-12aa-11f1-8cfe-a4bb6dbb67af
02/25/26 19:30:59: SESSION_MGR: creating session with session uuid: 'e3ccd47b-e454-4791-82b0-d85e7fc636ed' and name 'Code Analyzer'
02/25/26 19:30:59: KERNEL_SVC: creating session with uuid: 'e3ccd47b-e454-4791-82b0-d85e7fc636ed' and name 'Code Analyzer'
02/25/26 19:30:59: GUIDANCE_SMGR: creating guidance session with uuid: 'e3ccd47b-e454-4791-82b0-d85e7fc636ed' and name 'Code Analyzer'
02/25/26 19:31:02: SESSION_MGR: closing session for UUID 'e3ccd47b-e454-4791-82b0-d85e7fc636ed' with name ''
02/25/26 19:31:02: KERNEL_SVC: closing session for UUID 'e3ccd47b-e454-4791-82b0-d85e7fc636ed' with name ''
02/25/26 19:31:02: GUIDANCE_SMGR: closing session for UUID 'e3ccd47b-e454-4791-82b0-d85e7fc636ed' with name ''
02/25/26 19:31:02: STOP_SERVER received, server token: 6b2089bb-12aa-11f1-8cfe-a4bb6dbb67af, passed token: 6b2089bb-12aa-11f1-8cfe-a4bb6dbb67af
02/25/26 19:31:02: Socket received request to stop server.
02/25/26 19:31:02: Dispatch Server: do_await_stop
02/25/26 19:31:02: SERVER: destructor for server bound to port 50385
02/25/26 19:31:02: Server exiting with status 0.
02/25/26 19:31:02: Closing log file.
02/25/26 19:32:17: Running xcd server. This server was NOT built by gradle, but presumably rdi.
02/25/26 19:32:17: Server was asked to start on port: '62036'
02/25/26 19:32:17: Server is using token UUID: '99787546-12aa-11f1-a024-a4bb6dbb67af'
02/25/26 19:32:17: SESSION_MGR: creating session with session uuid: '6d04a3e9-ade5-4ab9-8d63-1f78fcd2ec76' and name 'default'
02/25/26 19:32:17: Attempting to start server on port '62036'
02/25/26 19:32:17: Running Dispatch Server
02/25/26 19:32:17: Version 2.2.0
02/25/26 19:32:17: Dispatch Server: Accepted socket connection from client
02/25/26 19:32:17: Starting Socket connection
02/25/26 19:32:17: EXCHANGE_TOKEN received, server token: 99787546-12aa-11f1-a024-a4bb6dbb67af, passed token: 99787546-12aa-11f1-a024-a4bb6dbb67af
02/25/26 19:32:17: SESSION_MGR: creating session with session uuid: '718b7d74-4f6d-4c9d-9ca0-5d926e8f1998' and name 'Code Analyzer'
02/25/26 19:32:17: KERNEL_SVC: creating session with uuid: '718b7d74-4f6d-4c9d-9ca0-5d926e8f1998' and name 'Code Analyzer'
02/25/26 19:32:17: GUIDANCE_SMGR: creating guidance session with uuid: '718b7d74-4f6d-4c9d-9ca0-5d926e8f1998' and name 'Code Analyzer'
02/25/26 19:32:17: SESSION_MGR: closing session for UUID '718b7d74-4f6d-4c9d-9ca0-5d926e8f1998' with name ''
02/25/26 19:32:17: KERNEL_SVC: closing session for UUID '718b7d74-4f6d-4c9d-9ca0-5d926e8f1998' with name ''
02/25/26 19:32:17: GUIDANCE_SMGR: closing session for UUID '718b7d74-4f6d-4c9d-9ca0-5d926e8f1998' with name ''
02/25/26 19:32:17: STOP_SERVER received, server token: 99787546-12aa-11f1-a024-a4bb6dbb67af, passed token: 99787546-12aa-11f1-a024-a4bb6dbb67af
02/25/26 19:32:17: Socket received request to stop server.
02/25/26 19:32:17: Dispatch Server: do_await_stop
02/25/26 19:32:17: SERVER: destructor for server bound to port 62036
02/25/26 19:32:17: Server exiting with status 0.
02/25/26 19:32:17: Closing log file.
02/25/26 19:37:57: Running xcd server. This server was NOT built by gradle, but presumably rdi.
02/25/26 19:37:57: Server was asked to start on port: '55884'
02/25/26 19:37:57: Server is using token UUID: '643e2aa3-12ab-11f1-b751-a4bb6dbb67af'
02/25/26 19:37:57: SESSION_MGR: creating session with session uuid: '6d04a3e9-ade5-4ab9-8d63-1f78fcd2ec76' and name 'default'
02/25/26 19:37:57: Attempting to start server on port '55884'
02/25/26 19:37:57: Running Dispatch Server
02/25/26 19:37:57: Version 2.2.0
02/25/26 19:37:57: Dispatch Server: Accepted socket connection from client
02/25/26 19:37:57: Starting Socket connection
02/25/26 19:37:57: EXCHANGE_TOKEN received, server token: 643e2aa3-12ab-11f1-b751-a4bb6dbb67af, passed token: 643e2aa3-12ab-11f1-b751-a4bb6dbb67af
02/25/26 19:37:57: SESSION_MGR: creating session with session uuid: 'b612f00d-e918-45c9-9c9e-f6d067409f1a' and name 'Code Analyzer'
02/25/26 19:37:57: KERNEL_SVC: creating session with uuid: 'b612f00d-e918-45c9-9c9e-f6d067409f1a' and name 'Code Analyzer'
02/25/26 19:37:57: GUIDANCE_SMGR: creating guidance session with uuid: 'b612f00d-e918-45c9-9c9e-f6d067409f1a' and name 'Code Analyzer'
02/25/26 19:38:00: SESSION_MGR: closing session for UUID 'b612f00d-e918-45c9-9c9e-f6d067409f1a' with name ''
02/25/26 19:38:00: KERNEL_SVC: closing session for UUID 'b612f00d-e918-45c9-9c9e-f6d067409f1a' with name ''
02/25/26 19:38:00: GUIDANCE_SMGR: closing session for UUID 'b612f00d-e918-45c9-9c9e-f6d067409f1a' with name ''
02/25/26 19:38:00: STOP_SERVER received, server token: 643e2aa3-12ab-11f1-b751-a4bb6dbb67af, passed token: 643e2aa3-12ab-11f1-b751-a4bb6dbb67af
02/25/26 19:38:00: Socket received request to stop server.
02/25/26 19:38:00: Dispatch Server: do_await_stop
02/25/26 19:38:00: SERVER: destructor for server bound to port 55884
02/25/26 19:38:00: Server exiting with status 0.
02/25/26 19:38:00: Closing log file.
02/25/26 19:40:35: Running xcd server. This server was NOT built by gradle, but presumably rdi.
02/25/26 19:40:35: Server was asked to start on port: '59421'
02/25/26 19:40:35: Server is using token UUID: 'c2664062-12ab-11f1-b6af-a4bb6dbb67af'
02/25/26 19:40:35: SESSION_MGR: creating session with session uuid: '6d04a3e9-ade5-4ab9-8d63-1f78fcd2ec76' and name 'default'
02/25/26 19:40:35: Attempting to start server on port '59421'
02/25/26 19:40:35: Running Dispatch Server
02/25/26 19:40:35: Version 2.2.0
02/25/26 19:40:35: Dispatch Server: Accepted socket connection from client
02/25/26 19:40:35: Starting Socket connection
02/25/26 19:40:35: EXCHANGE_TOKEN received, server token: c2664062-12ab-11f1-b6af-a4bb6dbb67af, passed token: c2664062-12ab-11f1-b6af-a4bb6dbb67af
02/25/26 19:40:35: SESSION_MGR: creating session with session uuid: '69617f8d-7436-4305-a3b9-02e279372ba9' and name 'Code Analyzer'
02/25/26 19:40:35: KERNEL_SVC: creating session with uuid: '69617f8d-7436-4305-a3b9-02e279372ba9' and name 'Code Analyzer'
02/25/26 19:40:35: GUIDANCE_SMGR: creating guidance session with uuid: '69617f8d-7436-4305-a3b9-02e279372ba9' and name 'Code Analyzer'
02/25/26 19:40:38: SESSION_MGR: closing session for UUID '69617f8d-7436-4305-a3b9-02e279372ba9' with name ''
02/25/26 19:40:38: KERNEL_SVC: closing session for UUID '69617f8d-7436-4305-a3b9-02e279372ba9' with name ''
02/25/26 19:40:38: GUIDANCE_SMGR: closing session for UUID '69617f8d-7436-4305-a3b9-02e279372ba9' with name ''
02/25/26 19:40:38: STOP_SERVER received, server token: c2664062-12ab-11f1-b6af-a4bb6dbb67af, passed token: c2664062-12ab-11f1-b6af-a4bb6dbb67af
02/25/26 19:40:38: Socket received request to stop server.
02/25/26 19:40:38: Dispatch Server: do_await_stop
02/25/26 19:40:38: SERVER: destructor for server bound to port 59421
02/25/26 19:40:38: Server exiting with status 0.
02/25/26 19:40:38: Closing log file.
02/25/26 19:41:48: Running xcd server. This server was NOT built by gradle, but presumably rdi.
02/25/26 19:41:48: Server was asked to start on port: '55928'
02/25/26 19:41:48: Server is using token UUID: 'ee576123-12ab-11f1-b86f-a4bb6dbb67af'
02/25/26 19:41:48: SESSION_MGR: creating session with session uuid: '6d04a3e9-ade5-4ab9-8d63-1f78fcd2ec76' and name 'default'
02/25/26 19:41:48: Attempting to start server on port '55928'
02/25/26 19:41:48: Running Dispatch Server
02/25/26 19:41:48: Version 2.2.0
02/25/26 19:41:49: Dispatch Server: Accepted socket connection from client
02/25/26 19:41:49: Starting Socket connection
02/25/26 19:41:49: EXCHANGE_TOKEN received, server token: ee576123-12ab-11f1-b86f-a4bb6dbb67af, passed token: ee576123-12ab-11f1-b86f-a4bb6dbb67af
02/25/26 19:41:49: SESSION_MGR: creating session with session uuid: 'b34a1a39-fc7b-4784-8964-f55bf491cbdd' and name 'Code Analyzer'
02/25/26 19:41:49: KERNEL_SVC: creating session with uuid: 'b34a1a39-fc7b-4784-8964-f55bf491cbdd' and name 'Code Analyzer'
02/25/26 19:41:49: GUIDANCE_SMGR: creating guidance session with uuid: 'b34a1a39-fc7b-4784-8964-f55bf491cbdd' and name 'Code Analyzer'
02/25/26 19:41:52: SESSION_MGR: closing session for UUID 'b34a1a39-fc7b-4784-8964-f55bf491cbdd' with name ''
02/25/26 19:41:52: KERNEL_SVC: closing session for UUID 'b34a1a39-fc7b-4784-8964-f55bf491cbdd' with name ''
02/25/26 19:41:52: GUIDANCE_SMGR: closing session for UUID 'b34a1a39-fc7b-4784-8964-f55bf491cbdd' with name ''
02/25/26 19:41:52: STOP_SERVER received, server token: ee576123-12ab-11f1-b86f-a4bb6dbb67af, passed token: ee576123-12ab-11f1-b86f-a4bb6dbb67af
02/25/26 19:41:52: Socket received request to stop server.
02/25/26 19:41:52: Dispatch Server: do_await_stop
02/25/26 19:41:52: SERVER: destructor for server bound to port 55928
02/25/26 19:41:52: Server exiting with status 0.
02/25/26 19:41:52: Closing log file.
