INFO: [v++ 60-1548] Creating build summary session with primary output D:/EECE4632/HW6/HLS/matrix-mult/matrix-mult\matrix-mult.hlscompile_summary, at 02/24/26 21:24:27
INFO: [v++ 82-31] Launching vitis_hls: vitis_hls -nolog -run csynth -work_dir D:/EECE4632/HW6/HLS/matrix-mult/matrix-mult -config D:/EECE4632/HW6/HLS/matrix-mult/hls_config.cfg -cmdlineconfig D:/EECE4632/HW6/HLS/matrix-mult/matrix-mult/hls/config.cmdline

****** Vitis HLS - High-Level Synthesis from C, C++ and OpenCL v2024.1 (64-bit)
  **** SW Build 5069499 on May 21 2024
  **** IP Build 5075265 on Wed May 22 21:45:21 MDT 2024
  **** SharedData Build 5076995 on Wed May 22 18:29:18 MDT 2024
  **** Start of session at: Tue Feb 24 21:24:29 2026
    ** Copyright 1986-2022 Xilinx, Inc. All Rights Reserved.
    ** Copyright 2022-2024 Advanced Micro Devices, Inc. All Rights Reserved.

source C:/Xilinx/Vitis_HLS/2024.1/scripts/vitis_hls/hls.tcl -notrace
INFO: [HLS 200-10] For user 'maxls' on host 'max-zbk' (Windows NT_amd64 version 10.0) on Tue Feb 24 21:24:31 -0500 2026
INFO: [HLS 200-10] In directory 'D:/EECE4632/HW6/HLS/matrix-mult'
INFO: [HLS 200-2005] Using work_dir D:/EECE4632/HW6/HLS/matrix-mult/matrix-mult 
INFO: [HLS 200-1505] Using default flow_target 'vivado'
Resolution: For help on HLS 200-1505 see docs.xilinx.com/access/sources/dita/topic?Doc_Version=2024.1%20English&url=ug1448-hls-guidance&resourceid=200-1505.html
INFO: [HLS 200-1465] Applying ini 'syn.file=mmult_baseline.h' from D:/EECE4632/HW6/HLS/matrix-mult/hls_config.cfg(7)
INFO: [HLS 200-10] Adding design file 'D:/EECE4632/HW6/HLS/matrix-mult/mmult_baseline.h' to the project
INFO: [HLS 200-1465] Applying ini 'syn.file=mmult_baseline.cpp' from D:/EECE4632/HW6/HLS/matrix-mult/hls_config.cfg(8)
INFO: [HLS 200-10] Adding design file 'D:/EECE4632/HW6/HLS/matrix-mult/mmult_baseline.cpp' to the project
INFO: [HLS 200-1465] Applying ini 'tb.file=mmult_tb.cpp' from D:/EECE4632/HW6/HLS/matrix-mult/hls_config.cfg(9)
INFO: [HLS 200-10] Adding test bench file 'D:/EECE4632/HW6/HLS/matrix-mult/mmult_tb.cpp' to the project
INFO: [HLS 200-1465] Applying ini 'syn.top=mmult_hw' from D:/EECE4632/HW6/HLS/matrix-mult/hls_config.cfg(10)
INFO: [HLS 200-1465] Applying ini 'flow_target=vivado' from D:/EECE4632/HW6/HLS/matrix-mult/hls_config.cfg(4)
INFO: [HLS 200-1505] Using flow_target 'vivado'
Resolution: For help on HLS 200-1505 see docs.xilinx.com/access/sources/dita/topic?Doc_Version=2024.1%20English&url=ug1448-hls-guidance&resourceid=200-1505.html
INFO: [HLS 200-1465] Applying ini 'part=xczu3eg-sfvc784-2-e' from D:/EECE4632/HW6/HLS/matrix-mult/hls_config.cfg(1)
INFO: [HLS 200-1611] Setting target device to 'xczu3eg-sfvc784-2-e'
INFO: [HLS 200-1465] Applying ini 'package.output.format=ip_catalog' from D:/EECE4632/HW6/HLS/matrix-mult/hls_config.cfg(5)
INFO: [HLS 200-111] Finished File checks and directory preparation: CPU user time: 1 seconds. CPU system time: 1 seconds. Elapsed time: 4.589 seconds; current allocated memory: 175.965 MB.
INFO: [HLS 200-10] Analyzing design file 'mmult_baseline.cpp' ... 
INFO: [HLS 200-111] Finished Source Code Analysis and Preprocessing: CPU user time: 0 seconds. CPU system time: 0 seconds. Elapsed time: 9.649 seconds; current allocated memory: 179.004 MB.
INFO: [HLS 200-777] Using interface defaults for 'Vivado' flow target.
INFO: [HLS 200-1995] There were 155 instructions in the design after the 'Compile/Link' phase of compilation. See the Design Size Report for more details: D:/EECE4632/HW6/HLS/matrix-mult/matrix-mult/hls/syn/report/csynth_design_size.rpt
INFO: [HLS 200-1995] There were 77 instructions in the design after the 'Unroll/Inline (step 1)' phase of compilation. See the Design Size Report for more details: D:/EECE4632/HW6/HLS/matrix-mult/matrix-mult/hls/syn/report/csynth_design_size.rpt
INFO: [HLS 200-1995] There were 55 instructions in the design after the 'Unroll/Inline (step 2)' phase of compilation. See the Design Size Report for more details: D:/EECE4632/HW6/HLS/matrix-mult/matrix-mult/hls/syn/report/csynth_design_size.rpt
INFO: [HLS 200-1995] There were 59 instructions in the design after the 'Unroll/Inline (step 3)' phase of compilation. See the Design Size Report for more details: D:/EECE4632/HW6/HLS/matrix-mult/matrix-mult/hls/syn/report/csynth_design_size.rpt
INFO: [HLS 200-1995] There were 59 instructions in the design after the 'Unroll/Inline (step 4)' phase of compilation. See the Design Size Report for more details: D:/EECE4632/HW6/HLS/matrix-mult/matrix-mult/hls/syn/report/csynth_design_size.rpt
INFO: [HLS 200-1995] There were 60 instructions in the design after the 'Array/Struct (step 1)' phase of compilation. See the Design Size Report for more details: D:/EECE4632/HW6/HLS/matrix-mult/matrix-mult/hls/syn/report/csynth_design_size.rpt
INFO: [HLS 200-1995] There were 60 instructions in the design after the 'Array/Struct (step 2)' phase of compilation. See the Design Size Report for more details: D:/EECE4632/HW6/HLS/matrix-mult/matrix-mult/hls/syn/report/csynth_design_size.rpt
INFO: [HLS 200-1995] There were 60 instructions in the design after the 'Array/Struct (step 3)' phase of compilation. See the Design Size Report for more details: D:/EECE4632/HW6/HLS/matrix-mult/matrix-mult/hls/syn/report/csynth_design_size.rpt
INFO: [HLS 200-1995] There were 60 instructions in the design after the 'Array/Struct (step 4)' phase of compilation. See the Design Size Report for more details: D:/EECE4632/HW6/HLS/matrix-mult/matrix-mult/hls/syn/report/csynth_design_size.rpt
INFO: [HLS 200-1995] There were 67 instructions in the design after the 'Array/Struct (step 5)' phase of compilation. See the Design Size Report for more details: D:/EECE4632/HW6/HLS/matrix-mult/matrix-mult/hls/syn/report/csynth_design_size.rpt
INFO: [HLS 200-1995] There were 66 instructions in the design after the 'Performance (step 1)' phase of compilation. See the Design Size Report for more details: D:/EECE4632/HW6/HLS/matrix-mult/matrix-mult/hls/syn/report/csynth_design_size.rpt
INFO: [HLS 200-1995] There were 65 instructions in the design after the 'Performance (step 2)' phase of compilation. See the Design Size Report for more details: D:/EECE4632/HW6/HLS/matrix-mult/matrix-mult/hls/syn/report/csynth_design_size.rpt
INFO: [HLS 200-1995] There were 64 instructions in the design after the 'Performance (step 3)' phase of compilation. See the Design Size Report for more details: D:/EECE4632/HW6/HLS/matrix-mult/matrix-mult/hls/syn/report/csynth_design_size.rpt
INFO: [HLS 200-1995] There were 64 instructions in the design after the 'Performance (step 4)' phase of compilation. See the Design Size Report for more details: D:/EECE4632/HW6/HLS/matrix-mult/matrix-mult/hls/syn/report/csynth_design_size.rpt
INFO: [HLS 200-1995] There were 83 instructions in the design after the 'HW Transforms (step 1)' phase of compilation. See the Design Size Report for more details: D:/EECE4632/HW6/HLS/matrix-mult/matrix-mult/hls/syn/report/csynth_design_size.rpt
INFO: [HLS 200-1995] There were 93 instructions in the design after the 'HW Transforms (step 2)' phase of compilation. See the Design Size Report for more details: D:/EECE4632/HW6/HLS/matrix-mult/matrix-mult/hls/syn/report/csynth_design_size.rpt
INFO: [HLS 214-376] automatically set the pipeline for Loop< VITIS_LOOP_22_1> at mmult_baseline.cpp:22:19 
INFO: [HLS 214-376] automatically set the pipeline for Loop< VITIS_LOOP_26_4> at mmult_baseline.cpp:26:30 
INFO: [HLS 214-437] Automatically disabling loop flattening for loop 'VITIS_LOOP_25_3'. (mmult_baseline.cpp:25:26)
INFO: [HLS 214-115] Multiple burst writes of variable length and bit width 32 in loop 'VITIS_LOOP_22_1'(mmult_baseline.cpp:22:19) has been inferred on bundle 'gmem'. These burst requests might be further partitioned into multiple requests during RTL generation, based on max_read_burst_length or max_write_burst_length settings. (mmult_baseline.cpp:22:19)
INFO: [HLS 200-111] Finished Compiling Optimization and Transform: CPU user time: 0 seconds. CPU system time: 1 seconds. Elapsed time: 11.395 seconds; current allocated memory: 180.840 MB.
INFO: [HLS 200-111] Finished Checking Pragmas: CPU user time: 0 seconds. CPU system time: 0 seconds. Elapsed time: 0.012 seconds; current allocated memory: 180.840 MB.
INFO: [HLS 200-10] Starting code transformations ...
INFO: [HLS 200-111] Finished Standard Transforms: CPU user time: 0 seconds. CPU system time: 0 seconds. Elapsed time: 0.298 seconds; current allocated memory: 185.633 MB.
INFO: [HLS 200-10] Checking synthesizability ...
INFO: [HLS 200-111] Finished Checking Synthesizability: CPU user time: 0 seconds. CPU system time: 0 seconds. Elapsed time: 0.173 seconds; current allocated memory: 187.117 MB.
INFO: [HLS 200-111] Finished Loop, function and other optimizations: CPU user time: 0 seconds. CPU system time: 0 seconds. Elapsed time: 0.213 seconds; current allocated memory: 209.031 MB.
INFO: [HLS 200-111] Finished Architecture Synthesis: CPU user time: 0 seconds. CPU system time: 0 seconds. Elapsed time: 0.202 seconds; current allocated memory: 220.363 MB.
INFO: [HLS 200-10] Starting hardware synthesis ...
INFO: [HLS 200-10] Synthesizing 'mmult_hw' ...
INFO: [SYN 201-201] Setting up clock 'default' with a period of 10ns.
INFO: [HLS 200-10] ----------------------------------------------------------------
INFO: [HLS 200-42] -- Implementing module 'mmult_hw_Pipeline_VITIS_LOOP_22_1' 
INFO: [HLS 200-10] ----------------------------------------------------------------
INFO: [SCHED 204-11] Starting scheduling ...
INFO: [SCHED 204-61] Pipelining loop 'VITIS_LOOP_22_1'.
INFO: [HLS 200-1470] Pipelining result : Target II = NA, Final II = 1, Depth = 2, loop 'VITIS_LOOP_22_1'
INFO: [SCHED 204-11] Finished scheduling.
INFO: [HLS 200-111] Finished Scheduling: CPU user time: 0 seconds. CPU system time: 0 seconds. Elapsed time: 1.844 seconds; current allocated memory: 224.273 MB.
INFO: [BIND 205-100] Starting micro-architecture generation ...
INFO: [BIND 205-101] Performing variable lifetime analysis.
INFO: [BIND 205-101] Exploring resource sharing.
INFO: [BIND 205-101] Binding ...
INFO: [BIND 205-100] Finished micro-architecture generation.
INFO: [HLS 200-111] Finished Binding: CPU user time: 0 seconds. CPU system time: 0 seconds. Elapsed time: 0.559 seconds; current allocated memory: 225.430 MB.
INFO: [HLS 200-10] ----------------------------------------------------------------
INFO: [HLS 200-42] -- Implementing module 'mmult_hw_Pipeline_VITIS_LOOP_26_4' 
INFO: [HLS 200-10] ----------------------------------------------------------------
INFO: [SCHED 204-11] Starting scheduling ...
INFO: [HLS 200-486] Changing DSP latency (root=add_ln27_3) to 3 in order to utilize available DSP registers.
INFO: [SCHED 204-61] Pipelining loop 'VITIS_LOOP_26_4'.
WARNING: [HLS 200-885] The II Violation in module 'mmult_hw_Pipeline_VITIS_LOOP_26_4' (loop 'VITIS_LOOP_26_4'): Unable to schedule bus request operation ('gmem_load_2_req', mmult_baseline.cpp:27) on port 'gmem' (mmult_baseline.cpp:27) due to limited memory ports (II = 1). Please consider using a memory core with more ports or partitioning the array.
Resolution: For help on HLS 200-885 see docs.xilinx.com/access/sources/dita/topic?Doc_Version=2024.1%20English&url=ug1448-hls-guidance&resourceid=200-885.html
INFO: [HLS 200-1470] Pipelining result : Target II = NA, Final II = 2, Depth = 15, loop 'VITIS_LOOP_26_4'
INFO: [SCHED 204-11] Finished scheduling.
INFO: [HLS 200-111] Finished Scheduling: CPU user time: 0 seconds. CPU system time: 0 seconds. Elapsed time: 0.876 seconds; current allocated memory: 225.656 MB.
INFO: [BIND 205-100] Starting micro-architecture generation ...
INFO: [BIND 205-101] Performing variable lifetime analysis.
INFO: [BIND 205-101] Exploring resource sharing.
INFO: [BIND 205-101] Binding ...
INFO: [BIND 205-100] Finished micro-architecture generation.
INFO: [HLS 200-111] Finished Binding: CPU user time: 0 seconds. CPU system time: 0 seconds. Elapsed time: 0.721 seconds; current allocated memory: 225.691 MB.
INFO: [HLS 200-10] ----------------------------------------------------------------
INFO: [HLS 200-42] -- Implementing module 'mmult_hw' 
INFO: [HLS 200-10] ----------------------------------------------------------------
INFO: [SCHED 204-11] Starting scheduling ...
INFO: [SCHED 204-11] Finished scheduling.
INFO: [HLS 200-111] Finished Scheduling: CPU user time: 1 seconds. CPU system time: 0 seconds. Elapsed time: 0.796 seconds; current allocated memory: 225.766 MB.
INFO: [BIND 205-100] Starting micro-architecture generation ...
INFO: [BIND 205-101] Performing variable lifetime analysis.
INFO: [BIND 205-101] Exploring resource sharing.
INFO: [BIND 205-101] Binding ...
INFO: [BIND 205-100] Finished micro-architecture generation.
INFO: [HLS 200-111] Finished Binding: CPU user time: 0 seconds. CPU system time: 0 seconds. Elapsed time: 0.797 seconds; current allocated memory: 225.836 MB.
INFO: [HLS 200-10] ----------------------------------------------------------------
INFO: [HLS 200-10] -- Generating RTL for module 'mmult_hw_Pipeline_VITIS_LOOP_22_1' 
INFO: [HLS 200-10] ----------------------------------------------------------------
INFO: [HLS 200-1030] Apply Unified Pipeline Control on module 'mmult_hw_Pipeline_VITIS_LOOP_22_1' pipeline 'VITIS_LOOP_22_1' pipeline type 'loop pipeline'
WARNING: [RTGEN 206-101] Setting dangling out port 'mmult_hw_Pipeline_VITIS_LOOP_22_1/m_axi_gmem_AWVALID' to 0.
WARNING: [RTGEN 206-101] Setting dangling out port 'mmult_hw_Pipeline_VITIS_LOOP_22_1/m_axi_gmem_AWADDR' to 0.
WARNING: [RTGEN 206-101] Setting dangling out port 'mmult_hw_Pipeline_VITIS_LOOP_22_1/m_axi_gmem_AWID' to 0.
WARNING: [RTGEN 206-101] Setting dangling out port 'mmult_hw_Pipeline_VITIS_LOOP_22_1/m_axi_gmem_AWLEN' to 0.
WARNING: [RTGEN 206-101] Setting dangling out port 'mmult_hw_Pipeline_VITIS_LOOP_22_1/m_axi_gmem_AWSIZE' to 0.
WARNING: [RTGEN 206-101] Setting dangling out port 'mmult_hw_Pipeline_VITIS_LOOP_22_1/m_axi_gmem_AWBURST' to 0.
WARNING: [RTGEN 206-101] Setting dangling out port 'mmult_hw_Pipeline_VITIS_LOOP_22_1/m_axi_gmem_AWLOCK' to 0.
WARNING: [RTGEN 206-101] Setting dangling out port 'mmult_hw_Pipeline_VITIS_LOOP_22_1/m_axi_gmem_AWCACHE' to 0.
WARNING: [RTGEN 206-101] Setting dangling out port 'mmult_hw_Pipeline_VITIS_LOOP_22_1/m_axi_gmem_AWPROT' to 0.
WARNING: [RTGEN 206-101] Setting dangling out port 'mmult_hw_Pipeline_VITIS_LOOP_22_1/m_axi_gmem_AWQOS' to 0.
WARNING: [RTGEN 206-101] Setting dangling out port 'mmult_hw_Pipeline_VITIS_LOOP_22_1/m_axi_gmem_AWREGION' to 0.
WARNING: [RTGEN 206-101] Setting dangling out port 'mmult_hw_Pipeline_VITIS_LOOP_22_1/m_axi_gmem_AWUSER' to 0.
WARNING: [RTGEN 206-101] Setting dangling out port 'mmult_hw_Pipeline_VITIS_LOOP_22_1/m_axi_gmem_BREADY' to 0.
INFO: [RTGEN 206-100] Finished creating RTL model for 'mmult_hw_Pipeline_VITIS_LOOP_22_1'.
INFO: [HLS 200-111] Finished Creating RTL model: CPU user time: 0 seconds. CPU system time: 0 seconds. Elapsed time: 2.594 seconds; current allocated memory: 227.660 MB.
INFO: [HLS 200-10] ----------------------------------------------------------------
INFO: [HLS 200-10] -- Generating RTL for module 'mmult_hw_Pipeline_VITIS_LOOP_26_4' 
INFO: [HLS 200-10] ----------------------------------------------------------------
INFO: [HLS 200-1030] Apply Unified Pipeline Control on module 'mmult_hw_Pipeline_VITIS_LOOP_26_4' pipeline 'VITIS_LOOP_26_4' pipeline type 'loop pipeline'
INFO: [RTGEN 206-100] Generating core module 'mac_muladd_8s_8s_32s_32_4_1': 1 instance(s).
INFO: [RTGEN 206-100] Finished creating RTL model for 'mmult_hw_Pipeline_VITIS_LOOP_26_4'.
INFO: [HLS 200-111] Finished Creating RTL model: CPU user time: 0 seconds. CPU system time: 0 seconds. Elapsed time: 1.758 seconds; current allocated memory: 229.824 MB.
INFO: [HLS 200-10] ----------------------------------------------------------------
INFO: [HLS 200-10] -- Generating RTL for module 'mmult_hw' 
INFO: [HLS 200-10] ----------------------------------------------------------------
WARNING: [RTGEN 206-101] Design contains AXI ports. Reset is fixed to synchronous and active low.
INFO: [RTGEN 206-500] Setting interface mode on port 'mmult_hw/gmem' to 'm_axi'.
INFO: [RTGEN 206-500] Setting interface mode on port 'mmult_hw/in1' to 's_axilite & ap_none'.
INFO: [RTGEN 206-500] Setting interface mode on port 'mmult_hw/in2' to 's_axilite & ap_none'.
INFO: [RTGEN 206-500] Setting interface mode on port 'mmult_hw/out_r' to 's_axilite & ap_none'.
INFO: [RTGEN 206-500] Setting interface mode on port 'mmult_hw/dim' to 's_axilite & ap_none'.
INFO: [RTGEN 206-500] Setting interface mode on function 'mmult_hw' to 's_axilite & ap_ctrl_hs'.
INFO: [RTGEN 206-100] Bundling port 'in1', 'in2', 'out_r', 'dim' to AXI-Lite port CTRL.
INFO: [RTGEN 206-100] Generating core module 'mul_32s_32s_32_1_1': 1 instance(s).
INFO: [RTGEN 206-100] Finished creating RTL model for 'mmult_hw'.
INFO: [HLS 200-111] Finished Creating RTL model: CPU user time: 0 seconds. CPU system time: 1 seconds. Elapsed time: 3.312 seconds; current allocated memory: 232.777 MB.
INFO: [HLS 200-111] Finished Generating all RTL models: CPU user time: 0 seconds. CPU system time: 0 seconds. Elapsed time: 13.022 seconds; current allocated memory: 237.109 MB.
INFO: [HLS 200-1603] Design has inferred MAXI bursts and missed bursts, see Vitis HLS GUI synthesis summary report for detailed information.
INFO: [HLS 200-111] Finished Updating report files: CPU user time: 0 seconds. CPU system time: 2 seconds. Elapsed time: 3.538 seconds; current allocated memory: 242.020 MB.
INFO: [VHDL 208-304] Generating VHDL RTL for mmult_hw.
INFO: [VLOG 209-307] Generating Verilog RTL for mmult_hw.
INFO: [HLS 200-790] **** Loop Constraint Status: All loop constraints were NOT satisfied.
INFO: [HLS 200-789] **** Estimated Fmax: 136.99 MHz
INFO: [HLS 200-112] Total CPU user time: 2 seconds. Total CPU system time: 5 seconds. Total elapsed time: 58.452 seconds; peak allocated memory: 242.055 MB.
INFO: [v++ 60-791] Total elapsed time: 0h 1m 4s
