INFO: [v++ 60-1548] Creating build summary session with primary output F:/EECE4632/HW6/HLS/matrix-mult/matrix-mult\matrix-mult.hlscompile_summary, at 02/25/26 17:47:25
INFO: [v++ 82-31] Launching vitis_hls: vitis_hls -nolog -run csynth -work_dir F:/EECE4632/HW6/HLS/matrix-mult/matrix-mult -config F:/EECE4632/HW6/HLS/matrix-mult/hls_config.cfg -cmdlineconfig F:/EECE4632/HW6/HLS/matrix-mult/matrix-mult/hls/config.cmdline

****** Vitis HLS - High-Level Synthesis from C, C++ and OpenCL v2024.1 (64-bit)
  **** SW Build 5069499 on May 21 2024
  **** IP Build 5075265 on Wed May 22 21:45:21 MDT 2024
  **** SharedData Build 5076995 on Wed May 22 18:29:18 MDT 2024
  **** Start of session at: Wed Feb 25 17:47:27 2026
    ** Copyright 1986-2022 Xilinx, Inc. All Rights Reserved.
    ** Copyright 2022-2024 Advanced Micro Devices, Inc. All Rights Reserved.

source C:/Xilinx/Vitis_HLS/2024.1/scripts/vitis_hls/hls.tcl -notrace
INFO: [HLS 200-10] For user 'langweil.m' on host 'wfxa4bb6dbb67af.nunet.neu.edu' (Windows NT_amd64 version 10.0) on Wed Feb 25 17:47:28 -0500 2026
INFO: [HLS 200-10] In directory 'F:/EECE4632/HW6/HLS/matrix-mult'
INFO: [HLS 200-2005] Using work_dir F:/EECE4632/HW6/HLS/matrix-mult/matrix-mult 
INFO: [HLS 200-1505] Using default flow_target 'vivado'
Resolution: For help on HLS 200-1505 see docs.xilinx.com/access/sources/dita/topic?Doc_Version=2024.1%20English&url=ug1448-hls-guidance&resourceid=200-1505.html
INFO: [HLS 200-1465] Applying ini 'syn.file=mmult_baseline.h' from F:/EECE4632/HW6/HLS/matrix-mult/hls_config.cfg(7)
INFO: [HLS 200-10] Adding design file 'F:/EECE4632/HW6/HLS/matrix-mult/mmult_baseline.h' to the project
INFO: [HLS 200-1465] Applying ini 'syn.file=mmult_baseline.cpp' from F:/EECE4632/HW6/HLS/matrix-mult/hls_config.cfg(8)
INFO: [HLS 200-10] Adding design file 'F:/EECE4632/HW6/HLS/matrix-mult/mmult_baseline.cpp' to the project
INFO: [HLS 200-1465] Applying ini 'tb.file=mmult_tb.cpp' from F:/EECE4632/HW6/HLS/matrix-mult/hls_config.cfg(9)
INFO: [HLS 200-10] Adding test bench file 'F:/EECE4632/HW6/HLS/matrix-mult/mmult_tb.cpp' to the project
INFO: [HLS 200-1465] Applying ini 'syn.top=mmult_hw' from F:/EECE4632/HW6/HLS/matrix-mult/hls_config.cfg(10)
INFO: [HLS 200-1465] Applying ini 'flow_target=vivado' from F:/EECE4632/HW6/HLS/matrix-mult/hls_config.cfg(4)
INFO: [HLS 200-1505] Using flow_target 'vivado'
Resolution: For help on HLS 200-1505 see docs.xilinx.com/access/sources/dita/topic?Doc_Version=2024.1%20English&url=ug1448-hls-guidance&resourceid=200-1505.html
INFO: [HLS 200-1465] Applying ini 'part=xczu3eg-sfvc784-2-e' from F:/EECE4632/HW6/HLS/matrix-mult/hls_config.cfg(1)
INFO: [HLS 200-1611] Setting target device to 'xczu3eg-sfvc784-2-e'
INFO: [HLS 200-1465] Applying ini 'clock=7ns' from F:/EECE4632/HW6/HLS/matrix-mult/hls_config.cfg(12)
INFO: [SYN 201-201] Setting up clock 'default' with a period of 7ns.
INFO: [HLS 200-1465] Applying ini 'csim.code_analyzer=1' from F:/EECE4632/HW6/HLS/matrix-mult/hls_config.cfg(11)
INFO: [HLS 200-1465] Applying ini 'package.output.format=ip_catalog' from F:/EECE4632/HW6/HLS/matrix-mult/hls_config.cfg(5)
INFO: [HLS 200-111] Finished File checks and directory preparation: CPU user time: 2 seconds. CPU system time: 2 seconds. Elapsed time: 7.392 seconds; current allocated memory: 246.223 MB.
INFO: [HLS 200-10] Analyzing design file 'mmult_baseline.cpp' ... 
INFO: [HLS 200-111] Finished Source Code Analysis and Preprocessing: CPU user time: 0 seconds. CPU system time: 0 seconds. Elapsed time: 5.211 seconds; current allocated memory: 249.195 MB.
INFO: [HLS 200-777] Using interface defaults for 'Vivado' flow target.
INFO: [HLS 200-1995] There were 101 instructions in the design after the 'Compile/Link' phase of compilation. See the Design Size Report for more details: F:/EECE4632/HW6/HLS/matrix-mult/matrix-mult/hls/syn/report/csynth_design_size.rpt
INFO: [HLS 200-1995] There were 827 instructions in the design after the 'Unroll/Inline (step 1)' phase of compilation. See the Design Size Report for more details: F:/EECE4632/HW6/HLS/matrix-mult/matrix-mult/hls/syn/report/csynth_design_size.rpt
INFO: [HLS 200-1995] There were 817 instructions in the design after the 'Unroll/Inline (step 2)' phase of compilation. See the Design Size Report for more details: F:/EECE4632/HW6/HLS/matrix-mult/matrix-mult/hls/syn/report/csynth_design_size.rpt
INFO: [HLS 200-1995] There were 814 instructions in the design after the 'Unroll/Inline (step 3)' phase of compilation. See the Design Size Report for more details: F:/EECE4632/HW6/HLS/matrix-mult/matrix-mult/hls/syn/report/csynth_design_size.rpt
INFO: [HLS 200-1995] There were 814 instructions in the design after the 'Unroll/Inline (step 4)' phase of compilation. See the Design Size Report for more details: F:/EECE4632/HW6/HLS/matrix-mult/matrix-mult/hls/syn/report/csynth_design_size.rpt
INFO: [HLS 200-1995] There were 2,741 instructions in the design after the 'Array/Struct (step 1)' phase of compilation. See the Design Size Report for more details: F:/EECE4632/HW6/HLS/matrix-mult/matrix-mult/hls/syn/report/csynth_design_size.rpt
INFO: [HLS 200-1995] There were 947 instructions in the design after the 'Array/Struct (step 2)' phase of compilation. See the Design Size Report for more details: F:/EECE4632/HW6/HLS/matrix-mult/matrix-mult/hls/syn/report/csynth_design_size.rpt
INFO: [HLS 200-1995] There were 947 instructions in the design after the 'Array/Struct (step 3)' phase of compilation. See the Design Size Report for more details: F:/EECE4632/HW6/HLS/matrix-mult/matrix-mult/hls/syn/report/csynth_design_size.rpt
INFO: [HLS 200-1995] There were 947 instructions in the design after the 'Array/Struct (step 4)' phase of compilation. See the Design Size Report for more details: F:/EECE4632/HW6/HLS/matrix-mult/matrix-mult/hls/syn/report/csynth_design_size.rpt
INFO: [HLS 200-1995] There were 953 instructions in the design after the 'Array/Struct (step 5)' phase of compilation. See the Design Size Report for more details: F:/EECE4632/HW6/HLS/matrix-mult/matrix-mult/hls/syn/report/csynth_design_size.rpt
INFO: [HLS 200-1995] There were 950 instructions in the design after the 'Performance (step 1)' phase of compilation. See the Design Size Report for more details: F:/EECE4632/HW6/HLS/matrix-mult/matrix-mult/hls/syn/report/csynth_design_size.rpt
INFO: [HLS 200-1995] There were 950 instructions in the design after the 'Performance (step 2)' phase of compilation. See the Design Size Report for more details: F:/EECE4632/HW6/HLS/matrix-mult/matrix-mult/hls/syn/report/csynth_design_size.rpt
INFO: [HLS 200-1995] There were 950 instructions in the design after the 'Performance (step 3)' phase of compilation. See the Design Size Report for more details: F:/EECE4632/HW6/HLS/matrix-mult/matrix-mult/hls/syn/report/csynth_design_size.rpt
INFO: [HLS 200-1995] There were 950 instructions in the design after the 'Performance (step 4)' phase of compilation. See the Design Size Report for more details: F:/EECE4632/HW6/HLS/matrix-mult/matrix-mult/hls/syn/report/csynth_design_size.rpt
INFO: [HLS 200-1995] There were 957 instructions in the design after the 'HW Transforms (step 1)' phase of compilation. See the Design Size Report for more details: F:/EECE4632/HW6/HLS/matrix-mult/matrix-mult/hls/syn/report/csynth_design_size.rpt
INFO: [HLS 200-1995] There were 968 instructions in the design after the 'HW Transforms (step 2)' phase of compilation. See the Design Size Report for more details: F:/EECE4632/HW6/HLS/matrix-mult/matrix-mult/hls/syn/report/csynth_design_size.rpt
INFO: [HLS 214-291] Loop 'VITIS_LOOP_40_5' is marked as complete unroll implied by the pipeline pragma (mmult_baseline.cpp:40:30)
INFO: [HLS 214-186] Unrolling loop 'VITIS_LOOP_40_5' (mmult_baseline.cpp:40:30) in function 'mmult_hw' completely with a factor of 128 (mmult_baseline.cpp:14:0)
INFO: [HLS 214-248] Applying array_partition to 'A': Cyclic partitioning with factor 8 on dimension 2. (mmult_baseline.cpp:22:6)
INFO: [HLS 214-248] Applying array_partition to 'B': Cyclic partitioning with factor 8 on dimension 1. (mmult_baseline.cpp:23:9)
INFO: [HLS 214-115] Multiple burst writes of length 16384 and bit width 32 in loop 'VITIS_LOOP_36_3'(mmult_baseline.cpp:36:22) has been inferred on bundle 'gmem'. These burst requests might be further partitioned into multiple requests during RTL generation, based on max_read_burst_length or max_write_burst_length settings. (mmult_baseline.cpp:36:22)
INFO: [HLS 200-111] Finished Compiling Optimization and Transform: CPU user time: 1 seconds. CPU system time: 0 seconds. Elapsed time: 10.872 seconds; current allocated memory: 251.180 MB.
INFO: [HLS 200-111] Finished Checking Pragmas: CPU user time: 0 seconds. CPU system time: 0 seconds. Elapsed time: 0.007 seconds; current allocated memory: 251.180 MB.
INFO: [HLS 200-10] Starting code transformations ...
INFO: [HLS 200-111] Finished Standard Transforms: CPU user time: 0 seconds. CPU system time: 0 seconds. Elapsed time: 0.255 seconds; current allocated memory: 257.293 MB.
INFO: [HLS 200-10] Checking synthesizability ...
INFO: [HLS 200-111] Finished Checking Synthesizability: CPU user time: 0 seconds. CPU system time: 0 seconds. Elapsed time: 0.193 seconds; current allocated memory: 259.789 MB.
INFO: [XFORM 203-11] Balancing expressions in function 'mmult_hw' (mmult_baseline.cpp:10:26)...127 expression(s) balanced.
INFO: [HLS 200-111] Finished Loop, function and other optimizations: CPU user time: 0 seconds. CPU system time: 0 seconds. Elapsed time: 0.431 seconds; current allocated memory: 283.246 MB.
INFO: [HLS 200-2061] Successfully converted nested loops 'VITIS_LOOP_28_1'(mmult_baseline.cpp:28:19) and 'VITIS_LOOP_29_2'(mmult_baseline.cpp:29:26) in function 'mmult_hw' into perfectly nested loops.
INFO: [HLS 200-2061] Successfully converted nested loops 'VITIS_LOOP_36_3'(mmult_baseline.cpp:36:22) and 'VITIS_LOOP_37_4'(mmult_baseline.cpp:37:26) in function 'mmult_hw' into perfectly nested loops.
INFO: [XFORM 203-541] Flattening a loop nest 'VITIS_LOOP_28_1' (mmult_baseline.cpp:28:19) in function 'mmult_hw'.
INFO: [XFORM 203-541] Flattening a loop nest 'VITIS_LOOP_36_3' (mmult_baseline.cpp:36:22) in function 'mmult_hw'.
INFO: [HLS 200-111] Finished Architecture Synthesis: CPU user time: 0 seconds. CPU system time: 0 seconds. Elapsed time: 0.596 seconds; current allocated memory: 298.512 MB.
INFO: [HLS 200-10] Starting hardware synthesis ...
INFO: [HLS 200-10] Synthesizing 'mmult_hw' ...
INFO: [HLS 200-10] ----------------------------------------------------------------
INFO: [HLS 200-42] -- Implementing module 'mmult_hw_Pipeline_VITIS_LOOP_28_1_VITIS_LOOP_29_2' 
INFO: [HLS 200-10] ----------------------------------------------------------------
INFO: [SCHED 204-11] Starting scheduling ...
INFO: [HLS 200-1457] Automatically inferring inferring RAM_1WNR storage type for array 'B_7'. Use bind_storage pragma to override this type.
INFO: [HLS 200-1457] Automatically inferring inferring RAM_1WNR storage type for array 'B'. Use bind_storage pragma to override this type.
INFO: [HLS 200-1457] Automatically inferring inferring RAM_1WNR storage type for array 'B_1'. Use bind_storage pragma to override this type.
INFO: [HLS 200-1457] Automatically inferring inferring RAM_1WNR storage type for array 'B_2'. Use bind_storage pragma to override this type.
INFO: [HLS 200-1457] Automatically inferring inferring RAM_1WNR storage type for array 'B_3'. Use bind_storage pragma to override this type.
INFO: [HLS 200-1457] Automatically inferring inferring RAM_1WNR storage type for array 'B_4'. Use bind_storage pragma to override this type.
INFO: [HLS 200-1457] Automatically inferring inferring RAM_1WNR storage type for array 'B_5'. Use bind_storage pragma to override this type.
INFO: [HLS 200-1457] Automatically inferring inferring RAM_1WNR storage type for array 'B_6'. Use bind_storage pragma to override this type.
INFO: [HLS 200-1457] Automatically inferring inferring RAM_1WNR storage type for array 'A_7'. Use bind_storage pragma to override this type.
INFO: [HLS 200-1457] Automatically inferring inferring RAM_1WNR storage type for array 'A'. Use bind_storage pragma to override this type.
INFO: [HLS 200-1457] Automatically inferring inferring RAM_1WNR storage type for array 'A_1'. Use bind_storage pragma to override this type.
INFO: [HLS 200-1457] Automatically inferring inferring RAM_1WNR storage type for array 'A_2'. Use bind_storage pragma to override this type.
INFO: [HLS 200-1457] Automatically inferring inferring RAM_1WNR storage type for array 'A_3'. Use bind_storage pragma to override this type.
INFO: [HLS 200-1457] Automatically inferring inferring RAM_1WNR storage type for array 'A_4'. Use bind_storage pragma to override this type.
INFO: [HLS 200-1457] Automatically inferring inferring RAM_1WNR storage type for array 'A_5'. Use bind_storage pragma to override this type.
INFO: [HLS 200-1457] Automatically inferring inferring RAM_1WNR storage type for array 'A_6'. Use bind_storage pragma to override this type.
INFO: [SCHED 204-61] Pipelining loop 'VITIS_LOOP_28_1_VITIS_LOOP_29_2'.
WARNING: [HLS 200-885] The II Violation in module 'mmult_hw_Pipeline_VITIS_LOOP_28_1_VITIS_LOOP_29_2' (loop 'VITIS_LOOP_28_1_VITIS_LOOP_29_2'): Unable to schedule bus request operation ('gmem_load_1_req', mmult_baseline.cpp:32) on port 'gmem' (mmult_baseline.cpp:32) due to limited memory ports (II = 1). Please consider using a memory core with more ports or partitioning the array.
Resolution: For help on HLS 200-885 see docs.xilinx.com/access/sources/dita/topic?Doc_Version=2024.1%20English&url=ug1448-hls-guidance&resourceid=200-885.html
INFO: [HLS 200-1470] Pipelining result : Target II = 1, Final II = 2, Depth = 12, loop 'VITIS_LOOP_28_1_VITIS_LOOP_29_2'
INFO: [SCHED 204-11] Finished scheduling.
INFO: [HLS 200-111] Finished Scheduling: CPU user time: 0 seconds. CPU system time: 0 seconds. Elapsed time: 2.65 seconds; current allocated memory: 302.695 MB.
INFO: [BIND 205-100] Starting micro-architecture generation ...
INFO: [BIND 205-101] Performing variable lifetime analysis.
INFO: [BIND 205-101] Exploring resource sharing.
INFO: [BIND 205-101] Binding ...
INFO: [BIND 205-100] Finished micro-architecture generation.
INFO: [HLS 200-111] Finished Binding: CPU user time: 0 seconds. CPU system time: 1 seconds. Elapsed time: 0.779 seconds; current allocated memory: 303.895 MB.
INFO: [HLS 200-10] ----------------------------------------------------------------
INFO: [HLS 200-42] -- Implementing module 'mmult_hw_Pipeline_VITIS_LOOP_36_3_VITIS_LOOP_37_4' 
INFO: [HLS 200-10] ----------------------------------------------------------------
INFO: [SCHED 204-11] Starting scheduling ...
INFO: [HLS 200-1457] Automatically inferring inferring RAM_1WNR storage type for array 'B_7'. Use bind_storage pragma to override this type.
INFO: [HLS 200-1457] Automatically inferring inferring RAM_1WNR storage type for array 'B_6'. Use bind_storage pragma to override this type.
INFO: [HLS 200-1457] Automatically inferring inferring RAM_1WNR storage type for array 'B_5'. Use bind_storage pragma to override this type.
INFO: [HLS 200-1457] Automatically inferring inferring RAM_1WNR storage type for array 'B_4'. Use bind_storage pragma to override this type.
INFO: [HLS 200-1457] Automatically inferring inferring RAM_1WNR storage type for array 'B_3'. Use bind_storage pragma to override this type.
INFO: [HLS 200-1457] Automatically inferring inferring RAM_1WNR storage type for array 'B_2'. Use bind_storage pragma to override this type.
INFO: [HLS 200-1457] Automatically inferring inferring RAM_1WNR storage type for array 'B_1'. Use bind_storage pragma to override this type.
INFO: [HLS 200-1457] Automatically inferring inferring RAM_1WNR storage type for array 'B'. Use bind_storage pragma to override this type.
INFO: [HLS 200-1457] Automatically inferring inferring RAM_1WNR storage type for array 'A_7'. Use bind_storage pragma to override this type.
INFO: [HLS 200-1457] Automatically inferring inferring RAM_1WNR storage type for array 'A_6'. Use bind_storage pragma to override this type.
INFO: [HLS 200-1457] Automatically inferring inferring RAM_1WNR storage type for array 'A_5'. Use bind_storage pragma to override this type.
INFO: [HLS 200-1457] Automatically inferring inferring RAM_1WNR storage type for array 'A_4'. Use bind_storage pragma to override this type.
INFO: [HLS 200-1457] Automatically inferring inferring RAM_1WNR storage type for array 'A_3'. Use bind_storage pragma to override this type.
INFO: [HLS 200-1457] Automatically inferring inferring RAM_1WNR storage type for array 'A_2'. Use bind_storage pragma to override this type.
INFO: [HLS 200-1457] Automatically inferring inferring RAM_1WNR storage type for array 'A_1'. Use bind_storage pragma to override this type.
INFO: [HLS 200-1457] Automatically inferring inferring RAM_1WNR storage type for array 'A'. Use bind_storage pragma to override this type.
INFO: [SCHED 204-61] Pipelining loop 'VITIS_LOOP_36_3_VITIS_LOOP_37_4'.
INFO: [HLS 200-1470] Pipelining result : Target II = 1, Final II = 1, Depth = 5, loop 'VITIS_LOOP_36_3_VITIS_LOOP_37_4'
INFO: [SCHED 204-11] Finished scheduling.
INFO: [HLS 200-111] Finished Scheduling: CPU user time: 2 seconds. CPU system time: 0 seconds. Elapsed time: 3.388 seconds; current allocated memory: 315.312 MB.
INFO: [BIND 205-100] Starting micro-architecture generation ...
INFO: [BIND 205-101] Performing variable lifetime analysis.
INFO: [BIND 205-101] Exploring resource sharing.
INFO: [BIND 205-101] Binding ...
INFO: [BIND 205-100] Finished micro-architecture generation.
INFO: [HLS 200-111] Finished Binding: CPU user time: 0 seconds. CPU system time: 0 seconds. Elapsed time: 3.278 seconds; current allocated memory: 315.324 MB.
INFO: [HLS 200-10] ----------------------------------------------------------------
INFO: [HLS 200-42] -- Implementing module 'mmult_hw' 
INFO: [HLS 200-10] ----------------------------------------------------------------
INFO: [SCHED 204-11] Starting scheduling ...
INFO: [SCHED 204-11] Finished scheduling.
INFO: [HLS 200-111] Finished Scheduling: CPU user time: 0 seconds. CPU system time: 0 seconds. Elapsed time: 7.714 seconds; current allocated memory: 315.324 MB.
INFO: [BIND 205-100] Starting micro-architecture generation ...
INFO: [BIND 205-101] Performing variable lifetime analysis.
INFO: [BIND 205-101] Exploring resource sharing.
INFO: [BIND 205-101] Binding ...
INFO: [BIND 205-100] Finished micro-architecture generation.
INFO: [HLS 200-111] Finished Binding: CPU user time: 1 seconds. CPU system time: 0 seconds. Elapsed time: 0.645 seconds; current allocated memory: 315.387 MB.
INFO: [HLS 200-10] ----------------------------------------------------------------
INFO: [HLS 200-10] -- Generating RTL for module 'mmult_hw_Pipeline_VITIS_LOOP_28_1_VITIS_LOOP_29_2' 
INFO: [HLS 200-10] ----------------------------------------------------------------
INFO: [HLS 200-1030] Apply Unified Pipeline Control on module 'mmult_hw_Pipeline_VITIS_LOOP_28_1_VITIS_LOOP_29_2' pipeline 'VITIS_LOOP_28_1_VITIS_LOOP_29_2' pipeline type 'loop pipeline'
INFO: [RTGEN 206-100] Finished creating RTL model for 'mmult_hw_Pipeline_VITIS_LOOP_28_1_VITIS_LOOP_29_2'.
INFO: [HLS 200-111] Finished Creating RTL model: CPU user time: 0 seconds. CPU system time: 0 seconds. Elapsed time: 2.376 seconds; current allocated memory: 317.184 MB.
INFO: [HLS 200-10] ----------------------------------------------------------------
INFO: [HLS 200-10] -- Generating RTL for module 'mmult_hw_Pipeline_VITIS_LOOP_36_3_VITIS_LOOP_37_4' 
INFO: [HLS 200-10] ----------------------------------------------------------------
INFO: [HLS 200-1030] Apply Unified Pipeline Control on module 'mmult_hw_Pipeline_VITIS_LOOP_36_3_VITIS_LOOP_37_4' pipeline 'VITIS_LOOP_36_3_VITIS_LOOP_37_4' pipeline type 'loop pipeline'
WARNING: [RTGEN 206-101] Setting dangling out port 'mmult_hw_Pipeline_VITIS_LOOP_36_3_VITIS_LOOP_37_4/m_axi_gmem_AWVALID' to 0.
WARNING: [RTGEN 206-101] Setting dangling out port 'mmult_hw_Pipeline_VITIS_LOOP_36_3_VITIS_LOOP_37_4/m_axi_gmem_AWADDR' to 0.
WARNING: [RTGEN 206-101] Setting dangling out port 'mmult_hw_Pipeline_VITIS_LOOP_36_3_VITIS_LOOP_37_4/m_axi_gmem_AWID' to 0.
WARNING: [RTGEN 206-101] Setting dangling out port 'mmult_hw_Pipeline_VITIS_LOOP_36_3_VITIS_LOOP_37_4/m_axi_gmem_AWLEN' to 0.
WARNING: [RTGEN 206-101] Setting dangling out port 'mmult_hw_Pipeline_VITIS_LOOP_36_3_VITIS_LOOP_37_4/m_axi_gmem_AWSIZE' to 0.
WARNING: [RTGEN 206-101] Setting dangling out port 'mmult_hw_Pipeline_VITIS_LOOP_36_3_VITIS_LOOP_37_4/m_axi_gmem_AWBURST' to 0.
WARNING: [RTGEN 206-101] Setting dangling out port 'mmult_hw_Pipeline_VITIS_LOOP_36_3_VITIS_LOOP_37_4/m_axi_gmem_AWLOCK' to 0.
WARNING: [RTGEN 206-101] Setting dangling out port 'mmult_hw_Pipeline_VITIS_LOOP_36_3_VITIS_LOOP_37_4/m_axi_gmem_AWCACHE' to 0.
WARNING: [RTGEN 206-101] Setting dangling out port 'mmult_hw_Pipeline_VITIS_LOOP_36_3_VITIS_LOOP_37_4/m_axi_gmem_AWPROT' to 0.
WARNING: [RTGEN 206-101] Setting dangling out port 'mmult_hw_Pipeline_VITIS_LOOP_36_3_VITIS_LOOP_37_4/m_axi_gmem_AWQOS' to 0.
WARNING: [RTGEN 206-101] Setting dangling out port 'mmult_hw_Pipeline_VITIS_LOOP_36_3_VITIS_LOOP_37_4/m_axi_gmem_AWREGION' to 0.
WARNING: [RTGEN 206-101] Setting dangling out port 'mmult_hw_Pipeline_VITIS_LOOP_36_3_VITIS_LOOP_37_4/m_axi_gmem_AWUSER' to 0.
WARNING: [RTGEN 206-101] Setting dangling out port 'mmult_hw_Pipeline_VITIS_LOOP_36_3_VITIS_LOOP_37_4/m_axi_gmem_BREADY' to 0.
INFO: [RTGEN 206-100] Generating core module 'mul_32s_32s_32_1_1': 128 instance(s).
INFO: [RTGEN 206-100] Finished creating RTL model for 'mmult_hw_Pipeline_VITIS_LOOP_36_3_VITIS_LOOP_37_4'.
INFO: [HLS 200-111] Finished Creating RTL model: CPU user time: 0 seconds. CPU system time: 0 seconds. Elapsed time: 3.87 seconds; current allocated memory: 329.500 MB.
INFO: [HLS 200-10] ----------------------------------------------------------------
INFO: [HLS 200-10] -- Generating RTL for module 'mmult_hw' 
INFO: [HLS 200-10] ----------------------------------------------------------------
WARNING: [RTGEN 206-101] Design contains AXI ports. Reset is fixed to synchronous and active low.
INFO: [RTGEN 206-500] Setting interface mode on port 'mmult_hw/gmem' to 'm_axi'.
INFO: [RTGEN 206-500] Setting interface mode on port 'mmult_hw/in1' to 's_axilite & ap_none'.
INFO: [RTGEN 206-500] Setting interface mode on port 'mmult_hw/in2' to 's_axilite & ap_none'.
INFO: [RTGEN 206-500] Setting interface mode on port 'mmult_hw/out_r' to 's_axilite & ap_none'.
INFO: [RTGEN 206-500] Setting interface mode on port 'mmult_hw/dim' to 's_axilite & ap_none'.
INFO: [RTGEN 206-500] Setting interface mode on function 'mmult_hw' to 's_axilite & ap_ctrl_hs'.
INFO: [RTGEN 206-100] Bundling port 'dim' and 'return' to AXI-Lite port CTRL.
INFO: [RTGEN 206-100] Bundling port 'in1', 'in2' and 'out_r' to AXI-Lite port control.
INFO: [RTGEN 206-100] Finished creating RTL model for 'mmult_hw'.
INFO: [RTMG 210-278] Implementing memory 'mmult_hw_A_RAM_1WNR_AUTO_1R1W' using auto RAMs.
INFO: [HLS 200-111] Finished Creating RTL model: CPU user time: 1 seconds. CPU system time: 2 seconds. Elapsed time: 13.68 seconds; current allocated memory: 353.398 MB.
INFO: [HLS 200-111] Finished Generating all RTL models: CPU user time: 0 seconds. CPU system time: 1 seconds. Elapsed time: 6.403 seconds; current allocated memory: 358.574 MB.
INFO: [HLS 200-1603] Design has inferred MAXI bursts and missed bursts, see Vitis HLS GUI synthesis summary report for detailed information.
INFO: [HLS 200-111] Finished Updating report files: CPU user time: 1 seconds. CPU system time: 1 seconds. Elapsed time: 2.848 seconds; current allocated memory: 367.598 MB.
INFO: [VHDL 208-304] Generating VHDL RTL for mmult_hw.
INFO: [VLOG 209-307] Generating Verilog RTL for mmult_hw.
INFO: [HLS 200-790] **** Loop Constraint Status: All loop constraints were NOT satisfied.
INFO: [HLS 200-789] **** Estimated Fmax: 195.69 MHz
INFO: [HLS 200-112] Total CPU user time: 8 seconds. Total CPU system time: 7 seconds. Total elapsed time: 74.618 seconds; peak allocated memory: 367.637 MB.
INFO: [v++ 60-791] Total elapsed time: 0h 1m 19s
