INFO: [vitis-run 60-1548] Creating build summary session with primary output F:/EECE4632/HW5/HLS/divide_by_13/divide_by_13\divide_by_13.hlsrun_cosim_summary, at 02/09/26 16:47:26
INFO: [vitis-run 82-31] Launching vitis_hls: vitis_hls -nolog -run cosim -work_dir F:/EECE4632/HW5/HLS/divide_by_13/divide_by_13 -config F:/EECE4632/HW5/HLS/divide_by_13/hls_config.cfg -cmdlineconfig F:/EECE4632/HW5/HLS/divide_by_13/divide_by_13/hls/config.cmdline

****** Vitis HLS - High-Level Synthesis from C, C++ and OpenCL v2024.1 (64-bit)
  **** SW Build 5069499 on May 21 2024
  **** IP Build 5075265 on Wed May 22 21:45:21 MDT 2024
  **** SharedData Build 5076995 on Wed May 22 18:29:18 MDT 2024
  **** Start of session at: Mon Feb  9 16:47:28 2026
    ** Copyright 1986-2022 Xilinx, Inc. All Rights Reserved.
    ** Copyright 2022-2024 Advanced Micro Devices, Inc. All Rights Reserved.

source C:/Xilinx/Vitis_HLS/2024.1/scripts/vitis_hls/hls.tcl -notrace
INFO: [HLS 200-10] For user 'langweil.m' on host 'wfxa4bb6dbb67af.nunet.neu.edu' (Windows NT_amd64 version 10.0) on Mon Feb 09 16:47:29 -0500 2026
INFO: [HLS 200-10] In directory 'F:/EECE4632/HW5/HLS/divide_by_13'
INFO: [HLS 200-2005] Using work_dir F:/EECE4632/HW5/HLS/divide_by_13/divide_by_13 
INFO: [HLS 200-1611] Setting target device to 'xczu3eg-sfvc784-2-e'
INFO: [HLS 200-1505] Using default flow_target 'vivado'
Resolution: For help on HLS 200-1505 see docs.xilinx.com/access/sources/dita/topic?Doc_Version=2024.1%20English&url=ug1448-hls-guidance&resourceid=200-1505.html
INFO: [HLS 200-1465] Applying ini 'syn.file=divide_by_13.cpp' from F:/EECE4632/HW5/HLS/divide_by_13/hls_config.cfg(7)
INFO: [HLS 200-10] Adding design file 'F:/EECE4632/HW5/HLS/divide_by_13/divide_by_13.cpp' to the project
INFO: [HLS 200-1465] Applying ini 'tb.file=divide_tb.cpp' from F:/EECE4632/HW5/HLS/divide_by_13/hls_config.cfg(9)
INFO: [HLS 200-10] Adding test bench file 'F:/EECE4632/HW5/HLS/divide_by_13/divide_tb.cpp' to the project
INFO: [HLS 200-1465] Applying ini 'syn.top=divide_by_13' from F:/EECE4632/HW5/HLS/divide_by_13/hls_config.cfg(8)
INFO: [HLS 200-1465] Applying ini 'flow_target=vivado' from F:/EECE4632/HW5/HLS/divide_by_13/hls_config.cfg(4)
INFO: [HLS 200-1505] Using flow_target 'vivado'
Resolution: For help on HLS 200-1505 see docs.xilinx.com/access/sources/dita/topic?Doc_Version=2024.1%20English&url=ug1448-hls-guidance&resourceid=200-1505.html
INFO: [HLS 200-1465] Applying ini 'part=xczu3eg-sfvc784-2-e' from F:/EECE4632/HW5/HLS/divide_by_13/hls_config.cfg(1)
INFO: [HLS 200-1465] Applying ini 'package.output.format=ip_catalog' from F:/EECE4632/HW5/HLS/divide_by_13/hls_config.cfg(5)
WARNING: [HLS 200-626] This design is unable to schedule all read ports in the first II cycle. The RTL testbench may treat the design as non-pipelined
INFO: [COSIM 212-47] Using XSIM for RTL simulation.
INFO: [COSIM 212-14] Instrumenting C test bench ...
   Build using "C:/Xilinx/Vitis_HLS/2024.1/vcxx/libexec/clang++"
   Compiling apatb_divide_by_13_util.cpp
   Compiling apatb_divide_by_13.cpp
   Compiling divide_tb.cpp_pre.cpp.tb.cpp
   Compiling divide_by_13.cpp_pre.cpp.tb.cpp
   Compiling apatb_divide_by_13_ir.ll
   Generating cosim.tv.exe
Makefile.rules:349: recipe for target 'cosim.tv.exe' failed
In file included from apatb_divide_by_13.cpp:12:
In file included from C:/Xilinx/Vitis_HLS/2024.1/include/ap_fixed.h:9:
In file included from C:/Xilinx/Vitis_HLS/2024.1/include/etc/ap_common.h:658:
In file included from C:/Xilinx/Vitis_HLS/2024.1/include/etc/ap_private.h:68:
In file included from C:/Xilinx/Vitis_HLS/2024.1/include/hls_half.h:26:
In file included from C:/Xilinx/Vitis_HLS/2024.1/include/etc/hls_half_fpo.h:19:
In file included from C:/Xilinx/Vitis_HLS/2024.1/include/hls_fpo.h:140:
In file included from C:/Xilinx/Vitis_HLS/2024.1/include/floating_point_v7_1_bitacc_cmodel.h:150:
C:/Xilinx/Vitis_HLS/2024.1/include/gmp.h:58:9: warning: '__GMP_LIBGMP_DLL' macro redefined [-Wmacro-redefined]
#define __GMP_LIBGMP_DLL  0
        ^
C:/Xilinx/Vitis_HLS/2024.1/include/floating_point_v7_1_bitacc_cmodel.h:142:9: note: previous definition is here
#define __GMP_LIBGMP_DLL 1
        ^
apatb_divide_by_13.cpp:97:14: warning: nested namespace definition is a C++17 extension; define each namespace separately [-Wc++17-extensions]
namespace hls::sim
             ^~~~~
              { namespace sim
apatb_divide_by_13.cpp:144:14: warning: nested namespace definition is a C++17 extension; define each namespace separately [-Wc++17-extensions]
namespace hls::sim
             ^~~~~
              { namespace sim
3 warnings generated.
In file included from F:/EECE4632/HW5/HLS/divide_by_13/divide_tb.cpp:18:
In file included from C:/Xilinx/Vitis_HLS/2024.1/include/ap_axi_sdata.h:15:
In file included from C:/Xilinx/Vitis_HLS/2024.1/include/ap_int.h:10:
In file included from C:/Xilinx/Vitis_HLS/2024.1/include/etc/ap_common.h:658:
In file included from C:/Xilinx/Vitis_HLS/2024.1/include/etc/ap_private.h:68:
In file included from C:/Xilinx/Vitis_HLS/2024.1/include/hls_half.h:26:
In file included from C:/Xilinx/Vitis_HLS/2024.1/include/etc/hls_half_fpo.h:19:
In file included from C:/Xilinx/Vitis_HLS/2024.1/include/hls_fpo.h:140:
In file included from C:/Xilinx/Vitis_HLS/2024.1/include/floating_point_v7_1_bitacc_cmodel.h:150:
C:/Xilinx/Vitis_HLS/2024.1/include/gmp.h:2304:345: warning: equality comparison with extraneous parentheses [-Wparentheses-equality]
  do { mp_size_t __gmp_i; mp_limb_t __gmp_x; __gmp_i = (__gmp_ysize); if (__gmp_i != 0) { if (__gmpn_add_n (__gmp_wp, __gmp_xp, __gmp_yp, __gmp_i)) { do { if (__gmp_i >= (__gmp_xsize)) { (__gmp_c) = 1; goto __gmp_done; } __gmp_x = (__gmp_xp)[__gmp_i]; } while ((((__gmp_wp)[__gmp_i++] = (__gmp_x + 1) & ((~ (static_cast<mp_limb_t> (0))) >> 0)) == 0)); } } if ((__gmp_wp) != (__gmp_xp)) do { mp_size_t __gmp_j; for (__gmp_j = (__gmp_i); __gmp_j < (__gmp_xsize); __gmp_j++) (__gmp_wp)[__gmp_j] = (__gmp_xp)[__gmp_j]; } while (0); (__gmp_c) = 0; __gmp_done: ; } while (0);
                                                                                                                                                                                                                                                                      ~~~~~~~~~~~~~~~~~~~~~~~~~~~~~~~~~~~~~~~~~~~~~~~~~~~~~~~~~~~~~~~~~~~~~~~~~~~~~~~~~~^~~~
C:/Xilinx/Vitis_HLS/2024.1/include/gmp.h:2304:345: note: remove extraneous parentheses around the comparison to silence this warning
  do { mp_size_t __gmp_i; mp_limb_t __gmp_x; __gmp_i = (__gmp_ysize); if (__gmp_i != 0) { if (__gmpn_add_n (__gmp_wp, __gmp_xp, __gmp_yp, __gmp_i)) { do { if (__gmp_i >= (__gmp_xsize)) { (__gmp_c) = 1; goto __gmp_done; } __gmp_x = (__gmp_xp)[__gmp_i]; } while ((((__gmp_wp)[__gmp_i++] = (__gmp_x + 1) & ((~ (static_cast<mp_limb_t> (0))) >> 0)) == 0)); } } if ((__gmp_wp) != (__gmp_xp)) do { mp_size_t __gmp_j; for (__gmp_j = (__gmp_i); __gmp_j < (__gmp_xsize); __gmp_j++) (__gmp_wp)[__gmp_j] = (__gmp_xp)[__gmp_j]; } while (0); (__gmp_c) = 0; __gmp_done: ; } while (0);
                                                                                                                                                                                                                                                                     ~                                                                                  ^   ~
C:/Xilinx/Vitis_HLS/2024.1/include/gmp.h:2304:345: note: use '=' to turn this equality comparison into an assignment
  do { mp_size_t __gmp_i; mp_limb_t __gmp_x; __gmp_i = (__gmp_ysize); if (__gmp_i != 0) { if (__gmpn_add_n (__gmp_wp, __gmp_xp, __gmp_yp, __gmp_i)) { do { if (__gmp_i >= (__gmp_xsize)) { (__gmp_c) = 1; goto __gmp_done; } __gmp_x = (__gmp_xp)[__gmp_i]; } while ((((__gmp_wp)[__gmp_i++] = (__gmp_x + 1) & ((~ (static_cast<mp_limb_t> (0))) >> 0)) == 0)); } } if ((__gmp_wp) != (__gmp_xp)) do { mp_size_t __gmp_j; for (__gmp_j = (__gmp_i); __gmp_j < (__gmp_xsize); __gmp_j++) (__gmp_wp)[__gmp_j] = (__gmp_xp)[__gmp_j]; } while (0); (__gmp_c) = 0; __gmp_done: ; } while (0);
                                                                                                                                                                                                                                                                                                                                                        ^~
                                                                                                                                                                                                                                                                                                                                                        =
In file included from F:/EECE4632/HW5/HLS/divide_by_13/divide_tb.cpp:18:
In file included from C:/Xilinx/Vitis_HLS/2024.1/include/ap_axi_sdata.h:15:
In file included from C:/Xilinx/Vitis_HLS/2024.1/include/ap_int.h:10:
In file included from C:/Xilinx/Vitis_HLS/2024.1/include/etc/ap_common.h:658:
In file included from C:/Xilinx/Vitis_HLS/2024.1/include/etc/ap_private.h:68:
In file included from C:/Xilinx/Vitis_HLS/2024.1/include/hls_half.h:26:
C:/Xilinx/Vitis_HLS/2024.1/include/etc/hls_half_fpo.h:375:30: warning: equality comparison with extraneous parentheses [-Wparentheses-equality]
        if (((fr)->_mpfr_exp == (0 - ((mpfr_exp_t) (((mpfr_uexp_t) -1) >> 1))))) {
             ~~~~~~~~~~~~~~~~^~~~~~~~~~~~~~~~~~~~~~~~~~~~~~~~~~~~~~~~~~~~~~~~~
C:/Xilinx/Vitis_HLS/2024.1/include/etc/hls_half_fpo.h:375:30: note: remove extraneous parentheses around the comparison to silence this warning
        if (((fr)->_mpfr_exp == (0 - ((mpfr_exp_t) (((mpfr_uexp_t) -1) >> 1))))) {
            ~                ^                                                ~
C:/Xilinx/Vitis_HLS/2024.1/include/etc/hls_half_fpo.h:375:30: note: use '=' to turn this equality comparison into an assignment
        if (((fr)->_mpfr_exp == (0 - ((mpfr_exp_t) (((mpfr_uexp_t) -1) >> 1))))) {
                             ^~
                             =
C:/Xilinx/Vitis_HLS/2024.1/include/etc/hls_half_fpo.h:377:37: warning: equality comparison with extraneous parentheses [-Wparentheses-equality]
        } else if (((fr)->_mpfr_exp == (2 - ((mpfr_exp_t) (((mpfr_uexp_t) -1) >> 1))))) {
                    ~~~~~~~~~~~~~~~~^~~~~~~~~~~~~~~~~~~~~~~~~~~~~~~~~~~~~~~~~~~~~~~~~
C:/Xilinx/Vitis_HLS/2024.1/include/etc/hls_half_fpo.h:377:37: note: remove extraneous parentheses around the comparison to silence this warning
        } else if (((fr)->_mpfr_exp == (2 - ((mpfr_exp_t) (((mpfr_uexp_t) -1) >> 1))))) {
                   ~                ^                                                ~
C:/Xilinx/Vitis_HLS/2024.1/include/etc/hls_half_fpo.h:377:37: note: use '=' to turn this equality comparison into an assignment
        } else if (((fr)->_mpfr_exp == (2 - ((mpfr_exp_t) (((mpfr_uexp_t) -1) >> 1))))) {
                                    ^~
                                    =
C:/Xilinx/Vitis_HLS/2024.1/include/etc/hls_half_fpo.h:379:37: warning: equality comparison with extraneous parentheses [-Wparentheses-equality]
        } else if (((fr)->_mpfr_exp == (1 - ((mpfr_exp_t) (((mpfr_uexp_t) -1) >> 1))))) {
                    ~~~~~~~~~~~~~~~~^~~~~~~~~~~~~~~~~~~~~~~~~~~~~~~~~~~~~~~~~~~~~~~~~
C:/Xilinx/Vitis_HLS/2024.1/include/etc/hls_half_fpo.h:379:37: note: remove extraneous parentheses around the comparison to silence this warning
        } else if (((fr)->_mpfr_exp == (1 - ((mpfr_exp_t) (((mpfr_uexp_t) -1) >> 1))))) {
                   ~                ^                                                ~
C:/Xilinx/Vitis_HLS/2024.1/include/etc/hls_half_fpo.h:379:37: note: use '=' to turn this equality comparison into an assignment
        } else if (((fr)->_mpfr_exp == (1 - ((mpfr_exp_t) (((mpfr_uexp_t) -1) >> 1))))) {
                                    ^~
                                    =
In file included from F:/EECE4632/HW5/HLS/divide_by_13/divide_tb.cpp:18:
In file included from C:/Xilinx/Vitis_HLS/2024.1/include/ap_axi_sdata.h:15:
In file included from C:/Xilinx/Vitis_HLS/2024.1/include/ap_int.h:11:
C:/Xilinx/Vitis_HLS/2024.1/include/etc/ap_int_base.h:392:22: warning: equality comparison with extraneous parentheses [-Wparentheses-equality]
    do { if ((length == 0)) { fprintf((__acrt_iob_func(2)), "WARNING: " "ap_int<> is being initialized with an empty C string, which can result in undefined behavior during simulation/synthesis"); fprintf((__acrt_iob_func(2)), "\n"); } } while (0);
              ~~~~~~~^~~~
C:/Xilinx/Vitis_HLS/2024.1/include/etc/ap_int_base.h:392:22: note: remove extraneous parentheses around the comparison to silence this warning
    do { if ((length == 0)) { fprintf((__acrt_iob_func(2)), "WARNING: " "ap_int<> is being initialized with an empty C string, which can result in undefined behavior during simulation/synthesis"); fprintf((__acrt_iob_func(2)), "\n"); } } while (0);
             ~       ^   ~
C:/Xilinx/Vitis_HLS/2024.1/include/etc/ap_int_base.h:392:22: note: use '=' to turn this equality comparison into an assignment
    do { if ((length == 0)) { fprintf((__acrt_iob_func(2)), "WARNING: " "ap_int<> is being initialized with an empty C string, which can result in undefined behavior during simulation/synthesis"); fprintf((__acrt_iob_func(2)), "\n"); } } while (0);
                     ^~
                     =
In file included from F:/EECE4632/HW5/HLS/divide_by_13/divide_tb.cpp:18:
In file included from C:/Xilinx/Vitis_HLS/2024.1/include/ap_axi_sdata.h:15:
In file included from C:/Xilinx/Vitis_HLS/2024.1/include/ap_int.h:360:
In file included from C:/Xilinx/Vitis_HLS/2024.1/include/ap_fixed.h:10:
C:/Xilinx/Vitis_HLS/2024.1/include/etc/ap_fixed_base.h:445:21: warning: equality comparison with extraneous parentheses [-Wparentheses-equality]
    do { if ((radix == 0)) { fprintf((__acrt_iob_func(2)), "ERROR: " "ap_fixed_base(const char* \"%s\", %d), str=%s, radix = %d", s, rd, str.c_str(), radix); fprintf((__acrt_iob_func(2)), "\n"); abort(); } } while (0);
              ~~~~~~^~~~
C:/Xilinx/Vitis_HLS/2024.1/include/etc/ap_fixed_base.h:445:21: note: remove extraneous parentheses around the comparison to silence this warning
    do { if ((radix == 0)) { fprintf((__acrt_iob_func(2)), "ERROR: " "ap_fixed_base(const char* \"%s\", %d), str=%s, radix = %d", s, rd, str.c_str(), radix); fprintf((__acrt_iob_func(2)), "\n"); abort(); } } while (0);
             ~      ^   ~
C:/Xilinx/Vitis_HLS/2024.1/include/etc/ap_fixed_base.h:445:21: note: use '=' to turn this equality comparison into an assignment
    do { if ((radix == 0)) { fprintf((__acrt_iob_func(2)), "ERROR: " "ap_fixed_base(const char* \"%s\", %d), str=%s, radix = %d", s, rd, str.c_str(), radix); fprintf((__acrt_iob_func(2)), "\n"); abort(); } } while (0);
                    ^~
                    =
6 warnings generated.
In file included from F:/EECE4632/HW5/HLS/divide_by_13/divide_by_13.cpp:1:
In file included from C:/Xilinx/Vitis_HLS/2024.1/include/ap_axi_sdata.h:15:
In file included from C:/Xilinx/Vitis_HLS/2024.1/include/ap_int.h:10:
In file included from C:/Xilinx/Vitis_HLS/2024.1/include/etc/ap_common.h:658:
In file included from C:/Xilinx/Vitis_HLS/2024.1/include/etc/ap_private.h:68:
In file included from C:/Xilinx/Vitis_HLS/2024.1/include/hls_half.h:26:
In file included from C:/Xilinx/Vitis_HLS/2024.1/include/etc/hls_half_fpo.h:19:
In file included from C:/Xilinx/Vitis_HLS/2024.1/include/hls_fpo.h:140:
In file included from C:/Xilinx/Vitis_HLS/2024.1/include/floating_point_v7_1_bitacc_cmodel.h:150:
C:/Xilinx/Vitis_HLS/2024.1/include/gmp.h:2304:345: warning: equality comparison with extraneous parentheses [-Wparentheses-equality]
  do { mp_size_t __gmp_i; mp_limb_t __gmp_x; __gmp_i = (__gmp_ysize); if (__gmp_i != 0) { if (__gmpn_add_n (__gmp_wp, __gmp_xp, __gmp_yp, __gmp_i)) { do { if (__gmp_i >= (__gmp_xsize)) { (__gmp_c) = 1; goto __gmp_done; } __gmp_x = (__gmp_xp)[__gmp_i]; } while ((((__gmp_wp)[__gmp_i++] = (__gmp_x + 1) & ((~ (static_cast<mp_limb_t> (0))) >> 0)) == 0)); } } if ((__gmp_wp) != (__gmp_xp)) do { mp_size_t __gmp_j; for (__gmp_j = (__gmp_i); __gmp_j < (__gmp_xsize); __gmp_j++) (__gmp_wp)[__gmp_j] = (__gmp_xp)[__gmp_j]; } while (0); (__gmp_c) = 0; __gmp_done: ; } while (0);
                                                                                                                                                                                                                                                                      ~~~~~~~~~~~~~~~~~~~~~~~~~~~~~~~~~~~~~~~~~~~~~~~~~~~~~~~~~~~~~~~~~~~~~~~~~~~~~~~~~~^~~~
C:/Xilinx/Vitis_HLS/2024.1/include/gmp.h:2304:345: note: remove extraneous parentheses around the comparison to silence this warning
  do { mp_size_t __gmp_i; mp_limb_t __gmp_x; __gmp_i = (__gmp_ysize); if (__gmp_i != 0) { if (__gmpn_add_n (__gmp_wp, __gmp_xp, __gmp_yp, __gmp_i)) { do { if (__gmp_i >= (__gmp_xsize)) { (__gmp_c) = 1; goto __gmp_done; } __gmp_x = (__gmp_xp)[__gmp_i]; } while ((((__gmp_wp)[__gmp_i++] = (__gmp_x + 1) & ((~ (static_cast<mp_limb_t> (0))) >> 0)) == 0)); } } if ((__gmp_wp) != (__gmp_xp)) do { mp_size_t __gmp_j; for (__gmp_j = (__gmp_i); __gmp_j < (__gmp_xsize); __gmp_j++) (__gmp_wp)[__gmp_j] = (__gmp_xp)[__gmp_j]; } while (0); (__gmp_c) = 0; __gmp_done: ; } while (0);
                                                                                                                                                                                                                                                                     ~                                                                                  ^   ~
C:/Xilinx/Vitis_HLS/2024.1/include/gmp.h:2304:345: note: use '=' to turn this equality comparison into an assignment
  do { mp_size_t __gmp_i; mp_limb_t __gmp_x; __gmp_i = (__gmp_ysize); if (__gmp_i != 0) { if (__gmpn_add_n (__gmp_wp, __gmp_xp, __gmp_yp, __gmp_i)) { do { if (__gmp_i >= (__gmp_xsize)) { (__gmp_c) = 1; goto __gmp_done; } __gmp_x = (__gmp_xp)[__gmp_i]; } while ((((__gmp_wp)[__gmp_i++] = (__gmp_x + 1) & ((~ (static_cast<mp_limb_t> (0))) >> 0)) == 0)); } } if ((__gmp_wp) != (__gmp_xp)) do { mp_size_t __gmp_j; for (__gmp_j = (__gmp_i); __gmp_j < (__gmp_xsize); __gmp_j++) (__gmp_wp)[__gmp_j] = (__gmp_xp)[__gmp_j]; } while (0); (__gmp_c) = 0; __gmp_done: ; } while (0);
                                                                                                                                                                                                                                                                                                                                                        ^~
                                                                                                                                                                                                                                                                                                                                                        =
In file included from F:/EECE4632/HW5/HLS/divide_by_13/divide_by_13.cpp:1:
In file included from C:/Xilinx/Vitis_HLS/2024.1/include/ap_axi_sdata.h:15:
In file included from C:/Xilinx/Vitis_HLS/2024.1/include/ap_int.h:10:
In file included from C:/Xilinx/Vitis_HLS/2024.1/include/etc/ap_common.h:658:
In file included from C:/Xilinx/Vitis_HLS/2024.1/include/etc/ap_private.h:68:
In file included from C:/Xilinx/Vitis_HLS/2024.1/include/hls_half.h:26:
C:/Xilinx/Vitis_HLS/2024.1/include/etc/hls_half_fpo.h:375:30: warning: equality comparison with extraneous parentheses [-Wparentheses-equality]
        if (((fr)->_mpfr_exp == (0 - ((mpfr_exp_t) (((mpfr_uexp_t) -1) >> 1))))) {
             ~~~~~~~~~~~~~~~~^~~~~~~~~~~~~~~~~~~~~~~~~~~~~~~~~~~~~~~~~~~~~~~~~
C:/Xilinx/Vitis_HLS/2024.1/include/etc/hls_half_fpo.h:375:30: note: remove extraneous parentheses around the comparison to silence this warning
        if (((fr)->_mpfr_exp == (0 - ((mpfr_exp_t) (((mpfr_uexp_t) -1) >> 1))))) {
            ~                ^                                                ~
C:/Xilinx/Vitis_HLS/2024.1/include/etc/hls_half_fpo.h:375:30: note: use '=' to turn this equality comparison into an assignment
        if (((fr)->_mpfr_exp == (0 - ((mpfr_exp_t) (((mpfr_uexp_t) -1) >> 1))))) {
                             ^~
                             =
C:/Xilinx/Vitis_HLS/2024.1/include/etc/hls_half_fpo.h:377:37: warning: equality comparison with extraneous parentheses [-Wparentheses-equality]
        } else if (((fr)->_mpfr_exp == (2 - ((mpfr_exp_t) (((mpfr_uexp_t) -1) >> 1))))) {
                    ~~~~~~~~~~~~~~~~^~~~~~~~~~~~~~~~~~~~~~~~~~~~~~~~~~~~~~~~~~~~~~~~~
C:/Xilinx/Vitis_HLS/2024.1/include/etc/hls_half_fpo.h:377:37: note: remove extraneous parentheses around the comparison to silence this warning
        } else if (((fr)->_mpfr_exp == (2 - ((mpfr_exp_t) (((mpfr_uexp_t) -1) >> 1))))) {
                   ~                ^                                                ~
C:/Xilinx/Vitis_HLS/2024.1/include/etc/hls_half_fpo.h:377:37: note: use '=' to turn this equality comparison into an assignment
        } else if (((fr)->_mpfr_exp == (2 - ((mpfr_exp_t) (((mpfr_uexp_t) -1) >> 1))))) {
                                    ^~
                                    =
C:/Xilinx/Vitis_HLS/2024.1/include/etc/hls_half_fpo.h:379:37: warning: equality comparison with extraneous parentheses [-Wparentheses-equality]
        } else if (((fr)->_mpfr_exp == (1 - ((mpfr_exp_t) (((mpfr_uexp_t) -1) >> 1))))) {
                    ~~~~~~~~~~~~~~~~^~~~~~~~~~~~~~~~~~~~~~~~~~~~~~~~~~~~~~~~~~~~~~~~~
C:/Xilinx/Vitis_HLS/2024.1/include/etc/hls_half_fpo.h:379:37: note: remove extraneous parentheses around the comparison to silence this warning
        } else if (((fr)->_mpfr_exp == (1 - ((mpfr_exp_t) (((mpfr_uexp_t) -1) >> 1))))) {
                   ~                ^                                                ~
C:/Xilinx/Vitis_HLS/2024.1/include/etc/hls_half_fpo.h:379:37: note: use '=' to turn this equality comparison into an assignment
        } else if (((fr)->_mpfr_exp == (1 - ((mpfr_exp_t) (((mpfr_uexp_t) -1) >> 1))))) {
                                    ^~
                                    =
In file included from F:/EECE4632/HW5/HLS/divide_by_13/divide_by_13.cpp:1:
In file included from C:/Xilinx/Vitis_HLS/2024.1/include/ap_axi_sdata.h:15:
In file included from C:/Xilinx/Vitis_HLS/2024.1/include/ap_int.h:11:
C:/Xilinx/Vitis_HLS/2024.1/include/etc/ap_int_base.h:392:22: warning: equality comparison with extraneous parentheses [-Wparentheses-equality]
    do { if ((length == 0)) { fprintf((__acrt_iob_func(2)), "WARNING: " "ap_int<> is being initialized with an empty C string, which can result in undefined behavior during simulation/synthesis"); fprintf((__acrt_iob_func(2)), "\n"); } } while (0);
              ~~~~~~~^~~~
C:/Xilinx/Vitis_HLS/2024.1/include/etc/ap_int_base.h:392:22: note: remove extraneous parentheses around the comparison to silence this warning
    do { if ((length == 0)) { fprintf((__acrt_iob_func(2)), "WARNING: " "ap_int<> is being initialized with an empty C string, which can result in undefined behavior during simulation/synthesis"); fprintf((__acrt_iob_func(2)), "\n"); } } while (0);
             ~       ^   ~
C:/Xilinx/Vitis_HLS/2024.1/include/etc/ap_int_base.h:392:22: note: use '=' to turn this equality comparison into an assignment
    do { if ((length == 0)) { fprintf((__acrt_iob_func(2)), "WARNING: " "ap_int<> is being initialized with an empty C string, which can result in undefined behavior during simulation/synthesis"); fprintf((__acrt_iob_func(2)), "\n"); } } while (0);
                     ^~
                     =
In file included from F:/EECE4632/HW5/HLS/divide_by_13/divide_by_13.cpp:1:
In file included from C:/Xilinx/Vitis_HLS/2024.1/include/ap_axi_sdata.h:15:
In file included from C:/Xilinx/Vitis_HLS/2024.1/include/ap_int.h:360:
In file included from C:/Xilinx/Vitis_HLS/2024.1/include/ap_fixed.h:10:
C:/Xilinx/Vitis_HLS/2024.1/include/etc/ap_fixed_base.h:445:21: warning: equality comparison with extraneous parentheses [-Wparentheses-equality]
    do { if ((radix == 0)) { fprintf((__acrt_iob_func(2)), "ERROR: " "ap_fixed_base(const char* \"%s\", %d), str=%s, radix = %d", s, rd, str.c_str(), radix); fprintf((__acrt_iob_func(2)), "\n"); abort(); } } while (0);
              ~~~~~~^~~~
C:/Xilinx/Vitis_HLS/2024.1/include/etc/ap_fixed_base.h:445:21: note: remove extraneous parentheses around the comparison to silence this warning
    do { if ((radix == 0)) { fprintf((__acrt_iob_func(2)), "ERROR: " "ap_fixed_base(const char* \"%s\", %d), str=%s, radix = %d", s, rd, str.c_str(), radix); fprintf((__acrt_iob_func(2)), "\n"); abort(); } } while (0);
             ~      ^   ~
C:/Xilinx/Vitis_HLS/2024.1/include/etc/ap_fixed_base.h:445:21: note: use '=' to turn this equality comparison into an assignment
    do { if ((radix == 0)) { fprintf((__acrt_iob_func(2)), "ERROR: " "ap_fixed_base(const char* \"%s\", %d), str=%s, radix = %d", s, rd, str.c_str(), radix); fprintf((__acrt_iob_func(2)), "\n"); abort(); } } while (0);
                    ^~
                    =
6 warnings generated.
e-m:e-i64:64-i128:128-i256:256-i512:512-i1024:1024-i2048:2048-i4096:4096-n8:16:32:64-S128-v16:16-v24:32-v32:32-v48:64-v96:128-v192:256-v256:256-v512:512-v1024:1024ld.lld: error: duplicate symbol: divide_by_13(hls::stream<hls::axis<ap_int<32>, 2ull, 5ull, 6ull, (unsigned char)56, false>, 0>&, hls::stream<hls::axis<ap_int<32>, 2ull, 5ull, 6ull, (unsigned char)56, false>, 0>&)
>>> defined at F:/EECE4632/HW5/HLS/divide_by_13/divide_by_13.cpp:6
>>>            obj/divide_tb.cpp_pre.cpp.tb.o
>>> defined at F:/EECE4632/HW5/HLS/divide_by_13/divide_by_13.cpp:6
>>>            obj/divide_by_13.cpp_pre.cpp.tb.o

ld.lld: error: duplicate symbol: divide_by_13_hw_stub
>>> defined at F:/EECE4632/HW5/HLS/divide_by_13/divide_by_13.cpp:27
>>>            obj/divide_tb.cpp_pre.cpp.tb.o
>>> defined at F:/EECE4632/HW5/HLS/divide_by_13/divide_by_13.cpp:27
>>>            obj/divide_by_13.cpp_pre.cpp.tb.o

ld.lld: error: duplicate symbol: apatb_divide_by_13_sw
>>> defined at F:/EECE4632/HW5/HLS/divide_by_13/divide_by_13.cpp:38
>>>            obj/divide_tb.cpp_pre.cpp.tb.o
>>> defined at F:/EECE4632/HW5/HLS/divide_by_13/divide_by_13.cpp:38
>>>            obj/divide_by_13.cpp_pre.cpp.tb.o
clang++: error: linker command failed with exit code 1 (use -v to see invocation)
make: *** [cosim.tv.exe] Error 1
ERROR: [COSIM 212-317] C++ compile error.
ERROR: [COSIM 212-321] EXE file generate failed.
ERROR: [COSIM 212-321] EXE file generate failed.
ERROR: [COSIM 212-331] Aborting co-simulation: C simulation failed, compilation errors.
ERROR: [COSIM 212-5] *** C/RTL co-simulation file generation failed. ***
ERROR: [COSIM 212-4] *** C/RTL co-simulation finished: FAIL ***
ERROR: 
INFO: [HLS 200-112] Total CPU user time: 3 seconds. Total CPU system time: 4 seconds. Total elapsed time: 38.25 seconds; peak allocated memory: 309.832 MB.
