INFO: [v++ 60-1548] Creating build summary session with primary output F:/EECE4632/HW5/HLS/divide_by_13/divide_by_13\divide_by_13.hlscompile_summary, at 02/09/26 16:39:19
INFO: [v++ 82-31] Launching vitis_hls: vitis_hls -nolog -run csynth -work_dir F:/EECE4632/HW5/HLS/divide_by_13/divide_by_13 -config F:/EECE4632/HW5/HLS/divide_by_13/hls_config.cfg -cmdlineconfig F:/EECE4632/HW5/HLS/divide_by_13/divide_by_13/hls/config.cmdline

****** Vitis HLS - High-Level Synthesis from C, C++ and OpenCL v2024.1 (64-bit)
  **** SW Build 5069499 on May 21 2024
  **** IP Build 5075265 on Wed May 22 21:45:21 MDT 2024
  **** SharedData Build 5076995 on Wed May 22 18:29:18 MDT 2024
  **** Start of session at: Mon Feb  9 16:39:21 2026
    ** Copyright 1986-2022 Xilinx, Inc. All Rights Reserved.
    ** Copyright 2022-2024 Advanced Micro Devices, Inc. All Rights Reserved.

source C:/Xilinx/Vitis_HLS/2024.1/scripts/vitis_hls/hls.tcl -notrace
INFO: [HLS 200-10] For user 'langweil.m' on host 'wfxa4bb6dbb67af.nunet.neu.edu' (Windows NT_amd64 version 10.0) on Mon Feb 09 16:39:21 -0500 2026
INFO: [HLS 200-10] In directory 'F:/EECE4632/HW5/HLS/divide_by_13'
INFO: [HLS 200-2005] Using work_dir F:/EECE4632/HW5/HLS/divide_by_13/divide_by_13 
INFO: [HLS 200-1505] Using default flow_target 'vivado'
Resolution: For help on HLS 200-1505 see docs.xilinx.com/access/sources/dita/topic?Doc_Version=2024.1%20English&url=ug1448-hls-guidance&resourceid=200-1505.html
INFO: [HLS 200-1465] Applying ini 'syn.file=divide_by_13.cpp' from F:/EECE4632/HW5/HLS/divide_by_13/hls_config.cfg(7)
INFO: [HLS 200-10] Adding design file 'F:/EECE4632/HW5/HLS/divide_by_13/divide_by_13.cpp' to the project
INFO: [HLS 200-1465] Applying ini 'tb.file=divide_tb.cpp' from F:/EECE4632/HW5/HLS/divide_by_13/hls_config.cfg(9)
INFO: [HLS 200-10] Adding test bench file 'F:/EECE4632/HW5/HLS/divide_by_13/divide_tb.cpp' to the project
INFO: [HLS 200-1465] Applying ini 'syn.top=divide_tb.cpp' from F:/EECE4632/HW5/HLS/divide_by_13/hls_config.cfg(8)
INFO: [HLS 200-1465] Applying ini 'flow_target=vivado' from F:/EECE4632/HW5/HLS/divide_by_13/hls_config.cfg(4)
INFO: [HLS 200-1505] Using flow_target 'vivado'
Resolution: For help on HLS 200-1505 see docs.xilinx.com/access/sources/dita/topic?Doc_Version=2024.1%20English&url=ug1448-hls-guidance&resourceid=200-1505.html
INFO: [HLS 200-1465] Applying ini 'part=xczu3eg-sfvc784-2-e' from F:/EECE4632/HW5/HLS/divide_by_13/hls_config.cfg(1)
INFO: [HLS 200-1611] Setting target device to 'xczu3eg-sfvc784-2-e'
INFO: [HLS 200-1465] Applying ini 'package.output.format=ip_catalog' from F:/EECE4632/HW5/HLS/divide_by_13/hls_config.cfg(5)
INFO: [HLS 200-111] Finished File checks and directory preparation: CPU user time: 2 seconds. CPU system time: 3 seconds. Elapsed time: 8.902 seconds; current allocated memory: 246.230 MB.
INFO: [HLS 200-10] Analyzing design file 'divide_by_13.cpp' ... 
WARNING: [HLS 200-1986] Could not apply TOP directive, invalid function, label, or variable (:0)
INFO: [HLS 200-111] Finished Source Code Analysis and Preprocessing: CPU user time: 0 seconds. CPU system time: 0 seconds. Elapsed time: 4.924 seconds; current allocated memory: 249.094 MB.
ERROR: [HLS 214-157] Top function not found: there is no function named 'divide_tb.cpp'
ERROR: Error in opt
INFO: [HLS 200-112] Total CPU user time: 2 seconds. Total CPU system time: 3 seconds. Total elapsed time: 16.88 seconds; peak allocated memory: 249.348 MB.
