INFO: [v++ 60-1548] Creating build summary session with primary output F:/EECE4632/Lab3/stream/stream\stream.hlscompile_summary, at 02/02/26 15:31:11
INFO: [v++ 82-31] Launching vitis_hls: vitis_hls -nolog -run csynth -work_dir F:/EECE4632/Lab3/stream/stream -config F:/EECE4632/Lab3/stream/hls_config.cfg -cmdlineconfig F:/EECE4632/Lab3/stream/stream/hls/config.cmdline

****** Vitis HLS - High-Level Synthesis from C, C++ and OpenCL v2024.1 (64-bit)
  **** SW Build 5069499 on May 21 2024
  **** IP Build 5075265 on Wed May 22 21:45:21 MDT 2024
  **** SharedData Build 5076995 on Wed May 22 18:29:18 MDT 2024
  **** Start of session at: Mon Feb  2 15:31:13 2026
    ** Copyright 1986-2022 Xilinx, Inc. All Rights Reserved.
    ** Copyright 2022-2024 Advanced Micro Devices, Inc. All Rights Reserved.

source C:/Xilinx/Vitis_HLS/2024.1/scripts/vitis_hls/hls.tcl -notrace
INFO: [HLS 200-10] For user 'langweil.m' on host 'wfxa4bb6dbb67af.nunet.neu.edu' (Windows NT_amd64 version 10.0) on Mon Feb 02 15:31:14 -0500 2026
INFO: [HLS 200-10] In directory 'F:/EECE4632/Lab3/stream'
INFO: [HLS 200-2005] Using work_dir F:/EECE4632/Lab3/stream/stream 
INFO: [HLS 200-1505] Using default flow_target 'vivado'
Resolution: For help on HLS 200-1505 see docs.xilinx.com/access/sources/dita/topic?Doc_Version=2024.1%20English&url=ug1448-hls-guidance&resourceid=200-1505.html
INFO: [HLS 200-1465] Applying ini 'syn.file=C:\Users\langweil.m\Downloads\axi_stream_tutorial\axi_stream_tutorial\example.cpp' from F:/EECE4632/Lab3/stream/hls_config.cfg(7)
INFO: [HLS 200-10] Adding design file 'C:/Users/langweil.m/Downloads/axi_stream_tutorial/axi_stream_tutorial/example.cpp' to the project
INFO: [HLS 200-1465] Applying ini 'syn.top=example' from F:/EECE4632/Lab3/stream/hls_config.cfg(8)
INFO: [HLS 200-1465] Applying ini 'flow_target=vivado' from F:/EECE4632/Lab3/stream/hls_config.cfg(4)
INFO: [HLS 200-1505] Using flow_target 'vivado'
Resolution: For help on HLS 200-1505 see docs.xilinx.com/access/sources/dita/topic?Doc_Version=2024.1%20English&url=ug1448-hls-guidance&resourceid=200-1505.html
INFO: [HLS 200-1465] Applying ini 'part=xczu3eg-sfvc784-2-e' from F:/EECE4632/Lab3/stream/hls_config.cfg(1)
INFO: [HLS 200-1611] Setting target device to 'xczu3eg-sfvc784-2-e'
INFO: [HLS 200-1465] Applying ini 'package.output.format=ip_catalog' from F:/EECE4632/Lab3/stream/hls_config.cfg(5)
INFO: [HLS 200-111] Finished File checks and directory preparation: CPU user time: 3 seconds. CPU system time: 1 seconds. Elapsed time: 4.257 seconds; current allocated memory: 245.543 MB.
INFO: [HLS 200-10] Analyzing design file 'C:/Users/langweil.m/Downloads/axi_stream_tutorial/axi_stream_tutorial/example.cpp' ... 
INFO: [HLS 200-111] Finished Source Code Analysis and Preprocessing: CPU user time: 0 seconds. CPU system time: 0 seconds. Elapsed time: 5.91 seconds; current allocated memory: 248.379 MB.
INFO: [HLS 200-777] Using interface defaults for 'Vivado' flow target.
INFO: [HLS 200-1995] There were 176 instructions in the design after the 'Compile/Link' phase of compilation. See the Design Size Report for more details: F:/EECE4632/Lab3/stream/stream/hls/syn/report/csynth_design_size.rpt
INFO: [HLS 200-1995] There were 124 instructions in the design after the 'Unroll/Inline (step 1)' phase of compilation. See the Design Size Report for more details: F:/EECE4632/Lab3/stream/stream/hls/syn/report/csynth_design_size.rpt
INFO: [HLS 200-1995] There were 108 instructions in the design after the 'Unroll/Inline (step 2)' phase of compilation. See the Design Size Report for more details: F:/EECE4632/Lab3/stream/stream/hls/syn/report/csynth_design_size.rpt
INFO: [HLS 200-1995] There were 108 instructions in the design after the 'Unroll/Inline (step 3)' phase of compilation. See the Design Size Report for more details: F:/EECE4632/Lab3/stream/stream/hls/syn/report/csynth_design_size.rpt
INFO: [HLS 200-1995] There were 108 instructions in the design after the 'Unroll/Inline (step 4)' phase of compilation. See the Design Size Report for more details: F:/EECE4632/Lab3/stream/stream/hls/syn/report/csynth_design_size.rpt
INFO: [HLS 200-1995] There were 108 instructions in the design after the 'Array/Struct (step 1)' phase of compilation. See the Design Size Report for more details: F:/EECE4632/Lab3/stream/stream/hls/syn/report/csynth_design_size.rpt
INFO: [HLS 200-1995] There were 108 instructions in the design after the 'Array/Struct (step 2)' phase of compilation. See the Design Size Report for more details: F:/EECE4632/Lab3/stream/stream/hls/syn/report/csynth_design_size.rpt
INFO: [HLS 200-1995] There were 108 instructions in the design after the 'Array/Struct (step 3)' phase of compilation. See the Design Size Report for more details: F:/EECE4632/Lab3/stream/stream/hls/syn/report/csynth_design_size.rpt
INFO: [HLS 200-1995] There were 108 instructions in the design after the 'Array/Struct (step 4)' phase of compilation. See the Design Size Report for more details: F:/EECE4632/Lab3/stream/stream/hls/syn/report/csynth_design_size.rpt
INFO: [HLS 200-1995] There were 220 instructions in the design after the 'Array/Struct (step 5)' phase of compilation. See the Design Size Report for more details: F:/EECE4632/Lab3/stream/stream/hls/syn/report/csynth_design_size.rpt
INFO: [HLS 200-1995] There were 234 instructions in the design after the 'Performance (step 1)' phase of compilation. See the Design Size Report for more details: F:/EECE4632/Lab3/stream/stream/hls/syn/report/csynth_design_size.rpt
INFO: [HLS 200-1995] There were 220 instructions in the design after the 'Performance (step 2)' phase of compilation. See the Design Size Report for more details: F:/EECE4632/Lab3/stream/stream/hls/syn/report/csynth_design_size.rpt
INFO: [HLS 200-1995] There were 122 instructions in the design after the 'Performance (step 3)' phase of compilation. See the Design Size Report for more details: F:/EECE4632/Lab3/stream/stream/hls/syn/report/csynth_design_size.rpt
INFO: [HLS 200-1995] There were 122 instructions in the design after the 'Performance (step 4)' phase of compilation. See the Design Size Report for more details: F:/EECE4632/Lab3/stream/stream/hls/syn/report/csynth_design_size.rpt
INFO: [HLS 200-1995] There were 68 instructions in the design after the 'HW Transforms (step 1)' phase of compilation. See the Design Size Report for more details: F:/EECE4632/Lab3/stream/stream/hls/syn/report/csynth_design_size.rpt
INFO: [HLS 200-1995] There were 57 instructions in the design after the 'HW Transforms (step 2)' phase of compilation. See the Design Size Report for more details: F:/EECE4632/Lab3/stream/stream/hls/syn/report/csynth_design_size.rpt
INFO: [HLS 214-376] automatically set the pipeline for Loop< VITIS_LOOP_13_1> at C:/Users/langweil.m/Downloads/axi_stream_tutorial/axi_stream_tutorial/example.cpp:13:22 
INFO: [HLS 200-111] Finished Compiling Optimization and Transform: CPU user time: 0 seconds. CPU system time: 1 seconds. Elapsed time: 14.405 seconds; current allocated memory: 250.242 MB.
INFO: [HLS 200-111] Finished Checking Pragmas: CPU user time: 0 seconds. CPU system time: 0 seconds. Elapsed time: 0.01 seconds; current allocated memory: 250.254 MB.
INFO: [HLS 200-10] Starting code transformations ...
INFO: [HLS 200-111] Finished Standard Transforms: CPU user time: 0 seconds. CPU system time: 0 seconds. Elapsed time: 0.312 seconds; current allocated memory: 254.270 MB.
INFO: [HLS 200-10] Checking synthesizability ...
INFO: [HLS 200-111] Finished Checking Synthesizability: CPU user time: 0 seconds. CPU system time: 0 seconds. Elapsed time: 0.146 seconds; current allocated memory: 255.875 MB.
INFO: [HLS 200-111] Finished Loop, function and other optimizations: CPU user time: 0 seconds. CPU system time: 0 seconds. Elapsed time: 0.188 seconds; current allocated memory: 277.109 MB.
INFO: [HLS 200-111] Finished Architecture Synthesis: CPU user time: 0 seconds. CPU system time: 0 seconds. Elapsed time: 0.159 seconds; current allocated memory: 277.117 MB.
INFO: [HLS 200-10] Starting hardware synthesis ...
INFO: [HLS 200-10] Synthesizing 'example' ...
INFO: [SYN 201-201] Setting up clock 'default' with a period of 10ns.
INFO: [HLS 200-10] ----------------------------------------------------------------
INFO: [HLS 200-42] -- Implementing module 'example' 
INFO: [HLS 200-10] ----------------------------------------------------------------
INFO: [SCHED 204-11] Starting scheduling ...
INFO: [SCHED 204-61] Pipelining loop 'VITIS_LOOP_13_1'.
INFO: [HLS 200-1470] Pipelining result : Target II = NA, Final II = 1, Depth = 2, loop 'VITIS_LOOP_13_1'
INFO: [SCHED 204-11] Finished scheduling.
INFO: [HLS 200-111] Finished Scheduling: CPU user time: 0 seconds. CPU system time: 0 seconds. Elapsed time: 1.803 seconds; current allocated memory: 277.117 MB.
INFO: [BIND 205-100] Starting micro-architecture generation ...
INFO: [BIND 205-101] Performing variable lifetime analysis.
INFO: [BIND 205-101] Exploring resource sharing.
INFO: [BIND 205-101] Binding ...
INFO: [BIND 205-100] Finished micro-architecture generation.
INFO: [HLS 200-111] Finished Binding: CPU user time: 0 seconds. CPU system time: 0 seconds. Elapsed time: 0.541 seconds; current allocated memory: 277.117 MB.
INFO: [HLS 200-10] ----------------------------------------------------------------
INFO: [HLS 200-10] -- Generating RTL for module 'example' 
INFO: [HLS 200-10] ----------------------------------------------------------------
WARNING: [RTGEN 206-101] Design contains AXI ports. Reset is fixed to synchronous and active low.
INFO: [RTGEN 206-500] Setting interface mode on port 'example/A_V_data_V' to 'axis' (register, both mode).
INFO: [RTGEN 206-500] Setting interface mode on port 'example/A_V_keep_V' to 'axis' (register, both mode).
INFO: [RTGEN 206-500] Setting interface mode on port 'example/A_V_strb_V' to 'axis' (register, both mode).
INFO: [RTGEN 206-500] Setting interface mode on port 'example/A_V_user_V' to 'axis' (register, both mode).
INFO: [RTGEN 206-500] Setting interface mode on port 'example/A_V_last_V' to 'axis' (register, both mode).
INFO: [RTGEN 206-500] Setting interface mode on port 'example/A_V_id_V' to 'axis' (register, both mode).
INFO: [RTGEN 206-500] Setting interface mode on port 'example/A_V_dest_V' to 'axis' (register, both mode).
INFO: [RTGEN 206-500] Setting interface mode on port 'example/B_V_data_V' to 'axis' (register, both mode).
INFO: [RTGEN 206-500] Setting interface mode on port 'example/B_V_keep_V' to 'axis' (register, both mode).
INFO: [RTGEN 206-500] Setting interface mode on port 'example/B_V_strb_V' to 'axis' (register, both mode).
INFO: [RTGEN 206-500] Setting interface mode on port 'example/B_V_user_V' to 'axis' (register, both mode).
INFO: [RTGEN 206-500] Setting interface mode on port 'example/B_V_last_V' to 'axis' (register, both mode).
INFO: [RTGEN 206-500] Setting interface mode on port 'example/B_V_id_V' to 'axis' (register, both mode).
INFO: [RTGEN 206-500] Setting interface mode on port 'example/B_V_dest_V' to 'axis' (register, both mode).
INFO: [RTGEN 206-500] Setting interface mode on function 'example' to 's_axilite & ap_ctrl_hs'.
INFO: [HLS 200-1030] Apply Unified Pipeline Control on module 'example' pipeline 'VITIS_LOOP_13_1' pipeline type 'loop pipeline'
INFO: [RTGEN 206-100] Bundling port 'return' to AXI-Lite port control.
INFO: [RTGEN 206-100] Finished creating RTL model for 'example'.
INFO: [HLS 200-111] Finished Creating RTL model: CPU user time: 0 seconds. CPU system time: 1 seconds. Elapsed time: 2.6 seconds; current allocated memory: 278.258 MB.
INFO: [HLS 200-111] Finished Generating all RTL models: CPU user time: 0 seconds. CPU system time: 1 seconds. Elapsed time: 4.679 seconds; current allocated memory: 281.836 MB.
INFO: [HLS 200-111] Finished Updating report files: CPU user time: 0 seconds. CPU system time: 3 seconds. Elapsed time: 4.019 seconds; current allocated memory: 285.000 MB.
INFO: [VHDL 208-304] Generating VHDL RTL for example.
INFO: [VLOG 209-307] Generating Verilog RTL for example.
INFO: [HLS 200-790] **** Loop Constraint Status: All loop constraints were satisfied.
INFO: [HLS 200-789] **** Estimated Fmax: 628.14 MHz
INFO: [HLS 200-112] Total CPU user time: 3 seconds. Total CPU system time: 7 seconds. Total elapsed time: 40.742 seconds; peak allocated memory: 285.055 MB.
INFO: [v++ 60-791] Total elapsed time: 0h 0m 45s
