
*** Running vivado
    with args -log divisible_wrapper.vds -m64 -product Vivado -mode batch -messageDb vivado.pb -notrace -source divisible_wrapper.tcl



****** Vivado v2024.1 (64-bit)
  **** SW Build 5076996 on Wed May 22 18:37:14 MDT 2024
  **** IP Build 5075265 on Wed May 22 21:45:21 MDT 2024
  **** SharedData Build 5076995 on Wed May 22 18:29:18 MDT 2024
  **** Start of session at: Wed Jan 28 15:39:49 2026
    ** Copyright 1986-2022 Xilinx, Inc. All Rights Reserved.
    ** Copyright 2022-2024 Advanced Micro Devices, Inc. All Rights Reserved.

source divisible_wrapper.tcl -notrace
create_project: Time (s): cpu = 00:00:07 ; elapsed = 00:00:08 . Memory (MB): peak = 647.898 ; gain = 203.453
INFO: [IP_Flow 19-234] Refreshing IP repositories
INFO: [IP_Flow 19-1700] Loaded user IP repository 'f:/HW3/HLS/divisible'.
INFO: [IP_Flow 19-2313] Loaded Vivado IP repository 'C:/Xilinx/Vivado/2024.1/data/ip'.
Command: read_checkpoint -auto_incremental -incremental F:/HW3/Vivado/divisible/divisible.srcs/utils_1/imports/synth_1/divisible_wrapper.dcp
INFO: [Vivado 12-5825] Read reference checkpoint from F:/HW3/Vivado/divisible/divisible.srcs/utils_1/imports/synth_1/divisible_wrapper.dcp for incremental synthesis
INFO: [Vivado 12-7989] Please ensure there are no constraint changes
Command: synth_design -top divisible_wrapper -part xczu3eg-sfvc784-2-e
Starting synth_design
Attempting to get a license for feature 'Synthesis' and/or device 'xczu3eg'
INFO: [Common 17-349] Got license for feature 'Synthesis' and/or device 'xczu3eg'
INFO: [Device 21-403] Loading part xczu3eg-sfvc784-2-e
INFO: [Designutils 20-5440] No compile time benefit to using incremental synthesis; A full resynthesis will be run
INFO: [Designutils 20-4379] Flow is switching to default flow due to incremental criteria not met. If you would like to alter this behaviour and have the flow terminate instead, please set the following parameter config_implementation {autoIncr.Synth.RejectBehavior Terminate}
INFO: [Synth 8-7079] Multithreading enabled for synth_design using a maximum of 2 processes.
INFO: [Synth 8-7078] Launching helper process for spawning children vivado processes
INFO: [Synth 8-7075] Helper process launched with PID 8400
---------------------------------------------------------------------------------
Starting RTL Elaboration : Time (s): cpu = 00:00:04 ; elapsed = 00:00:05 . Memory (MB): peak = 2010.082 ; gain = 395.781
---------------------------------------------------------------------------------
INFO: [Synth 8-6157] synthesizing module 'divisible_wrapper' [F:/HW3/Vivado/divisible/divisible.gen/sources_1/bd/divisible/hdl/divisible_wrapper.v:13]
INFO: [Synth 8-6157] synthesizing module 'divisible' [f:/HW3/Vivado/divisible/divisible.gen/sources_1/bd/divisible/synth/divisible.v:13]
INFO: [Synth 8-6157] synthesizing module 'divisible_divisible_0_1' [F:/HW3/Vivado/divisible/divisible.runs/synth_1/.Xil/Vivado-11352-WFXA4BB6DBB67AF/realtime/divisible_divisible_0_1_stub.v:6]
INFO: [Synth 8-6155] done synthesizing module 'divisible_divisible_0_1' (0#1) [F:/HW3/Vivado/divisible/divisible.runs/synth_1/.Xil/Vivado-11352-WFXA4BB6DBB67AF/realtime/divisible_divisible_0_1_stub.v:6]
INFO: [Synth 8-6157] synthesizing module 'divisible_proc_sys_reset_0_0' [F:/HW3/Vivado/divisible/divisible.runs/synth_1/.Xil/Vivado-11352-WFXA4BB6DBB67AF/realtime/divisible_proc_sys_reset_0_0_stub.v:6]
INFO: [Synth 8-6155] done synthesizing module 'divisible_proc_sys_reset_0_0' (0#1) [F:/HW3/Vivado/divisible/divisible.runs/synth_1/.Xil/Vivado-11352-WFXA4BB6DBB67AF/realtime/divisible_proc_sys_reset_0_0_stub.v:6]
WARNING: [Synth 8-7071] port 'mb_reset' of module 'divisible_proc_sys_reset_0_0' is unconnected for instance 'proc_sys_reset_0' [f:/HW3/Vivado/divisible/divisible.gen/sources_1/bd/divisible/synth/divisible.v:95]
WARNING: [Synth 8-7071] port 'bus_struct_reset' of module 'divisible_proc_sys_reset_0_0' is unconnected for instance 'proc_sys_reset_0' [f:/HW3/Vivado/divisible/divisible.gen/sources_1/bd/divisible/synth/divisible.v:95]
WARNING: [Synth 8-7071] port 'peripheral_reset' of module 'divisible_proc_sys_reset_0_0' is unconnected for instance 'proc_sys_reset_0' [f:/HW3/Vivado/divisible/divisible.gen/sources_1/bd/divisible/synth/divisible.v:95]
WARNING: [Synth 8-7071] port 'interconnect_aresetn' of module 'divisible_proc_sys_reset_0_0' is unconnected for instance 'proc_sys_reset_0' [f:/HW3/Vivado/divisible/divisible.gen/sources_1/bd/divisible/synth/divisible.v:95]
WARNING: [Synth 8-7023] instance 'proc_sys_reset_0' of module 'divisible_proc_sys_reset_0_0' has 10 connections declared, but only 6 given [f:/HW3/Vivado/divisible/divisible.gen/sources_1/bd/divisible/synth/divisible.v:95]
INFO: [Synth 8-6157] synthesizing module 'divisible_ps8_0_axi_periph_0' [f:/HW3/Vivado/divisible/divisible.gen/sources_1/bd/divisible/synth/divisible.v:206]
INFO: [Synth 8-6157] synthesizing module 's00_couplers_imp_4IE3XB' [f:/HW3/Vivado/divisible/divisible.gen/sources_1/bd/divisible/synth/divisible.v:506]
INFO: [Synth 8-6157] synthesizing module 'divisible_auto_pc_0' [F:/HW3/Vivado/divisible/divisible.runs/synth_1/.Xil/Vivado-11352-WFXA4BB6DBB67AF/realtime/divisible_auto_pc_0_stub.v:6]
INFO: [Synth 8-6155] done synthesizing module 'divisible_auto_pc_0' (0#1) [F:/HW3/Vivado/divisible/divisible.runs/synth_1/.Xil/Vivado-11352-WFXA4BB6DBB67AF/realtime/divisible_auto_pc_0_stub.v:6]
WARNING: [Synth 8-7071] port 'm_axi_awprot' of module 'divisible_auto_pc_0' is unconnected for instance 'auto_pc' [f:/HW3/Vivado/divisible/divisible.gen/sources_1/bd/divisible/synth/divisible.v:737]
WARNING: [Synth 8-7071] port 'm_axi_arprot' of module 'divisible_auto_pc_0' is unconnected for instance 'auto_pc' [f:/HW3/Vivado/divisible/divisible.gen/sources_1/bd/divisible/synth/divisible.v:737]
WARNING: [Synth 8-7023] instance 'auto_pc' of module 'divisible_auto_pc_0' has 60 connections declared, but only 58 given [f:/HW3/Vivado/divisible/divisible.gen/sources_1/bd/divisible/synth/divisible.v:737]
INFO: [Synth 8-6155] done synthesizing module 's00_couplers_imp_4IE3XB' (0#1) [f:/HW3/Vivado/divisible/divisible.gen/sources_1/bd/divisible/synth/divisible.v:506]
INFO: [Synth 8-6155] done synthesizing module 'divisible_ps8_0_axi_periph_0' (0#1) [f:/HW3/Vivado/divisible/divisible.gen/sources_1/bd/divisible/synth/divisible.v:206]
INFO: [Synth 8-6157] synthesizing module 'divisible_zynq_ultra_ps_e_0_0' [F:/HW3/Vivado/divisible/divisible.runs/synth_1/.Xil/Vivado-11352-WFXA4BB6DBB67AF/realtime/divisible_zynq_ultra_ps_e_0_0_stub.v:6]
INFO: [Synth 8-6155] done synthesizing module 'divisible_zynq_ultra_ps_e_0_0' (0#1) [F:/HW3/Vivado/divisible/divisible.runs/synth_1/.Xil/Vivado-11352-WFXA4BB6DBB67AF/realtime/divisible_zynq_ultra_ps_e_0_0_stub.v:6]
WARNING: [Synth 8-7071] port 'maxigp2_awuser' of module 'divisible_zynq_ultra_ps_e_0_0' is unconnected for instance 'zynq_ultra_ps_e_0' [f:/HW3/Vivado/divisible/divisible.gen/sources_1/bd/divisible/synth/divisible.v:163]
WARNING: [Synth 8-7071] port 'maxigp2_aruser' of module 'divisible_zynq_ultra_ps_e_0_0' is unconnected for instance 'zynq_ultra_ps_e_0' [f:/HW3/Vivado/divisible/divisible.gen/sources_1/bd/divisible/synth/divisible.v:163]
WARNING: [Synth 8-7023] instance 'zynq_ultra_ps_e_0' of module 'divisible_zynq_ultra_ps_e_0_0' has 42 connections declared, but only 40 given [f:/HW3/Vivado/divisible/divisible.gen/sources_1/bd/divisible/synth/divisible.v:163]
INFO: [Synth 8-6155] done synthesizing module 'divisible' (0#1) [f:/HW3/Vivado/divisible/divisible.gen/sources_1/bd/divisible/synth/divisible.v:13]
INFO: [Synth 8-6155] done synthesizing module 'divisible_wrapper' (0#1) [F:/HW3/Vivado/divisible/divisible.gen/sources_1/bd/divisible/hdl/divisible_wrapper.v:13]
WARNING: [Synth 8-7129] Port M_ACLK in module s00_couplers_imp_4IE3XB is either unconnected or has no load
WARNING: [Synth 8-7129] Port M_ARESETN in module s00_couplers_imp_4IE3XB is either unconnected or has no load
WARNING: [Synth 8-7129] Port ACLK in module divisible_ps8_0_axi_periph_0 is either unconnected or has no load
WARNING: [Synth 8-7129] Port ARESETN in module divisible_ps8_0_axi_periph_0 is either unconnected or has no load
---------------------------------------------------------------------------------
Finished RTL Elaboration : Time (s): cpu = 00:00:06 ; elapsed = 00:00:10 . Memory (MB): peak = 2124.027 ; gain = 509.727
---------------------------------------------------------------------------------
---------------------------------------------------------------------------------
Start Handling Custom Attributes
---------------------------------------------------------------------------------
---------------------------------------------------------------------------------
Finished Handling Custom Attributes : Time (s): cpu = 00:00:06 ; elapsed = 00:00:10 . Memory (MB): peak = 2124.027 ; gain = 509.727
---------------------------------------------------------------------------------
---------------------------------------------------------------------------------
Finished RTL Optimization Phase 1 : Time (s): cpu = 00:00:06 ; elapsed = 00:00:10 . Memory (MB): peak = 2124.027 ; gain = 509.727
---------------------------------------------------------------------------------
Netlist sorting complete. Time (s): cpu = 00:00:00 ; elapsed = 00:00:00.006 . Memory (MB): peak = 2124.027 ; gain = 0.000
INFO: [Project 1-570] Preparing netlist for logic optimization

Processing XDC Constraints
Initializing timing engine
Parsing XDC File [f:/HW3/Vivado/divisible/divisible.gen/sources_1/bd/divisible/ip/divisible_proc_sys_reset_0_0/divisible_proc_sys_reset_0_0/divisible_proc_sys_reset_0_0_in_context.xdc] for cell 'divisible_i/proc_sys_reset_0'
Finished Parsing XDC File [f:/HW3/Vivado/divisible/divisible.gen/sources_1/bd/divisible/ip/divisible_proc_sys_reset_0_0/divisible_proc_sys_reset_0_0/divisible_proc_sys_reset_0_0_in_context.xdc] for cell 'divisible_i/proc_sys_reset_0'
Parsing XDC File [f:/HW3/Vivado/divisible/divisible.gen/sources_1/bd/divisible/ip/divisible_zynq_ultra_ps_e_0_0/divisible_zynq_ultra_ps_e_0_0/divisible_zynq_ultra_ps_e_0_0_in_context.xdc] for cell 'divisible_i/zynq_ultra_ps_e_0'
Finished Parsing XDC File [f:/HW3/Vivado/divisible/divisible.gen/sources_1/bd/divisible/ip/divisible_zynq_ultra_ps_e_0_0/divisible_zynq_ultra_ps_e_0_0/divisible_zynq_ultra_ps_e_0_0_in_context.xdc] for cell 'divisible_i/zynq_ultra_ps_e_0'
Parsing XDC File [f:/HW3/Vivado/divisible/divisible.gen/sources_1/bd/divisible/ip/divisible_auto_pc_0/divisible_auto_pc_0/divisible_auto_pc_0_in_context.xdc] for cell 'divisible_i/ps8_0_axi_periph/s00_couplers/auto_pc'
Finished Parsing XDC File [f:/HW3/Vivado/divisible/divisible.gen/sources_1/bd/divisible/ip/divisible_auto_pc_0/divisible_auto_pc_0/divisible_auto_pc_0_in_context.xdc] for cell 'divisible_i/ps8_0_axi_periph/s00_couplers/auto_pc'
Parsing XDC File [f:/HW3/Vivado/divisible/divisible.gen/sources_1/bd/divisible/ip/divisible_divisible_0_1/divisible_divisible_0_1/divisible_divisible_0_1_in_context.xdc] for cell 'divisible_i/divisible'
Finished Parsing XDC File [f:/HW3/Vivado/divisible/divisible.gen/sources_1/bd/divisible/ip/divisible_divisible_0_1/divisible_divisible_0_1/divisible_divisible_0_1_in_context.xdc] for cell 'divisible_i/divisible'
Parsing XDC File [F:/HW3/Vivado/divisible/divisible.runs/synth_1/dont_touch.xdc]
Finished Parsing XDC File [F:/HW3/Vivado/divisible/divisible.runs/synth_1/dont_touch.xdc]
Completed Processing XDC Constraints

Netlist sorting complete. Time (s): cpu = 00:00:00 ; elapsed = 00:00:00 . Memory (MB): peak = 2130.441 ; gain = 0.000
INFO: [Project 1-111] Unisim Transformation Summary:
No Unisim elements were transformed.

Constraint Validation Runtime : Time (s): cpu = 00:00:00 ; elapsed = 00:00:00.047 . Memory (MB): peak = 2130.441 ; gain = 0.000
INFO: [Designutils 20-5440] No compile time benefit to using incremental synthesis; A full resynthesis will be run
INFO: [Designutils 20-4379] Flow is switching to default flow due to incremental criteria not met. If you would like to alter this behaviour and have the flow terminate instead, please set the following parameter config_implementation {autoIncr.Synth.RejectBehavior Terminate}
---------------------------------------------------------------------------------
Finished Constraint Validation : Time (s): cpu = 00:00:17 ; elapsed = 00:00:24 . Memory (MB): peak = 2130.441 ; gain = 516.141
---------------------------------------------------------------------------------
---------------------------------------------------------------------------------
Start Loading Part and Timing Information
---------------------------------------------------------------------------------
Loading part: xczu3eg-sfvc784-2-e
INFO: [Synth 8-6742] Reading net delay rules and data
---------------------------------------------------------------------------------
Finished Loading Part and Timing Information : Time (s): cpu = 00:00:17 ; elapsed = 00:00:24 . Memory (MB): peak = 2130.441 ; gain = 516.141
---------------------------------------------------------------------------------
---------------------------------------------------------------------------------
Start Applying 'set_property' XDC Constraints
---------------------------------------------------------------------------------
Applied set_property KEEP_HIERARCHY = SOFT for divisible_i. (constraint file  auto generated constraint).
Applied set_property KEEP_HIERARCHY = SOFT for divisible_i/proc_sys_reset_0. (constraint file  auto generated constraint).
Applied set_property KEEP_HIERARCHY = SOFT for divisible_i/zynq_ultra_ps_e_0. (constraint file  auto generated constraint).
Applied set_property KEEP_HIERARCHY = SOFT for divisible_i/ps8_0_axi_periph/s00_couplers/auto_pc. (constraint file  auto generated constraint).
Applied set_property KEEP_HIERARCHY = SOFT for divisible_i/ps8_0_axi_periph. (constraint file  auto generated constraint).
Applied set_property KEEP_HIERARCHY = SOFT for divisible_i/divisible. (constraint file  auto generated constraint).
---------------------------------------------------------------------------------
Finished applying 'set_property' XDC Constraints : Time (s): cpu = 00:00:17 ; elapsed = 00:00:24 . Memory (MB): peak = 2130.441 ; gain = 516.141
---------------------------------------------------------------------------------
---------------------------------------------------------------------------------
Finished RTL Optimization Phase 2 : Time (s): cpu = 00:00:17 ; elapsed = 00:00:27 . Memory (MB): peak = 2130.441 ; gain = 516.141
---------------------------------------------------------------------------------
---------------------------------------------------------------------------------
Start RTL Component Statistics 
---------------------------------------------------------------------------------
Detailed RTL Component Info : 
---------------------------------------------------------------------------------
Finished RTL Component Statistics 
---------------------------------------------------------------------------------
---------------------------------------------------------------------------------
Start Part Resource Summary
---------------------------------------------------------------------------------
Part Resources:
DSPs: 360 (col length:72)
BRAMs: 432 (col length: RAMB18 72 RAMB36 36)
---------------------------------------------------------------------------------
Finished Part Resource Summary
---------------------------------------------------------------------------------
---------------------------------------------------------------------------------
Start Cross Boundary and Area Optimization
---------------------------------------------------------------------------------
WARNING: [Synth 8-7080] Parallel synthesis criteria is not met
WARNING: [Synth 8-7129] Port ACLK in module divisible_ps8_0_axi_periph_0 is either unconnected or has no load
WARNING: [Synth 8-7129] Port ARESETN in module divisible_ps8_0_axi_periph_0 is either unconnected or has no load
WARNING: [Synth 8-7129] Port M00_ACLK in module divisible_ps8_0_axi_periph_0 is either unconnected or has no load
WARNING: [Synth 8-7129] Port M00_ARESETN in module divisible_ps8_0_axi_periph_0 is either unconnected or has no load
---------------------------------------------------------------------------------
Finished Cross Boundary and Area Optimization : Time (s): cpu = 00:00:19 ; elapsed = 00:00:35 . Memory (MB): peak = 2130.441 ; gain = 516.141
---------------------------------------------------------------------------------
---------------------------------------------------------------------------------
Start Applying XDC Timing Constraints
---------------------------------------------------------------------------------
---------------------------------------------------------------------------------
Finished Applying XDC Timing Constraints : Time (s): cpu = 00:00:29 ; elapsed = 00:00:46 . Memory (MB): peak = 2603.277 ; gain = 988.977
---------------------------------------------------------------------------------
---------------------------------------------------------------------------------
Start Timing Optimization
---------------------------------------------------------------------------------
---------------------------------------------------------------------------------
Finished Timing Optimization : Time (s): cpu = 00:00:29 ; elapsed = 00:00:46 . Memory (MB): peak = 2603.277 ; gain = 988.977
---------------------------------------------------------------------------------
---------------------------------------------------------------------------------
Start Technology Mapping
---------------------------------------------------------------------------------
---------------------------------------------------------------------------------
Finished Technology Mapping : Time (s): cpu = 00:00:29 ; elapsed = 00:00:46 . Memory (MB): peak = 2613.340 ; gain = 999.039
---------------------------------------------------------------------------------
---------------------------------------------------------------------------------
Start IO Insertion
---------------------------------------------------------------------------------
---------------------------------------------------------------------------------
Start Flattening Before IO Insertion
---------------------------------------------------------------------------------
---------------------------------------------------------------------------------
Finished Flattening Before IO Insertion
---------------------------------------------------------------------------------
---------------------------------------------------------------------------------
Start Final Netlist Cleanup
---------------------------------------------------------------------------------
---------------------------------------------------------------------------------
Finished Final Netlist Cleanup
---------------------------------------------------------------------------------
---------------------------------------------------------------------------------
Finished IO Insertion : Time (s): cpu = 00:00:33 ; elapsed = 00:00:50 . Memory (MB): peak = 2628.129 ; gain = 1013.828
---------------------------------------------------------------------------------
---------------------------------------------------------------------------------
Start Renaming Generated Instances
---------------------------------------------------------------------------------
---------------------------------------------------------------------------------
Finished Renaming Generated Instances : Time (s): cpu = 00:00:33 ; elapsed = 00:00:50 . Memory (MB): peak = 2628.129 ; gain = 1013.828
---------------------------------------------------------------------------------
---------------------------------------------------------------------------------
Start Rebuilding User Hierarchy
---------------------------------------------------------------------------------
---------------------------------------------------------------------------------
Finished Rebuilding User Hierarchy : Time (s): cpu = 00:00:33 ; elapsed = 00:00:50 . Memory (MB): peak = 2628.129 ; gain = 1013.828
---------------------------------------------------------------------------------
---------------------------------------------------------------------------------
Start Renaming Generated Ports
---------------------------------------------------------------------------------
---------------------------------------------------------------------------------
Finished Renaming Generated Ports : Time (s): cpu = 00:00:33 ; elapsed = 00:00:50 . Memory (MB): peak = 2628.129 ; gain = 1013.828
---------------------------------------------------------------------------------
---------------------------------------------------------------------------------
Start Handling Custom Attributes
---------------------------------------------------------------------------------
---------------------------------------------------------------------------------
Finished Handling Custom Attributes : Time (s): cpu = 00:00:33 ; elapsed = 00:00:50 . Memory (MB): peak = 2628.129 ; gain = 1013.828
---------------------------------------------------------------------------------
---------------------------------------------------------------------------------
Start Renaming Generated Nets
---------------------------------------------------------------------------------
---------------------------------------------------------------------------------
Finished Renaming Generated Nets : Time (s): cpu = 00:00:33 ; elapsed = 00:00:50 . Memory (MB): peak = 2628.129 ; gain = 1013.828
---------------------------------------------------------------------------------
---------------------------------------------------------------------------------
Start Writing Synthesis Report
---------------------------------------------------------------------------------

Report BlackBoxes: 
+------+------------------------------+----------+
|      |BlackBox name                 |Instances |
+------+------------------------------+----------+
|1     |divisible_divisible_0_1       |         1|
|2     |divisible_proc_sys_reset_0_0  |         1|
|3     |divisible_auto_pc_0           |         1|
|4     |divisible_zynq_ultra_ps_e_0_0 |         1|
+------+------------------------------+----------+

Report Cell Usage: 
+------+----------------------------+------+
|      |Cell                        |Count |
+------+----------------------------+------+
|1     |divisible_auto_pc           |     1|
|2     |divisible_divisible_0       |     1|
|3     |divisible_proc_sys_reset_0  |     1|
|4     |divisible_zynq_ultra_ps_e_0 |     1|
+------+----------------------------+------+
---------------------------------------------------------------------------------
Finished Writing Synthesis Report : Time (s): cpu = 00:00:33 ; elapsed = 00:00:50 . Memory (MB): peak = 2628.129 ; gain = 1013.828
---------------------------------------------------------------------------------
Synthesis finished with 0 errors, 0 critical warnings and 5 warnings.
Synthesis Optimization Runtime : Time (s): cpu = 00:00:22 ; elapsed = 00:00:44 . Memory (MB): peak = 2628.129 ; gain = 1007.414
Synthesis Optimization Complete : Time (s): cpu = 00:00:34 ; elapsed = 00:00:51 . Memory (MB): peak = 2628.129 ; gain = 1013.828
INFO: [Project 1-571] Translating synthesized netlist
Netlist sorting complete. Time (s): cpu = 00:00:00 ; elapsed = 00:00:00.005 . Memory (MB): peak = 2628.129 ; gain = 0.000
INFO: [Project 1-570] Preparing netlist for logic optimization
INFO: [Opt 31-138] Pushed 0 inverter(s) to 0 load pin(s).
Netlist sorting complete. Time (s): cpu = 00:00:00 ; elapsed = 00:00:00.001 . Memory (MB): peak = 2628.129 ; gain = 0.000
INFO: [Project 1-111] Unisim Transformation Summary:
No Unisim elements were transformed.

Synth Design complete | Checksum: d0833da8
INFO: [Common 17-83] Releasing license: Synthesis
38 Infos, 20 Warnings, 0 Critical Warnings and 0 Errors encountered.
synth_design completed successfully
synth_design: Time (s): cpu = 00:00:41 ; elapsed = 00:01:00 . Memory (MB): peak = 2628.129 ; gain = 1927.758
INFO: [Common 17-1381] The checkpoint 'F:/HW3/Vivado/divisible/divisible.runs/synth_1/divisible_wrapper.dcp' has been generated.
INFO: [Vivado 12-24828] Executing command : report_utilization -file divisible_wrapper_utilization_synth.rpt -pb divisible_wrapper_utilization_synth.pb
INFO: [Common 17-206] Exiting Vivado at Wed Jan 28 15:41:08 2026...
