INFO: [v++ 60-1548] Creating build summary session with primary output F:/HW3/HLS/divisible/divisible\divisible.hlscompile_summary, at 01/28/26 15:31:02
INFO: [v++ 82-31] Launching vitis_hls: vitis_hls -nolog -run csynth -work_dir F:/HW3/HLS/divisible/divisible -config F:/HW3/HLS/divisible/hls_config.cfg -cmdlineconfig F:/HW3/HLS/divisible/divisible/hls/config.cmdline

****** Vitis HLS - High-Level Synthesis from C, C++ and OpenCL v2024.1 (64-bit)
  **** SW Build 5069499 on May 21 2024
  **** IP Build 5075265 on Wed May 22 21:45:21 MDT 2024
  **** SharedData Build 5076995 on Wed May 22 18:29:18 MDT 2024
  **** Start of session at: Wed Jan 28 15:31:04 2026
    ** Copyright 1986-2022 Xilinx, Inc. All Rights Reserved.
    ** Copyright 2022-2024 Advanced Micro Devices, Inc. All Rights Reserved.

source C:/Xilinx/Vitis_HLS/2024.1/scripts/vitis_hls/hls.tcl -notrace
INFO: [HLS 200-10] For user 'langweil.m' on host 'wfxa4bb6dbb67af.nunet.neu.edu' (Windows NT_amd64 version 10.0) on Wed Jan 28 15:31:07 -0500 2026
INFO: [HLS 200-10] In directory 'F:/HW3/HLS/divisible'
INFO: [HLS 200-2005] Using work_dir F:/HW3/HLS/divisible/divisible 
INFO: [HLS 200-1505] Using default flow_target 'vivado'
Resolution: For help on HLS 200-1505 see docs.xilinx.com/access/sources/dita/topic?Doc_Version=2024.1%20English&url=ug1448-hls-guidance&resourceid=200-1505.html
INFO: [HLS 200-1465] Applying ini 'syn.file=divisible.cpp' from F:/HW3/HLS/divisible/hls_config.cfg(7)
INFO: [HLS 200-10] Adding design file 'F:/HW3/HLS/divisible/divisible.cpp' to the project
INFO: [HLS 200-1465] Applying ini 'syn.top=divisible' from F:/HW3/HLS/divisible/hls_config.cfg(8)
INFO: [HLS 200-1465] Applying ini 'flow_target=vivado' from F:/HW3/HLS/divisible/hls_config.cfg(4)
INFO: [HLS 200-1505] Using flow_target 'vivado'
Resolution: For help on HLS 200-1505 see docs.xilinx.com/access/sources/dita/topic?Doc_Version=2024.1%20English&url=ug1448-hls-guidance&resourceid=200-1505.html
INFO: [HLS 200-1465] Applying ini 'part=xczu3eg-sfvc784-2-e' from F:/HW3/HLS/divisible/hls_config.cfg(1)
INFO: [HLS 200-1611] Setting target device to 'xczu3eg-sfvc784-2-e'
INFO: [HLS 200-1465] Applying ini 'package.output.format=ip_catalog' from F:/HW3/HLS/divisible/hls_config.cfg(5)
INFO: [HLS 200-111] Finished File checks and directory preparation: CPU user time: 2 seconds. CPU system time: 1 seconds. Elapsed time: 9.02 seconds; current allocated memory: 246.445 MB.
INFO: [HLS 200-10] Analyzing design file 'divisible.cpp' ... 
INFO: [HLS 200-111] Finished Source Code Analysis and Preprocessing: CPU user time: 1 seconds. CPU system time: 0 seconds. Elapsed time: 2.42 seconds; current allocated memory: 248.746 MB.
INFO: [HLS 200-777] Using interface defaults for 'Vivado' flow target.
INFO: [HLS 200-1995] There were 9 instructions in the design after the 'Compile/Link' phase of compilation. See the Design Size Report for more details: F:/HW3/HLS/divisible/divisible/hls/syn/report/csynth_design_size.rpt
INFO: [HLS 200-1995] There were 9 instructions in the design after the 'Unroll/Inline (step 1)' phase of compilation. See the Design Size Report for more details: F:/HW3/HLS/divisible/divisible/hls/syn/report/csynth_design_size.rpt
INFO: [HLS 200-1995] There were 9 instructions in the design after the 'Unroll/Inline (step 2)' phase of compilation. See the Design Size Report for more details: F:/HW3/HLS/divisible/divisible/hls/syn/report/csynth_design_size.rpt
INFO: [HLS 200-1995] There were 9 instructions in the design after the 'Unroll/Inline (step 3)' phase of compilation. See the Design Size Report for more details: F:/HW3/HLS/divisible/divisible/hls/syn/report/csynth_design_size.rpt
INFO: [HLS 200-1995] There were 9 instructions in the design after the 'Unroll/Inline (step 4)' phase of compilation. See the Design Size Report for more details: F:/HW3/HLS/divisible/divisible/hls/syn/report/csynth_design_size.rpt
INFO: [HLS 200-1995] There were 9 instructions in the design after the 'Array/Struct (step 1)' phase of compilation. See the Design Size Report for more details: F:/HW3/HLS/divisible/divisible/hls/syn/report/csynth_design_size.rpt
INFO: [HLS 200-1995] There were 9 instructions in the design after the 'Array/Struct (step 2)' phase of compilation. See the Design Size Report for more details: F:/HW3/HLS/divisible/divisible/hls/syn/report/csynth_design_size.rpt
INFO: [HLS 200-1995] There were 9 instructions in the design after the 'Array/Struct (step 3)' phase of compilation. See the Design Size Report for more details: F:/HW3/HLS/divisible/divisible/hls/syn/report/csynth_design_size.rpt
INFO: [HLS 200-1995] There were 9 instructions in the design after the 'Array/Struct (step 4)' phase of compilation. See the Design Size Report for more details: F:/HW3/HLS/divisible/divisible/hls/syn/report/csynth_design_size.rpt
INFO: [HLS 200-1995] There were 9 instructions in the design after the 'Array/Struct (step 5)' phase of compilation. See the Design Size Report for more details: F:/HW3/HLS/divisible/divisible/hls/syn/report/csynth_design_size.rpt
INFO: [HLS 200-1995] There were 9 instructions in the design after the 'Performance (step 1)' phase of compilation. See the Design Size Report for more details: F:/HW3/HLS/divisible/divisible/hls/syn/report/csynth_design_size.rpt
INFO: [HLS 200-1995] There were 9 instructions in the design after the 'Performance (step 2)' phase of compilation. See the Design Size Report for more details: F:/HW3/HLS/divisible/divisible/hls/syn/report/csynth_design_size.rpt
INFO: [HLS 200-1995] There were 9 instructions in the design after the 'Performance (step 3)' phase of compilation. See the Design Size Report for more details: F:/HW3/HLS/divisible/divisible/hls/syn/report/csynth_design_size.rpt
INFO: [HLS 200-1995] There were 9 instructions in the design after the 'Performance (step 4)' phase of compilation. See the Design Size Report for more details: F:/HW3/HLS/divisible/divisible/hls/syn/report/csynth_design_size.rpt
INFO: [HLS 200-1995] There were 13 instructions in the design after the 'HW Transforms (step 1)' phase of compilation. See the Design Size Report for more details: F:/HW3/HLS/divisible/divisible/hls/syn/report/csynth_design_size.rpt
INFO: [HLS 200-1995] There were 14 instructions in the design after the 'HW Transforms (step 2)' phase of compilation. See the Design Size Report for more details: F:/HW3/HLS/divisible/divisible/hls/syn/report/csynth_design_size.rpt
INFO: [HLS 200-111] Finished Compiling Optimization and Transform: CPU user time: 0 seconds. CPU system time: 1 seconds. Elapsed time: 9.693 seconds; current allocated memory: 250.242 MB.
INFO: [HLS 200-111] Finished Checking Pragmas: CPU user time: 0 seconds. CPU system time: 0 seconds. Elapsed time: 0.009 seconds; current allocated memory: 250.250 MB.
INFO: [HLS 200-10] Starting code transformations ...
INFO: [HLS 200-111] Finished Standard Transforms: CPU user time: 0 seconds. CPU system time: 0 seconds. Elapsed time: 0.247 seconds; current allocated memory: 254.051 MB.
INFO: [HLS 200-10] Checking synthesizability ...
INFO: [HLS 200-111] Finished Checking Synthesizability: CPU user time: 0 seconds. CPU system time: 0 seconds. Elapsed time: 0.152 seconds; current allocated memory: 255.410 MB.
INFO: [HLS 200-111] Finished Loop, function and other optimizations: CPU user time: 0 seconds. CPU system time: 0 seconds. Elapsed time: 0.173 seconds; current allocated memory: 275.547 MB.
INFO: [HLS 200-111] Finished Architecture Synthesis: CPU user time: 0 seconds. CPU system time: 0 seconds. Elapsed time: 0.148 seconds; current allocated memory: 275.566 MB.
INFO: [HLS 200-10] Starting hardware synthesis ...
INFO: [HLS 200-10] Synthesizing 'divisible' ...
INFO: [SYN 201-201] Setting up clock 'default' with a period of 10ns.
INFO: [HLS 200-10] ----------------------------------------------------------------
INFO: [HLS 200-42] -- Implementing module 'divisible' 
INFO: [HLS 200-10] ----------------------------------------------------------------
INFO: [SCHED 204-11] Starting scheduling ...
INFO: [SCHED 204-11] Finished scheduling.
INFO: [HLS 200-111] Finished Scheduling: CPU user time: 0 seconds. CPU system time: 0 seconds. Elapsed time: 1.221 seconds; current allocated memory: 275.566 MB.
INFO: [BIND 205-100] Starting micro-architecture generation ...
INFO: [BIND 205-101] Performing variable lifetime analysis.
INFO: [BIND 205-101] Exploring resource sharing.
INFO: [BIND 205-101] Binding ...
INFO: [BIND 205-100] Finished micro-architecture generation.
INFO: [HLS 200-111] Finished Binding: CPU user time: 0 seconds. CPU system time: 0 seconds. Elapsed time: 0.459 seconds; current allocated memory: 275.566 MB.
INFO: [HLS 200-10] ----------------------------------------------------------------
INFO: [HLS 200-10] -- Generating RTL for module 'divisible' 
INFO: [HLS 200-10] ----------------------------------------------------------------
WARNING: [RTGEN 206-101] Design contains AXI ports. Reset is fixed to synchronous and active low.
INFO: [RTGEN 206-500] Setting interface mode on port 'divisible/a' to 's_axilite & ap_none'.
INFO: [RTGEN 206-500] Setting interface mode on port 'divisible/c' to 's_axilite & ap_vld'.
INFO: [RTGEN 206-500] Setting interface mode on function 'divisible' to 'ap_ctrl_none'.
INFO: [RTGEN 206-100] Bundling port 'a' and 'c' to AXI-Lite port control.
INFO: [RTGEN 206-100] Generating core module 'srem_32ns_5ns_5_36_seq_1': 1 instance(s).
INFO: [RTGEN 206-100] Finished creating RTL model for 'divisible'.
INFO: [HLS 200-111] Finished Creating RTL model: CPU user time: 0 seconds. CPU system time: 0 seconds. Elapsed time: 1.429 seconds; current allocated memory: 275.566 MB.
INFO: [HLS 200-111] Finished Generating all RTL models: CPU user time: 0 seconds. CPU system time: 1 seconds. Elapsed time: 2.704 seconds; current allocated memory: 278.863 MB.
INFO: [HLS 200-111] Finished Updating report files: CPU user time: 0 seconds. CPU system time: 1 seconds. Elapsed time: 1.942 seconds; current allocated memory: 281.391 MB.
INFO: [VHDL 208-304] Generating VHDL RTL for divisible.
INFO: [VLOG 209-307] Generating Verilog RTL for divisible.
INFO: [HLS 200-789] **** Estimated Fmax: 306.28 MHz
INFO: [HLS 200-112] Total CPU user time: 3 seconds. Total CPU system time: 4 seconds. Total elapsed time: 30.521 seconds; peak allocated memory: 281.770 MB.
INFO: [v++ 60-791] Total elapsed time: 0h 0m 36s
