INFO: [v++ 60-1548] Creating build summary session with primary output X:/HW3/HLS/divisible/divisible\divisible.hlscompile_summary, at 01/22/26 11:15:31
INFO: [v++ 82-31] Launching vitis_hls: vitis_hls -nolog -run csynth -work_dir X:/HW3/HLS/divisible/divisible -config X:/HW3/HLS/divisible/hls_config.cfg -cmdlineconfig X:/HW3/HLS/divisible/divisible/hls/config.cmdline
INFO: [HLS 200-10] For user 'mlangweil' on host 'xilinx11-004.wincoe.coe.neu.edu' (Windows NT_amd64 version 10.0) on Thu Jan 22 11:15:51 -0500 2026
INFO: [HLS 200-10] In directory 'X:/HW3/HLS/divisible'
INFO: [HLS 200-2005] Using work_dir X:/HW3/HLS/divisible/divisible 
INFO: [HLS 200-1505] Using default flow_target 'vivado'
Resolution: For help on HLS 200-1505 see docs.xilinx.com/access/sources/dita/topic?Doc_Version=2024.1%20English&url=ug1448-hls-guidance&resourceid=200-1505.html
INFO: [HLS 200-1465] Applying ini 'syn.file=divisible.cpp' from X:/HW3/HLS/divisible/hls_config.cfg(7)
INFO: [HLS 200-10] Adding design file 'X:/HW3/HLS/divisible/divisible.cpp' to the project
INFO: [HLS 200-1465] Applying ini 'syn.top=divisible' from X:/HW3/HLS/divisible/hls_config.cfg(8)
INFO: [HLS 200-1465] Applying ini 'flow_target=vivado' from X:/HW3/HLS/divisible/hls_config.cfg(4)
INFO: [HLS 200-1505] Using flow_target 'vivado'
Resolution: For help on HLS 200-1505 see docs.xilinx.com/access/sources/dita/topic?Doc_Version=2024.1%20English&url=ug1448-hls-guidance&resourceid=200-1505.html
INFO: [HLS 200-1465] Applying ini 'part=xczu3eg-sfvc784-2-e' from X:/HW3/HLS/divisible/hls_config.cfg(1)
INFO: [HLS 200-1611] Setting target device to 'xczu3eg-sfvc784-2-e'
INFO: [HLS 200-1465] Applying ini 'package.output.format=ip_catalog' from X:/HW3/HLS/divisible/hls_config.cfg(5)
INFO: [HLS 200-111] Finished File checks and directory preparation: CPU user time: 7 seconds. CPU system time: 3 seconds. Elapsed time: 111.944 seconds; current allocated memory: 259.898 MB.
INFO: [HLS 200-10] Analyzing design file 'divisible.cpp' ... 
INFO: [HLS 200-111] Finished Source Code Analysis and Preprocessing: CPU user time: 1 seconds. CPU system time: 2 seconds. Elapsed time: 100.502 seconds; current allocated memory: 262.156 MB.
INFO: [HLS 200-777] Using interface defaults for 'Vivado' flow target.
INFO: [HLS 200-1995] There were 6 instructions in the design after the 'Compile/Link' phase of compilation. See the Design Size Report for more details: X:/HW3/HLS/divisible/divisible/hls/syn/report/csynth_design_size.rpt
INFO: [HLS 200-1995] There were 6 instructions in the design after the 'Unroll/Inline (step 1)' phase of compilation. See the Design Size Report for more details: X:/HW3/HLS/divisible/divisible/hls/syn/report/csynth_design_size.rpt
INFO: [HLS 200-1995] There were 6 instructions in the design after the 'Unroll/Inline (step 2)' phase of compilation. See the Design Size Report for more details: X:/HW3/HLS/divisible/divisible/hls/syn/report/csynth_design_size.rpt
INFO: [HLS 200-1995] There were 6 instructions in the design after the 'Unroll/Inline (step 3)' phase of compilation. See the Design Size Report for more details: X:/HW3/HLS/divisible/divisible/hls/syn/report/csynth_design_size.rpt
INFO: [HLS 200-1995] There were 6 instructions in the design after the 'Unroll/Inline (step 4)' phase of compilation. See the Design Size Report for more details: X:/HW3/HLS/divisible/divisible/hls/syn/report/csynth_design_size.rpt
INFO: [HLS 200-1995] There were 6 instructions in the design after the 'Array/Struct (step 1)' phase of compilation. See the Design Size Report for more details: X:/HW3/HLS/divisible/divisible/hls/syn/report/csynth_design_size.rpt
INFO: [HLS 200-1995] There were 6 instructions in the design after the 'Array/Struct (step 2)' phase of compilation. See the Design Size Report for more details: X:/HW3/HLS/divisible/divisible/hls/syn/report/csynth_design_size.rpt
INFO: [HLS 200-1995] There were 6 instructions in the design after the 'Array/Struct (step 3)' phase of compilation. See the Design Size Report for more details: X:/HW3/HLS/divisible/divisible/hls/syn/report/csynth_design_size.rpt
INFO: [HLS 200-1995] There were 6 instructions in the design after the 'Array/Struct (step 4)' phase of compilation. See the Design Size Report for more details: X:/HW3/HLS/divisible/divisible/hls/syn/report/csynth_design_size.rpt
INFO: [HLS 200-1995] There were 6 instructions in the design after the 'Array/Struct (step 5)' phase of compilation. See the Design Size Report for more details: X:/HW3/HLS/divisible/divisible/hls/syn/report/csynth_design_size.rpt
INFO: [HLS 200-1995] There were 6 instructions in the design after the 'Performance (step 1)' phase of compilation. See the Design Size Report for more details: X:/HW3/HLS/divisible/divisible/hls/syn/report/csynth_design_size.rpt
INFO: [HLS 200-1995] There were 6 instructions in the design after the 'Performance (step 2)' phase of compilation. See the Design Size Report for more details: X:/HW3/HLS/divisible/divisible/hls/syn/report/csynth_design_size.rpt
INFO: [HLS 200-1995] There were 6 instructions in the design after the 'Performance (step 3)' phase of compilation. See the Design Size Report for more details: X:/HW3/HLS/divisible/divisible/hls/syn/report/csynth_design_size.rpt
INFO: [HLS 200-1995] There were 6 instructions in the design after the 'Performance (step 4)' phase of compilation. See the Design Size Report for more details: X:/HW3/HLS/divisible/divisible/hls/syn/report/csynth_design_size.rpt
INFO: [HLS 200-1995] There were 10 instructions in the design after the 'HW Transforms (step 1)' phase of compilation. See the Design Size Report for more details: X:/HW3/HLS/divisible/divisible/hls/syn/report/csynth_design_size.rpt
INFO: [HLS 200-1995] There were 11 instructions in the design after the 'HW Transforms (step 2)' phase of compilation. See the Design Size Report for more details: X:/HW3/HLS/divisible/divisible/hls/syn/report/csynth_design_size.rpt
INFO: [HLS 200-111] Finished Compiling Optimization and Transform: CPU user time: 0 seconds. CPU system time: 2 seconds. Elapsed time: 384.346 seconds; current allocated memory: 263.684 MB.
INFO: [HLS 200-111] Finished Checking Pragmas: CPU user time: 0 seconds. CPU system time: 1 seconds. Elapsed time: 4.314 seconds; current allocated memory: 263.707 MB.
INFO: [HLS 200-10] Starting code transformations ...
INFO: [HLS 200-111] Finished Standard Transforms: CPU user time: 0 seconds. CPU system time: 0 seconds. Elapsed time: 7.661 seconds; current allocated memory: 267.230 MB.
INFO: [HLS 200-10] Checking synthesizability ...
INFO: [HLS 200-111] Finished Checking Synthesizability: CPU user time: 0 seconds. CPU system time: 0 seconds. Elapsed time: 2.389 seconds; current allocated memory: 268.621 MB.
INFO: [HLS 200-111] Finished Loop, function and other optimizations: CPU user time: 0 seconds. CPU system time: 0 seconds. Elapsed time: 4.278 seconds; current allocated memory: 288.848 MB.
INFO: [HLS 200-111] Finished Architecture Synthesis: CPU user time: 0 seconds. CPU system time: 0 seconds. Elapsed time: 2.316 seconds; current allocated memory: 288.863 MB.
INFO: [HLS 200-10] Starting hardware synthesis ...
INFO: [HLS 200-10] Synthesizing 'divisible' ...
INFO: [SYN 201-201] Setting up clock 'default' with a period of 10ns.
INFO: [HLS 200-10] ----------------------------------------------------------------
INFO: [HLS 200-42] -- Implementing module 'divisible' 
INFO: [HLS 200-10] ----------------------------------------------------------------
INFO: [SCHED 204-11] Starting scheduling ...
INFO: [SCHED 204-11] Finished scheduling.
INFO: [HLS 200-111] Finished Scheduling: CPU user time: 0 seconds. CPU system time: 0 seconds. Elapsed time: 28.167 seconds; current allocated memory: 288.863 MB.
INFO: [BIND 205-100] Starting micro-architecture generation ...
INFO: [BIND 205-101] Performing variable lifetime analysis.
INFO: [BIND 205-101] Exploring resource sharing.
INFO: [BIND 205-101] Binding ...
INFO: [BIND 205-100] Finished micro-architecture generation.
INFO: [HLS 200-111] Finished Binding: CPU user time: 0 seconds. CPU system time: 0 seconds. Elapsed time: 11.686 seconds; current allocated memory: 288.863 MB.
INFO: [HLS 200-10] ----------------------------------------------------------------
INFO: [HLS 200-10] -- Generating RTL for module 'divisible' 
INFO: [HLS 200-10] ----------------------------------------------------------------
WARNING: [RTGEN 206-101] Design contains AXI ports. Reset is fixed to synchronous and active low.
INFO: [RTGEN 206-500] Setting interface mode on port 'divisible/a' to 's_axilite & ap_none'.
INFO: [RTGEN 206-500] Setting interface mode on port 'divisible/c' to 's_axilite & ap_vld'.
INFO: [RTGEN 206-500] Setting interface mode on function 'divisible' to 'ap_ctrl_none'.
INFO: [RTGEN 206-100] Bundling port 'a' and 'c' to AXI-Lite port control.
INFO: [RTGEN 206-100] Generating core module 'srem_32ns_5ns_32_36_seq_1': 1 instance(s).
INFO: [RTGEN 206-100] Finished creating RTL model for 'divisible'.
INFO: [HLS 200-111] Finished Creating RTL model: CPU user time: 0 seconds. CPU system time: 0 seconds. Elapsed time: 25.808 seconds; current allocated memory: 288.863 MB.
INFO: [HLS 200-111] Finished Generating all RTL models: CPU user time: 1 seconds. CPU system time: 2 seconds. Elapsed time: 163.868 seconds; current allocated memory: 291.152 MB.
