

================================================================
== Vitis HLS Report for 'mmult_hw_Pipeline_VITIS_LOOP_29_1_VITIS_LOOP_30_2'
================================================================
* Date:           Fri Feb 27 17:18:28 2026

* Version:        2024.1 (Build 5069499 on May 21 2024)
* Project:        matrix-mult
* Solution:       hls (Vivado IP Flow Target)
* Product family: zynquplus
* Target device:  xczu3eg-sfvc784-2-e


================================================================
== Performance Estimates
================================================================
+ Timing: 
    * Summary: 
    +--------+----------+----------+------------+
    |  Clock |  Target  | Estimated| Uncertainty|
    +--------+----------+----------+------------+
    |ap_clk  |  10.00 ns|  7.300 ns|     2.70 ns|
    +--------+----------+----------+------------+

+ Latency: 
    * Summary: 
    +---------+---------+----------+----------+-------+-------+-----------------------------------------------+
    |  Latency (cycles) |  Latency (absolute) |    Interval   |                    Pipeline                   |
    |   min   |   max   |    min   |    max   |  min  |  max  |                      Type                     |
    +---------+---------+----------+----------+-------+-------+-----------------------------------------------+
    |    16387|    16387|  0.164 ms|  0.164 ms|  16385|  16385|  loop auto-rewind stp(delay=0 clock cycles(s))|
    +---------+---------+----------+----------+-------+-------+-----------------------------------------------+

    + Detail: 
        * Instance: 
        N/A

        * Loop: 
        +-----------------------------------+---------+---------+----------+-----------+-----------+-------+----------+
        |                                   |  Latency (cycles) | Iteration|  Initiation Interval  |  Trip |          |
        |             Loop Name             |   min   |   max   |  Latency |  achieved |   target  | Count | Pipelined|
        +-----------------------------------+---------+---------+----------+-----------+-----------+-------+----------+
        |- VITIS_LOOP_29_1_VITIS_LOOP_30_2  |    16385|    16385|         3|          1|          1|  16384|       yes|
        +-----------------------------------+---------+---------+----------+-----------+-----------+-------+----------+

============================================================
+ Verbose Summary: Synthesis Manager
============================================================
InlineROM: 1
ExposeGlobal: 0
============================================================
+ Verbose Summary: CDFG Model
============================================================
IsTopModel: 0
ResetActiveHigh: 1
IsCombinational: 0
IsDatapathOnly: 0
HasWiredReturn: 1
HasMFsm: 2
HasVarLatency: 1
IsPipeline: 0
IsRtlPipelined: 0
IsInstanceOverlapped: 0
IsDontTouch: 0
HasImplIP: 0
IsGatedGlobalClock: 0

+ Individual pipeline summary: 
  * Pipeline-0: initiation interval (II) = 1, depth = 3


============================================================
+ Verbose Summary: Schedule
============================================================
* Number of FSM states : 3
* Pipeline : 1
  Pipeline-0 : II = 1, D = 3, States = { 1 2 3 }
* Dataflow Pipeline: 0

* FSM state transitions: 
1 --> 2 
2 --> 3 
3 --> 

* FSM state operations: 

State 1 <SV = 0> <Delay = 1.69>
ST_1 : Operation 6 [1/1] (0.00ns)   --->   "%j = alloca i32 1" [mmult_baseline.cpp:30]   --->   Operation 6 'alloca' 'j' <Predicate = true> <Delay = 0.00>
ST_1 : Operation 7 [1/1] (0.00ns)   --->   "%i = alloca i32 1" [mmult_baseline.cpp:29]   --->   Operation 7 'alloca' 'i' <Predicate = true> <Delay = 0.00>
ST_1 : Operation 8 [1/1] (0.00ns)   --->   "%indvar_flatten = alloca i32 1"   --->   Operation 8 'alloca' 'indvar_flatten' <Predicate = true> <Delay = 0.00>
ST_1 : Operation 9 [1/1] (0.00ns)   --->   "%sext_ln29_read = read i62 @_ssdm_op_Read.ap_auto.i62, i62 %sext_ln29"   --->   Operation 9 'read' 'sext_ln29_read' <Predicate = true> <Delay = 0.00>
ST_1 : Operation 10 [1/1] (0.00ns)   --->   "%sext_ln29_cast = sext i62 %sext_ln29_read"   --->   Operation 10 'sext' 'sext_ln29_cast' <Predicate = true> <Delay = 0.00>
ST_1 : Operation 11 [1/1] (0.00ns)   --->   "%specinterface_ln0 = specinterface void @_ssdm_op_SpecInterface, i32 %gmem, void @empty, i32 0, i32 0, void @empty_0, i32 0, i32 16384, void @empty_1, void @empty_2, void @empty_0, i32 16, i32 16, i32 16, i32 16, void @empty_0, void @empty_0, i32 4294967295, i32 0, i32 0"   --->   Operation 11 'specinterface' 'specinterface_ln0' <Predicate = true> <Delay = 0.00>
ST_1 : Operation 12 [1/1] (0.42ns)   --->   "%store_ln0 = store i15 0, i15 %indvar_flatten"   --->   Operation 12 'store' 'store_ln0' <Predicate = true> <Delay = 0.42>
ST_1 : Operation 13 [1/1] (0.42ns)   --->   "%store_ln29 = store i8 0, i8 %i" [mmult_baseline.cpp:29]   --->   Operation 13 'store' 'store_ln29' <Predicate = true> <Delay = 0.42>
ST_1 : Operation 14 [1/1] (0.42ns)   --->   "%store_ln30 = store i8 0, i8 %j" [mmult_baseline.cpp:30]   --->   Operation 14 'store' 'store_ln30' <Predicate = true> <Delay = 0.42>
ST_1 : Operation 15 [1/1] (0.00ns)   --->   "%br_ln0 = br void %for.inc"   --->   Operation 15 'br' 'br_ln0' <Predicate = true> <Delay = 0.00>
ST_1 : Operation 16 [1/1] (0.00ns)   --->   "%indvar_flatten_load = load i15 %indvar_flatten" [mmult_baseline.cpp:29]   --->   Operation 16 'load' 'indvar_flatten_load' <Predicate = true> <Delay = 0.00>
ST_1 : Operation 17 [1/1] (0.00ns)   --->   "%specbitsmap_ln0 = specbitsmap void @_ssdm_op_SpecBitsMap, i32 %gmem"   --->   Operation 17 'specbitsmap' 'specbitsmap_ln0' <Predicate = true> <Delay = 0.00>
ST_1 : Operation 18 [1/1] (0.84ns)   --->   "%icmp_ln29 = icmp_eq  i15 %indvar_flatten_load, i15 16384" [mmult_baseline.cpp:29]   --->   Operation 18 'icmp' 'icmp_ln29' <Predicate = true> <Delay = 0.84> <CoreInst = "Cmp">   --->   Core 9 'Cmp' <Latency = 0> <II = 1> <Delay = 0.84> <FuncUnit> <Opcode : 'seteq' 'setne' 'setle' 'setge' 'setlt' 'setgt'> <InPorts = 2> <OutPorts = 1>
ST_1 : Operation 19 [1/1] (0.84ns)   --->   "%add_ln29_1 = add i15 %indvar_flatten_load, i15 1" [mmult_baseline.cpp:29]   --->   Operation 19 'add' 'add_ln29_1' <Predicate = true> <Delay = 0.84> <CoreInst = "Adder">   --->   Core 1 'Adder' <Latency = 0> <II = 1> <Delay = 0.84> <FuncUnit> <Opcode : 'add' 'sub'> <InPorts = 2> <OutPorts = 1>
ST_1 : Operation 20 [1/1] (0.00ns)   --->   "%br_ln29 = br i1 %icmp_ln29, void %for.inc9, void %VITIS_LOOP_36_3.exitStub" [mmult_baseline.cpp:29]   --->   Operation 20 'br' 'br_ln29' <Predicate = true> <Delay = 0.00>
ST_1 : Operation 21 [1/1] (0.42ns)   --->   "%store_ln29 = store i15 %add_ln29_1, i15 %indvar_flatten" [mmult_baseline.cpp:29]   --->   Operation 21 'store' 'store_ln29' <Predicate = (!icmp_ln29)> <Delay = 0.42>

State 2 <SV = 1> <Delay = 7.30>
ST_2 : Operation 22 [1/1] (0.00ns)   --->   "%gmem_addr = getelementptr i32 %gmem, i64 %sext_ln29_cast" [mmult_baseline.cpp:29]   --->   Operation 22 'getelementptr' 'gmem_addr' <Predicate = true> <Delay = 0.00>
ST_2 : Operation 23 [1/1] (7.30ns)   --->   "%gmem_addr_read = read i32 @_ssdm_op_Read.m_axi.p1i32, i32 %gmem_addr" [mmult_baseline.cpp:32]   --->   Operation 23 'read' 'gmem_addr_read' <Predicate = true> <Delay = 7.30> <CoreInst = "m_axi">   --->   Core 119 'm_axi' <Latency = 0> <II = 1> <Delay = 1.00> <Adapter> <Opcode : 'read' 'write' 'readreq' 'writereq' 'writeresp'>
ST_2 : Operation 67 [1/1] (0.42ns)   --->   "%ret_ln0 = ret"   --->   Operation 67 'ret' 'ret_ln0' <Predicate = (icmp_ln29)> <Delay = 0.42>

State 3 <SV = 2> <Delay = 3.13>
ST_3 : Operation 24 [1/1] (0.00ns)   --->   "%j_load = load i8 %j" [mmult_baseline.cpp:30]   --->   Operation 24 'load' 'j_load' <Predicate = true> <Delay = 0.00>
ST_3 : Operation 25 [1/1] (0.00ns)   --->   "%i_load = load i8 %i" [mmult_baseline.cpp:29]   --->   Operation 25 'load' 'i_load' <Predicate = true> <Delay = 0.00>
ST_3 : Operation 26 [1/1] (0.76ns)   --->   "%add_ln29 = add i8 %i_load, i8 1" [mmult_baseline.cpp:29]   --->   Operation 26 'add' 'add_ln29' <Predicate = true> <Delay = 0.76> <CoreInst = "Adder">   --->   Core 1 'Adder' <Latency = 0> <II = 1> <Delay = 0.76> <FuncUnit> <Opcode : 'add' 'sub'> <InPorts = 2> <OutPorts = 1>
ST_3 : Operation 27 [1/1] (0.00ns)   --->   "%specloopname_ln0 = specloopname void @_ssdm_op_SpecLoopName, void @VITIS_LOOP_29_1_VITIS_LOOP_30_2_str"   --->   Operation 27 'specloopname' 'specloopname_ln0' <Predicate = true> <Delay = 0.00>
ST_3 : Operation 28 [1/1] (0.00ns)   --->   "%speclooptripcount_ln0 = speclooptripcount void @_ssdm_op_SpecLoopTripCount, i64 16384, i64 16384, i64 16384"   --->   Operation 28 'speclooptripcount' 'speclooptripcount_ln0' <Predicate = true> <Delay = 0.00>
ST_3 : Operation 29 [1/1] (0.76ns)   --->   "%icmp_ln30 = icmp_eq  i8 %j_load, i8 128" [mmult_baseline.cpp:30]   --->   Operation 29 'icmp' 'icmp_ln30' <Predicate = true> <Delay = 0.76> <CoreInst = "Cmp">   --->   Core 9 'Cmp' <Latency = 0> <II = 1> <Delay = 0.76> <FuncUnit> <Opcode : 'seteq' 'setne' 'setle' 'setge' 'setlt' 'setgt'> <InPorts = 2> <OutPorts = 1>
ST_3 : Operation 30 [1/1] (0.39ns)   --->   "%select_ln29 = select i1 %icmp_ln30, i8 0, i8 %j_load" [mmult_baseline.cpp:29]   --->   Operation 30 'select' 'select_ln29' <Predicate = true> <Delay = 0.39> <CoreInst = "Sel">   --->   Core 73 'Sel' <Latency = 0> <II = 1> <Delay = 0.39> <FuncUnit> <Opcode : 'select'> <InPorts = 3> <OutPorts = 1>
ST_3 : Operation 31 [1/1] (0.39ns)   --->   "%select_ln29_1 = select i1 %icmp_ln30, i8 %add_ln29, i8 %i_load" [mmult_baseline.cpp:29]   --->   Operation 31 'select' 'select_ln29_1' <Predicate = true> <Delay = 0.39> <CoreInst = "Sel">   --->   Core 73 'Sel' <Latency = 0> <II = 1> <Delay = 0.39> <FuncUnit> <Opcode : 'select'> <InPorts = 3> <OutPorts = 1>
ST_3 : Operation 32 [1/1] (0.00ns)   --->   "%trunc_ln30 = trunc i8 %select_ln29_1" [mmult_baseline.cpp:30]   --->   Operation 32 'trunc' 'trunc_ln30' <Predicate = true> <Delay = 0.00>
ST_3 : Operation 33 [1/1] (0.00ns)   --->   "%trunc_ln30_1 = trunc i8 %select_ln29" [mmult_baseline.cpp:30]   --->   Operation 33 'trunc' 'trunc_ln30_1' <Predicate = true> <Delay = 0.00>
ST_3 : Operation 34 [1/1] (0.00ns)   --->   "%specpipeline_ln31 = specpipeline void @_ssdm_op_SpecPipeline, i32 1, i32 0, i32 0, i32 0, void @empty_0" [mmult_baseline.cpp:31]   --->   Operation 34 'specpipeline' 'specpipeline_ln31' <Predicate = true> <Delay = 0.00>
ST_3 : Operation 35 [1/1] (0.00ns)   --->   "%lshr_ln = partselect i4 @_ssdm_op_PartSelect.i4.i8.i32.i32, i8 %select_ln29, i32 3, i32 6" [mmult_baseline.cpp:30]   --->   Operation 35 'partselect' 'lshr_ln' <Predicate = true> <Delay = 0.00>
ST_3 : Operation 36 [1/1] (0.00ns)   --->   "%tmp = bitconcatenate i11 @_ssdm_op_BitConcatenate.i11.i7.i4, i7 %trunc_ln30, i4 %lshr_ln" [mmult_baseline.cpp:32]   --->   Operation 36 'bitconcatenate' 'tmp' <Predicate = true> <Delay = 0.00>
ST_3 : Operation 37 [1/1] (0.00ns)   --->   "%zext_ln32 = zext i11 %tmp" [mmult_baseline.cpp:32]   --->   Operation 37 'zext' 'zext_ln32' <Predicate = true> <Delay = 0.00>
ST_3 : Operation 38 [1/1] (0.00ns)   --->   "%A_addr = getelementptr i32 %A, i64 0, i64 %zext_ln32" [mmult_baseline.cpp:32]   --->   Operation 38 'getelementptr' 'A_addr' <Predicate = true> <Delay = 0.00>
ST_3 : Operation 39 [1/1] (0.00ns)   --->   "%A_1_addr = getelementptr i32 %A_1, i64 0, i64 %zext_ln32" [mmult_baseline.cpp:32]   --->   Operation 39 'getelementptr' 'A_1_addr' <Predicate = true> <Delay = 0.00>
ST_3 : Operation 40 [1/1] (0.00ns)   --->   "%A_2_addr = getelementptr i32 %A_2, i64 0, i64 %zext_ln32" [mmult_baseline.cpp:32]   --->   Operation 40 'getelementptr' 'A_2_addr' <Predicate = true> <Delay = 0.00>
ST_3 : Operation 41 [1/1] (0.00ns)   --->   "%A_3_addr = getelementptr i32 %A_3, i64 0, i64 %zext_ln32" [mmult_baseline.cpp:32]   --->   Operation 41 'getelementptr' 'A_3_addr' <Predicate = true> <Delay = 0.00>
ST_3 : Operation 42 [1/1] (0.00ns)   --->   "%A_4_addr = getelementptr i32 %A_4, i64 0, i64 %zext_ln32" [mmult_baseline.cpp:32]   --->   Operation 42 'getelementptr' 'A_4_addr' <Predicate = true> <Delay = 0.00>
ST_3 : Operation 43 [1/1] (0.00ns)   --->   "%A_5_addr = getelementptr i32 %A_5, i64 0, i64 %zext_ln32" [mmult_baseline.cpp:32]   --->   Operation 43 'getelementptr' 'A_5_addr' <Predicate = true> <Delay = 0.00>
ST_3 : Operation 44 [1/1] (0.00ns)   --->   "%A_6_addr = getelementptr i32 %A_6, i64 0, i64 %zext_ln32" [mmult_baseline.cpp:32]   --->   Operation 44 'getelementptr' 'A_6_addr' <Predicate = true> <Delay = 0.00>
ST_3 : Operation 45 [1/1] (0.00ns)   --->   "%A_7_addr = getelementptr i32 %A_7, i64 0, i64 %zext_ln32" [mmult_baseline.cpp:32]   --->   Operation 45 'getelementptr' 'A_7_addr' <Predicate = true> <Delay = 0.00>
ST_3 : Operation 46 [1/1] (0.73ns)   --->   "%switch_ln32 = switch i3 %trunc_ln30_1, void %arrayidx84.case.7, i3 0, void %arrayidx84.case.0, i3 1, void %arrayidx84.case.1, i3 2, void %arrayidx84.case.2, i3 3, void %arrayidx84.case.3, i3 4, void %arrayidx84.case.4, i3 5, void %arrayidx84.case.5, i3 6, void %arrayidx84.case.6" [mmult_baseline.cpp:32]   --->   Operation 46 'switch' 'switch_ln32' <Predicate = true> <Delay = 0.73>
ST_3 : Operation 47 [1/1] (1.23ns)   --->   "%store_ln32 = store i32 %gmem_addr_read, i11 %A_6_addr" [mmult_baseline.cpp:32]   --->   Operation 47 'store' 'store_ln32' <Predicate = (trunc_ln30_1 == 6)> <Delay = 1.23> <CoreInst = "RAM_1WnR">   --->   Core 83 'RAM_1WnR' <Latency = 1> <II = 1> <Delay = 1.23> <Storage> <Opcode : 'load' 'store'> <Ports = 17> <Width = 32> <Depth = 2048> <RAM>
ST_3 : Operation 48 [1/1] (0.00ns)   --->   "%br_ln32 = br void %arrayidx84.exit" [mmult_baseline.cpp:32]   --->   Operation 48 'br' 'br_ln32' <Predicate = (trunc_ln30_1 == 6)> <Delay = 0.00>
ST_3 : Operation 49 [1/1] (1.23ns)   --->   "%store_ln32 = store i32 %gmem_addr_read, i11 %A_5_addr" [mmult_baseline.cpp:32]   --->   Operation 49 'store' 'store_ln32' <Predicate = (trunc_ln30_1 == 5)> <Delay = 1.23> <CoreInst = "RAM_1WnR">   --->   Core 83 'RAM_1WnR' <Latency = 1> <II = 1> <Delay = 1.23> <Storage> <Opcode : 'load' 'store'> <Ports = 17> <Width = 32> <Depth = 2048> <RAM>
ST_3 : Operation 50 [1/1] (0.00ns)   --->   "%br_ln32 = br void %arrayidx84.exit" [mmult_baseline.cpp:32]   --->   Operation 50 'br' 'br_ln32' <Predicate = (trunc_ln30_1 == 5)> <Delay = 0.00>
ST_3 : Operation 51 [1/1] (1.23ns)   --->   "%store_ln32 = store i32 %gmem_addr_read, i11 %A_4_addr" [mmult_baseline.cpp:32]   --->   Operation 51 'store' 'store_ln32' <Predicate = (trunc_ln30_1 == 4)> <Delay = 1.23> <CoreInst = "RAM_1WnR">   --->   Core 83 'RAM_1WnR' <Latency = 1> <II = 1> <Delay = 1.23> <Storage> <Opcode : 'load' 'store'> <Ports = 17> <Width = 32> <Depth = 2048> <RAM>
ST_3 : Operation 52 [1/1] (0.00ns)   --->   "%br_ln32 = br void %arrayidx84.exit" [mmult_baseline.cpp:32]   --->   Operation 52 'br' 'br_ln32' <Predicate = (trunc_ln30_1 == 4)> <Delay = 0.00>
ST_3 : Operation 53 [1/1] (1.23ns)   --->   "%store_ln32 = store i32 %gmem_addr_read, i11 %A_3_addr" [mmult_baseline.cpp:32]   --->   Operation 53 'store' 'store_ln32' <Predicate = (trunc_ln30_1 == 3)> <Delay = 1.23> <CoreInst = "RAM_1WnR">   --->   Core 83 'RAM_1WnR' <Latency = 1> <II = 1> <Delay = 1.23> <Storage> <Opcode : 'load' 'store'> <Ports = 17> <Width = 32> <Depth = 2048> <RAM>
ST_3 : Operation 54 [1/1] (0.00ns)   --->   "%br_ln32 = br void %arrayidx84.exit" [mmult_baseline.cpp:32]   --->   Operation 54 'br' 'br_ln32' <Predicate = (trunc_ln30_1 == 3)> <Delay = 0.00>
ST_3 : Operation 55 [1/1] (1.23ns)   --->   "%store_ln32 = store i32 %gmem_addr_read, i11 %A_2_addr" [mmult_baseline.cpp:32]   --->   Operation 55 'store' 'store_ln32' <Predicate = (trunc_ln30_1 == 2)> <Delay = 1.23> <CoreInst = "RAM_1WnR">   --->   Core 83 'RAM_1WnR' <Latency = 1> <II = 1> <Delay = 1.23> <Storage> <Opcode : 'load' 'store'> <Ports = 17> <Width = 32> <Depth = 2048> <RAM>
ST_3 : Operation 56 [1/1] (0.00ns)   --->   "%br_ln32 = br void %arrayidx84.exit" [mmult_baseline.cpp:32]   --->   Operation 56 'br' 'br_ln32' <Predicate = (trunc_ln30_1 == 2)> <Delay = 0.00>
ST_3 : Operation 57 [1/1] (1.23ns)   --->   "%store_ln32 = store i32 %gmem_addr_read, i11 %A_1_addr" [mmult_baseline.cpp:32]   --->   Operation 57 'store' 'store_ln32' <Predicate = (trunc_ln30_1 == 1)> <Delay = 1.23> <CoreInst = "RAM_1WnR">   --->   Core 83 'RAM_1WnR' <Latency = 1> <II = 1> <Delay = 1.23> <Storage> <Opcode : 'load' 'store'> <Ports = 17> <Width = 32> <Depth = 2048> <RAM>
ST_3 : Operation 58 [1/1] (0.00ns)   --->   "%br_ln32 = br void %arrayidx84.exit" [mmult_baseline.cpp:32]   --->   Operation 58 'br' 'br_ln32' <Predicate = (trunc_ln30_1 == 1)> <Delay = 0.00>
ST_3 : Operation 59 [1/1] (1.23ns)   --->   "%store_ln32 = store i32 %gmem_addr_read, i11 %A_addr" [mmult_baseline.cpp:32]   --->   Operation 59 'store' 'store_ln32' <Predicate = (trunc_ln30_1 == 0)> <Delay = 1.23> <CoreInst = "RAM_1WnR">   --->   Core 83 'RAM_1WnR' <Latency = 1> <II = 1> <Delay = 1.23> <Storage> <Opcode : 'load' 'store'> <Ports = 17> <Width = 32> <Depth = 2048> <RAM>
ST_3 : Operation 60 [1/1] (0.00ns)   --->   "%br_ln32 = br void %arrayidx84.exit" [mmult_baseline.cpp:32]   --->   Operation 60 'br' 'br_ln32' <Predicate = (trunc_ln30_1 == 0)> <Delay = 0.00>
ST_3 : Operation 61 [1/1] (1.23ns)   --->   "%store_ln32 = store i32 %gmem_addr_read, i11 %A_7_addr" [mmult_baseline.cpp:32]   --->   Operation 61 'store' 'store_ln32' <Predicate = (trunc_ln30_1 == 7)> <Delay = 1.23> <CoreInst = "RAM_1WnR">   --->   Core 83 'RAM_1WnR' <Latency = 1> <II = 1> <Delay = 1.23> <Storage> <Opcode : 'load' 'store'> <Ports = 17> <Width = 32> <Depth = 2048> <RAM>
ST_3 : Operation 62 [1/1] (0.00ns)   --->   "%br_ln32 = br void %arrayidx84.exit" [mmult_baseline.cpp:32]   --->   Operation 62 'br' 'br_ln32' <Predicate = (trunc_ln30_1 == 7)> <Delay = 0.00>
ST_3 : Operation 63 [1/1] (0.76ns)   --->   "%add_ln30 = add i8 %select_ln29, i8 1" [mmult_baseline.cpp:30]   --->   Operation 63 'add' 'add_ln30' <Predicate = true> <Delay = 0.76> <CoreInst = "Adder">   --->   Core 1 'Adder' <Latency = 0> <II = 1> <Delay = 0.76> <FuncUnit> <Opcode : 'add' 'sub'> <InPorts = 2> <OutPorts = 1>
ST_3 : Operation 64 [1/1] (0.42ns)   --->   "%store_ln29 = store i8 %select_ln29_1, i8 %i" [mmult_baseline.cpp:29]   --->   Operation 64 'store' 'store_ln29' <Predicate = true> <Delay = 0.42>
ST_3 : Operation 65 [1/1] (0.42ns)   --->   "%store_ln30 = store i8 %add_ln30, i8 %j" [mmult_baseline.cpp:30]   --->   Operation 65 'store' 'store_ln30' <Predicate = true> <Delay = 0.42>
ST_3 : Operation 66 [1/1] (0.00ns)   --->   "%br_ln30 = br void %for.inc" [mmult_baseline.cpp:30]   --->   Operation 66 'br' 'br_ln30' <Predicate = true> <Delay = 0.00>


============================================================
+ Verbose Summary: Timing violations
============================================================
Target clock period: 10.000ns, clock uncertainty: 2.700ns.

 <State 1>: 1.696ns
The critical path consists of the following:
	'store' operation 0 bit ('store_ln0') of constant 0 on local variable 'indvar_flatten' [17]  (0.427 ns)
	'load' operation 15 bit ('indvar_flatten_load', mmult_baseline.cpp:29) on local variable 'indvar_flatten' [22]  (0.000 ns)
	'add' operation 15 bit ('add_ln29_1', mmult_baseline.cpp:29) [25]  (0.842 ns)
	'store' operation 0 bit ('store_ln29', mmult_baseline.cpp:29) of variable 'add_ln29_1', mmult_baseline.cpp:29 on local variable 'indvar_flatten' [79]  (0.427 ns)

 <State 2>: 7.300ns
The critical path consists of the following:
	'getelementptr' operation 32 bit ('gmem_addr', mmult_baseline.cpp:29) [30]  (0.000 ns)
	bus read operation ('gmem_addr_read', mmult_baseline.cpp:32) on port 'gmem' (mmult_baseline.cpp:32) [51]  (7.300 ns)

 <State 3>: 3.133ns
The critical path consists of the following:
	'load' operation 8 bit ('j_load', mmult_baseline.cpp:30) on local variable 'j', mmult_baseline.cpp:30 [28]  (0.000 ns)
	'icmp' operation 1 bit ('icmp_ln30', mmult_baseline.cpp:30) [34]  (0.765 ns)
	'select' operation 8 bit ('select_ln29', mmult_baseline.cpp:29) [35]  (0.393 ns)
	'store' operation 0 bit ('store_ln32', mmult_baseline.cpp:32) of variable 'gmem_addr_read', mmult_baseline.cpp:32 on array 'A_6' [54]  (1.237 ns)
	blocking operation 0.738187 ns on control path)


============================================================
+ Verbose Summary: Binding
============================================================
N/A
* FSMD analyzer results:
  - Output states:
 - Input state : 
  - Chain level:
	State 1
	State 2
	State 3


============================================================
+ Verbose Summary: Datapath Resource usage 
============================================================
N/A
