

================================================================
== Vitis HLS Report for 'mmult_hw_Pipeline_VITIS_LOOP_36_3_VITIS_LOOP_37_4'
================================================================
* Date:           Fri Feb 27 17:18:31 2026

* Version:        2024.1 (Build 5069499 on May 21 2024)
* Project:        matrix-mult
* Solution:       hls (Vivado IP Flow Target)
* Product family: zynquplus
* Target device:  xczu3eg-sfvc784-2-e


================================================================
== Performance Estimates
================================================================
+ Timing: 
    * Summary: 
    +--------+----------+----------+------------+
    |  Clock |  Target  | Estimated| Uncertainty|
    +--------+----------+----------+------------+
    |ap_clk  |  10.00 ns|  7.300 ns|     2.70 ns|
    +--------+----------+----------+------------+

+ Latency: 
    * Summary: 
    +---------+---------+----------+----------+-------+-------+-----------------------------------------------+
    |  Latency (cycles) |  Latency (absolute) |    Interval   |                    Pipeline                   |
    |   min   |   max   |    min   |    max   |  min  |  max  |                      Type                     |
    +---------+---------+----------+----------+-------+-------+-----------------------------------------------+
    |    16387|    16387|  0.164 ms|  0.164 ms|  16385|  16385|  loop auto-rewind stp(delay=0 clock cycles(s))|
    +---------+---------+----------+----------+-------+-------+-----------------------------------------------+

    + Detail: 
        * Instance: 
        N/A

        * Loop: 
        +-----------------------------------+---------+---------+----------+-----------+-----------+-------+----------+
        |                                   |  Latency (cycles) | Iteration|  Initiation Interval  |  Trip |          |
        |             Loop Name             |   min   |   max   |  Latency |  achieved |   target  | Count | Pipelined|
        +-----------------------------------+---------+---------+----------+-----------+-----------+-------+----------+
        |- VITIS_LOOP_36_3_VITIS_LOOP_37_4  |    16385|    16385|         3|          1|          1|  16384|       yes|
        +-----------------------------------+---------+---------+----------+-----------+-----------+-------+----------+

============================================================
+ Verbose Summary: Synthesis Manager
============================================================
InlineROM: 1
ExposeGlobal: 0
============================================================
+ Verbose Summary: CDFG Model
============================================================
IsTopModel: 0
ResetActiveHigh: 1
IsCombinational: 0
IsDatapathOnly: 0
HasWiredReturn: 1
HasMFsm: 2
HasVarLatency: 1
IsPipeline: 0
IsRtlPipelined: 0
IsInstanceOverlapped: 0
IsDontTouch: 0
HasImplIP: 0
IsGatedGlobalClock: 0

+ Individual pipeline summary: 
  * Pipeline-0: initiation interval (II) = 1, depth = 3


============================================================
+ Verbose Summary: Schedule
============================================================
* Number of FSM states : 3
* Pipeline : 1
  Pipeline-0 : II = 1, D = 3, States = { 1 2 3 }
* Dataflow Pipeline: 0

* FSM state transitions: 
1 --> 2 
2 --> 3 
3 --> 

* FSM state operations: 

State 1 <SV = 0> <Delay = 1.69>
ST_1 : Operation 6 [1/1] (0.00ns)   --->   "%j = alloca i32 1" [mmult_baseline.cpp:37]   --->   Operation 6 'alloca' 'j' <Predicate = true> <Delay = 0.00>
ST_1 : Operation 7 [1/1] (0.00ns)   --->   "%i = alloca i32 1" [mmult_baseline.cpp:36]   --->   Operation 7 'alloca' 'i' <Predicate = true> <Delay = 0.00>
ST_1 : Operation 8 [1/1] (0.00ns)   --->   "%indvar_flatten262 = alloca i32 1"   --->   Operation 8 'alloca' 'indvar_flatten262' <Predicate = true> <Delay = 0.00>
ST_1 : Operation 9 [1/1] (0.00ns)   --->   "%sext_ln36_read = read i62 @_ssdm_op_Read.ap_auto.i62, i62 %sext_ln36"   --->   Operation 9 'read' 'sext_ln36_read' <Predicate = true> <Delay = 0.00>
ST_1 : Operation 10 [1/1] (0.00ns)   --->   "%sext_ln36_cast = sext i62 %sext_ln36_read"   --->   Operation 10 'sext' 'sext_ln36_cast' <Predicate = true> <Delay = 0.00>
ST_1 : Operation 11 [1/1] (0.00ns)   --->   "%specinterface_ln0 = specinterface void @_ssdm_op_SpecInterface, i32 %gmem, void @empty, i32 0, i32 0, void @empty_0, i32 0, i32 16384, void @empty_1, void @empty_2, void @empty_0, i32 16, i32 16, i32 16, i32 16, void @empty_0, void @empty_0, i32 4294967295, i32 0, i32 0"   --->   Operation 11 'specinterface' 'specinterface_ln0' <Predicate = true> <Delay = 0.00>
ST_1 : Operation 12 [1/1] (0.42ns)   --->   "%store_ln0 = store i15 0, i15 %indvar_flatten262"   --->   Operation 12 'store' 'store_ln0' <Predicate = true> <Delay = 0.42>
ST_1 : Operation 13 [1/1] (0.42ns)   --->   "%store_ln36 = store i8 0, i8 %i" [mmult_baseline.cpp:36]   --->   Operation 13 'store' 'store_ln36' <Predicate = true> <Delay = 0.42>
ST_1 : Operation 14 [1/1] (0.42ns)   --->   "%store_ln37 = store i8 0, i8 %j" [mmult_baseline.cpp:37]   --->   Operation 14 'store' 'store_ln37' <Predicate = true> <Delay = 0.42>
ST_1 : Operation 15 [1/1] (0.00ns)   --->   "%br_ln0 = br void %for.inc30"   --->   Operation 15 'br' 'br_ln0' <Predicate = true> <Delay = 0.00>
ST_1 : Operation 16 [1/1] (0.00ns)   --->   "%indvar_flatten262_load = load i15 %indvar_flatten262" [mmult_baseline.cpp:36]   --->   Operation 16 'load' 'indvar_flatten262_load' <Predicate = true> <Delay = 0.00>
ST_1 : Operation 17 [1/1] (0.00ns)   --->   "%specbitsmap_ln0 = specbitsmap void @_ssdm_op_SpecBitsMap, i32 %gmem"   --->   Operation 17 'specbitsmap' 'specbitsmap_ln0' <Predicate = true> <Delay = 0.00>
ST_1 : Operation 18 [1/1] (0.84ns)   --->   "%icmp_ln36 = icmp_eq  i15 %indvar_flatten262_load, i15 16384" [mmult_baseline.cpp:36]   --->   Operation 18 'icmp' 'icmp_ln36' <Predicate = true> <Delay = 0.84> <CoreInst = "Cmp">   --->   Core 9 'Cmp' <Latency = 0> <II = 1> <Delay = 0.84> <FuncUnit> <Opcode : 'seteq' 'setne' 'setle' 'setge' 'setlt' 'setgt'> <InPorts = 2> <OutPorts = 1>
ST_1 : Operation 19 [1/1] (0.84ns)   --->   "%add_ln36_1 = add i15 %indvar_flatten262_load, i15 1" [mmult_baseline.cpp:36]   --->   Operation 19 'add' 'add_ln36_1' <Predicate = true> <Delay = 0.84> <CoreInst = "Adder">   --->   Core 1 'Adder' <Latency = 0> <II = 1> <Delay = 0.84> <FuncUnit> <Opcode : 'add' 'sub'> <InPorts = 2> <OutPorts = 1>
ST_1 : Operation 20 [1/1] (0.00ns)   --->   "%br_ln36 = br i1 %icmp_ln36, void %for.inc33, void %VITIS_LOOP_43_5.exitStub" [mmult_baseline.cpp:36]   --->   Operation 20 'br' 'br_ln36' <Predicate = true> <Delay = 0.00>
ST_1 : Operation 21 [1/1] (0.42ns)   --->   "%store_ln36 = store i15 %add_ln36_1, i15 %indvar_flatten262" [mmult_baseline.cpp:36]   --->   Operation 21 'store' 'store_ln36' <Predicate = (!icmp_ln36)> <Delay = 0.42>

State 2 <SV = 1> <Delay = 7.30>
ST_2 : Operation 22 [1/1] (0.00ns)   --->   "%gmem_addr = getelementptr i32 %gmem, i64 %sext_ln36_cast" [mmult_baseline.cpp:36]   --->   Operation 22 'getelementptr' 'gmem_addr' <Predicate = true> <Delay = 0.00>
ST_2 : Operation 23 [1/1] (7.30ns)   --->   "%gmem_addr_read = read i32 @_ssdm_op_Read.m_axi.p1i32, i32 %gmem_addr" [mmult_baseline.cpp:39]   --->   Operation 23 'read' 'gmem_addr_read' <Predicate = true> <Delay = 7.30> <CoreInst = "m_axi">   --->   Core 119 'm_axi' <Latency = 0> <II = 1> <Delay = 1.00> <Adapter> <Opcode : 'read' 'write' 'readreq' 'writereq' 'writeresp'>
ST_2 : Operation 68 [1/1] (0.42ns)   --->   "%ret_ln0 = ret"   --->   Operation 68 'ret' 'ret_ln0' <Predicate = (icmp_ln36)> <Delay = 0.42>

State 3 <SV = 2> <Delay = 3.19>
ST_3 : Operation 24 [1/1] (0.00ns)   --->   "%j_load = load i8 %j" [mmult_baseline.cpp:37]   --->   Operation 24 'load' 'j_load' <Predicate = true> <Delay = 0.00>
ST_3 : Operation 25 [1/1] (0.00ns)   --->   "%i_load = load i8 %i" [mmult_baseline.cpp:36]   --->   Operation 25 'load' 'i_load' <Predicate = true> <Delay = 0.00>
ST_3 : Operation 26 [1/1] (0.76ns)   --->   "%add_ln36 = add i8 %i_load, i8 1" [mmult_baseline.cpp:36]   --->   Operation 26 'add' 'add_ln36' <Predicate = true> <Delay = 0.76> <CoreInst = "Adder">   --->   Core 1 'Adder' <Latency = 0> <II = 1> <Delay = 0.76> <FuncUnit> <Opcode : 'add' 'sub'> <InPorts = 2> <OutPorts = 1>
ST_3 : Operation 27 [1/1] (0.00ns)   --->   "%specloopname_ln0 = specloopname void @_ssdm_op_SpecLoopName, void @VITIS_LOOP_36_3_VITIS_LOOP_37_4_str"   --->   Operation 27 'specloopname' 'specloopname_ln0' <Predicate = true> <Delay = 0.00>
ST_3 : Operation 28 [1/1] (0.00ns)   --->   "%speclooptripcount_ln0 = speclooptripcount void @_ssdm_op_SpecLoopTripCount, i64 16384, i64 16384, i64 16384"   --->   Operation 28 'speclooptripcount' 'speclooptripcount_ln0' <Predicate = true> <Delay = 0.00>
ST_3 : Operation 29 [1/1] (0.76ns)   --->   "%icmp_ln37 = icmp_eq  i8 %j_load, i8 128" [mmult_baseline.cpp:37]   --->   Operation 29 'icmp' 'icmp_ln37' <Predicate = true> <Delay = 0.76> <CoreInst = "Cmp">   --->   Core 9 'Cmp' <Latency = 0> <II = 1> <Delay = 0.76> <FuncUnit> <Opcode : 'seteq' 'setne' 'setle' 'setge' 'setlt' 'setgt'> <InPorts = 2> <OutPorts = 1>
ST_3 : Operation 30 [1/1] (0.39ns)   --->   "%select_ln36 = select i1 %icmp_ln37, i8 0, i8 %j_load" [mmult_baseline.cpp:36]   --->   Operation 30 'select' 'select_ln36' <Predicate = true> <Delay = 0.39> <CoreInst = "Sel">   --->   Core 73 'Sel' <Latency = 0> <II = 1> <Delay = 0.39> <FuncUnit> <Opcode : 'select'> <InPorts = 3> <OutPorts = 1>
ST_3 : Operation 31 [1/1] (0.39ns)   --->   "%select_ln36_1 = select i1 %icmp_ln37, i8 %add_ln36, i8 %i_load" [mmult_baseline.cpp:36]   --->   Operation 31 'select' 'select_ln36_1' <Predicate = true> <Delay = 0.39> <CoreInst = "Sel">   --->   Core 73 'Sel' <Latency = 0> <II = 1> <Delay = 0.39> <FuncUnit> <Opcode : 'select'> <InPorts = 3> <OutPorts = 1>
ST_3 : Operation 32 [1/1] (0.00ns)   --->   "%trunc_ln36 = trunc i8 %select_ln36_1" [mmult_baseline.cpp:36]   --->   Operation 32 'trunc' 'trunc_ln36' <Predicate = true> <Delay = 0.00>
ST_3 : Operation 33 [1/1] (0.00ns)   --->   "%lshr_ln1 = partselect i4 @_ssdm_op_PartSelect.i4.i8.i32.i32, i8 %select_ln36_1, i32 3, i32 6" [mmult_baseline.cpp:36]   --->   Operation 33 'partselect' 'lshr_ln1' <Predicate = true> <Delay = 0.00>
ST_3 : Operation 34 [1/1] (0.00ns)   --->   "%tmp_1 = bitconcatenate i11 @_ssdm_op_BitConcatenate.i11.i4.i7, i4 %lshr_ln1, i7 0" [mmult_baseline.cpp:39]   --->   Operation 34 'bitconcatenate' 'tmp_1' <Predicate = true> <Delay = 0.00>
ST_3 : Operation 35 [1/1] (0.00ns)   --->   "%zext_ln39 = zext i8 %select_ln36" [mmult_baseline.cpp:39]   --->   Operation 35 'zext' 'zext_ln39' <Predicate = true> <Delay = 0.00>
ST_3 : Operation 36 [1/1] (0.79ns)   --->   "%add_ln39 = add i11 %tmp_1, i11 %zext_ln39" [mmult_baseline.cpp:39]   --->   Operation 36 'add' 'add_ln39' <Predicate = true> <Delay = 0.79> <CoreInst = "Adder">   --->   Core 1 'Adder' <Latency = 0> <II = 1> <Delay = 0.79> <FuncUnit> <Opcode : 'add' 'sub'> <InPorts = 2> <OutPorts = 1>
ST_3 : Operation 37 [1/1] (0.00ns)   --->   "%zext_ln39_1 = zext i11 %add_ln39" [mmult_baseline.cpp:39]   --->   Operation 37 'zext' 'zext_ln39_1' <Predicate = true> <Delay = 0.00>
ST_3 : Operation 38 [1/1] (0.00ns)   --->   "%B_addr = getelementptr i32 %B, i64 0, i64 %zext_ln39_1" [mmult_baseline.cpp:39]   --->   Operation 38 'getelementptr' 'B_addr' <Predicate = true> <Delay = 0.00>
ST_3 : Operation 39 [1/1] (0.00ns)   --->   "%B_1_addr = getelementptr i32 %B_1, i64 0, i64 %zext_ln39_1" [mmult_baseline.cpp:39]   --->   Operation 39 'getelementptr' 'B_1_addr' <Predicate = true> <Delay = 0.00>
ST_3 : Operation 40 [1/1] (0.00ns)   --->   "%B_2_addr = getelementptr i32 %B_2, i64 0, i64 %zext_ln39_1" [mmult_baseline.cpp:39]   --->   Operation 40 'getelementptr' 'B_2_addr' <Predicate = true> <Delay = 0.00>
ST_3 : Operation 41 [1/1] (0.00ns)   --->   "%B_3_addr = getelementptr i32 %B_3, i64 0, i64 %zext_ln39_1" [mmult_baseline.cpp:39]   --->   Operation 41 'getelementptr' 'B_3_addr' <Predicate = true> <Delay = 0.00>
ST_3 : Operation 42 [1/1] (0.00ns)   --->   "%B_4_addr = getelementptr i32 %B_4, i64 0, i64 %zext_ln39_1" [mmult_baseline.cpp:39]   --->   Operation 42 'getelementptr' 'B_4_addr' <Predicate = true> <Delay = 0.00>
ST_3 : Operation 43 [1/1] (0.00ns)   --->   "%B_5_addr = getelementptr i32 %B_5, i64 0, i64 %zext_ln39_1" [mmult_baseline.cpp:39]   --->   Operation 43 'getelementptr' 'B_5_addr' <Predicate = true> <Delay = 0.00>
ST_3 : Operation 44 [1/1] (0.00ns)   --->   "%B_6_addr = getelementptr i32 %B_6, i64 0, i64 %zext_ln39_1" [mmult_baseline.cpp:39]   --->   Operation 44 'getelementptr' 'B_6_addr' <Predicate = true> <Delay = 0.00>
ST_3 : Operation 45 [1/1] (0.00ns)   --->   "%B_7_addr = getelementptr i32 %B_7, i64 0, i64 %zext_ln39_1" [mmult_baseline.cpp:39]   --->   Operation 45 'getelementptr' 'B_7_addr' <Predicate = true> <Delay = 0.00>
ST_3 : Operation 46 [1/1] (0.00ns)   --->   "%specpipeline_ln38 = specpipeline void @_ssdm_op_SpecPipeline, i32 1, i32 0, i32 0, i32 0, void @empty_0" [mmult_baseline.cpp:38]   --->   Operation 46 'specpipeline' 'specpipeline_ln38' <Predicate = true> <Delay = 0.00>
ST_3 : Operation 47 [1/1] (0.73ns)   --->   "%switch_ln39 = switch i3 %trunc_ln36, void %arrayidx293.case.7, i3 0, void %arrayidx293.case.0, i3 1, void %arrayidx293.case.1, i3 2, void %arrayidx293.case.2, i3 3, void %arrayidx293.case.3, i3 4, void %arrayidx293.case.4, i3 5, void %arrayidx293.case.5, i3 6, void %arrayidx293.case.6" [mmult_baseline.cpp:39]   --->   Operation 47 'switch' 'switch_ln39' <Predicate = true> <Delay = 0.73>
ST_3 : Operation 48 [1/1] (1.23ns)   --->   "%store_ln39 = store i32 %gmem_addr_read, i11 %B_6_addr" [mmult_baseline.cpp:39]   --->   Operation 48 'store' 'store_ln39' <Predicate = (trunc_ln36 == 6)> <Delay = 1.23> <CoreInst = "RAM_1WnR">   --->   Core 83 'RAM_1WnR' <Latency = 1> <II = 1> <Delay = 1.23> <Storage> <Opcode : 'load' 'store'> <Ports = 17> <Width = 32> <Depth = 2048> <RAM>
ST_3 : Operation 49 [1/1] (0.00ns)   --->   "%br_ln39 = br void %arrayidx293.exit" [mmult_baseline.cpp:39]   --->   Operation 49 'br' 'br_ln39' <Predicate = (trunc_ln36 == 6)> <Delay = 0.00>
ST_3 : Operation 50 [1/1] (1.23ns)   --->   "%store_ln39 = store i32 %gmem_addr_read, i11 %B_5_addr" [mmult_baseline.cpp:39]   --->   Operation 50 'store' 'store_ln39' <Predicate = (trunc_ln36 == 5)> <Delay = 1.23> <CoreInst = "RAM_1WnR">   --->   Core 83 'RAM_1WnR' <Latency = 1> <II = 1> <Delay = 1.23> <Storage> <Opcode : 'load' 'store'> <Ports = 17> <Width = 32> <Depth = 2048> <RAM>
ST_3 : Operation 51 [1/1] (0.00ns)   --->   "%br_ln39 = br void %arrayidx293.exit" [mmult_baseline.cpp:39]   --->   Operation 51 'br' 'br_ln39' <Predicate = (trunc_ln36 == 5)> <Delay = 0.00>
ST_3 : Operation 52 [1/1] (1.23ns)   --->   "%store_ln39 = store i32 %gmem_addr_read, i11 %B_4_addr" [mmult_baseline.cpp:39]   --->   Operation 52 'store' 'store_ln39' <Predicate = (trunc_ln36 == 4)> <Delay = 1.23> <CoreInst = "RAM_1WnR">   --->   Core 83 'RAM_1WnR' <Latency = 1> <II = 1> <Delay = 1.23> <Storage> <Opcode : 'load' 'store'> <Ports = 17> <Width = 32> <Depth = 2048> <RAM>
ST_3 : Operation 53 [1/1] (0.00ns)   --->   "%br_ln39 = br void %arrayidx293.exit" [mmult_baseline.cpp:39]   --->   Operation 53 'br' 'br_ln39' <Predicate = (trunc_ln36 == 4)> <Delay = 0.00>
ST_3 : Operation 54 [1/1] (1.23ns)   --->   "%store_ln39 = store i32 %gmem_addr_read, i11 %B_3_addr" [mmult_baseline.cpp:39]   --->   Operation 54 'store' 'store_ln39' <Predicate = (trunc_ln36 == 3)> <Delay = 1.23> <CoreInst = "RAM_1WnR">   --->   Core 83 'RAM_1WnR' <Latency = 1> <II = 1> <Delay = 1.23> <Storage> <Opcode : 'load' 'store'> <Ports = 17> <Width = 32> <Depth = 2048> <RAM>
ST_3 : Operation 55 [1/1] (0.00ns)   --->   "%br_ln39 = br void %arrayidx293.exit" [mmult_baseline.cpp:39]   --->   Operation 55 'br' 'br_ln39' <Predicate = (trunc_ln36 == 3)> <Delay = 0.00>
ST_3 : Operation 56 [1/1] (1.23ns)   --->   "%store_ln39 = store i32 %gmem_addr_read, i11 %B_2_addr" [mmult_baseline.cpp:39]   --->   Operation 56 'store' 'store_ln39' <Predicate = (trunc_ln36 == 2)> <Delay = 1.23> <CoreInst = "RAM_1WnR">   --->   Core 83 'RAM_1WnR' <Latency = 1> <II = 1> <Delay = 1.23> <Storage> <Opcode : 'load' 'store'> <Ports = 17> <Width = 32> <Depth = 2048> <RAM>
ST_3 : Operation 57 [1/1] (0.00ns)   --->   "%br_ln39 = br void %arrayidx293.exit" [mmult_baseline.cpp:39]   --->   Operation 57 'br' 'br_ln39' <Predicate = (trunc_ln36 == 2)> <Delay = 0.00>
ST_3 : Operation 58 [1/1] (1.23ns)   --->   "%store_ln39 = store i32 %gmem_addr_read, i11 %B_1_addr" [mmult_baseline.cpp:39]   --->   Operation 58 'store' 'store_ln39' <Predicate = (trunc_ln36 == 1)> <Delay = 1.23> <CoreInst = "RAM_1WnR">   --->   Core 83 'RAM_1WnR' <Latency = 1> <II = 1> <Delay = 1.23> <Storage> <Opcode : 'load' 'store'> <Ports = 17> <Width = 32> <Depth = 2048> <RAM>
ST_3 : Operation 59 [1/1] (0.00ns)   --->   "%br_ln39 = br void %arrayidx293.exit" [mmult_baseline.cpp:39]   --->   Operation 59 'br' 'br_ln39' <Predicate = (trunc_ln36 == 1)> <Delay = 0.00>
ST_3 : Operation 60 [1/1] (1.23ns)   --->   "%store_ln39 = store i32 %gmem_addr_read, i11 %B_addr" [mmult_baseline.cpp:39]   --->   Operation 60 'store' 'store_ln39' <Predicate = (trunc_ln36 == 0)> <Delay = 1.23> <CoreInst = "RAM_1WnR">   --->   Core 83 'RAM_1WnR' <Latency = 1> <II = 1> <Delay = 1.23> <Storage> <Opcode : 'load' 'store'> <Ports = 17> <Width = 32> <Depth = 2048> <RAM>
ST_3 : Operation 61 [1/1] (0.00ns)   --->   "%br_ln39 = br void %arrayidx293.exit" [mmult_baseline.cpp:39]   --->   Operation 61 'br' 'br_ln39' <Predicate = (trunc_ln36 == 0)> <Delay = 0.00>
ST_3 : Operation 62 [1/1] (1.23ns)   --->   "%store_ln39 = store i32 %gmem_addr_read, i11 %B_7_addr" [mmult_baseline.cpp:39]   --->   Operation 62 'store' 'store_ln39' <Predicate = (trunc_ln36 == 7)> <Delay = 1.23> <CoreInst = "RAM_1WnR">   --->   Core 83 'RAM_1WnR' <Latency = 1> <II = 1> <Delay = 1.23> <Storage> <Opcode : 'load' 'store'> <Ports = 17> <Width = 32> <Depth = 2048> <RAM>
ST_3 : Operation 63 [1/1] (0.00ns)   --->   "%br_ln39 = br void %arrayidx293.exit" [mmult_baseline.cpp:39]   --->   Operation 63 'br' 'br_ln39' <Predicate = (trunc_ln36 == 7)> <Delay = 0.00>
ST_3 : Operation 64 [1/1] (0.76ns)   --->   "%add_ln37 = add i8 %select_ln36, i8 1" [mmult_baseline.cpp:37]   --->   Operation 64 'add' 'add_ln37' <Predicate = true> <Delay = 0.76> <CoreInst = "Adder">   --->   Core 1 'Adder' <Latency = 0> <II = 1> <Delay = 0.76> <FuncUnit> <Opcode : 'add' 'sub'> <InPorts = 2> <OutPorts = 1>
ST_3 : Operation 65 [1/1] (0.42ns)   --->   "%store_ln36 = store i8 %select_ln36_1, i8 %i" [mmult_baseline.cpp:36]   --->   Operation 65 'store' 'store_ln36' <Predicate = true> <Delay = 0.42>
ST_3 : Operation 66 [1/1] (0.42ns)   --->   "%store_ln37 = store i8 %add_ln37, i8 %j" [mmult_baseline.cpp:37]   --->   Operation 66 'store' 'store_ln37' <Predicate = true> <Delay = 0.42>
ST_3 : Operation 67 [1/1] (0.00ns)   --->   "%br_ln37 = br void %for.inc30" [mmult_baseline.cpp:37]   --->   Operation 67 'br' 'br_ln37' <Predicate = true> <Delay = 0.00>


============================================================
+ Verbose Summary: Binding
============================================================
STG Binding: 
---------------- STG Properties BEGIN ----------------
- Is combinational: 0
- Is one-state seq: 0
- Is datapath-only: 0
- Is pipelined: 0
- Is top level: 0
Port [ Return ] is wired: 1; IO mode=ap_ctrl_hs:ce=0
Port [ gmem]:  wired=1; compound=1; hidden=0; nouse=0; global=0; static=0; extern=0; dir=0; type=4; pingpong=0; private_global=0; IO mode=m_axi:ce=0
Port [ sext_ln36]:  wired=1; compound=0; hidden=0; nouse=0; global=0; static=0; extern=0; dir=0; type=0; pingpong=0; private_global=0; IO mode=ap_none:ce=0
Port [ B]:  wired=1; compound=1; hidden=0; nouse=0; global=0; static=0; extern=0; dir=1; type=1; pingpong=0; private_global=0; MemPort=[03333333333333333]; IO mode=ap_memory:ce=0
Port [ B_1]:  wired=1; compound=1; hidden=0; nouse=0; global=0; static=0; extern=0; dir=1; type=1; pingpong=0; private_global=0; MemPort=[03333333333333333]; IO mode=ap_memory:ce=0
Port [ B_2]:  wired=1; compound=1; hidden=0; nouse=0; global=0; static=0; extern=0; dir=1; type=1; pingpong=0; private_global=0; MemPort=[03333333333333333]; IO mode=ap_memory:ce=0
Port [ B_3]:  wired=1; compound=1; hidden=0; nouse=0; global=0; static=0; extern=0; dir=1; type=1; pingpong=0; private_global=0; MemPort=[03333333333333333]; IO mode=ap_memory:ce=0
Port [ B_4]:  wired=1; compound=1; hidden=0; nouse=0; global=0; static=0; extern=0; dir=1; type=1; pingpong=0; private_global=0; MemPort=[03333333333333333]; IO mode=ap_memory:ce=0
Port [ B_5]:  wired=1; compound=1; hidden=0; nouse=0; global=0; static=0; extern=0; dir=1; type=1; pingpong=0; private_global=0; MemPort=[03333333333333333]; IO mode=ap_memory:ce=0
Port [ B_6]:  wired=1; compound=1; hidden=0; nouse=0; global=0; static=0; extern=0; dir=1; type=1; pingpong=0; private_global=0; MemPort=[03333333333333333]; IO mode=ap_memory:ce=0
Port [ B_7]:  wired=1; compound=1; hidden=0; nouse=0; global=0; static=0; extern=0; dir=1; type=1; pingpong=0; private_global=0; MemPort=[03333333333333333]; IO mode=ap_memory:ce=0
---------------- STG Properties END ------------------

---------------- Datapath Model BEGIN ----------------

<LifeTime>
<method=bitvector/>
j                      (alloca           ) [ 0111]
i                      (alloca           ) [ 0111]
indvar_flatten262      (alloca           ) [ 0100]
sext_ln36_read         (read             ) [ 0000]
sext_ln36_cast         (sext             ) [ 0110]
specinterface_ln0      (specinterface    ) [ 0000]
store_ln0              (store            ) [ 0000]
store_ln36             (store            ) [ 0000]
store_ln37             (store            ) [ 0000]
br_ln0                 (br               ) [ 0000]
indvar_flatten262_load (load             ) [ 0000]
specbitsmap_ln0        (specbitsmap      ) [ 0000]
icmp_ln36              (icmp             ) [ 0110]
add_ln36_1             (add              ) [ 0000]
br_ln36                (br               ) [ 0000]
store_ln36             (store            ) [ 0000]
gmem_addr              (getelementptr    ) [ 0000]
gmem_addr_read         (read             ) [ 0101]
j_load                 (load             ) [ 0000]
i_load                 (load             ) [ 0000]
add_ln36               (add              ) [ 0000]
specloopname_ln0       (specloopname     ) [ 0000]
speclooptripcount_ln0  (speclooptripcount) [ 0000]
icmp_ln37              (icmp             ) [ 0000]
select_ln36            (select           ) [ 0000]
select_ln36_1          (select           ) [ 0000]
trunc_ln36             (trunc            ) [ 0101]
lshr_ln1               (partselect       ) [ 0000]
tmp_1                  (bitconcatenate   ) [ 0000]
zext_ln39              (zext             ) [ 0000]
add_ln39               (add              ) [ 0000]
zext_ln39_1            (zext             ) [ 0000]
B_addr                 (getelementptr    ) [ 0000]
B_1_addr               (getelementptr    ) [ 0000]
B_2_addr               (getelementptr    ) [ 0000]
B_3_addr               (getelementptr    ) [ 0000]
B_4_addr               (getelementptr    ) [ 0000]
B_5_addr               (getelementptr    ) [ 0000]
B_6_addr               (getelementptr    ) [ 0000]
B_7_addr               (getelementptr    ) [ 0000]
specpipeline_ln38      (specpipeline     ) [ 0000]
switch_ln39            (switch           ) [ 0000]
store_ln39             (store            ) [ 0000]
br_ln39                (br               ) [ 0000]
store_ln39             (store            ) [ 0000]
br_ln39                (br               ) [ 0000]
store_ln39             (store            ) [ 0000]
br_ln39                (br               ) [ 0000]
store_ln39             (store            ) [ 0000]
br_ln39                (br               ) [ 0000]
store_ln39             (store            ) [ 0000]
br_ln39                (br               ) [ 0000]
store_ln39             (store            ) [ 0000]
br_ln39                (br               ) [ 0000]
store_ln39             (store            ) [ 0000]
br_ln39                (br               ) [ 0000]
store_ln39             (store            ) [ 0000]
br_ln39                (br               ) [ 0000]
add_ln37               (add              ) [ 0000]
store_ln36             (store            ) [ 0000]
store_ln37             (store            ) [ 0000]
br_ln37                (br               ) [ 0000]
ret_ln0                (ret              ) [ 0000]
</LifeTime>

<model>

<comp_list>
<comp id="0" class="1000" name="gmem">
<pin_list>
<pin id="1" dir="1" index="0" bw="1" slack="0"/>
</pin_list>
<bind>
<StgValue><ssdm name="gmem"/></StgValue>
</bind>
</comp>

<comp id="2" class="1000" name="sext_ln36">
<pin_list>
<pin id="3" dir="1" index="0" bw="1" slack="0"/>
</pin_list>
<bind>
<StgValue><ssdm name="sext_ln36"/></StgValue>
</bind>
</comp>

<comp id="4" class="1000" name="B">
<pin_list>
<pin id="5" dir="1" index="0" bw="1" slack="0"/>
</pin_list>
<bind>
<StgValue><ssdm name="B"/><MemPortTyVec>0 3 3 3 3 3 3 3 3 3 3 3 3 3 3 3 3 </MemPortTyVec>
</StgValue>
</bind>
</comp>

<comp id="6" class="1000" name="B_1">
<pin_list>
<pin id="7" dir="1" index="0" bw="1" slack="0"/>
</pin_list>
<bind>
<StgValue><ssdm name="B_1"/><MemPortTyVec>0 3 3 3 3 3 3 3 3 3 3 3 3 3 3 3 3 </MemPortTyVec>
</StgValue>
</bind>
</comp>

<comp id="8" class="1000" name="B_2">
<pin_list>
<pin id="9" dir="1" index="0" bw="1" slack="0"/>
</pin_list>
<bind>
<StgValue><ssdm name="B_2"/><MemPortTyVec>0 3 3 3 3 3 3 3 3 3 3 3 3 3 3 3 3 </MemPortTyVec>
</StgValue>
</bind>
</comp>

<comp id="10" class="1000" name="B_3">
<pin_list>
<pin id="11" dir="1" index="0" bw="1" slack="0"/>
</pin_list>
<bind>
<StgValue><ssdm name="B_3"/><MemPortTyVec>0 3 3 3 3 3 3 3 3 3 3 3 3 3 3 3 3 </MemPortTyVec>
</StgValue>
</bind>
</comp>

<comp id="12" class="1000" name="B_4">
<pin_list>
<pin id="13" dir="1" index="0" bw="1" slack="0"/>
</pin_list>
<bind>
<StgValue><ssdm name="B_4"/><MemPortTyVec>0 3 3 3 3 3 3 3 3 3 3 3 3 3 3 3 3 </MemPortTyVec>
</StgValue>
</bind>
</comp>

<comp id="14" class="1000" name="B_5">
<pin_list>
<pin id="15" dir="1" index="0" bw="1" slack="0"/>
</pin_list>
<bind>
<StgValue><ssdm name="B_5"/><MemPortTyVec>0 3 3 3 3 3 3 3 3 3 3 3 3 3 3 3 3 </MemPortTyVec>
</StgValue>
</bind>
</comp>

<comp id="16" class="1000" name="B_6">
<pin_list>
<pin id="17" dir="1" index="0" bw="1" slack="0"/>
</pin_list>
<bind>
<StgValue><ssdm name="B_6"/><MemPortTyVec>0 3 3 3 3 3 3 3 3 3 3 3 3 3 3 3 3 </MemPortTyVec>
</StgValue>
</bind>
</comp>

<comp id="18" class="1000" name="B_7">
<pin_list>
<pin id="19" dir="1" index="0" bw="1" slack="0"/>
</pin_list>
<bind>
<StgValue><ssdm name="B_7"/><MemPortTyVec>0 3 3 3 3 3 3 3 3 3 3 3 3 3 3 3 3 </MemPortTyVec>
</StgValue>
</bind>
</comp>

<comp id="20" class="1001" name="const_20">
<pin_list>
<pin id="21" dir="1" index="0" bw="1" slack="0"/>
</pin_list>
<bind>
<StgValue><ssdm name=""/></StgValue>
</bind>
</comp>

<comp id="22" class="1001" name="const_22">
<pin_list>
<pin id="23" dir="1" index="0" bw="1" slack="0"/>
</pin_list>
<bind>
<StgValue><ssdm name="_ssdm_op_Read.ap_auto.i62"/></StgValue>
</bind>
</comp>

<comp id="24" class="1001" name="const_24">
<pin_list>
<pin id="25" dir="1" index="0" bw="1" slack="2147483647"/>
</pin_list>
<bind>
<StgValue><ssdm name="_ssdm_op_SpecInterface"/></StgValue>
</bind>
</comp>

<comp id="26" class="1001" name="const_26">
<pin_list>
<pin id="27" dir="1" index="0" bw="1" slack="2147483647"/>
</pin_list>
<bind>
<StgValue><ssdm name="empty"/></StgValue>
</bind>
</comp>

<comp id="28" class="1001" name="const_28">
<pin_list>
<pin id="29" dir="1" index="0" bw="1" slack="2147483647"/>
</pin_list>
<bind>
<StgValue><ssdm name=""/></StgValue>
</bind>
</comp>

<comp id="30" class="1001" name="const_30">
<pin_list>
<pin id="31" dir="1" index="0" bw="1" slack="2147483647"/>
</pin_list>
<bind>
<StgValue><ssdm name="empty_0"/></StgValue>
</bind>
</comp>

<comp id="32" class="1001" name="const_32">
<pin_list>
<pin id="33" dir="1" index="0" bw="1" slack="2147483647"/>
</pin_list>
<bind>
<StgValue><ssdm name=""/></StgValue>
</bind>
</comp>

<comp id="34" class="1001" name="const_34">
<pin_list>
<pin id="35" dir="1" index="0" bw="1" slack="2147483647"/>
</pin_list>
<bind>
<StgValue><ssdm name="empty_1"/></StgValue>
</bind>
</comp>

<comp id="36" class="1001" name="const_36">
<pin_list>
<pin id="37" dir="1" index="0" bw="1" slack="2147483647"/>
</pin_list>
<bind>
<StgValue><ssdm name="empty_2"/></StgValue>
</bind>
</comp>

<comp id="38" class="1001" name="const_38">
<pin_list>
<pin id="39" dir="1" index="0" bw="1" slack="2147483647"/>
</pin_list>
<bind>
<StgValue><ssdm name=""/></StgValue>
</bind>
</comp>

<comp id="40" class="1001" name="const_40">
<pin_list>
<pin id="41" dir="1" index="0" bw="1" slack="2147483647"/>
</pin_list>
<bind>
<StgValue><ssdm name=""/></StgValue>
</bind>
</comp>

<comp id="42" class="1001" name="const_42">
<pin_list>
<pin id="43" dir="1" index="0" bw="1" slack="0"/>
</pin_list>
<bind>
<StgValue><ssdm name=""/></StgValue>
</bind>
</comp>

<comp id="44" class="1001" name="const_44">
<pin_list>
<pin id="45" dir="1" index="0" bw="1" slack="0"/>
</pin_list>
<bind>
<StgValue><ssdm name=""/></StgValue>
</bind>
</comp>

<comp id="46" class="1001" name="const_46">
<pin_list>
<pin id="47" dir="1" index="0" bw="1" slack="2147483647"/>
</pin_list>
<bind>
<StgValue><ssdm name="_ssdm_op_SpecBitsMap"/></StgValue>
</bind>
</comp>

<comp id="48" class="1001" name="const_48">
<pin_list>
<pin id="49" dir="1" index="0" bw="1" slack="0"/>
</pin_list>
<bind>
<StgValue><ssdm name=""/></StgValue>
</bind>
</comp>

<comp id="50" class="1001" name="const_50">
<pin_list>
<pin id="51" dir="1" index="0" bw="1" slack="0"/>
</pin_list>
<bind>
<StgValue><ssdm name=""/></StgValue>
</bind>
</comp>

<comp id="52" class="1001" name="const_52">
<pin_list>
<pin id="53" dir="1" index="0" bw="1" slack="0"/>
</pin_list>
<bind>
<StgValue><ssdm name="_ssdm_op_Read.m_axi.p1i32"/></StgValue>
</bind>
</comp>

<comp id="54" class="1001" name="const_54">
<pin_list>
<pin id="55" dir="1" index="0" bw="1" slack="0"/>
</pin_list>
<bind>
<StgValue><ssdm name=""/></StgValue>
</bind>
</comp>

<comp id="56" class="1001" name="const_56">
<pin_list>
<pin id="57" dir="1" index="0" bw="1" slack="2147483647"/>
</pin_list>
<bind>
<StgValue><ssdm name="_ssdm_op_SpecLoopName"/></StgValue>
</bind>
</comp>

<comp id="58" class="1001" name="const_58">
<pin_list>
<pin id="59" dir="1" index="0" bw="1" slack="2147483647"/>
</pin_list>
<bind>
<StgValue><ssdm name="VITIS_LOOP_36_3_VITIS_LOOP_37_4_str"/></StgValue>
</bind>
</comp>

<comp id="60" class="1001" name="const_60">
<pin_list>
<pin id="61" dir="1" index="0" bw="1" slack="2147483647"/>
</pin_list>
<bind>
<StgValue><ssdm name="_ssdm_op_SpecLoopTripCount"/></StgValue>
</bind>
</comp>

<comp id="62" class="1001" name="const_62">
<pin_list>
<pin id="63" dir="1" index="0" bw="1" slack="2147483647"/>
</pin_list>
<bind>
<StgValue><ssdm name=""/></StgValue>
</bind>
</comp>

<comp id="64" class="1001" name="const_64">
<pin_list>
<pin id="65" dir="1" index="0" bw="1" slack="0"/>
</pin_list>
<bind>
<StgValue><ssdm name=""/></StgValue>
</bind>
</comp>

<comp id="66" class="1001" name="const_66">
<pin_list>
<pin id="67" dir="1" index="0" bw="1" slack="0"/>
</pin_list>
<bind>
<StgValue><ssdm name="_ssdm_op_PartSelect.i4.i8.i32.i32"/></StgValue>
</bind>
</comp>

<comp id="68" class="1001" name="const_68">
<pin_list>
<pin id="69" dir="1" index="0" bw="1" slack="0"/>
</pin_list>
<bind>
<StgValue><ssdm name=""/></StgValue>
</bind>
</comp>

<comp id="70" class="1001" name="const_70">
<pin_list>
<pin id="71" dir="1" index="0" bw="1" slack="0"/>
</pin_list>
<bind>
<StgValue><ssdm name=""/></StgValue>
</bind>
</comp>

<comp id="72" class="1001" name="const_72">
<pin_list>
<pin id="73" dir="1" index="0" bw="1" slack="0"/>
</pin_list>
<bind>
<StgValue><ssdm name="_ssdm_op_BitConcatenate.i11.i4.i7"/></StgValue>
</bind>
</comp>

<comp id="74" class="1001" name="const_74">
<pin_list>
<pin id="75" dir="1" index="0" bw="1" slack="0"/>
</pin_list>
<bind>
<StgValue><ssdm name=""/></StgValue>
</bind>
</comp>

<comp id="76" class="1001" name="const_76">
<pin_list>
<pin id="77" dir="1" index="0" bw="1" slack="0"/>
</pin_list>
<bind>
<StgValue><ssdm name=""/></StgValue>
</bind>
</comp>

<comp id="78" class="1001" name="const_78">
<pin_list>
<pin id="79" dir="1" index="0" bw="1" slack="2147483647"/>
</pin_list>
<bind>
<StgValue><ssdm name="_ssdm_op_SpecPipeline"/></StgValue>
</bind>
</comp>

<comp id="80" class="1001" name="const_80">
<pin_list>
<pin id="81" dir="1" index="0" bw="1" slack="2147483647"/>
</pin_list>
<bind>
<StgValue><ssdm name=""/></StgValue>
</bind>
</comp>

<comp id="82" class="1001" name="const_82">
<pin_list>
<pin id="83" dir="1" index="0" bw="1" slack="2147483647"/>
</pin_list>
<bind>
<StgValue><ssdm name=""/></StgValue>
</bind>
</comp>

<comp id="84" class="1001" name="const_84">
<pin_list>
<pin id="85" dir="1" index="0" bw="1" slack="2147483647"/>
</pin_list>
<bind>
<StgValue><ssdm name=""/></StgValue>
</bind>
</comp>

<comp id="86" class="1001" name="const_86">
<pin_list>
<pin id="87" dir="1" index="0" bw="1" slack="2147483647"/>
</pin_list>
<bind>
<StgValue><ssdm name=""/></StgValue>
</bind>
</comp>

<comp id="88" class="1001" name="const_88">
<pin_list>
<pin id="89" dir="1" index="0" bw="1" slack="2147483647"/>
</pin_list>
<bind>
<StgValue><ssdm name=""/></StgValue>
</bind>
</comp>

<comp id="90" class="1001" name="const_90">
<pin_list>
<pin id="91" dir="1" index="0" bw="1" slack="2147483647"/>
</pin_list>
<bind>
<StgValue><ssdm name=""/></StgValue>
</bind>
</comp>

<comp id="92" class="1001" name="const_92">
<pin_list>
<pin id="93" dir="1" index="0" bw="1" slack="2147483647"/>
</pin_list>
<bind>
<StgValue><ssdm name=""/></StgValue>
</bind>
</comp>

<comp id="94" class="1004" name="j_fu_94">
<pin_list>
<pin id="95" dir="0" index="0" bw="1" slack="0"/>
<pin id="96" dir="1" index="1" bw="8" slack="0"/>
</pin_list>
<bind>
<opcode="alloca(26) " fcode="alloca"/>
<opset="j/1 "/>
</bind>
</comp>

<comp id="98" class="1004" name="i_fu_98">
<pin_list>
<pin id="99" dir="0" index="0" bw="1" slack="0"/>
<pin id="100" dir="1" index="1" bw="8" slack="0"/>
</pin_list>
<bind>
<opcode="alloca(26) " fcode="alloca"/>
<opset="i/1 "/>
</bind>
</comp>

<comp id="102" class="1004" name="indvar_flatten262_fu_102">
<pin_list>
<pin id="103" dir="0" index="0" bw="1" slack="0"/>
<pin id="104" dir="1" index="1" bw="15" slack="0"/>
</pin_list>
<bind>
<opcode="alloca(26) " fcode="alloca"/>
<opset="indvar_flatten262/1 "/>
</bind>
</comp>

<comp id="106" class="1004" name="sext_ln36_read_read_fu_106">
<pin_list>
<pin id="107" dir="0" index="0" bw="62" slack="0"/>
<pin id="108" dir="0" index="1" bw="62" slack="0"/>
<pin id="109" dir="1" index="2" bw="62" slack="0"/>
</pin_list>
<bind>
<opcode="read(1150) " fcode="read"/>
<opset="sext_ln36_read/1 "/>
</bind>
</comp>

<comp id="112" class="1004" name="gmem_addr_read_read_fu_112">
<pin_list>
<pin id="113" dir="0" index="0" bw="32" slack="0"/>
<pin id="114" dir="0" index="1" bw="32" slack="0"/>
<pin id="115" dir="1" index="2" bw="32" slack="1"/>
</pin_list>
<bind>
<opcode="read(1150) " fcode="read"/>
<opset="gmem_addr_read/2 "/>
</bind>
</comp>

<comp id="117" class="1004" name="B_addr_gep_fu_117">
<pin_list>
<pin id="118" dir="0" index="0" bw="32" slack="0"/>
<pin id="119" dir="0" index="1" bw="1" slack="0"/>
<pin id="120" dir="0" index="2" bw="11" slack="0"/>
<pin id="121" dir="1" index="3" bw="11" slack="0"/>
</pin_list>
<bind>
<opcode="getelementptr(29) " fcode="getelementptr"/>
<opset="B_addr/3 "/>
</bind>
</comp>

<comp id="124" class="1004" name="B_1_addr_gep_fu_124">
<pin_list>
<pin id="125" dir="0" index="0" bw="32" slack="0"/>
<pin id="126" dir="0" index="1" bw="1" slack="0"/>
<pin id="127" dir="0" index="2" bw="11" slack="0"/>
<pin id="128" dir="1" index="3" bw="11" slack="0"/>
</pin_list>
<bind>
<opcode="getelementptr(29) " fcode="getelementptr"/>
<opset="B_1_addr/3 "/>
</bind>
</comp>

<comp id="131" class="1004" name="B_2_addr_gep_fu_131">
<pin_list>
<pin id="132" dir="0" index="0" bw="32" slack="0"/>
<pin id="133" dir="0" index="1" bw="1" slack="0"/>
<pin id="134" dir="0" index="2" bw="11" slack="0"/>
<pin id="135" dir="1" index="3" bw="11" slack="0"/>
</pin_list>
<bind>
<opcode="getelementptr(29) " fcode="getelementptr"/>
<opset="B_2_addr/3 "/>
</bind>
</comp>

<comp id="138" class="1004" name="B_3_addr_gep_fu_138">
<pin_list>
<pin id="139" dir="0" index="0" bw="32" slack="0"/>
<pin id="140" dir="0" index="1" bw="1" slack="0"/>
<pin id="141" dir="0" index="2" bw="11" slack="0"/>
<pin id="142" dir="1" index="3" bw="11" slack="0"/>
</pin_list>
<bind>
<opcode="getelementptr(29) " fcode="getelementptr"/>
<opset="B_3_addr/3 "/>
</bind>
</comp>

<comp id="145" class="1004" name="B_4_addr_gep_fu_145">
<pin_list>
<pin id="146" dir="0" index="0" bw="32" slack="0"/>
<pin id="147" dir="0" index="1" bw="1" slack="0"/>
<pin id="148" dir="0" index="2" bw="11" slack="0"/>
<pin id="149" dir="1" index="3" bw="11" slack="0"/>
</pin_list>
<bind>
<opcode="getelementptr(29) " fcode="getelementptr"/>
<opset="B_4_addr/3 "/>
</bind>
</comp>

<comp id="152" class="1004" name="B_5_addr_gep_fu_152">
<pin_list>
<pin id="153" dir="0" index="0" bw="32" slack="0"/>
<pin id="154" dir="0" index="1" bw="1" slack="0"/>
<pin id="155" dir="0" index="2" bw="11" slack="0"/>
<pin id="156" dir="1" index="3" bw="11" slack="0"/>
</pin_list>
<bind>
<opcode="getelementptr(29) " fcode="getelementptr"/>
<opset="B_5_addr/3 "/>
</bind>
</comp>

<comp id="159" class="1004" name="B_6_addr_gep_fu_159">
<pin_list>
<pin id="160" dir="0" index="0" bw="32" slack="0"/>
<pin id="161" dir="0" index="1" bw="1" slack="0"/>
<pin id="162" dir="0" index="2" bw="11" slack="0"/>
<pin id="163" dir="1" index="3" bw="11" slack="0"/>
</pin_list>
<bind>
<opcode="getelementptr(29) " fcode="getelementptr"/>
<opset="B_6_addr/3 "/>
</bind>
</comp>

<comp id="166" class="1004" name="B_7_addr_gep_fu_166">
<pin_list>
<pin id="167" dir="0" index="0" bw="32" slack="0"/>
<pin id="168" dir="0" index="1" bw="1" slack="0"/>
<pin id="169" dir="0" index="2" bw="11" slack="0"/>
<pin id="170" dir="1" index="3" bw="11" slack="0"/>
</pin_list>
<bind>
<opcode="getelementptr(29) " fcode="getelementptr"/>
<opset="B_7_addr/3 "/>
</bind>
</comp>

<comp id="173" class="1004" name="store_ln39_access_fu_173">
<pin_list>
<pin id="174" dir="0" index="0" bw="11" slack="0"/>
<pin id="175" dir="0" index="1" bw="32" slack="1"/>
<pin id="176" dir="0" index="2" bw="0" slack="2147483647"/>
<pin id="177" dir="1" index="3" bw="32" slack="2147483647"/>
</pin_list>
<bind>
<opcode="store(28) " fcode="store"/>
<opset="store_ln39/3 "/>
</bind>
</comp>

<comp id="179" class="1004" name="store_ln39_access_fu_179">
<pin_list>
<pin id="180" dir="0" index="0" bw="11" slack="0"/>
<pin id="181" dir="0" index="1" bw="32" slack="1"/>
<pin id="182" dir="0" index="2" bw="0" slack="2147483647"/>
<pin id="183" dir="1" index="3" bw="32" slack="2147483647"/>
</pin_list>
<bind>
<opcode="store(28) " fcode="store"/>
<opset="store_ln39/3 "/>
</bind>
</comp>

<comp id="185" class="1004" name="store_ln39_access_fu_185">
<pin_list>
<pin id="186" dir="0" index="0" bw="11" slack="0"/>
<pin id="187" dir="0" index="1" bw="32" slack="1"/>
<pin id="188" dir="0" index="2" bw="0" slack="2147483647"/>
<pin id="189" dir="1" index="3" bw="32" slack="2147483647"/>
</pin_list>
<bind>
<opcode="store(28) " fcode="store"/>
<opset="store_ln39/3 "/>
</bind>
</comp>

<comp id="191" class="1004" name="store_ln39_access_fu_191">
<pin_list>
<pin id="192" dir="0" index="0" bw="11" slack="0"/>
<pin id="193" dir="0" index="1" bw="32" slack="1"/>
<pin id="194" dir="0" index="2" bw="0" slack="2147483647"/>
<pin id="195" dir="1" index="3" bw="32" slack="2147483647"/>
</pin_list>
<bind>
<opcode="store(28) " fcode="store"/>
<opset="store_ln39/3 "/>
</bind>
</comp>

<comp id="197" class="1004" name="store_ln39_access_fu_197">
<pin_list>
<pin id="198" dir="0" index="0" bw="11" slack="0"/>
<pin id="199" dir="0" index="1" bw="32" slack="1"/>
<pin id="200" dir="0" index="2" bw="0" slack="2147483647"/>
<pin id="201" dir="1" index="3" bw="32" slack="2147483647"/>
</pin_list>
<bind>
<opcode="store(28) " fcode="store"/>
<opset="store_ln39/3 "/>
</bind>
</comp>

<comp id="203" class="1004" name="store_ln39_access_fu_203">
<pin_list>
<pin id="204" dir="0" index="0" bw="11" slack="0"/>
<pin id="205" dir="0" index="1" bw="32" slack="1"/>
<pin id="206" dir="0" index="2" bw="0" slack="2147483647"/>
<pin id="207" dir="1" index="3" bw="32" slack="2147483647"/>
</pin_list>
<bind>
<opcode="store(28) " fcode="store"/>
<opset="store_ln39/3 "/>
</bind>
</comp>

<comp id="209" class="1004" name="store_ln39_access_fu_209">
<pin_list>
<pin id="210" dir="0" index="0" bw="11" slack="0"/>
<pin id="211" dir="0" index="1" bw="32" slack="1"/>
<pin id="212" dir="0" index="2" bw="0" slack="2147483647"/>
<pin id="213" dir="1" index="3" bw="32" slack="2147483647"/>
</pin_list>
<bind>
<opcode="store(28) " fcode="store"/>
<opset="store_ln39/3 "/>
</bind>
</comp>

<comp id="215" class="1004" name="store_ln39_access_fu_215">
<pin_list>
<pin id="216" dir="0" index="0" bw="11" slack="0"/>
<pin id="217" dir="0" index="1" bw="32" slack="1"/>
<pin id="218" dir="0" index="2" bw="0" slack="2147483647"/>
<pin id="219" dir="1" index="3" bw="32" slack="2147483647"/>
</pin_list>
<bind>
<opcode="store(28) " fcode="store"/>
<opset="store_ln39/3 "/>
</bind>
</comp>

<comp id="221" class="1004" name="sext_ln36_cast_fu_221">
<pin_list>
<pin id="222" dir="0" index="0" bw="62" slack="0"/>
<pin id="223" dir="1" index="1" bw="64" slack="1"/>
</pin_list>
<bind>
<opcode="sext(35) " fcode="sext"/>
<opset="sext_ln36_cast/1 "/>
</bind>
</comp>

<comp id="225" class="1004" name="store_ln0_store_fu_225">
<pin_list>
<pin id="226" dir="0" index="0" bw="1" slack="0"/>
<pin id="227" dir="0" index="1" bw="15" slack="0"/>
<pin id="228" dir="1" index="2" bw="0" slack="2147483647"/>
</pin_list>
<bind>
<opcode="store(28) " fcode="store"/>
<opset="store_ln0/1 "/>
</bind>
</comp>

<comp id="230" class="1004" name="store_ln36_store_fu_230">
<pin_list>
<pin id="231" dir="0" index="0" bw="1" slack="0"/>
<pin id="232" dir="0" index="1" bw="8" slack="0"/>
<pin id="233" dir="1" index="2" bw="0" slack="2147483647"/>
</pin_list>
<bind>
<opcode="store(28) " fcode="store"/>
<opset="store_ln36/1 "/>
</bind>
</comp>

<comp id="235" class="1004" name="store_ln37_store_fu_235">
<pin_list>
<pin id="236" dir="0" index="0" bw="1" slack="0"/>
<pin id="237" dir="0" index="1" bw="8" slack="0"/>
<pin id="238" dir="1" index="2" bw="0" slack="2147483647"/>
</pin_list>
<bind>
<opcode="store(28) " fcode="store"/>
<opset="store_ln37/1 "/>
</bind>
</comp>

<comp id="240" class="1004" name="indvar_flatten262_load_load_fu_240">
<pin_list>
<pin id="241" dir="0" index="0" bw="15" slack="0"/>
<pin id="242" dir="1" index="1" bw="15" slack="0"/>
</pin_list>
<bind>
<opcode="load(27) " fcode="load"/>
<opset="indvar_flatten262_load/1 "/>
</bind>
</comp>

<comp id="243" class="1004" name="icmp_ln36_fu_243">
<pin_list>
<pin id="244" dir="0" index="0" bw="15" slack="0"/>
<pin id="245" dir="0" index="1" bw="15" slack="0"/>
<pin id="246" dir="1" index="2" bw="1" slack="1"/>
</pin_list>
<bind>
<opcode="icmp(45) " fcode="icmp"/>
<opset="icmp_ln36/1 "/>
</bind>
</comp>

<comp id="249" class="1004" name="add_ln36_1_fu_249">
<pin_list>
<pin id="250" dir="0" index="0" bw="15" slack="0"/>
<pin id="251" dir="0" index="1" bw="1" slack="0"/>
<pin id="252" dir="1" index="2" bw="15" slack="0"/>
</pin_list>
<bind>
<opcode="add(8) " fcode="add"/>
<opset="add_ln36_1/1 "/>
</bind>
</comp>

<comp id="255" class="1004" name="store_ln36_store_fu_255">
<pin_list>
<pin id="256" dir="0" index="0" bw="15" slack="0"/>
<pin id="257" dir="0" index="1" bw="15" slack="0"/>
<pin id="258" dir="1" index="2" bw="0" slack="2147483647"/>
</pin_list>
<bind>
<opcode="store(28) " fcode="store"/>
<opset="store_ln36/1 "/>
</bind>
</comp>

<comp id="260" class="1004" name="gmem_addr_fu_260">
<pin_list>
<pin id="261" dir="0" index="0" bw="32" slack="0"/>
<pin id="262" dir="0" index="1" bw="62" slack="1"/>
<pin id="263" dir="1" index="2" bw="32" slack="0"/>
</pin_list>
<bind>
<opcode="getelementptr(29) " fcode="getelementptr"/>
<opset="gmem_addr/2 "/>
</bind>
</comp>

<comp id="266" class="1004" name="j_load_load_fu_266">
<pin_list>
<pin id="267" dir="0" index="0" bw="8" slack="2"/>
<pin id="268" dir="1" index="1" bw="8" slack="0"/>
</pin_list>
<bind>
<opcode="load(27) " fcode="load"/>
<opset="j_load/3 "/>
</bind>
</comp>

<comp id="269" class="1004" name="i_load_load_fu_269">
<pin_list>
<pin id="270" dir="0" index="0" bw="8" slack="2"/>
<pin id="271" dir="1" index="1" bw="8" slack="0"/>
</pin_list>
<bind>
<opcode="load(27) " fcode="load"/>
<opset="i_load/3 "/>
</bind>
</comp>

<comp id="272" class="1004" name="add_ln36_fu_272">
<pin_list>
<pin id="273" dir="0" index="0" bw="8" slack="0"/>
<pin id="274" dir="0" index="1" bw="1" slack="0"/>
<pin id="275" dir="1" index="2" bw="8" slack="0"/>
</pin_list>
<bind>
<opcode="add(8) " fcode="add"/>
<opset="add_ln36/3 "/>
</bind>
</comp>

<comp id="278" class="1004" name="icmp_ln37_fu_278">
<pin_list>
<pin id="279" dir="0" index="0" bw="8" slack="0"/>
<pin id="280" dir="0" index="1" bw="8" slack="0"/>
<pin id="281" dir="1" index="2" bw="1" slack="0"/>
</pin_list>
<bind>
<opcode="icmp(45) " fcode="icmp"/>
<opset="icmp_ln37/3 "/>
</bind>
</comp>

<comp id="284" class="1004" name="select_ln36_fu_284">
<pin_list>
<pin id="285" dir="0" index="0" bw="1" slack="0"/>
<pin id="286" dir="0" index="1" bw="1" slack="0"/>
<pin id="287" dir="0" index="2" bw="8" slack="0"/>
<pin id="288" dir="1" index="3" bw="8" slack="0"/>
</pin_list>
<bind>
<opcode="select(49) " fcode="select"/>
<opset="select_ln36/3 "/>
</bind>
</comp>

<comp id="292" class="1004" name="select_ln36_1_fu_292">
<pin_list>
<pin id="293" dir="0" index="0" bw="1" slack="0"/>
<pin id="294" dir="0" index="1" bw="8" slack="0"/>
<pin id="295" dir="0" index="2" bw="8" slack="0"/>
<pin id="296" dir="1" index="3" bw="8" slack="0"/>
</pin_list>
<bind>
<opcode="select(49) " fcode="select"/>
<opset="select_ln36_1/3 "/>
</bind>
</comp>

<comp id="300" class="1004" name="trunc_ln36_fu_300">
<pin_list>
<pin id="301" dir="0" index="0" bw="8" slack="0"/>
<pin id="302" dir="1" index="1" bw="3" slack="2147483647"/>
</pin_list>
<bind>
<opcode="trunc(33) " fcode="trunc"/>
<opset="trunc_ln36/3 "/>
</bind>
</comp>

<comp id="304" class="1004" name="lshr_ln1_fu_304">
<pin_list>
<pin id="305" dir="0" index="0" bw="4" slack="0"/>
<pin id="306" dir="0" index="1" bw="8" slack="0"/>
<pin id="307" dir="0" index="2" bw="3" slack="0"/>
<pin id="308" dir="0" index="3" bw="4" slack="0"/>
<pin id="309" dir="1" index="4" bw="4" slack="0"/>
</pin_list>
<bind>
<opcode="partselect(1002) " fcode="partselect"/>
<opset="lshr_ln1/3 "/>
</bind>
</comp>

<comp id="314" class="1004" name="tmp_1_fu_314">
<pin_list>
<pin id="315" dir="0" index="0" bw="11" slack="0"/>
<pin id="316" dir="0" index="1" bw="4" slack="0"/>
<pin id="317" dir="0" index="2" bw="1" slack="0"/>
<pin id="318" dir="1" index="3" bw="11" slack="0"/>
</pin_list>
<bind>
<opcode="bitconcatenate(1004) " fcode="bitconcatenate"/>
<opset="tmp_1/3 "/>
</bind>
</comp>

<comp id="322" class="1004" name="zext_ln39_fu_322">
<pin_list>
<pin id="323" dir="0" index="0" bw="8" slack="0"/>
<pin id="324" dir="1" index="1" bw="11" slack="0"/>
</pin_list>
<bind>
<opcode="zext(34) " fcode="zext"/>
<opset="zext_ln39/3 "/>
</bind>
</comp>

<comp id="326" class="1004" name="add_ln39_fu_326">
<pin_list>
<pin id="327" dir="0" index="0" bw="11" slack="0"/>
<pin id="328" dir="0" index="1" bw="8" slack="0"/>
<pin id="329" dir="1" index="2" bw="11" slack="0"/>
</pin_list>
<bind>
<opcode="add(8) " fcode="add"/>
<opset="add_ln39/3 "/>
</bind>
</comp>

<comp id="332" class="1004" name="zext_ln39_1_fu_332">
<pin_list>
<pin id="333" dir="0" index="0" bw="11" slack="0"/>
<pin id="334" dir="1" index="1" bw="64" slack="0"/>
</pin_list>
<bind>
<opcode="zext(34) " fcode="zext"/>
<opset="zext_ln39_1/3 "/>
</bind>
</comp>

<comp id="344" class="1004" name="add_ln37_fu_344">
<pin_list>
<pin id="345" dir="0" index="0" bw="8" slack="0"/>
<pin id="346" dir="0" index="1" bw="1" slack="0"/>
<pin id="347" dir="1" index="2" bw="8" slack="0"/>
</pin_list>
<bind>
<opcode="add(8) " fcode="add"/>
<opset="add_ln37/3 "/>
</bind>
</comp>

<comp id="350" class="1004" name="store_ln36_store_fu_350">
<pin_list>
<pin id="351" dir="0" index="0" bw="8" slack="0"/>
<pin id="352" dir="0" index="1" bw="8" slack="2"/>
<pin id="353" dir="1" index="2" bw="0" slack="2147483647"/>
</pin_list>
<bind>
<opcode="store(28) " fcode="store"/>
<opset="store_ln36/3 "/>
</bind>
</comp>

<comp id="355" class="1004" name="store_ln37_store_fu_355">
<pin_list>
<pin id="356" dir="0" index="0" bw="8" slack="0"/>
<pin id="357" dir="0" index="1" bw="8" slack="2"/>
<pin id="358" dir="1" index="2" bw="0" slack="2147483647"/>
</pin_list>
<bind>
<opcode="store(28) " fcode="store"/>
<opset="store_ln37/3 "/>
</bind>
</comp>

<comp id="360" class="1005" name="j_reg_360">
<pin_list>
<pin id="361" dir="0" index="0" bw="8" slack="0"/>
<pin id="362" dir="1" index="1" bw="8" slack="0"/>
</pin_list>
<bind>
<opset="j "/>
</bind>
</comp>

<comp id="367" class="1005" name="i_reg_367">
<pin_list>
<pin id="368" dir="0" index="0" bw="8" slack="0"/>
<pin id="369" dir="1" index="1" bw="8" slack="0"/>
</pin_list>
<bind>
<opset="i "/>
</bind>
</comp>

<comp id="374" class="1005" name="indvar_flatten262_reg_374">
<pin_list>
<pin id="375" dir="0" index="0" bw="15" slack="0"/>
<pin id="376" dir="1" index="1" bw="15" slack="0"/>
</pin_list>
<bind>
<opset="indvar_flatten262 "/>
</bind>
</comp>

<comp id="381" class="1005" name="sext_ln36_cast_reg_381">
<pin_list>
<pin id="382" dir="0" index="0" bw="64" slack="1"/>
<pin id="383" dir="1" index="1" bw="64" slack="1"/>
</pin_list>
<bind>
<opset="sext_ln36_cast "/>
</bind>
</comp>

<comp id="386" class="1005" name="icmp_ln36_reg_386">
<pin_list>
<pin id="387" dir="0" index="0" bw="1" slack="1"/>
<pin id="388" dir="1" index="1" bw="1" slack="2147483647"/>
</pin_list>
<bind>
<opset="icmp_ln36 "/>
</bind>
</comp>

<comp id="390" class="1005" name="gmem_addr_read_reg_390">
<pin_list>
<pin id="391" dir="0" index="0" bw="32" slack="1"/>
<pin id="392" dir="1" index="1" bw="32" slack="1"/>
</pin_list>
<bind>
<opset="gmem_addr_read "/>
</bind>
</comp>

</comp_list>

<net_list>
<net id="97"><net_src comp="20" pin="0"/><net_sink comp="94" pin=0"/></net>

<net id="101"><net_src comp="20" pin="0"/><net_sink comp="98" pin=0"/></net>

<net id="105"><net_src comp="20" pin="0"/><net_sink comp="102" pin=0"/></net>

<net id="110"><net_src comp="22" pin="0"/><net_sink comp="106" pin=0"/></net>

<net id="111"><net_src comp="2" pin="0"/><net_sink comp="106" pin=1"/></net>

<net id="116"><net_src comp="52" pin="0"/><net_sink comp="112" pin=0"/></net>

<net id="122"><net_src comp="4" pin="0"/><net_sink comp="117" pin=0"/></net>

<net id="123"><net_src comp="76" pin="0"/><net_sink comp="117" pin=1"/></net>

<net id="129"><net_src comp="6" pin="0"/><net_sink comp="124" pin=0"/></net>

<net id="130"><net_src comp="76" pin="0"/><net_sink comp="124" pin=1"/></net>

<net id="136"><net_src comp="8" pin="0"/><net_sink comp="131" pin=0"/></net>

<net id="137"><net_src comp="76" pin="0"/><net_sink comp="131" pin=1"/></net>

<net id="143"><net_src comp="10" pin="0"/><net_sink comp="138" pin=0"/></net>

<net id="144"><net_src comp="76" pin="0"/><net_sink comp="138" pin=1"/></net>

<net id="150"><net_src comp="12" pin="0"/><net_sink comp="145" pin=0"/></net>

<net id="151"><net_src comp="76" pin="0"/><net_sink comp="145" pin=1"/></net>

<net id="157"><net_src comp="14" pin="0"/><net_sink comp="152" pin=0"/></net>

<net id="158"><net_src comp="76" pin="0"/><net_sink comp="152" pin=1"/></net>

<net id="164"><net_src comp="16" pin="0"/><net_sink comp="159" pin=0"/></net>

<net id="165"><net_src comp="76" pin="0"/><net_sink comp="159" pin=1"/></net>

<net id="171"><net_src comp="18" pin="0"/><net_sink comp="166" pin=0"/></net>

<net id="172"><net_src comp="76" pin="0"/><net_sink comp="166" pin=1"/></net>

<net id="178"><net_src comp="159" pin="3"/><net_sink comp="173" pin=0"/></net>

<net id="184"><net_src comp="152" pin="3"/><net_sink comp="179" pin=0"/></net>

<net id="190"><net_src comp="145" pin="3"/><net_sink comp="185" pin=0"/></net>

<net id="196"><net_src comp="138" pin="3"/><net_sink comp="191" pin=0"/></net>

<net id="202"><net_src comp="131" pin="3"/><net_sink comp="197" pin=0"/></net>

<net id="208"><net_src comp="124" pin="3"/><net_sink comp="203" pin=0"/></net>

<net id="214"><net_src comp="117" pin="3"/><net_sink comp="209" pin=0"/></net>

<net id="220"><net_src comp="166" pin="3"/><net_sink comp="215" pin=0"/></net>

<net id="224"><net_src comp="106" pin="2"/><net_sink comp="221" pin=0"/></net>

<net id="229"><net_src comp="42" pin="0"/><net_sink comp="225" pin=0"/></net>

<net id="234"><net_src comp="44" pin="0"/><net_sink comp="230" pin=0"/></net>

<net id="239"><net_src comp="44" pin="0"/><net_sink comp="235" pin=0"/></net>

<net id="247"><net_src comp="240" pin="1"/><net_sink comp="243" pin=0"/></net>

<net id="248"><net_src comp="48" pin="0"/><net_sink comp="243" pin=1"/></net>

<net id="253"><net_src comp="240" pin="1"/><net_sink comp="249" pin=0"/></net>

<net id="254"><net_src comp="50" pin="0"/><net_sink comp="249" pin=1"/></net>

<net id="259"><net_src comp="249" pin="2"/><net_sink comp="255" pin=0"/></net>

<net id="264"><net_src comp="0" pin="0"/><net_sink comp="260" pin=0"/></net>

<net id="265"><net_src comp="260" pin="2"/><net_sink comp="112" pin=1"/></net>

<net id="276"><net_src comp="269" pin="1"/><net_sink comp="272" pin=0"/></net>

<net id="277"><net_src comp="54" pin="0"/><net_sink comp="272" pin=1"/></net>

<net id="282"><net_src comp="266" pin="1"/><net_sink comp="278" pin=0"/></net>

<net id="283"><net_src comp="64" pin="0"/><net_sink comp="278" pin=1"/></net>

<net id="289"><net_src comp="278" pin="2"/><net_sink comp="284" pin=0"/></net>

<net id="290"><net_src comp="44" pin="0"/><net_sink comp="284" pin=1"/></net>

<net id="291"><net_src comp="266" pin="1"/><net_sink comp="284" pin=2"/></net>

<net id="297"><net_src comp="278" pin="2"/><net_sink comp="292" pin=0"/></net>

<net id="298"><net_src comp="272" pin="2"/><net_sink comp="292" pin=1"/></net>

<net id="299"><net_src comp="269" pin="1"/><net_sink comp="292" pin=2"/></net>

<net id="303"><net_src comp="292" pin="3"/><net_sink comp="300" pin=0"/></net>

<net id="310"><net_src comp="66" pin="0"/><net_sink comp="304" pin=0"/></net>

<net id="311"><net_src comp="292" pin="3"/><net_sink comp="304" pin=1"/></net>

<net id="312"><net_src comp="68" pin="0"/><net_sink comp="304" pin=2"/></net>

<net id="313"><net_src comp="70" pin="0"/><net_sink comp="304" pin=3"/></net>

<net id="319"><net_src comp="72" pin="0"/><net_sink comp="314" pin=0"/></net>

<net id="320"><net_src comp="304" pin="4"/><net_sink comp="314" pin=1"/></net>

<net id="321"><net_src comp="74" pin="0"/><net_sink comp="314" pin=2"/></net>

<net id="325"><net_src comp="284" pin="3"/><net_sink comp="322" pin=0"/></net>

<net id="330"><net_src comp="314" pin="3"/><net_sink comp="326" pin=0"/></net>

<net id="331"><net_src comp="322" pin="1"/><net_sink comp="326" pin=1"/></net>

<net id="335"><net_src comp="326" pin="2"/><net_sink comp="332" pin=0"/></net>

<net id="336"><net_src comp="332" pin="1"/><net_sink comp="117" pin=2"/></net>

<net id="337"><net_src comp="332" pin="1"/><net_sink comp="124" pin=2"/></net>

<net id="338"><net_src comp="332" pin="1"/><net_sink comp="131" pin=2"/></net>

<net id="339"><net_src comp="332" pin="1"/><net_sink comp="138" pin=2"/></net>

<net id="340"><net_src comp="332" pin="1"/><net_sink comp="145" pin=2"/></net>

<net id="341"><net_src comp="332" pin="1"/><net_sink comp="152" pin=2"/></net>

<net id="342"><net_src comp="332" pin="1"/><net_sink comp="159" pin=2"/></net>

<net id="343"><net_src comp="332" pin="1"/><net_sink comp="166" pin=2"/></net>

<net id="348"><net_src comp="284" pin="3"/><net_sink comp="344" pin=0"/></net>

<net id="349"><net_src comp="54" pin="0"/><net_sink comp="344" pin=1"/></net>

<net id="354"><net_src comp="292" pin="3"/><net_sink comp="350" pin=0"/></net>

<net id="359"><net_src comp="344" pin="2"/><net_sink comp="355" pin=0"/></net>

<net id="363"><net_src comp="94" pin="1"/><net_sink comp="360" pin=0"/></net>

<net id="364"><net_src comp="360" pin="1"/><net_sink comp="235" pin=1"/></net>

<net id="365"><net_src comp="360" pin="1"/><net_sink comp="266" pin=0"/></net>

<net id="366"><net_src comp="360" pin="1"/><net_sink comp="355" pin=1"/></net>

<net id="370"><net_src comp="98" pin="1"/><net_sink comp="367" pin=0"/></net>

<net id="371"><net_src comp="367" pin="1"/><net_sink comp="230" pin=1"/></net>

<net id="372"><net_src comp="367" pin="1"/><net_sink comp="269" pin=0"/></net>

<net id="373"><net_src comp="367" pin="1"/><net_sink comp="350" pin=1"/></net>

<net id="377"><net_src comp="102" pin="1"/><net_sink comp="374" pin=0"/></net>

<net id="378"><net_src comp="374" pin="1"/><net_sink comp="225" pin=1"/></net>

<net id="379"><net_src comp="374" pin="1"/><net_sink comp="240" pin=0"/></net>

<net id="380"><net_src comp="374" pin="1"/><net_sink comp="255" pin=1"/></net>

<net id="384"><net_src comp="221" pin="1"/><net_sink comp="381" pin=0"/></net>

<net id="385"><net_src comp="381" pin="1"/><net_sink comp="260" pin=1"/></net>

<net id="389"><net_src comp="243" pin="2"/><net_sink comp="386" pin=0"/></net>

<net id="393"><net_src comp="112" pin="2"/><net_sink comp="390" pin=0"/></net>

<net id="394"><net_src comp="390" pin="1"/><net_sink comp="173" pin=1"/></net>

<net id="395"><net_src comp="390" pin="1"/><net_sink comp="179" pin=1"/></net>

<net id="396"><net_src comp="390" pin="1"/><net_sink comp="185" pin=1"/></net>

<net id="397"><net_src comp="390" pin="1"/><net_sink comp="191" pin=1"/></net>

<net id="398"><net_src comp="390" pin="1"/><net_sink comp="197" pin=1"/></net>

<net id="399"><net_src comp="390" pin="1"/><net_sink comp="203" pin=1"/></net>

<net id="400"><net_src comp="390" pin="1"/><net_sink comp="209" pin=1"/></net>

<net id="401"><net_src comp="390" pin="1"/><net_sink comp="215" pin=1"/></net>

</net_list>

</model> 
---------------- Datapath Model END ------------------

* FSMD analyzer results:
  - Output states:
	Port: B | {3 }
	Port: B_1 | {3 }
	Port: B_2 | {3 }
	Port: B_3 | {3 }
	Port: B_4 | {3 }
	Port: B_5 | {3 }
	Port: B_6 | {3 }
	Port: B_7 | {3 }
 - Input state : 
	Port: mmult_hw_Pipeline_VITIS_LOOP_36_3_VITIS_LOOP_37_4 : gmem | {2 }
	Port: mmult_hw_Pipeline_VITIS_LOOP_36_3_VITIS_LOOP_37_4 : sext_ln36 | {1 }
  - Chain level:
	State 1
		store_ln0 : 1
		store_ln36 : 1
		store_ln37 : 1
		indvar_flatten262_load : 1
		icmp_ln36 : 2
		add_ln36_1 : 2
		br_ln36 : 3
		store_ln36 : 3
	State 2
		gmem_addr_read : 1
	State 3
		add_ln36 : 1
		icmp_ln37 : 1
		select_ln36 : 2
		select_ln36_1 : 2
		trunc_ln36 : 3
		lshr_ln1 : 3
		tmp_1 : 4
		zext_ln39 : 3
		add_ln39 : 5
		zext_ln39_1 : 6
		B_addr : 7
		B_1_addr : 7
		B_2_addr : 7
		B_3_addr : 7
		B_4_addr : 7
		B_5_addr : 7
		B_6_addr : 7
		B_7_addr : 7
		switch_ln39 : 4
		store_ln39 : 8
		store_ln39 : 8
		store_ln39 : 8
		store_ln39 : 8
		store_ln39 : 8
		store_ln39 : 8
		store_ln39 : 8
		store_ln39 : 8
		add_ln37 : 3
		store_ln36 : 3
		store_ln37 : 4


============================================================
+ Verbose Summary: Datapath Resource usage 
============================================================

* Functional unit list:
|----------|----------------------------|---------|---------|
| Operation|       Functional Unit      |    FF   |   LUT   |
|----------|----------------------------|---------|---------|
|          |      add_ln36_1_fu_249     |    0    |    22   |
|    add   |       add_ln36_fu_272      |    0    |    15   |
|          |       add_ln39_fu_326      |    0    |    18   |
|          |       add_ln37_fu_344      |    0    |    15   |
|----------|----------------------------|---------|---------|
|   icmp   |      icmp_ln36_fu_243      |    0    |    22   |
|          |      icmp_ln37_fu_278      |    0    |    15   |
|----------|----------------------------|---------|---------|
|  select  |     select_ln36_fu_284     |    0    |    8    |
|          |    select_ln36_1_fu_292    |    0    |    8    |
|----------|----------------------------|---------|---------|
|   read   | sext_ln36_read_read_fu_106 |    0    |    0    |
|          | gmem_addr_read_read_fu_112 |    0    |    0    |
|----------|----------------------------|---------|---------|
|   sext   |    sext_ln36_cast_fu_221   |    0    |    0    |
|----------|----------------------------|---------|---------|
|   trunc  |      trunc_ln36_fu_300     |    0    |    0    |
|----------|----------------------------|---------|---------|
|partselect|       lshr_ln1_fu_304      |    0    |    0    |
|----------|----------------------------|---------|---------|
|bitconcatenate|        tmp_1_fu_314        |    0    |    0    |
|----------|----------------------------|---------|---------|
|   zext   |      zext_ln39_fu_322      |    0    |    0    |
|          |     zext_ln39_1_fu_332     |    0    |    0    |
|----------|----------------------------|---------|---------|
|   Total  |                            |    0    |   123   |
|----------|----------------------------|---------|---------|

Memories:
N/A

* Register list:
+-------------------------+--------+
|                         |   FF   |
+-------------------------+--------+
|  gmem_addr_read_reg_390 |   32   |
|        i_reg_367        |    8   |
|    icmp_ln36_reg_386    |    1   |
|indvar_flatten262_reg_374|   15   |
|        j_reg_360        |    8   |
|  sext_ln36_cast_reg_381 |   64   |
+-------------------------+--------+
|          Total          |   128  |
+-------------------------+--------+

* Multiplexer (MUX) list: 
|--------|------|------|------|--------|
|  Comp  |  Pin | Size |  BW  | S x BW |
|--------|------|------|------|--------|
|  Total |      |      |      |    0   |
|--------|------|------|------|--------|



* Summary:
+-----------+--------+--------+
|           |   FF   |   LUT  |
+-----------+--------+--------+
|  Function |    0   |   123  |
|   Memory  |    -   |    -   |
|Multiplexer|    -   |    -   |
|  Register |   128  |    -   |
+-----------+--------+--------+
|   Total   |   128  |   123  |
+-----------+--------+--------+
