

================================================================
== Vitis HLS Report for 'mmult_hw'
================================================================
* Date:           Fri Feb 27 17:18:48 2026

* Version:        2024.1 (Build 5069499 on May 21 2024)
* Project:        matrix-mult
* Solution:       hls (Vivado IP Flow Target)
* Product family: zynquplus
* Target device:  xczu3eg-sfvc784-2-e


================================================================
== Performance Estimates
================================================================
+ Timing: 
    * Summary: 
    +--------+----------+----------+------------+
    |  Clock |  Target  | Estimated| Uncertainty|
    +--------+----------+----------+------------+
    |ap_clk  |  10.00 ns|  7.300 ns|     2.70 ns|
    +--------+----------+----------+------------+

+ Latency: 
    * Summary: 
    +---------+---------+----------+----------+-------+-------+---------+
    |  Latency (cycles) |  Latency (absolute) |    Interval   | Pipeline|
    |   min   |   max   |    min   |    max   |  min  |  max  |   Type  |
    +---------+---------+----------+----------+-------+-------+---------+
    |    49191|    49191|  0.492 ms|  0.492 ms|  49192|  49192|       no|
    +---------+---------+----------+----------+-------+-------+---------+

    + Detail: 
        * Instance: 
        +--------------------------------------------------------------+---------------------------------------------------+---------+---------+----------+----------+-------+-------+-----------------------------------------------+
        |                                                              |                                                   |  Latency (cycles) |  Latency (absolute) |    Interval   |                    Pipeline                   |
        |                           Instance                           |                       Module                      |   min   |   max   |    min   |    max   |  min  |  max  |                      Type                     |
        +--------------------------------------------------------------+---------------------------------------------------+---------+---------+----------+----------+-------+-------+-----------------------------------------------+
        |grp_mmult_hw_Pipeline_VITIS_LOOP_29_1_VITIS_LOOP_30_2_fu_180  |mmult_hw_Pipeline_VITIS_LOOP_29_1_VITIS_LOOP_30_2  |    16387|    16387|  0.164 ms|  0.164 ms|  16385|  16385|  loop auto-rewind stp(delay=0 clock cycles(s))|
        |grp_mmult_hw_Pipeline_VITIS_LOOP_36_3_VITIS_LOOP_37_4_fu_195  |mmult_hw_Pipeline_VITIS_LOOP_36_3_VITIS_LOOP_37_4  |    16387|    16387|  0.164 ms|  0.164 ms|  16385|  16385|  loop auto-rewind stp(delay=0 clock cycles(s))|
        |grp_mmult_hw_Pipeline_VITIS_LOOP_43_5_VITIS_LOOP_44_6_fu_210  |mmult_hw_Pipeline_VITIS_LOOP_43_5_VITIS_LOOP_44_6  |    16389|    16389|  0.164 ms|  0.164 ms|  16385|  16385|  loop auto-rewind stp(delay=0 clock cycles(s))|
        +--------------------------------------------------------------+---------------------------------------------------+---------+---------+----------+----------+-------+-------+-----------------------------------------------+

        * Loop: 
        N/A

============================================================
+ Verbose Summary: Synthesis Manager
============================================================
InlineROM: 1
ExposeGlobal: 0
============================================================
+ Verbose Summary: CDFG Model
============================================================
IsTopModel: 1
ResetActiveHigh: 1
IsCombinational: 0
IsDatapathOnly: 0
HasWiredReturn: 1
HasMFsm: 0
HasVarLatency: 1
IsPipeline: 0
IsRtlPipelined: 0
IsInstanceOverlapped: 0
IsDontTouch: 0
HasImplIP: 0
IsGatedGlobalClock: 0


============================================================
+ Verbose Summary: Schedule
============================================================
* Number of FSM states : 29
* Pipeline : 0
* Dataflow Pipeline: 0

* FSM state transitions: 
1 --> 2 
2 --> 3 
3 --> 4 
4 --> 5 
5 --> 6 
6 --> 7 
7 --> 8 
8 --> 9 
9 --> 10 
10 --> 11 
11 --> 12 
12 --> 13 
13 --> 14 
14 --> 15 
15 --> 16 
16 --> 17 
17 --> 18 
18 --> 19 
19 --> 20 
20 --> 21 
21 --> 22 
22 --> 23 
23 --> 24 
24 --> 25 
25 --> 26 
26 --> 27 
27 --> 28 
28 --> 29 
29 --> 

* FSM state operations: 

State 1 <SV = 0> <Delay = 1.23>
ST_1 : Operation 30 [1/1] (1.00ns)   --->   "%out_r_read = read i64 @_ssdm_op_Read.s_axilite.i64, i64 %out_r"   --->   Operation 30 'read' 'out_r_read' <Predicate = true> <Delay = 1.00> <CoreInst = "s_axilite">   --->   Core 120 's_axilite' <Latency = 0> <II = 1> <Delay = 1.00> <Adapter> <Opcode : 'read' 'write'>
ST_1 : Operation 31 [1/1] (1.00ns)   --->   "%in2_read = read i64 @_ssdm_op_Read.s_axilite.i64, i64 %in2"   --->   Operation 31 'read' 'in2_read' <Predicate = true> <Delay = 1.00> <CoreInst = "s_axilite">   --->   Core 120 's_axilite' <Latency = 0> <II = 1> <Delay = 1.00> <Adapter> <Opcode : 'read' 'write'>
ST_1 : Operation 32 [1/1] (1.00ns)   --->   "%in1_read = read i64 @_ssdm_op_Read.s_axilite.i64, i64 %in1"   --->   Operation 32 'read' 'in1_read' <Predicate = true> <Delay = 1.00> <CoreInst = "s_axilite">   --->   Core 120 's_axilite' <Latency = 0> <II = 1> <Delay = 1.00> <Adapter> <Opcode : 'read' 'write'>
ST_1 : Operation 33 [1/1] (1.23ns)   --->   "%A = alloca i64 1" [mmult_baseline.cpp:23]   --->   Operation 33 'alloca' 'A' <Predicate = true> <Delay = 1.23>
ST_1 : Operation 34 [1/1] (1.23ns)   --->   "%A_1 = alloca i64 1" [mmult_baseline.cpp:23]   --->   Operation 34 'alloca' 'A_1' <Predicate = true> <Delay = 1.23>
ST_1 : Operation 35 [1/1] (1.23ns)   --->   "%A_2 = alloca i64 1" [mmult_baseline.cpp:23]   --->   Operation 35 'alloca' 'A_2' <Predicate = true> <Delay = 1.23>
ST_1 : Operation 36 [1/1] (1.23ns)   --->   "%A_3 = alloca i64 1" [mmult_baseline.cpp:23]   --->   Operation 36 'alloca' 'A_3' <Predicate = true> <Delay = 1.23>
ST_1 : Operation 37 [1/1] (1.23ns)   --->   "%A_4 = alloca i64 1" [mmult_baseline.cpp:23]   --->   Operation 37 'alloca' 'A_4' <Predicate = true> <Delay = 1.23>
ST_1 : Operation 38 [1/1] (1.23ns)   --->   "%A_5 = alloca i64 1" [mmult_baseline.cpp:23]   --->   Operation 38 'alloca' 'A_5' <Predicate = true> <Delay = 1.23>
ST_1 : Operation 39 [1/1] (1.23ns)   --->   "%A_6 = alloca i64 1" [mmult_baseline.cpp:23]   --->   Operation 39 'alloca' 'A_6' <Predicate = true> <Delay = 1.23>
ST_1 : Operation 40 [1/1] (1.23ns)   --->   "%A_7 = alloca i64 1" [mmult_baseline.cpp:23]   --->   Operation 40 'alloca' 'A_7' <Predicate = true> <Delay = 1.23>
ST_1 : Operation 41 [1/1] (1.23ns)   --->   "%B = alloca i64 1" [mmult_baseline.cpp:24]   --->   Operation 41 'alloca' 'B' <Predicate = true> <Delay = 1.23>
ST_1 : Operation 42 [1/1] (1.23ns)   --->   "%B_1 = alloca i64 1" [mmult_baseline.cpp:24]   --->   Operation 42 'alloca' 'B_1' <Predicate = true> <Delay = 1.23>
ST_1 : Operation 43 [1/1] (1.23ns)   --->   "%B_2 = alloca i64 1" [mmult_baseline.cpp:24]   --->   Operation 43 'alloca' 'B_2' <Predicate = true> <Delay = 1.23>
ST_1 : Operation 44 [1/1] (1.23ns)   --->   "%B_3 = alloca i64 1" [mmult_baseline.cpp:24]   --->   Operation 44 'alloca' 'B_3' <Predicate = true> <Delay = 1.23>
ST_1 : Operation 45 [1/1] (1.23ns)   --->   "%B_4 = alloca i64 1" [mmult_baseline.cpp:24]   --->   Operation 45 'alloca' 'B_4' <Predicate = true> <Delay = 1.23>
ST_1 : Operation 46 [1/1] (1.23ns)   --->   "%B_5 = alloca i64 1" [mmult_baseline.cpp:24]   --->   Operation 46 'alloca' 'B_5' <Predicate = true> <Delay = 1.23>
ST_1 : Operation 47 [1/1] (1.23ns)   --->   "%B_6 = alloca i64 1" [mmult_baseline.cpp:24]   --->   Operation 47 'alloca' 'B_6' <Predicate = true> <Delay = 1.23>
ST_1 : Operation 48 [1/1] (1.23ns)   --->   "%B_7 = alloca i64 1" [mmult_baseline.cpp:24]   --->   Operation 48 'alloca' 'B_7' <Predicate = true> <Delay = 1.23>
ST_1 : Operation 49 [1/1] (0.00ns)   --->   "%trunc_ln = partselect i62 @_ssdm_op_PartSelect.i62.i64.i32.i32, i64 %in1_read, i32 2, i32 63" [mmult_baseline.cpp:29]   --->   Operation 49 'partselect' 'trunc_ln' <Predicate = true> <Delay = 0.00>
ST_1 : Operation 50 [1/1] (0.00ns)   --->   "%trunc_ln1 = partselect i62 @_ssdm_op_PartSelect.i62.i64.i32.i32, i64 %in2_read, i32 2, i32 63" [mmult_baseline.cpp:36]   --->   Operation 50 'partselect' 'trunc_ln1' <Predicate = true> <Delay = 0.00>
ST_1 : Operation 51 [1/1] (0.00ns)   --->   "%trunc_ln2 = partselect i62 @_ssdm_op_PartSelect.i62.i64.i32.i32, i64 %out_r_read, i32 2, i32 63" [mmult_baseline.cpp:43]   --->   Operation 51 'partselect' 'trunc_ln2' <Predicate = true> <Delay = 0.00>

State 2 <SV = 1> <Delay = 7.30>
ST_2 : Operation 52 [1/1] (0.00ns)   --->   "%sext_ln29 = sext i62 %trunc_ln" [mmult_baseline.cpp:29]   --->   Operation 52 'sext' 'sext_ln29' <Predicate = true> <Delay = 0.00>
ST_2 : Operation 53 [1/1] (0.00ns)   --->   "%gmem_addr = getelementptr i32 %gmem, i64 %sext_ln29" [mmult_baseline.cpp:29]   --->   Operation 53 'getelementptr' 'gmem_addr' <Predicate = true> <Delay = 0.00>
ST_2 : Operation 54 [8/8] (7.30ns)   --->   "%empty = readreq i1 @_ssdm_op_ReadReq.m_axi.p1i32, i32 %gmem_addr, i64 16384" [mmult_baseline.cpp:29]   --->   Operation 54 'readreq' 'empty' <Predicate = true> <Delay = 7.30> <CoreInst = "m_axi">   --->   Core 119 'm_axi' <Latency = 0> <II = 1> <Delay = 1.00> <Adapter> <Opcode : 'read' 'write' 'readreq' 'writereq' 'writeresp'>

State 3 <SV = 2> <Delay = 7.30>
ST_3 : Operation 55 [7/8] (7.30ns)   --->   "%empty = readreq i1 @_ssdm_op_ReadReq.m_axi.p1i32, i32 %gmem_addr, i64 16384" [mmult_baseline.cpp:29]   --->   Operation 55 'readreq' 'empty' <Predicate = true> <Delay = 7.30> <CoreInst = "m_axi">   --->   Core 119 'm_axi' <Latency = 0> <II = 1> <Delay = 1.00> <Adapter> <Opcode : 'read' 'write' 'readreq' 'writereq' 'writeresp'>

State 4 <SV = 3> <Delay = 7.30>
ST_4 : Operation 56 [6/8] (7.30ns)   --->   "%empty = readreq i1 @_ssdm_op_ReadReq.m_axi.p1i32, i32 %gmem_addr, i64 16384" [mmult_baseline.cpp:29]   --->   Operation 56 'readreq' 'empty' <Predicate = true> <Delay = 7.30> <CoreInst = "m_axi">   --->   Core 119 'm_axi' <Latency = 0> <II = 1> <Delay = 1.00> <Adapter> <Opcode : 'read' 'write' 'readreq' 'writereq' 'writeresp'>

State 5 <SV = 4> <Delay = 7.30>
ST_5 : Operation 57 [5/8] (7.30ns)   --->   "%empty = readreq i1 @_ssdm_op_ReadReq.m_axi.p1i32, i32 %gmem_addr, i64 16384" [mmult_baseline.cpp:29]   --->   Operation 57 'readreq' 'empty' <Predicate = true> <Delay = 7.30> <CoreInst = "m_axi">   --->   Core 119 'm_axi' <Latency = 0> <II = 1> <Delay = 1.00> <Adapter> <Opcode : 'read' 'write' 'readreq' 'writereq' 'writeresp'>

State 6 <SV = 5> <Delay = 7.30>
ST_6 : Operation 58 [4/8] (7.30ns)   --->   "%empty = readreq i1 @_ssdm_op_ReadReq.m_axi.p1i32, i32 %gmem_addr, i64 16384" [mmult_baseline.cpp:29]   --->   Operation 58 'readreq' 'empty' <Predicate = true> <Delay = 7.30> <CoreInst = "m_axi">   --->   Core 119 'm_axi' <Latency = 0> <II = 1> <Delay = 1.00> <Adapter> <Opcode : 'read' 'write' 'readreq' 'writereq' 'writeresp'>

State 7 <SV = 6> <Delay = 7.30>
ST_7 : Operation 59 [3/8] (7.30ns)   --->   "%empty = readreq i1 @_ssdm_op_ReadReq.m_axi.p1i32, i32 %gmem_addr, i64 16384" [mmult_baseline.cpp:29]   --->   Operation 59 'readreq' 'empty' <Predicate = true> <Delay = 7.30> <CoreInst = "m_axi">   --->   Core 119 'm_axi' <Latency = 0> <II = 1> <Delay = 1.00> <Adapter> <Opcode : 'read' 'write' 'readreq' 'writereq' 'writeresp'>

State 8 <SV = 7> <Delay = 7.30>
ST_8 : Operation 60 [2/8] (7.30ns)   --->   "%empty = readreq i1 @_ssdm_op_ReadReq.m_axi.p1i32, i32 %gmem_addr, i64 16384" [mmult_baseline.cpp:29]   --->   Operation 60 'readreq' 'empty' <Predicate = true> <Delay = 7.30> <CoreInst = "m_axi">   --->   Core 119 'm_axi' <Latency = 0> <II = 1> <Delay = 1.00> <Adapter> <Opcode : 'read' 'write' 'readreq' 'writereq' 'writeresp'>

State 9 <SV = 8> <Delay = 7.30>
ST_9 : Operation 61 [1/8] (7.30ns)   --->   "%empty = readreq i1 @_ssdm_op_ReadReq.m_axi.p1i32, i32 %gmem_addr, i64 16384" [mmult_baseline.cpp:29]   --->   Operation 61 'readreq' 'empty' <Predicate = true> <Delay = 7.30> <CoreInst = "m_axi">   --->   Core 119 'm_axi' <Latency = 0> <II = 1> <Delay = 1.00> <Adapter> <Opcode : 'read' 'write' 'readreq' 'writereq' 'writeresp'>

State 10 <SV = 9> <Delay = 0.00>
ST_10 : Operation 62 [2/2] (0.00ns)   --->   "%call_ln29 = call void @mmult_hw_Pipeline_VITIS_LOOP_29_1_VITIS_LOOP_30_2, i32 %gmem, i62 %trunc_ln, i32 %A, i32 %A_1, i32 %A_2, i32 %A_3, i32 %A_4, i32 %A_5, i32 %A_6, i32 %A_7" [mmult_baseline.cpp:29]   --->   Operation 62 'call' 'call_ln29' <Predicate = true> <Delay = 0.00> <CoreType = "Generic">   --->   Core 0 '' <Latency = 0> <II = 1> <Delay = 1.00> <Generic> <Opcode : >

State 11 <SV = 10> <Delay = 0.00>
ST_11 : Operation 63 [1/2] (0.00ns)   --->   "%call_ln29 = call void @mmult_hw_Pipeline_VITIS_LOOP_29_1_VITIS_LOOP_30_2, i32 %gmem, i62 %trunc_ln, i32 %A, i32 %A_1, i32 %A_2, i32 %A_3, i32 %A_4, i32 %A_5, i32 %A_6, i32 %A_7" [mmult_baseline.cpp:29]   --->   Operation 63 'call' 'call_ln29' <Predicate = true> <Delay = 0.00> <CoreType = "Generic">   --->   Core 0 '' <Latency = 0> <II = 1> <Delay = 1.00> <Generic> <Opcode : >

State 12 <SV = 11> <Delay = 7.30>
ST_12 : Operation 64 [1/1] (0.00ns)   --->   "%sext_ln36 = sext i62 %trunc_ln1" [mmult_baseline.cpp:36]   --->   Operation 64 'sext' 'sext_ln36' <Predicate = true> <Delay = 0.00>
ST_12 : Operation 65 [1/1] (0.00ns)   --->   "%gmem_addr_1 = getelementptr i32 %gmem, i64 %sext_ln36" [mmult_baseline.cpp:36]   --->   Operation 65 'getelementptr' 'gmem_addr_1' <Predicate = true> <Delay = 0.00>
ST_12 : Operation 66 [8/8] (7.30ns)   --->   "%empty_20 = readreq i1 @_ssdm_op_ReadReq.m_axi.p1i32, i32 %gmem_addr_1, i64 16384" [mmult_baseline.cpp:36]   --->   Operation 66 'readreq' 'empty_20' <Predicate = true> <Delay = 7.30> <CoreInst = "m_axi">   --->   Core 119 'm_axi' <Latency = 0> <II = 1> <Delay = 1.00> <Adapter> <Opcode : 'read' 'write' 'readreq' 'writereq' 'writeresp'>

State 13 <SV = 12> <Delay = 7.30>
ST_13 : Operation 67 [7/8] (7.30ns)   --->   "%empty_20 = readreq i1 @_ssdm_op_ReadReq.m_axi.p1i32, i32 %gmem_addr_1, i64 16384" [mmult_baseline.cpp:36]   --->   Operation 67 'readreq' 'empty_20' <Predicate = true> <Delay = 7.30> <CoreInst = "m_axi">   --->   Core 119 'm_axi' <Latency = 0> <II = 1> <Delay = 1.00> <Adapter> <Opcode : 'read' 'write' 'readreq' 'writereq' 'writeresp'>

State 14 <SV = 13> <Delay = 7.30>
ST_14 : Operation 68 [6/8] (7.30ns)   --->   "%empty_20 = readreq i1 @_ssdm_op_ReadReq.m_axi.p1i32, i32 %gmem_addr_1, i64 16384" [mmult_baseline.cpp:36]   --->   Operation 68 'readreq' 'empty_20' <Predicate = true> <Delay = 7.30> <CoreInst = "m_axi">   --->   Core 119 'm_axi' <Latency = 0> <II = 1> <Delay = 1.00> <Adapter> <Opcode : 'read' 'write' 'readreq' 'writereq' 'writeresp'>

State 15 <SV = 14> <Delay = 7.30>
ST_15 : Operation 69 [5/8] (7.30ns)   --->   "%empty_20 = readreq i1 @_ssdm_op_ReadReq.m_axi.p1i32, i32 %gmem_addr_1, i64 16384" [mmult_baseline.cpp:36]   --->   Operation 69 'readreq' 'empty_20' <Predicate = true> <Delay = 7.30> <CoreInst = "m_axi">   --->   Core 119 'm_axi' <Latency = 0> <II = 1> <Delay = 1.00> <Adapter> <Opcode : 'read' 'write' 'readreq' 'writereq' 'writeresp'>

State 16 <SV = 15> <Delay = 7.30>
ST_16 : Operation 70 [4/8] (7.30ns)   --->   "%empty_20 = readreq i1 @_ssdm_op_ReadReq.m_axi.p1i32, i32 %gmem_addr_1, i64 16384" [mmult_baseline.cpp:36]   --->   Operation 70 'readreq' 'empty_20' <Predicate = true> <Delay = 7.30> <CoreInst = "m_axi">   --->   Core 119 'm_axi' <Latency = 0> <II = 1> <Delay = 1.00> <Adapter> <Opcode : 'read' 'write' 'readreq' 'writereq' 'writeresp'>

State 17 <SV = 16> <Delay = 7.30>
ST_17 : Operation 71 [3/8] (7.30ns)   --->   "%empty_20 = readreq i1 @_ssdm_op_ReadReq.m_axi.p1i32, i32 %gmem_addr_1, i64 16384" [mmult_baseline.cpp:36]   --->   Operation 71 'readreq' 'empty_20' <Predicate = true> <Delay = 7.30> <CoreInst = "m_axi">   --->   Core 119 'm_axi' <Latency = 0> <II = 1> <Delay = 1.00> <Adapter> <Opcode : 'read' 'write' 'readreq' 'writereq' 'writeresp'>

State 18 <SV = 17> <Delay = 7.30>
ST_18 : Operation 72 [2/8] (7.30ns)   --->   "%empty_20 = readreq i1 @_ssdm_op_ReadReq.m_axi.p1i32, i32 %gmem_addr_1, i64 16384" [mmult_baseline.cpp:36]   --->   Operation 72 'readreq' 'empty_20' <Predicate = true> <Delay = 7.30> <CoreInst = "m_axi">   --->   Core 119 'm_axi' <Latency = 0> <II = 1> <Delay = 1.00> <Adapter> <Opcode : 'read' 'write' 'readreq' 'writereq' 'writeresp'>

State 19 <SV = 18> <Delay = 7.30>
ST_19 : Operation 73 [1/8] (7.30ns)   --->   "%empty_20 = readreq i1 @_ssdm_op_ReadReq.m_axi.p1i32, i32 %gmem_addr_1, i64 16384" [mmult_baseline.cpp:36]   --->   Operation 73 'readreq' 'empty_20' <Predicate = true> <Delay = 7.30> <CoreInst = "m_axi">   --->   Core 119 'm_axi' <Latency = 0> <II = 1> <Delay = 1.00> <Adapter> <Opcode : 'read' 'write' 'readreq' 'writereq' 'writeresp'>

State 20 <SV = 19> <Delay = 0.00>
ST_20 : Operation 74 [2/2] (0.00ns)   --->   "%call_ln36 = call void @mmult_hw_Pipeline_VITIS_LOOP_36_3_VITIS_LOOP_37_4, i32 %gmem, i62 %trunc_ln1, i32 %B, i32 %B_1, i32 %B_2, i32 %B_3, i32 %B_4, i32 %B_5, i32 %B_6, i32 %B_7" [mmult_baseline.cpp:36]   --->   Operation 74 'call' 'call_ln36' <Predicate = true> <Delay = 0.00> <CoreType = "Generic">   --->   Core 0 '' <Latency = 0> <II = 1> <Delay = 1.00> <Generic> <Opcode : >

State 21 <SV = 20> <Delay = 0.00>
ST_21 : Operation 75 [1/2] (0.00ns)   --->   "%call_ln36 = call void @mmult_hw_Pipeline_VITIS_LOOP_36_3_VITIS_LOOP_37_4, i32 %gmem, i62 %trunc_ln1, i32 %B, i32 %B_1, i32 %B_2, i32 %B_3, i32 %B_4, i32 %B_5, i32 %B_6, i32 %B_7" [mmult_baseline.cpp:36]   --->   Operation 75 'call' 'call_ln36' <Predicate = true> <Delay = 0.00> <CoreType = "Generic">   --->   Core 0 '' <Latency = 0> <II = 1> <Delay = 1.00> <Generic> <Opcode : >

State 22 <SV = 21> <Delay = 7.30>
ST_22 : Operation 76 [1/1] (0.00ns)   --->   "%sext_ln43 = sext i62 %trunc_ln2" [mmult_baseline.cpp:43]   --->   Operation 76 'sext' 'sext_ln43' <Predicate = true> <Delay = 0.00>
ST_22 : Operation 77 [1/1] (0.00ns)   --->   "%gmem_addr_2 = getelementptr i32 %gmem, i64 %sext_ln43" [mmult_baseline.cpp:43]   --->   Operation 77 'getelementptr' 'gmem_addr_2' <Predicate = true> <Delay = 0.00>
ST_22 : Operation 78 [1/1] (7.30ns)   --->   "%empty_21 = writereq i1 @_ssdm_op_WriteReq.m_axi.p1i32, i32 %gmem_addr_2, i64 16384" [mmult_baseline.cpp:43]   --->   Operation 78 'writereq' 'empty_21' <Predicate = true> <Delay = 7.30> <CoreInst = "m_axi">   --->   Core 119 'm_axi' <Latency = 0> <II = 1> <Delay = 1.00> <Adapter> <Opcode : 'read' 'write' 'readreq' 'writereq' 'writeresp'>

State 23 <SV = 22> <Delay = 0.00>
ST_23 : Operation 79 [2/2] (0.00ns)   --->   "%call_ln43 = call void @mmult_hw_Pipeline_VITIS_LOOP_43_5_VITIS_LOOP_44_6, i32 %gmem, i32 %B, i32 %B_1, i32 %B_2, i32 %B_3, i32 %B_4, i32 %B_5, i32 %B_6, i32 %B_7, i62 %trunc_ln2, i32 %A, i32 %A_1, i32 %A_2, i32 %A_3, i32 %A_4, i32 %A_5, i32 %A_6, i32 %A_7" [mmult_baseline.cpp:43]   --->   Operation 79 'call' 'call_ln43' <Predicate = true> <Delay = 0.00> <CoreType = "Generic">   --->   Core 0 '' <Latency = 0> <II = 1> <Delay = 1.00> <Generic> <Opcode : >

State 24 <SV = 23> <Delay = 0.00>
ST_24 : Operation 80 [1/2] (0.00ns)   --->   "%call_ln43 = call void @mmult_hw_Pipeline_VITIS_LOOP_43_5_VITIS_LOOP_44_6, i32 %gmem, i32 %B, i32 %B_1, i32 %B_2, i32 %B_3, i32 %B_4, i32 %B_5, i32 %B_6, i32 %B_7, i62 %trunc_ln2, i32 %A, i32 %A_1, i32 %A_2, i32 %A_3, i32 %A_4, i32 %A_5, i32 %A_6, i32 %A_7" [mmult_baseline.cpp:43]   --->   Operation 80 'call' 'call_ln43' <Predicate = true> <Delay = 0.00> <CoreType = "Generic">   --->   Core 0 '' <Latency = 0> <II = 1> <Delay = 1.00> <Generic> <Opcode : >

State 25 <SV = 24> <Delay = 7.30>
ST_25 : Operation 81 [5/5] (7.30ns)   --->   "%empty_22 = writeresp i1 @_ssdm_op_WriteResp.m_axi.p1i32, i32 %gmem_addr_2" [mmult_baseline.cpp:60]   --->   Operation 81 'writeresp' 'empty_22' <Predicate = true> <Delay = 7.30> <CoreInst = "m_axi">   --->   Core 119 'm_axi' <Latency = 0> <II = 1> <Delay = 1.00> <Adapter> <Opcode : 'read' 'write' 'readreq' 'writereq' 'writeresp'>

State 26 <SV = 25> <Delay = 7.30>
ST_26 : Operation 82 [4/5] (7.30ns)   --->   "%empty_22 = writeresp i1 @_ssdm_op_WriteResp.m_axi.p1i32, i32 %gmem_addr_2" [mmult_baseline.cpp:60]   --->   Operation 82 'writeresp' 'empty_22' <Predicate = true> <Delay = 7.30> <CoreInst = "m_axi">   --->   Core 119 'm_axi' <Latency = 0> <II = 1> <Delay = 1.00> <Adapter> <Opcode : 'read' 'write' 'readreq' 'writereq' 'writeresp'>

State 27 <SV = 26> <Delay = 7.30>
ST_27 : Operation 83 [3/5] (7.30ns)   --->   "%empty_22 = writeresp i1 @_ssdm_op_WriteResp.m_axi.p1i32, i32 %gmem_addr_2" [mmult_baseline.cpp:60]   --->   Operation 83 'writeresp' 'empty_22' <Predicate = true> <Delay = 7.30> <CoreInst = "m_axi">   --->   Core 119 'm_axi' <Latency = 0> <II = 1> <Delay = 1.00> <Adapter> <Opcode : 'read' 'write' 'readreq' 'writereq' 'writeresp'>

State 28 <SV = 27> <Delay = 7.30>
ST_28 : Operation 84 [2/5] (7.30ns)   --->   "%empty_22 = writeresp i1 @_ssdm_op_WriteResp.m_axi.p1i32, i32 %gmem_addr_2" [mmult_baseline.cpp:60]   --->   Operation 84 'writeresp' 'empty_22' <Predicate = true> <Delay = 7.30> <CoreInst = "m_axi">   --->   Core 119 'm_axi' <Latency = 0> <II = 1> <Delay = 1.00> <Adapter> <Opcode : 'read' 'write' 'readreq' 'writereq' 'writeresp'>

State 29 <SV = 28> <Delay = 7.30>
ST_29 : Operation 85 [1/1] (0.00ns)   --->   "%spectopmodule_ln10 = spectopmodule void @_ssdm_op_SpecTopModule, void @empty_12" [mmult_baseline.cpp:10]   --->   Operation 85 'spectopmodule' 'spectopmodule_ln10' <Predicate = true> <Delay = 0.00>
ST_29 : Operation 86 [1/1] (0.00ns)   --->   "%specinterface_ln0 = specinterface void @_ssdm_op_SpecInterface, i32 %gmem, void @empty, i32 0, i32 0, void @empty_0, i32 0, i32 16384, void @empty_1, void @empty_2, void @empty_0, i32 16, i32 16, i32 16, i32 16, void @empty_0, void @empty_0, i32 4294967295, i32 0, i32 0"   --->   Operation 86 'specinterface' 'specinterface_ln0' <Predicate = true> <Delay = 0.00>
ST_29 : Operation 87 [1/1] (0.00ns)   --->   "%specbitsmap_ln0 = specbitsmap void @_ssdm_op_SpecBitsMap, i32 %gmem"   --->   Operation 87 'specbitsmap' 'specbitsmap_ln0' <Predicate = true> <Delay = 0.00>
ST_29 : Operation 88 [1/1] (0.00ns)   --->   "%specinterface_ln0 = specinterface void @_ssdm_op_SpecInterface, i64 %in1, void @empty_3, i32 0, i32 0, void @empty_0, i32 0, i32 0, void @empty_4, void @empty_5, void @empty_0, i32 0, i32 0, i32 0, i32 0, void @empty_0, void @empty_6, i32 4294967295, i32 0, i32 0"   --->   Operation 88 'specinterface' 'specinterface_ln0' <Predicate = true> <Delay = 0.00>
ST_29 : Operation 89 [1/1] (0.00ns)   --->   "%specinterface_ln0 = specinterface void @_ssdm_op_SpecInterface, i64 %in1, void @empty_7, i32 0, i32 0, void @empty_0, i32 0, i32 0, void @empty_0, void @empty_0, void @empty_0, i32 0, i32 0, i32 0, i32 0, void @empty_0, void @empty_6, i32 4294967295, i32 0, i32 0"   --->   Operation 89 'specinterface' 'specinterface_ln0' <Predicate = true> <Delay = 0.00>
ST_29 : Operation 90 [1/1] (0.00ns)   --->   "%specinterface_ln0 = specinterface void @_ssdm_op_SpecInterface, i64 %in2, void @empty_3, i32 0, i32 0, void @empty_0, i32 0, i32 0, void @empty_4, void @empty_8, void @empty_0, i32 0, i32 0, i32 0, i32 0, void @empty_0, void @empty_6, i32 4294967295, i32 0, i32 0"   --->   Operation 90 'specinterface' 'specinterface_ln0' <Predicate = true> <Delay = 0.00>
ST_29 : Operation 91 [1/1] (0.00ns)   --->   "%specinterface_ln0 = specinterface void @_ssdm_op_SpecInterface, i64 %in2, void @empty_7, i32 0, i32 0, void @empty_0, i32 0, i32 0, void @empty_0, void @empty_0, void @empty_0, i32 0, i32 0, i32 0, i32 0, void @empty_0, void @empty_6, i32 4294967295, i32 0, i32 0"   --->   Operation 91 'specinterface' 'specinterface_ln0' <Predicate = true> <Delay = 0.00>
ST_29 : Operation 92 [1/1] (0.00ns)   --->   "%specinterface_ln0 = specinterface void @_ssdm_op_SpecInterface, i64 %out_r, void @empty_3, i32 0, i32 0, void @empty_0, i32 0, i32 0, void @empty_4, void @empty_9, void @empty_0, i32 0, i32 0, i32 0, i32 0, void @empty_0, void @empty_6, i32 4294967295, i32 0, i32 0"   --->   Operation 92 'specinterface' 'specinterface_ln0' <Predicate = true> <Delay = 0.00>
ST_29 : Operation 93 [1/1] (0.00ns)   --->   "%specinterface_ln0 = specinterface void @_ssdm_op_SpecInterface, i64 %out_r, void @empty_7, i32 0, i32 0, void @empty_0, i32 0, i32 0, void @empty_0, void @empty_0, void @empty_0, i32 0, i32 0, i32 0, i32 0, void @empty_0, void @empty_6, i32 4294967295, i32 0, i32 0"   --->   Operation 93 'specinterface' 'specinterface_ln0' <Predicate = true> <Delay = 0.00>
ST_29 : Operation 94 [1/1] (0.00ns)   --->   "%specbitsmap_ln0 = specbitsmap void @_ssdm_op_SpecBitsMap, i32 %dim"   --->   Operation 94 'specbitsmap' 'specbitsmap_ln0' <Predicate = true> <Delay = 0.00>
ST_29 : Operation 95 [1/1] (0.00ns)   --->   "%specinterface_ln0 = specinterface void @_ssdm_op_SpecInterface, i32 %dim, void @empty_3, i32 4294967295, i32 4294967295, void @empty_10, i32 0, i32 0, void @empty_11, void @empty_5, void @empty_0, i32 0, i32 0, i32 0, i32 0, void @empty_0, void @empty_0, i32 4294967295, i32 0, i32 0"   --->   Operation 95 'specinterface' 'specinterface_ln0' <Predicate = true> <Delay = 0.00>
ST_29 : Operation 96 [1/1] (0.00ns)   --->   "%specinterface_ln0 = specinterface void @_ssdm_op_SpecInterface, i32 %dim, void @empty_7, i32 4294967295, i32 4294967295, void @empty_0, i32 0, i32 0, void @empty_0, void @empty_0, void @empty_0, i32 0, i32 0, i32 0, i32 0, void @empty_0, void @empty_0, i32 4294967295, i32 0, i32 0"   --->   Operation 96 'specinterface' 'specinterface_ln0' <Predicate = true> <Delay = 0.00>
ST_29 : Operation 97 [1/1] (0.00ns)   --->   "%specinterface_ln0 = specinterface void @_ssdm_op_SpecInterface, i32 0, void @empty_3, i32 0, i32 0, void @empty_0, i32 0, i32 0, void @empty_11, void @empty_0, void @empty_0, i32 0, i32 0, i32 0, i32 0, void @empty_0, void @empty_0, i32 4294967295, i32 0, i32 0"   --->   Operation 97 'specinterface' 'specinterface_ln0' <Predicate = true> <Delay = 0.00>
ST_29 : Operation 98 [1/5] (7.30ns)   --->   "%empty_22 = writeresp i1 @_ssdm_op_WriteResp.m_axi.p1i32, i32 %gmem_addr_2" [mmult_baseline.cpp:60]   --->   Operation 98 'writeresp' 'empty_22' <Predicate = true> <Delay = 7.30> <CoreInst = "m_axi">   --->   Core 119 'm_axi' <Latency = 0> <II = 1> <Delay = 1.00> <Adapter> <Opcode : 'read' 'write' 'readreq' 'writereq' 'writeresp'>
ST_29 : Operation 99 [1/1] (0.00ns)   --->   "%ret_ln60 = ret" [mmult_baseline.cpp:60]   --->   Operation 99 'ret' 'ret_ln60' <Predicate = true> <Delay = 0.00>


============================================================
+ Verbose Summary: Binding
============================================================
STG Binding: 
---------------- STG Properties BEGIN ----------------
- Is combinational: 0
- Is one-state seq: 0
- Is datapath-only: 0
- Is pipelined: 0
- Is top level: 1
Port [ Return ] is wired: 1; IO mode=ap_ctrl_hs:ce=0
Port [ gmem]:  wired=1; compound=1; hidden=0; nouse=0; global=0; static=0; extern=0; dir=2; type=4; pingpong=0; private_global=0; IO mode=m_axi:ce=0
Port [ in1]:  wired=1; compound=0; hidden=0; nouse=0; global=0; static=0; extern=0; dir=0; type=0; pingpong=0; private_global=0; IO mode=ap_none:ce=0
Port [ in2]:  wired=1; compound=0; hidden=0; nouse=0; global=0; static=0; extern=0; dir=0; type=0; pingpong=0; private_global=0; IO mode=ap_none:ce=0
Port [ out_r]:  wired=1; compound=0; hidden=0; nouse=0; global=0; static=0; extern=0; dir=0; type=0; pingpong=0; private_global=0; IO mode=ap_none:ce=0
Port [ dim]:  wired=1; compound=0; hidden=0; nouse=1; global=0; static=0; extern=0; dir=0; type=0; pingpong=0; private_global=0; IO mode=ap_none:ce=0
---------------- STG Properties END ------------------

---------------- Datapath Model BEGIN ----------------

<LifeTime>
<method=bitvector/>
out_r_read         (read         ) [ 000000000000000000000000000000]
in2_read           (read         ) [ 000000000000000000000000000000]
in1_read           (read         ) [ 000000000000000000000000000000]
A                  (alloca       ) [ 001111111111111111111111100000]
A_1                (alloca       ) [ 001111111111111111111111100000]
A_2                (alloca       ) [ 001111111111111111111111100000]
A_3                (alloca       ) [ 001111111111111111111111100000]
A_4                (alloca       ) [ 001111111111111111111111100000]
A_5                (alloca       ) [ 001111111111111111111111100000]
A_6                (alloca       ) [ 001111111111111111111111100000]
A_7                (alloca       ) [ 001111111111111111111111100000]
B                  (alloca       ) [ 001111111111111111111111100000]
B_1                (alloca       ) [ 001111111111111111111111100000]
B_2                (alloca       ) [ 001111111111111111111111100000]
B_3                (alloca       ) [ 001111111111111111111111100000]
B_4                (alloca       ) [ 001111111111111111111111100000]
B_5                (alloca       ) [ 001111111111111111111111100000]
B_6                (alloca       ) [ 001111111111111111111111100000]
B_7                (alloca       ) [ 001111111111111111111111100000]
trunc_ln           (partselect   ) [ 001111111111000000000000000000]
trunc_ln1          (partselect   ) [ 001111111111111111111100000000]
trunc_ln2          (partselect   ) [ 001111111111111111111111100000]
sext_ln29          (sext         ) [ 000000000000000000000000000000]
gmem_addr          (getelementptr) [ 000111111100000000000000000000]
empty              (readreq      ) [ 000000000000000000000000000000]
call_ln29          (call         ) [ 000000000000000000000000000000]
sext_ln36          (sext         ) [ 000000000000000000000000000000]
gmem_addr_1        (getelementptr) [ 000000000000011111110000000000]
empty_20           (readreq      ) [ 000000000000000000000000000000]
call_ln36          (call         ) [ 000000000000000000000000000000]
sext_ln43          (sext         ) [ 000000000000000000000000000000]
gmem_addr_2        (getelementptr) [ 000000000000000000000001111111]
empty_21           (writereq     ) [ 000000000000000000000000000000]
call_ln43          (call         ) [ 000000000000000000000000000000]
spectopmodule_ln10 (spectopmodule) [ 000000000000000000000000000000]
specinterface_ln0  (specinterface) [ 000000000000000000000000000000]
specbitsmap_ln0    (specbitsmap  ) [ 000000000000000000000000000000]
specinterface_ln0  (specinterface) [ 000000000000000000000000000000]
specinterface_ln0  (specinterface) [ 000000000000000000000000000000]
specinterface_ln0  (specinterface) [ 000000000000000000000000000000]
specinterface_ln0  (specinterface) [ 000000000000000000000000000000]
specinterface_ln0  (specinterface) [ 000000000000000000000000000000]
specinterface_ln0  (specinterface) [ 000000000000000000000000000000]
specbitsmap_ln0    (specbitsmap  ) [ 000000000000000000000000000000]
specinterface_ln0  (specinterface) [ 000000000000000000000000000000]
specinterface_ln0  (specinterface) [ 000000000000000000000000000000]
specinterface_ln0  (specinterface) [ 000000000000000000000000000000]
empty_22           (writeresp    ) [ 000000000000000000000000000000]
ret_ln60           (ret          ) [ 000000000000000000000000000000]
</LifeTime>

<model>

<comp_list>
<comp id="0" class="1000" name="gmem">
<pin_list>
<pin id="1" dir="1" index="0" bw="1" slack="0"/>
</pin_list>
<bind>
<StgValue><ssdm name="gmem"/></StgValue>
</bind>
</comp>

<comp id="2" class="1000" name="in1">
<pin_list>
<pin id="3" dir="1" index="0" bw="1" slack="0"/>
</pin_list>
<bind>
<StgValue><ssdm name="in1"/></StgValue>
</bind>
</comp>

<comp id="4" class="1000" name="in2">
<pin_list>
<pin id="5" dir="1" index="0" bw="1" slack="0"/>
</pin_list>
<bind>
<StgValue><ssdm name="in2"/></StgValue>
</bind>
</comp>

<comp id="6" class="1000" name="out_r">
<pin_list>
<pin id="7" dir="1" index="0" bw="1" slack="0"/>
</pin_list>
<bind>
<StgValue><ssdm name="out_r"/></StgValue>
</bind>
</comp>

<comp id="8" class="1000" name="dim">
<pin_list>
<pin id="9" dir="1" index="0" bw="1" slack="2147483647"/>
</pin_list>
<bind>
<StgValue><ssdm name="dim"/></StgValue>
</bind>
</comp>

<comp id="10" class="1001" name="const_10">
<pin_list>
<pin id="11" dir="1" index="0" bw="1" slack="0"/>
</pin_list>
<bind>
<StgValue><ssdm name="_ssdm_op_Read.s_axilite.i64"/></StgValue>
</bind>
</comp>

<comp id="12" class="1001" name="const_12">
<pin_list>
<pin id="13" dir="1" index="0" bw="1" slack="0"/>
</pin_list>
<bind>
<StgValue><ssdm name=""/></StgValue>
</bind>
</comp>

<comp id="14" class="1001" name="const_14">
<pin_list>
<pin id="15" dir="1" index="0" bw="1" slack="0"/>
</pin_list>
<bind>
<StgValue><ssdm name="_ssdm_op_PartSelect.i62.i64.i32.i32"/></StgValue>
</bind>
</comp>

<comp id="16" class="1001" name="const_16">
<pin_list>
<pin id="17" dir="1" index="0" bw="1" slack="0"/>
</pin_list>
<bind>
<StgValue><ssdm name=""/></StgValue>
</bind>
</comp>

<comp id="18" class="1001" name="const_18">
<pin_list>
<pin id="19" dir="1" index="0" bw="1" slack="0"/>
</pin_list>
<bind>
<StgValue><ssdm name=""/></StgValue>
</bind>
</comp>

<comp id="20" class="1001" name="const_20">
<pin_list>
<pin id="21" dir="1" index="0" bw="1" slack="0"/>
</pin_list>
<bind>
<StgValue><ssdm name="_ssdm_op_ReadReq.m_axi.p1i32"/></StgValue>
</bind>
</comp>

<comp id="22" class="1001" name="const_22">
<pin_list>
<pin id="23" dir="1" index="0" bw="1" slack="0"/>
</pin_list>
<bind>
<StgValue><ssdm name=""/></StgValue>
</bind>
</comp>

<comp id="24" class="1001" name="const_24">
<pin_list>
<pin id="25" dir="1" index="0" bw="1" slack="0"/>
</pin_list>
<bind>
<StgValue><ssdm name="mmult_hw_Pipeline_VITIS_LOOP_29_1_VITIS_LOOP_30_2"/></StgValue>
</bind>
</comp>

<comp id="26" class="1001" name="const_26">
<pin_list>
<pin id="27" dir="1" index="0" bw="1" slack="0"/>
</pin_list>
<bind>
<StgValue><ssdm name="mmult_hw_Pipeline_VITIS_LOOP_36_3_VITIS_LOOP_37_4"/></StgValue>
</bind>
</comp>

<comp id="28" class="1001" name="const_28">
<pin_list>
<pin id="29" dir="1" index="0" bw="1" slack="0"/>
</pin_list>
<bind>
<StgValue><ssdm name="_ssdm_op_WriteReq.m_axi.p1i32"/></StgValue>
</bind>
</comp>

<comp id="30" class="1001" name="const_30">
<pin_list>
<pin id="31" dir="1" index="0" bw="1" slack="0"/>
</pin_list>
<bind>
<StgValue><ssdm name="mmult_hw_Pipeline_VITIS_LOOP_43_5_VITIS_LOOP_44_6"/></StgValue>
</bind>
</comp>

<comp id="32" class="1001" name="const_32">
<pin_list>
<pin id="33" dir="1" index="0" bw="1" slack="0"/>
</pin_list>
<bind>
<StgValue><ssdm name="_ssdm_op_WriteResp.m_axi.p1i32"/></StgValue>
</bind>
</comp>

<comp id="34" class="1001" name="const_34">
<pin_list>
<pin id="35" dir="1" index="0" bw="1" slack="2147483647"/>
</pin_list>
<bind>
<StgValue><ssdm name="_ssdm_op_SpecTopModule"/></StgValue>
</bind>
</comp>

<comp id="36" class="1001" name="const_36">
<pin_list>
<pin id="37" dir="1" index="0" bw="1" slack="2147483647"/>
</pin_list>
<bind>
<StgValue><ssdm name="empty_12"/></StgValue>
</bind>
</comp>

<comp id="38" class="1001" name="const_38">
<pin_list>
<pin id="39" dir="1" index="0" bw="1" slack="2147483647"/>
</pin_list>
<bind>
<StgValue><ssdm name="_ssdm_op_SpecInterface"/></StgValue>
</bind>
</comp>

<comp id="40" class="1001" name="const_40">
<pin_list>
<pin id="41" dir="1" index="0" bw="1" slack="2147483647"/>
</pin_list>
<bind>
<StgValue><ssdm name="empty"/></StgValue>
</bind>
</comp>

<comp id="42" class="1001" name="const_42">
<pin_list>
<pin id="43" dir="1" index="0" bw="1" slack="2147483647"/>
</pin_list>
<bind>
<StgValue><ssdm name=""/></StgValue>
</bind>
</comp>

<comp id="44" class="1001" name="const_44">
<pin_list>
<pin id="45" dir="1" index="0" bw="1" slack="2147483647"/>
</pin_list>
<bind>
<StgValue><ssdm name="empty_0"/></StgValue>
</bind>
</comp>

<comp id="46" class="1001" name="const_46">
<pin_list>
<pin id="47" dir="1" index="0" bw="1" slack="2147483647"/>
</pin_list>
<bind>
<StgValue><ssdm name=""/></StgValue>
</bind>
</comp>

<comp id="48" class="1001" name="const_48">
<pin_list>
<pin id="49" dir="1" index="0" bw="1" slack="2147483647"/>
</pin_list>
<bind>
<StgValue><ssdm name="empty_1"/></StgValue>
</bind>
</comp>

<comp id="50" class="1001" name="const_50">
<pin_list>
<pin id="51" dir="1" index="0" bw="1" slack="2147483647"/>
</pin_list>
<bind>
<StgValue><ssdm name="empty_2"/></StgValue>
</bind>
</comp>

<comp id="52" class="1001" name="const_52">
<pin_list>
<pin id="53" dir="1" index="0" bw="1" slack="2147483647"/>
</pin_list>
<bind>
<StgValue><ssdm name=""/></StgValue>
</bind>
</comp>

<comp id="54" class="1001" name="const_54">
<pin_list>
<pin id="55" dir="1" index="0" bw="1" slack="2147483647"/>
</pin_list>
<bind>
<StgValue><ssdm name=""/></StgValue>
</bind>
</comp>

<comp id="56" class="1001" name="const_56">
<pin_list>
<pin id="57" dir="1" index="0" bw="1" slack="2147483647"/>
</pin_list>
<bind>
<StgValue><ssdm name="_ssdm_op_SpecBitsMap"/></StgValue>
</bind>
</comp>

<comp id="58" class="1001" name="const_58">
<pin_list>
<pin id="59" dir="1" index="0" bw="1" slack="2147483647"/>
</pin_list>
<bind>
<StgValue><ssdm name="empty_3"/></StgValue>
</bind>
</comp>

<comp id="60" class="1001" name="const_60">
<pin_list>
<pin id="61" dir="1" index="0" bw="1" slack="2147483647"/>
</pin_list>
<bind>
<StgValue><ssdm name="empty_4"/></StgValue>
</bind>
</comp>

<comp id="62" class="1001" name="const_62">
<pin_list>
<pin id="63" dir="1" index="0" bw="1" slack="2147483647"/>
</pin_list>
<bind>
<StgValue><ssdm name="empty_5"/></StgValue>
</bind>
</comp>

<comp id="64" class="1001" name="const_64">
<pin_list>
<pin id="65" dir="1" index="0" bw="1" slack="2147483647"/>
</pin_list>
<bind>
<StgValue><ssdm name="empty_6"/></StgValue>
</bind>
</comp>

<comp id="66" class="1001" name="const_66">
<pin_list>
<pin id="67" dir="1" index="0" bw="1" slack="2147483647"/>
</pin_list>
<bind>
<StgValue><ssdm name="empty_7"/></StgValue>
</bind>
</comp>

<comp id="68" class="1001" name="const_68">
<pin_list>
<pin id="69" dir="1" index="0" bw="1" slack="2147483647"/>
</pin_list>
<bind>
<StgValue><ssdm name="empty_8"/></StgValue>
</bind>
</comp>

<comp id="70" class="1001" name="const_70">
<pin_list>
<pin id="71" dir="1" index="0" bw="1" slack="2147483647"/>
</pin_list>
<bind>
<StgValue><ssdm name="empty_9"/></StgValue>
</bind>
</comp>

<comp id="72" class="1001" name="const_72">
<pin_list>
<pin id="73" dir="1" index="0" bw="1" slack="2147483647"/>
</pin_list>
<bind>
<StgValue><ssdm name="empty_10"/></StgValue>
</bind>
</comp>

<comp id="74" class="1001" name="const_74">
<pin_list>
<pin id="75" dir="1" index="0" bw="1" slack="2147483647"/>
</pin_list>
<bind>
<StgValue><ssdm name="empty_11"/></StgValue>
</bind>
</comp>

<comp id="76" class="1004" name="A_alloca_fu_76">
<pin_list>
<pin id="77" dir="0" index="0" bw="1" slack="0"/>
<pin id="78" dir="1" index="1" bw="32" slack="2147483647"/>
</pin_list>
<bind>
<opcode="alloca(26) " fcode="alloca"/>
<opset="A/1 "/>
</bind>
</comp>

<comp id="80" class="1004" name="A_1_alloca_fu_80">
<pin_list>
<pin id="81" dir="0" index="0" bw="1" slack="0"/>
<pin id="82" dir="1" index="1" bw="32" slack="2147483647"/>
</pin_list>
<bind>
<opcode="alloca(26) " fcode="alloca"/>
<opset="A_1/1 "/>
</bind>
</comp>

<comp id="84" class="1004" name="A_2_alloca_fu_84">
<pin_list>
<pin id="85" dir="0" index="0" bw="1" slack="0"/>
<pin id="86" dir="1" index="1" bw="32" slack="2147483647"/>
</pin_list>
<bind>
<opcode="alloca(26) " fcode="alloca"/>
<opset="A_2/1 "/>
</bind>
</comp>

<comp id="88" class="1004" name="A_3_alloca_fu_88">
<pin_list>
<pin id="89" dir="0" index="0" bw="1" slack="0"/>
<pin id="90" dir="1" index="1" bw="32" slack="2147483647"/>
</pin_list>
<bind>
<opcode="alloca(26) " fcode="alloca"/>
<opset="A_3/1 "/>
</bind>
</comp>

<comp id="92" class="1004" name="A_4_alloca_fu_92">
<pin_list>
<pin id="93" dir="0" index="0" bw="1" slack="0"/>
<pin id="94" dir="1" index="1" bw="32" slack="2147483647"/>
</pin_list>
<bind>
<opcode="alloca(26) " fcode="alloca"/>
<opset="A_4/1 "/>
</bind>
</comp>

<comp id="96" class="1004" name="A_5_alloca_fu_96">
<pin_list>
<pin id="97" dir="0" index="0" bw="1" slack="0"/>
<pin id="98" dir="1" index="1" bw="32" slack="2147483647"/>
</pin_list>
<bind>
<opcode="alloca(26) " fcode="alloca"/>
<opset="A_5/1 "/>
</bind>
</comp>

<comp id="100" class="1004" name="A_6_alloca_fu_100">
<pin_list>
<pin id="101" dir="0" index="0" bw="1" slack="0"/>
<pin id="102" dir="1" index="1" bw="32" slack="2147483647"/>
</pin_list>
<bind>
<opcode="alloca(26) " fcode="alloca"/>
<opset="A_6/1 "/>
</bind>
</comp>

<comp id="104" class="1004" name="A_7_alloca_fu_104">
<pin_list>
<pin id="105" dir="0" index="0" bw="1" slack="0"/>
<pin id="106" dir="1" index="1" bw="32" slack="2147483647"/>
</pin_list>
<bind>
<opcode="alloca(26) " fcode="alloca"/>
<opset="A_7/1 "/>
</bind>
</comp>

<comp id="108" class="1004" name="B_alloca_fu_108">
<pin_list>
<pin id="109" dir="0" index="0" bw="1" slack="0"/>
<pin id="110" dir="1" index="1" bw="32" slack="2147483647"/>
</pin_list>
<bind>
<opcode="alloca(26) " fcode="alloca"/>
<opset="B/1 "/>
</bind>
</comp>

<comp id="112" class="1004" name="B_1_alloca_fu_112">
<pin_list>
<pin id="113" dir="0" index="0" bw="1" slack="0"/>
<pin id="114" dir="1" index="1" bw="32" slack="2147483647"/>
</pin_list>
<bind>
<opcode="alloca(26) " fcode="alloca"/>
<opset="B_1/1 "/>
</bind>
</comp>

<comp id="116" class="1004" name="B_2_alloca_fu_116">
<pin_list>
<pin id="117" dir="0" index="0" bw="1" slack="0"/>
<pin id="118" dir="1" index="1" bw="32" slack="2147483647"/>
</pin_list>
<bind>
<opcode="alloca(26) " fcode="alloca"/>
<opset="B_2/1 "/>
</bind>
</comp>

<comp id="120" class="1004" name="B_3_alloca_fu_120">
<pin_list>
<pin id="121" dir="0" index="0" bw="1" slack="0"/>
<pin id="122" dir="1" index="1" bw="32" slack="2147483647"/>
</pin_list>
<bind>
<opcode="alloca(26) " fcode="alloca"/>
<opset="B_3/1 "/>
</bind>
</comp>

<comp id="124" class="1004" name="B_4_alloca_fu_124">
<pin_list>
<pin id="125" dir="0" index="0" bw="1" slack="0"/>
<pin id="126" dir="1" index="1" bw="32" slack="2147483647"/>
</pin_list>
<bind>
<opcode="alloca(26) " fcode="alloca"/>
<opset="B_4/1 "/>
</bind>
</comp>

<comp id="128" class="1004" name="B_5_alloca_fu_128">
<pin_list>
<pin id="129" dir="0" index="0" bw="1" slack="0"/>
<pin id="130" dir="1" index="1" bw="32" slack="2147483647"/>
</pin_list>
<bind>
<opcode="alloca(26) " fcode="alloca"/>
<opset="B_5/1 "/>
</bind>
</comp>

<comp id="132" class="1004" name="B_6_alloca_fu_132">
<pin_list>
<pin id="133" dir="0" index="0" bw="1" slack="0"/>
<pin id="134" dir="1" index="1" bw="32" slack="2147483647"/>
</pin_list>
<bind>
<opcode="alloca(26) " fcode="alloca"/>
<opset="B_6/1 "/>
</bind>
</comp>

<comp id="136" class="1004" name="B_7_alloca_fu_136">
<pin_list>
<pin id="137" dir="0" index="0" bw="1" slack="0"/>
<pin id="138" dir="1" index="1" bw="32" slack="2147483647"/>
</pin_list>
<bind>
<opcode="alloca(26) " fcode="alloca"/>
<opset="B_7/1 "/>
</bind>
</comp>

<comp id="140" class="1004" name="out_r_read_read_fu_140">
<pin_list>
<pin id="141" dir="0" index="0" bw="64" slack="0"/>
<pin id="142" dir="0" index="1" bw="64" slack="0"/>
<pin id="143" dir="1" index="2" bw="64" slack="0"/>
</pin_list>
<bind>
<opcode="read(1150) " fcode="read"/>
<opset="out_r_read/1 "/>
</bind>
</comp>

<comp id="146" class="1004" name="in2_read_read_fu_146">
<pin_list>
<pin id="147" dir="0" index="0" bw="64" slack="0"/>
<pin id="148" dir="0" index="1" bw="64" slack="0"/>
<pin id="149" dir="1" index="2" bw="64" slack="0"/>
</pin_list>
<bind>
<opcode="read(1150) " fcode="read"/>
<opset="in2_read/1 "/>
</bind>
</comp>

<comp id="152" class="1004" name="in1_read_read_fu_152">
<pin_list>
<pin id="153" dir="0" index="0" bw="64" slack="0"/>
<pin id="154" dir="0" index="1" bw="64" slack="0"/>
<pin id="155" dir="1" index="2" bw="64" slack="0"/>
</pin_list>
<bind>
<opcode="read(1150) " fcode="read"/>
<opset="in1_read/1 "/>
</bind>
</comp>

<comp id="158" class="1004" name="grp_readreq_fu_158">
<pin_list>
<pin id="159" dir="0" index="0" bw="1" slack="0"/>
<pin id="160" dir="0" index="1" bw="32" slack="0"/>
<pin id="161" dir="0" index="2" bw="16" slack="0"/>
<pin id="162" dir="1" index="3" bw="1" slack="2147483647"/>
</pin_list>
<bind>
<opcode="readreq(1154) " fcode="readreq"/>
<opset="empty/2 "/>
</bind>
</comp>

<comp id="165" class="1004" name="grp_readreq_fu_165">
<pin_list>
<pin id="166" dir="0" index="0" bw="1" slack="0"/>
<pin id="167" dir="0" index="1" bw="32" slack="0"/>
<pin id="168" dir="0" index="2" bw="16" slack="0"/>
<pin id="169" dir="1" index="3" bw="1" slack="2147483647"/>
</pin_list>
<bind>
<opcode="readreq(1154) " fcode="readreq"/>
<opset="empty_20/12 "/>
</bind>
</comp>

<comp id="172" class="1004" name="grp_writeresp_fu_172">
<pin_list>
<pin id="173" dir="0" index="0" bw="1" slack="0"/>
<pin id="174" dir="0" index="1" bw="32" slack="0"/>
<pin id="175" dir="0" index="2" bw="16" slack="0"/>
<pin id="176" dir="1" index="3" bw="1" slack="2147483647"/>
</pin_list>
<bind>
<opcode="writereq(1155) writeresp(1158) " fcode="writeresp"/>
<opset="empty_21/22 empty_22/25 "/>
</bind>
</comp>

<comp id="180" class="1004" name="grp_mmult_hw_Pipeline_VITIS_LOOP_29_1_VITIS_LOOP_30_2_fu_180">
<pin_list>
<pin id="181" dir="0" index="0" bw="0" slack="0"/>
<pin id="182" dir="0" index="1" bw="32" slack="0"/>
<pin id="183" dir="0" index="2" bw="62" slack="9"/>
<pin id="184" dir="0" index="3" bw="32" slack="2147483647"/>
<pin id="185" dir="0" index="4" bw="32" slack="2147483647"/>
<pin id="186" dir="0" index="5" bw="32" slack="2147483647"/>
<pin id="187" dir="0" index="6" bw="32" slack="2147483647"/>
<pin id="188" dir="0" index="7" bw="32" slack="2147483647"/>
<pin id="189" dir="0" index="8" bw="32" slack="2147483647"/>
<pin id="190" dir="0" index="9" bw="32" slack="2147483647"/>
<pin id="191" dir="0" index="10" bw="32" slack="2147483647"/>
<pin id="192" dir="1" index="11" bw="0" slack="2147483647"/>
</pin_list>
<bind>
<opcode="call(48) " fcode="call"/>
<opset="call_ln29/10 "/>
</bind>
</comp>

<comp id="195" class="1004" name="grp_mmult_hw_Pipeline_VITIS_LOOP_36_3_VITIS_LOOP_37_4_fu_195">
<pin_list>
<pin id="196" dir="0" index="0" bw="0" slack="0"/>
<pin id="197" dir="0" index="1" bw="32" slack="0"/>
<pin id="198" dir="0" index="2" bw="62" slack="19"/>
<pin id="199" dir="0" index="3" bw="32" slack="2147483647"/>
<pin id="200" dir="0" index="4" bw="32" slack="2147483647"/>
<pin id="201" dir="0" index="5" bw="32" slack="2147483647"/>
<pin id="202" dir="0" index="6" bw="32" slack="2147483647"/>
<pin id="203" dir="0" index="7" bw="32" slack="2147483647"/>
<pin id="204" dir="0" index="8" bw="32" slack="2147483647"/>
<pin id="205" dir="0" index="9" bw="32" slack="2147483647"/>
<pin id="206" dir="0" index="10" bw="32" slack="2147483647"/>
<pin id="207" dir="1" index="11" bw="0" slack="2147483647"/>
</pin_list>
<bind>
<opcode="call(48) " fcode="call"/>
<opset="call_ln36/20 "/>
</bind>
</comp>

<comp id="210" class="1004" name="grp_mmult_hw_Pipeline_VITIS_LOOP_43_5_VITIS_LOOP_44_6_fu_210">
<pin_list>
<pin id="211" dir="0" index="0" bw="0" slack="0"/>
<pin id="212" dir="0" index="1" bw="32" slack="0"/>
<pin id="213" dir="0" index="2" bw="32" slack="2147483647"/>
<pin id="214" dir="0" index="3" bw="32" slack="2147483647"/>
<pin id="215" dir="0" index="4" bw="32" slack="2147483647"/>
<pin id="216" dir="0" index="5" bw="32" slack="2147483647"/>
<pin id="217" dir="0" index="6" bw="32" slack="2147483647"/>
<pin id="218" dir="0" index="7" bw="32" slack="2147483647"/>
<pin id="219" dir="0" index="8" bw="32" slack="2147483647"/>
<pin id="220" dir="0" index="9" bw="32" slack="2147483647"/>
<pin id="221" dir="0" index="10" bw="62" slack="22"/>
<pin id="222" dir="0" index="11" bw="32" slack="2147483647"/>
<pin id="223" dir="0" index="12" bw="32" slack="2147483647"/>
<pin id="224" dir="0" index="13" bw="32" slack="2147483647"/>
<pin id="225" dir="0" index="14" bw="32" slack="2147483647"/>
<pin id="226" dir="0" index="15" bw="32" slack="2147483647"/>
<pin id="227" dir="0" index="16" bw="32" slack="2147483647"/>
<pin id="228" dir="0" index="17" bw="32" slack="2147483647"/>
<pin id="229" dir="0" index="18" bw="32" slack="2147483647"/>
<pin id="230" dir="1" index="19" bw="0" slack="2147483647"/>
</pin_list>
<bind>
<opcode="call(48) " fcode="call"/>
<opset="call_ln43/23 "/>
</bind>
</comp>

<comp id="233" class="1004" name="trunc_ln_fu_233">
<pin_list>
<pin id="234" dir="0" index="0" bw="62" slack="0"/>
<pin id="235" dir="0" index="1" bw="64" slack="0"/>
<pin id="236" dir="0" index="2" bw="3" slack="0"/>
<pin id="237" dir="0" index="3" bw="7" slack="0"/>
<pin id="238" dir="1" index="4" bw="62" slack="1"/>
</pin_list>
<bind>
<opcode="partselect(1002) " fcode="partselect"/>
<opset="trunc_ln/1 "/>
</bind>
</comp>

<comp id="243" class="1004" name="trunc_ln1_fu_243">
<pin_list>
<pin id="244" dir="0" index="0" bw="62" slack="0"/>
<pin id="245" dir="0" index="1" bw="64" slack="0"/>
<pin id="246" dir="0" index="2" bw="3" slack="0"/>
<pin id="247" dir="0" index="3" bw="7" slack="0"/>
<pin id="248" dir="1" index="4" bw="62" slack="11"/>
</pin_list>
<bind>
<opcode="partselect(1002) " fcode="partselect"/>
<opset="trunc_ln1/1 "/>
</bind>
</comp>

<comp id="253" class="1004" name="trunc_ln2_fu_253">
<pin_list>
<pin id="254" dir="0" index="0" bw="62" slack="0"/>
<pin id="255" dir="0" index="1" bw="64" slack="0"/>
<pin id="256" dir="0" index="2" bw="3" slack="0"/>
<pin id="257" dir="0" index="3" bw="7" slack="0"/>
<pin id="258" dir="1" index="4" bw="62" slack="21"/>
</pin_list>
<bind>
<opcode="partselect(1002) " fcode="partselect"/>
<opset="trunc_ln2/1 "/>
</bind>
</comp>

<comp id="263" class="1004" name="sext_ln29_fu_263">
<pin_list>
<pin id="264" dir="0" index="0" bw="62" slack="1"/>
<pin id="265" dir="1" index="1" bw="64" slack="0"/>
</pin_list>
<bind>
<opcode="sext(35) " fcode="sext"/>
<opset="sext_ln29/2 "/>
</bind>
</comp>

<comp id="266" class="1004" name="gmem_addr_fu_266">
<pin_list>
<pin id="267" dir="0" index="0" bw="32" slack="0"/>
<pin id="268" dir="0" index="1" bw="62" slack="0"/>
<pin id="269" dir="1" index="2" bw="32" slack="0"/>
</pin_list>
<bind>
<opcode="getelementptr(29) " fcode="getelementptr"/>
<opset="gmem_addr/2 "/>
</bind>
</comp>

<comp id="273" class="1004" name="sext_ln36_fu_273">
<pin_list>
<pin id="274" dir="0" index="0" bw="62" slack="11"/>
<pin id="275" dir="1" index="1" bw="64" slack="0"/>
</pin_list>
<bind>
<opcode="sext(35) " fcode="sext"/>
<opset="sext_ln36/12 "/>
</bind>
</comp>

<comp id="276" class="1004" name="gmem_addr_1_fu_276">
<pin_list>
<pin id="277" dir="0" index="0" bw="32" slack="0"/>
<pin id="278" dir="0" index="1" bw="62" slack="0"/>
<pin id="279" dir="1" index="2" bw="32" slack="0"/>
</pin_list>
<bind>
<opcode="getelementptr(29) " fcode="getelementptr"/>
<opset="gmem_addr_1/12 "/>
</bind>
</comp>

<comp id="283" class="1004" name="sext_ln43_fu_283">
<pin_list>
<pin id="284" dir="0" index="0" bw="62" slack="21"/>
<pin id="285" dir="1" index="1" bw="64" slack="0"/>
</pin_list>
<bind>
<opcode="sext(35) " fcode="sext"/>
<opset="sext_ln43/22 "/>
</bind>
</comp>

<comp id="286" class="1004" name="gmem_addr_2_fu_286">
<pin_list>
<pin id="287" dir="0" index="0" bw="32" slack="0"/>
<pin id="288" dir="0" index="1" bw="62" slack="0"/>
<pin id="289" dir="1" index="2" bw="32" slack="0"/>
</pin_list>
<bind>
<opcode="getelementptr(29) " fcode="getelementptr"/>
<opset="gmem_addr_2/22 "/>
</bind>
</comp>

<comp id="293" class="1005" name="trunc_ln_reg_293">
<pin_list>
<pin id="294" dir="0" index="0" bw="62" slack="1"/>
<pin id="295" dir="1" index="1" bw="62" slack="1"/>
</pin_list>
<bind>
<opset="trunc_ln "/>
</bind>
</comp>

<comp id="299" class="1005" name="trunc_ln1_reg_299">
<pin_list>
<pin id="300" dir="0" index="0" bw="62" slack="11"/>
<pin id="301" dir="1" index="1" bw="62" slack="11"/>
</pin_list>
<bind>
<opset="trunc_ln1 "/>
</bind>
</comp>

<comp id="305" class="1005" name="trunc_ln2_reg_305">
<pin_list>
<pin id="306" dir="0" index="0" bw="62" slack="21"/>
<pin id="307" dir="1" index="1" bw="62" slack="21"/>
</pin_list>
<bind>
<opset="trunc_ln2 "/>
</bind>
</comp>

<comp id="311" class="1005" name="gmem_addr_reg_311">
<pin_list>
<pin id="312" dir="0" index="0" bw="32" slack="1"/>
<pin id="313" dir="1" index="1" bw="32" slack="1"/>
</pin_list>
<bind>
<opset="gmem_addr "/>
</bind>
</comp>

<comp id="316" class="1005" name="gmem_addr_1_reg_316">
<pin_list>
<pin id="317" dir="0" index="0" bw="32" slack="1"/>
<pin id="318" dir="1" index="1" bw="32" slack="1"/>
</pin_list>
<bind>
<opset="gmem_addr_1 "/>
</bind>
</comp>

<comp id="321" class="1005" name="gmem_addr_2_reg_321">
<pin_list>
<pin id="322" dir="0" index="0" bw="32" slack="3"/>
<pin id="323" dir="1" index="1" bw="32" slack="3"/>
</pin_list>
<bind>
<opset="gmem_addr_2 "/>
</bind>
</comp>

</comp_list>

<net_list>
<net id="79"><net_src comp="12" pin="0"/><net_sink comp="76" pin=0"/></net>

<net id="83"><net_src comp="12" pin="0"/><net_sink comp="80" pin=0"/></net>

<net id="87"><net_src comp="12" pin="0"/><net_sink comp="84" pin=0"/></net>

<net id="91"><net_src comp="12" pin="0"/><net_sink comp="88" pin=0"/></net>

<net id="95"><net_src comp="12" pin="0"/><net_sink comp="92" pin=0"/></net>

<net id="99"><net_src comp="12" pin="0"/><net_sink comp="96" pin=0"/></net>

<net id="103"><net_src comp="12" pin="0"/><net_sink comp="100" pin=0"/></net>

<net id="107"><net_src comp="12" pin="0"/><net_sink comp="104" pin=0"/></net>

<net id="111"><net_src comp="12" pin="0"/><net_sink comp="108" pin=0"/></net>

<net id="115"><net_src comp="12" pin="0"/><net_sink comp="112" pin=0"/></net>

<net id="119"><net_src comp="12" pin="0"/><net_sink comp="116" pin=0"/></net>

<net id="123"><net_src comp="12" pin="0"/><net_sink comp="120" pin=0"/></net>

<net id="127"><net_src comp="12" pin="0"/><net_sink comp="124" pin=0"/></net>

<net id="131"><net_src comp="12" pin="0"/><net_sink comp="128" pin=0"/></net>

<net id="135"><net_src comp="12" pin="0"/><net_sink comp="132" pin=0"/></net>

<net id="139"><net_src comp="12" pin="0"/><net_sink comp="136" pin=0"/></net>

<net id="144"><net_src comp="10" pin="0"/><net_sink comp="140" pin=0"/></net>

<net id="145"><net_src comp="6" pin="0"/><net_sink comp="140" pin=1"/></net>

<net id="150"><net_src comp="10" pin="0"/><net_sink comp="146" pin=0"/></net>

<net id="151"><net_src comp="4" pin="0"/><net_sink comp="146" pin=1"/></net>

<net id="156"><net_src comp="10" pin="0"/><net_sink comp="152" pin=0"/></net>

<net id="157"><net_src comp="2" pin="0"/><net_sink comp="152" pin=1"/></net>

<net id="163"><net_src comp="20" pin="0"/><net_sink comp="158" pin=0"/></net>

<net id="164"><net_src comp="22" pin="0"/><net_sink comp="158" pin=2"/></net>

<net id="170"><net_src comp="20" pin="0"/><net_sink comp="165" pin=0"/></net>

<net id="171"><net_src comp="22" pin="0"/><net_sink comp="165" pin=2"/></net>

<net id="177"><net_src comp="28" pin="0"/><net_sink comp="172" pin=0"/></net>

<net id="178"><net_src comp="22" pin="0"/><net_sink comp="172" pin=2"/></net>

<net id="179"><net_src comp="32" pin="0"/><net_sink comp="172" pin=0"/></net>

<net id="193"><net_src comp="24" pin="0"/><net_sink comp="180" pin=0"/></net>

<net id="194"><net_src comp="0" pin="0"/><net_sink comp="180" pin=1"/></net>

<net id="208"><net_src comp="26" pin="0"/><net_sink comp="195" pin=0"/></net>

<net id="209"><net_src comp="0" pin="0"/><net_sink comp="195" pin=1"/></net>

<net id="231"><net_src comp="30" pin="0"/><net_sink comp="210" pin=0"/></net>

<net id="232"><net_src comp="0" pin="0"/><net_sink comp="210" pin=1"/></net>

<net id="239"><net_src comp="14" pin="0"/><net_sink comp="233" pin=0"/></net>

<net id="240"><net_src comp="152" pin="2"/><net_sink comp="233" pin=1"/></net>

<net id="241"><net_src comp="16" pin="0"/><net_sink comp="233" pin=2"/></net>

<net id="242"><net_src comp="18" pin="0"/><net_sink comp="233" pin=3"/></net>

<net id="249"><net_src comp="14" pin="0"/><net_sink comp="243" pin=0"/></net>

<net id="250"><net_src comp="146" pin="2"/><net_sink comp="243" pin=1"/></net>

<net id="251"><net_src comp="16" pin="0"/><net_sink comp="243" pin=2"/></net>

<net id="252"><net_src comp="18" pin="0"/><net_sink comp="243" pin=3"/></net>

<net id="259"><net_src comp="14" pin="0"/><net_sink comp="253" pin=0"/></net>

<net id="260"><net_src comp="140" pin="2"/><net_sink comp="253" pin=1"/></net>

<net id="261"><net_src comp="16" pin="0"/><net_sink comp="253" pin=2"/></net>

<net id="262"><net_src comp="18" pin="0"/><net_sink comp="253" pin=3"/></net>

<net id="270"><net_src comp="0" pin="0"/><net_sink comp="266" pin=0"/></net>

<net id="271"><net_src comp="263" pin="1"/><net_sink comp="266" pin=1"/></net>

<net id="272"><net_src comp="266" pin="2"/><net_sink comp="158" pin=1"/></net>

<net id="280"><net_src comp="0" pin="0"/><net_sink comp="276" pin=0"/></net>

<net id="281"><net_src comp="273" pin="1"/><net_sink comp="276" pin=1"/></net>

<net id="282"><net_src comp="276" pin="2"/><net_sink comp="165" pin=1"/></net>

<net id="290"><net_src comp="0" pin="0"/><net_sink comp="286" pin=0"/></net>

<net id="291"><net_src comp="283" pin="1"/><net_sink comp="286" pin=1"/></net>

<net id="292"><net_src comp="286" pin="2"/><net_sink comp="172" pin=1"/></net>

<net id="296"><net_src comp="233" pin="4"/><net_sink comp="293" pin=0"/></net>

<net id="297"><net_src comp="293" pin="1"/><net_sink comp="263" pin=0"/></net>

<net id="298"><net_src comp="293" pin="1"/><net_sink comp="180" pin=2"/></net>

<net id="302"><net_src comp="243" pin="4"/><net_sink comp="299" pin=0"/></net>

<net id="303"><net_src comp="299" pin="1"/><net_sink comp="273" pin=0"/></net>

<net id="304"><net_src comp="299" pin="1"/><net_sink comp="195" pin=2"/></net>

<net id="308"><net_src comp="253" pin="4"/><net_sink comp="305" pin=0"/></net>

<net id="309"><net_src comp="305" pin="1"/><net_sink comp="283" pin=0"/></net>

<net id="310"><net_src comp="305" pin="1"/><net_sink comp="210" pin=10"/></net>

<net id="314"><net_src comp="266" pin="2"/><net_sink comp="311" pin=0"/></net>

<net id="315"><net_src comp="311" pin="1"/><net_sink comp="158" pin=1"/></net>

<net id="319"><net_src comp="276" pin="2"/><net_sink comp="316" pin=0"/></net>

<net id="320"><net_src comp="316" pin="1"/><net_sink comp="165" pin=1"/></net>

<net id="324"><net_src comp="286" pin="2"/><net_sink comp="321" pin=0"/></net>

<net id="325"><net_src comp="321" pin="1"/><net_sink comp="172" pin=1"/></net>

</net_list>

</model> 
---------------- Datapath Model END ------------------

* FSMD analyzer results:
  - Output states:
	Port: gmem | {22 23 24 25 26 27 28 29 }
 - Input state : 
	Port: mmult_hw : gmem | {2 3 4 5 6 7 8 9 10 11 12 13 14 15 16 17 18 19 20 21 }
	Port: mmult_hw : in1 | {1 }
	Port: mmult_hw : in2 | {1 }
	Port: mmult_hw : out_r | {1 }
  - Chain level:
	State 1
	State 2
		gmem_addr : 1
		empty : 2
	State 3
	State 4
	State 5
	State 6
	State 7
	State 8
	State 9
	State 10
	State 11
	State 12
		gmem_addr_1 : 1
		empty_20 : 2
	State 13
	State 14
	State 15
	State 16
	State 17
	State 18
	State 19
	State 20
	State 21
	State 22
		gmem_addr_2 : 1
		empty_21 : 2
	State 23
	State 24
	State 25
	State 26
	State 27
	State 28
	State 29


============================================================
+ Verbose Summary: Datapath Resource usage 
============================================================

* Functional unit list:
|----------|--------------------------------------------------------------|---------|---------|---------|---------|
| Operation|                        Functional Unit                       |   DSP   |  Delay  |    FF   |   LUT   |
|----------|--------------------------------------------------------------|---------|---------|---------|---------|
|          | grp_mmult_hw_Pipeline_VITIS_LOOP_29_1_VITIS_LOOP_30_2_fu_180 |    0    |    0    |   128   |   105   |
|   call   | grp_mmult_hw_Pipeline_VITIS_LOOP_36_3_VITIS_LOOP_37_4_fu_195 |    0    |    0    |   128   |   123   |
|          | grp_mmult_hw_Pipeline_VITIS_LOOP_43_5_VITIS_LOOP_44_6_fu_210 |   384   | 109.312 |  11489  |   9455  |
|----------|--------------------------------------------------------------|---------|---------|---------|---------|
|          |                    out_r_read_read_fu_140                    |    0    |    0    |    0    |    0    |
|   read   |                     in2_read_read_fu_146                     |    0    |    0    |    0    |    0    |
|          |                     in1_read_read_fu_152                     |    0    |    0    |    0    |    0    |
|----------|--------------------------------------------------------------|---------|---------|---------|---------|
|  readreq |                      grp_readreq_fu_158                      |    0    |    0    |    0    |    0    |
|          |                      grp_readreq_fu_165                      |    0    |    0    |    0    |    0    |
|----------|--------------------------------------------------------------|---------|---------|---------|---------|
| writeresp|                     grp_writeresp_fu_172                     |    0    |    0    |    0    |    0    |
|----------|--------------------------------------------------------------|---------|---------|---------|---------|
|          |                        trunc_ln_fu_233                       |    0    |    0    |    0    |    0    |
|partselect|                       trunc_ln1_fu_243                       |    0    |    0    |    0    |    0    |
|          |                       trunc_ln2_fu_253                       |    0    |    0    |    0    |    0    |
|----------|--------------------------------------------------------------|---------|---------|---------|---------|
|          |                       sext_ln29_fu_263                       |    0    |    0    |    0    |    0    |
|   sext   |                       sext_ln36_fu_273                       |    0    |    0    |    0    |    0    |
|          |                       sext_ln43_fu_283                       |    0    |    0    |    0    |    0    |
|----------|--------------------------------------------------------------|---------|---------|---------|---------|
|   Total  |                                                              |   384   | 109.312 |  11745  |   9683  |
|----------|--------------------------------------------------------------|---------|---------|---------|---------|

Memories:
+----+--------+--------+--------+--------+
|    |  BRAM  |   FF   |   LUT  |  URAM  |
+----+--------+--------+--------+--------+
|  A |   60   |    0   |    0   |    0   |
| A_1|   60   |    0   |    0   |    0   |
| A_2|   60   |    0   |    0   |    0   |
| A_3|   60   |    0   |    0   |    0   |
| A_4|   60   |    0   |    0   |    0   |
| A_5|   60   |    0   |    0   |    0   |
| A_6|   60   |    0   |    0   |    0   |
| A_7|   60   |    0   |    0   |    0   |
|  B |   60   |    0   |    0   |    0   |
| B_1|   60   |    0   |    0   |    0   |
| B_2|   60   |    0   |    0   |    0   |
| B_3|   60   |    0   |    0   |    0   |
| B_4|   60   |    0   |    0   |    0   |
| B_5|   60   |    0   |    0   |    0   |
| B_6|   60   |    0   |    0   |    0   |
| B_7|   60   |    0   |    0   |    0   |
+----+--------+--------+--------+--------+
|Total|   960  |    0   |    0   |    0   |
+----+--------+--------+--------+--------+

* Register list:
+-------------------+--------+
|                   |   FF   |
+-------------------+--------+
|gmem_addr_1_reg_316|   32   |
|gmem_addr_2_reg_321|   32   |
| gmem_addr_reg_311 |   32   |
| trunc_ln1_reg_299 |   62   |
| trunc_ln2_reg_305 |   62   |
|  trunc_ln_reg_293 |   62   |
+-------------------+--------+
|       Total       |   282  |
+-------------------+--------+

* Multiplexer (MUX) list: 
|----------------------|------|------|------|--------||---------||---------||---------|
|         Comp         |  Pin | Size |  BW  | S x BW ||  Delay  ||    FF   ||   LUT   |
|----------------------|------|------|------|--------||---------||---------||---------|
|  grp_readreq_fu_158  |  p1  |   2  |  32  |   64   ||    0    ||    9    |
|  grp_readreq_fu_165  |  p1  |   2  |  32  |   64   ||    0    ||    9    |
| grp_writeresp_fu_172 |  p0  |   2  |   1  |    2   |
| grp_writeresp_fu_172 |  p1  |   2  |  32  |   64   ||    0    ||    9    |
|----------------------|------|------|------|--------||---------||---------||---------|
|         Total        |      |      |      |   194  ||  1.708  ||    0    ||    27   |
|----------------------|------|------|------|--------||---------||---------||---------|



* Summary:
+-----------+--------+--------+--------+--------+--------+--------+
|           |  BRAM  |   DSP  |  Delay |   FF   |   LUT  |  URAM  |
+-----------+--------+--------+--------+--------+--------+--------+
|  Function |    -   |   384  |   109  |  11745 |  9683  |    -   |
|   Memory  |   960  |    -   |    -   |    0   |    0   |    0   |
|Multiplexer|    -   |    -   |    1   |    0   |   27   |    -   |
|  Register |    -   |    -   |    -   |   282  |    -   |    -   |
+-----------+--------+--------+--------+--------+--------+--------+
|   Total   |   960  |   384  |   111  |  12027 |  9710  |    0   |
+-----------+--------+--------+--------+--------+--------+--------+
