

================================================================
== Vitis HLS Report for 'mmult_hw'
================================================================
* Date:           Fri Feb 27 17:18:47 2026

* Version:        2024.1 (Build 5069499 on May 21 2024)
* Project:        matrix-mult
* Solution:       hls (Vivado IP Flow Target)
* Product family: zynquplus
* Target device:  xczu3eg-sfvc784-2-e


================================================================
== Performance Estimates
================================================================
+ Timing: 
    * Summary: 
    +--------+----------+----------+------------+
    |  Clock |  Target  | Estimated| Uncertainty|
    +--------+----------+----------+------------+
    |ap_clk  |  10.00 ns|  7.300 ns|     2.70 ns|
    +--------+----------+----------+------------+

+ Latency: 
    * Summary: 
    +---------+---------+----------+----------+-------+-------+---------+
    |  Latency (cycles) |  Latency (absolute) |    Interval   | Pipeline|
    |   min   |   max   |    min   |    max   |  min  |  max  |   Type  |
    +---------+---------+----------+----------+-------+-------+---------+
    |    49191|    49191|  0.492 ms|  0.492 ms|  49192|  49192|       no|
    +---------+---------+----------+----------+-------+-------+---------+

    + Detail: 
        * Instance: 
        N/A

        * Loop: 
        N/A

============================================================
+ Verbose Summary: Synthesis Manager
============================================================
InlineROM: 1
ExposeGlobal: 0
============================================================
+ Verbose Summary: CDFG Model
============================================================
IsTopModel: 1
ResetActiveHigh: 1
IsCombinational: 0
IsDatapathOnly: 0
HasWiredReturn: 1
HasMFsm: 0
HasVarLatency: 1
IsPipeline: 0
IsRtlPipelined: 0
IsInstanceOverlapped: 0
IsDontTouch: 0
HasImplIP: 0
IsGatedGlobalClock: 0


============================================================
+ Verbose Summary: Schedule
============================================================
* Number of FSM states : 29
* Pipeline : 0
* Dataflow Pipeline: 0

* FSM state transitions: 
1 --> 2 
2 --> 3 
3 --> 4 
4 --> 5 
5 --> 6 
6 --> 7 
7 --> 8 
8 --> 9 
9 --> 10 
10 --> 11 
11 --> 12 
12 --> 13 
13 --> 14 
14 --> 15 
15 --> 16 
16 --> 17 
17 --> 18 
18 --> 19 
19 --> 20 
20 --> 21 
21 --> 22 
22 --> 23 
23 --> 24 
24 --> 25 
25 --> 26 
26 --> 27 
27 --> 28 
28 --> 29 
29 --> 

* FSM state operations: 

State 1 <SV = 0> <Delay = 1.00>
ST_1 : Operation 30 [1/1] (1.00ns)   --->   "%out_r_read = read i64 @_ssdm_op_Read.s_axilite.i64, i64 %out_r"   --->   Operation 30 'read' 'out_r_read' <Predicate = true> <Delay = 1.00> <CoreInst = "s_axilite">   --->   Core 120 's_axilite' <Latency = 0> <II = 1> <Delay = 1.00> <Adapter> <Opcode : 'read' 'write'>
ST_1 : Operation 31 [1/1] (1.00ns)   --->   "%in2_read = read i64 @_ssdm_op_Read.s_axilite.i64, i64 %in2"   --->   Operation 31 'read' 'in2_read' <Predicate = true> <Delay = 1.00> <CoreInst = "s_axilite">   --->   Core 120 's_axilite' <Latency = 0> <II = 1> <Delay = 1.00> <Adapter> <Opcode : 'read' 'write'>
ST_1 : Operation 32 [1/1] (1.00ns)   --->   "%in1_read = read i64 @_ssdm_op_Read.s_axilite.i64, i64 %in1"   --->   Operation 32 'read' 'in1_read' <Predicate = true> <Delay = 1.00> <CoreInst = "s_axilite">   --->   Core 120 's_axilite' <Latency = 0> <II = 1> <Delay = 1.00> <Adapter> <Opcode : 'read' 'write'>
ST_1 : Operation 33 [1/1] (0.00ns)   --->   "%A = alloca i64 1" [mmult_baseline.cpp:23]   --->   Operation 33 'alloca' 'A' <Predicate = true> <Delay = 0.00>
ST_1 : Operation 34 [1/1] (0.00ns)   --->   "%A_1 = alloca i64 1" [mmult_baseline.cpp:23]   --->   Operation 34 'alloca' 'A_1' <Predicate = true> <Delay = 0.00>
ST_1 : Operation 35 [1/1] (0.00ns)   --->   "%A_2 = alloca i64 1" [mmult_baseline.cpp:23]   --->   Operation 35 'alloca' 'A_2' <Predicate = true> <Delay = 0.00>
ST_1 : Operation 36 [1/1] (0.00ns)   --->   "%A_3 = alloca i64 1" [mmult_baseline.cpp:23]   --->   Operation 36 'alloca' 'A_3' <Predicate = true> <Delay = 0.00>
ST_1 : Operation 37 [1/1] (0.00ns)   --->   "%A_4 = alloca i64 1" [mmult_baseline.cpp:23]   --->   Operation 37 'alloca' 'A_4' <Predicate = true> <Delay = 0.00>
ST_1 : Operation 38 [1/1] (0.00ns)   --->   "%A_5 = alloca i64 1" [mmult_baseline.cpp:23]   --->   Operation 38 'alloca' 'A_5' <Predicate = true> <Delay = 0.00>
ST_1 : Operation 39 [1/1] (0.00ns)   --->   "%A_6 = alloca i64 1" [mmult_baseline.cpp:23]   --->   Operation 39 'alloca' 'A_6' <Predicate = true> <Delay = 0.00>
ST_1 : Operation 40 [1/1] (0.00ns)   --->   "%A_7 = alloca i64 1" [mmult_baseline.cpp:23]   --->   Operation 40 'alloca' 'A_7' <Predicate = true> <Delay = 0.00>
ST_1 : Operation 41 [1/1] (0.00ns)   --->   "%B = alloca i64 1" [mmult_baseline.cpp:24]   --->   Operation 41 'alloca' 'B' <Predicate = true> <Delay = 0.00>
ST_1 : Operation 42 [1/1] (0.00ns)   --->   "%B_1 = alloca i64 1" [mmult_baseline.cpp:24]   --->   Operation 42 'alloca' 'B_1' <Predicate = true> <Delay = 0.00>
ST_1 : Operation 43 [1/1] (0.00ns)   --->   "%B_2 = alloca i64 1" [mmult_baseline.cpp:24]   --->   Operation 43 'alloca' 'B_2' <Predicate = true> <Delay = 0.00>
ST_1 : Operation 44 [1/1] (0.00ns)   --->   "%B_3 = alloca i64 1" [mmult_baseline.cpp:24]   --->   Operation 44 'alloca' 'B_3' <Predicate = true> <Delay = 0.00>
ST_1 : Operation 45 [1/1] (0.00ns)   --->   "%B_4 = alloca i64 1" [mmult_baseline.cpp:24]   --->   Operation 45 'alloca' 'B_4' <Predicate = true> <Delay = 0.00>
ST_1 : Operation 46 [1/1] (0.00ns)   --->   "%B_5 = alloca i64 1" [mmult_baseline.cpp:24]   --->   Operation 46 'alloca' 'B_5' <Predicate = true> <Delay = 0.00>
ST_1 : Operation 47 [1/1] (0.00ns)   --->   "%B_6 = alloca i64 1" [mmult_baseline.cpp:24]   --->   Operation 47 'alloca' 'B_6' <Predicate = true> <Delay = 0.00>
ST_1 : Operation 48 [1/1] (0.00ns)   --->   "%B_7 = alloca i64 1" [mmult_baseline.cpp:24]   --->   Operation 48 'alloca' 'B_7' <Predicate = true> <Delay = 0.00>
ST_1 : Operation 49 [1/1] (0.00ns)   --->   "%trunc_ln = partselect i62 @_ssdm_op_PartSelect.i62.i64.i32.i32, i64 %in1_read, i32 2, i32 63" [mmult_baseline.cpp:29]   --->   Operation 49 'partselect' 'trunc_ln' <Predicate = true> <Delay = 0.00>
ST_1 : Operation 50 [1/1] (0.00ns)   --->   "%trunc_ln1 = partselect i62 @_ssdm_op_PartSelect.i62.i64.i32.i32, i64 %in2_read, i32 2, i32 63" [mmult_baseline.cpp:36]   --->   Operation 50 'partselect' 'trunc_ln1' <Predicate = true> <Delay = 0.00>
ST_1 : Operation 51 [1/1] (0.00ns)   --->   "%trunc_ln2 = partselect i62 @_ssdm_op_PartSelect.i62.i64.i32.i32, i64 %out_r_read, i32 2, i32 63" [mmult_baseline.cpp:43]   --->   Operation 51 'partselect' 'trunc_ln2' <Predicate = true> <Delay = 0.00>

State 2 <SV = 1> <Delay = 7.30>
ST_2 : Operation 52 [1/1] (0.00ns)   --->   "%sext_ln29 = sext i62 %trunc_ln" [mmult_baseline.cpp:29]   --->   Operation 52 'sext' 'sext_ln29' <Predicate = true> <Delay = 0.00>
ST_2 : Operation 53 [1/1] (0.00ns)   --->   "%gmem_addr = getelementptr i32 %gmem, i64 %sext_ln29" [mmult_baseline.cpp:29]   --->   Operation 53 'getelementptr' 'gmem_addr' <Predicate = true> <Delay = 0.00>
ST_2 : Operation 54 [8/8] (7.30ns)   --->   "%empty = readreq i1 @_ssdm_op_ReadReq.m_axi.p1i32, i32 %gmem_addr, i64 16384" [mmult_baseline.cpp:29]   --->   Operation 54 'readreq' 'empty' <Predicate = true> <Delay = 7.30> <CoreInst = "m_axi">   --->   Core 119 'm_axi' <Latency = 0> <II = 1> <Delay = 1.00> <Adapter> <Opcode : 'read' 'write' 'readreq' 'writereq' 'writeresp'>

State 3 <SV = 2> <Delay = 7.30>
ST_3 : Operation 55 [7/8] (7.30ns)   --->   "%empty = readreq i1 @_ssdm_op_ReadReq.m_axi.p1i32, i32 %gmem_addr, i64 16384" [mmult_baseline.cpp:29]   --->   Operation 55 'readreq' 'empty' <Predicate = true> <Delay = 7.30> <CoreInst = "m_axi">   --->   Core 119 'm_axi' <Latency = 0> <II = 1> <Delay = 1.00> <Adapter> <Opcode : 'read' 'write' 'readreq' 'writereq' 'writeresp'>

State 4 <SV = 3> <Delay = 7.30>
ST_4 : Operation 56 [6/8] (7.30ns)   --->   "%empty = readreq i1 @_ssdm_op_ReadReq.m_axi.p1i32, i32 %gmem_addr, i64 16384" [mmult_baseline.cpp:29]   --->   Operation 56 'readreq' 'empty' <Predicate = true> <Delay = 7.30> <CoreInst = "m_axi">   --->   Core 119 'm_axi' <Latency = 0> <II = 1> <Delay = 1.00> <Adapter> <Opcode : 'read' 'write' 'readreq' 'writereq' 'writeresp'>

State 5 <SV = 4> <Delay = 7.30>
ST_5 : Operation 57 [5/8] (7.30ns)   --->   "%empty = readreq i1 @_ssdm_op_ReadReq.m_axi.p1i32, i32 %gmem_addr, i64 16384" [mmult_baseline.cpp:29]   --->   Operation 57 'readreq' 'empty' <Predicate = true> <Delay = 7.30> <CoreInst = "m_axi">   --->   Core 119 'm_axi' <Latency = 0> <II = 1> <Delay = 1.00> <Adapter> <Opcode : 'read' 'write' 'readreq' 'writereq' 'writeresp'>

State 6 <SV = 5> <Delay = 7.30>
ST_6 : Operation 58 [4/8] (7.30ns)   --->   "%empty = readreq i1 @_ssdm_op_ReadReq.m_axi.p1i32, i32 %gmem_addr, i64 16384" [mmult_baseline.cpp:29]   --->   Operation 58 'readreq' 'empty' <Predicate = true> <Delay = 7.30> <CoreInst = "m_axi">   --->   Core 119 'm_axi' <Latency = 0> <II = 1> <Delay = 1.00> <Adapter> <Opcode : 'read' 'write' 'readreq' 'writereq' 'writeresp'>

State 7 <SV = 6> <Delay = 7.30>
ST_7 : Operation 59 [3/8] (7.30ns)   --->   "%empty = readreq i1 @_ssdm_op_ReadReq.m_axi.p1i32, i32 %gmem_addr, i64 16384" [mmult_baseline.cpp:29]   --->   Operation 59 'readreq' 'empty' <Predicate = true> <Delay = 7.30> <CoreInst = "m_axi">   --->   Core 119 'm_axi' <Latency = 0> <II = 1> <Delay = 1.00> <Adapter> <Opcode : 'read' 'write' 'readreq' 'writereq' 'writeresp'>

State 8 <SV = 7> <Delay = 7.30>
ST_8 : Operation 60 [2/8] (7.30ns)   --->   "%empty = readreq i1 @_ssdm_op_ReadReq.m_axi.p1i32, i32 %gmem_addr, i64 16384" [mmult_baseline.cpp:29]   --->   Operation 60 'readreq' 'empty' <Predicate = true> <Delay = 7.30> <CoreInst = "m_axi">   --->   Core 119 'm_axi' <Latency = 0> <II = 1> <Delay = 1.00> <Adapter> <Opcode : 'read' 'write' 'readreq' 'writereq' 'writeresp'>

State 9 <SV = 8> <Delay = 7.30>
ST_9 : Operation 61 [1/8] (7.30ns)   --->   "%empty = readreq i1 @_ssdm_op_ReadReq.m_axi.p1i32, i32 %gmem_addr, i64 16384" [mmult_baseline.cpp:29]   --->   Operation 61 'readreq' 'empty' <Predicate = true> <Delay = 7.30> <CoreInst = "m_axi">   --->   Core 119 'm_axi' <Latency = 0> <II = 1> <Delay = 1.00> <Adapter> <Opcode : 'read' 'write' 'readreq' 'writereq' 'writeresp'>

State 10 <SV = 9> <Delay = 0.00>
ST_10 : Operation 62 [2/2] (0.00ns)   --->   "%call_ln29 = call void @mmult_hw_Pipeline_VITIS_LOOP_29_1_VITIS_LOOP_30_2, i32 %gmem, i62 %trunc_ln, i32 %A, i32 %A_1, i32 %A_2, i32 %A_3, i32 %A_4, i32 %A_5, i32 %A_6, i32 %A_7" [mmult_baseline.cpp:29]   --->   Operation 62 'call' 'call_ln29' <Predicate = true> <Delay = 0.00> <CoreType = "Generic">   --->   Core 0 '' <Latency = 0> <II = 1> <Delay = 1.00> <Generic> <Opcode : >

State 11 <SV = 10> <Delay = 0.00>
ST_11 : Operation 63 [1/2] (0.00ns)   --->   "%call_ln29 = call void @mmult_hw_Pipeline_VITIS_LOOP_29_1_VITIS_LOOP_30_2, i32 %gmem, i62 %trunc_ln, i32 %A, i32 %A_1, i32 %A_2, i32 %A_3, i32 %A_4, i32 %A_5, i32 %A_6, i32 %A_7" [mmult_baseline.cpp:29]   --->   Operation 63 'call' 'call_ln29' <Predicate = true> <Delay = 0.00> <CoreType = "Generic">   --->   Core 0 '' <Latency = 0> <II = 1> <Delay = 1.00> <Generic> <Opcode : >

State 12 <SV = 11> <Delay = 7.30>
ST_12 : Operation 64 [1/1] (0.00ns)   --->   "%sext_ln36 = sext i62 %trunc_ln1" [mmult_baseline.cpp:36]   --->   Operation 64 'sext' 'sext_ln36' <Predicate = true> <Delay = 0.00>
ST_12 : Operation 65 [1/1] (0.00ns)   --->   "%gmem_addr_1 = getelementptr i32 %gmem, i64 %sext_ln36" [mmult_baseline.cpp:36]   --->   Operation 65 'getelementptr' 'gmem_addr_1' <Predicate = true> <Delay = 0.00>
ST_12 : Operation 66 [8/8] (7.30ns)   --->   "%empty_20 = readreq i1 @_ssdm_op_ReadReq.m_axi.p1i32, i32 %gmem_addr_1, i64 16384" [mmult_baseline.cpp:36]   --->   Operation 66 'readreq' 'empty_20' <Predicate = true> <Delay = 7.30> <CoreInst = "m_axi">   --->   Core 119 'm_axi' <Latency = 0> <II = 1> <Delay = 1.00> <Adapter> <Opcode : 'read' 'write' 'readreq' 'writereq' 'writeresp'>

State 13 <SV = 12> <Delay = 7.30>
ST_13 : Operation 67 [7/8] (7.30ns)   --->   "%empty_20 = readreq i1 @_ssdm_op_ReadReq.m_axi.p1i32, i32 %gmem_addr_1, i64 16384" [mmult_baseline.cpp:36]   --->   Operation 67 'readreq' 'empty_20' <Predicate = true> <Delay = 7.30> <CoreInst = "m_axi">   --->   Core 119 'm_axi' <Latency = 0> <II = 1> <Delay = 1.00> <Adapter> <Opcode : 'read' 'write' 'readreq' 'writereq' 'writeresp'>

State 14 <SV = 13> <Delay = 7.30>
ST_14 : Operation 68 [6/8] (7.30ns)   --->   "%empty_20 = readreq i1 @_ssdm_op_ReadReq.m_axi.p1i32, i32 %gmem_addr_1, i64 16384" [mmult_baseline.cpp:36]   --->   Operation 68 'readreq' 'empty_20' <Predicate = true> <Delay = 7.30> <CoreInst = "m_axi">   --->   Core 119 'm_axi' <Latency = 0> <II = 1> <Delay = 1.00> <Adapter> <Opcode : 'read' 'write' 'readreq' 'writereq' 'writeresp'>

State 15 <SV = 14> <Delay = 7.30>
ST_15 : Operation 69 [5/8] (7.30ns)   --->   "%empty_20 = readreq i1 @_ssdm_op_ReadReq.m_axi.p1i32, i32 %gmem_addr_1, i64 16384" [mmult_baseline.cpp:36]   --->   Operation 69 'readreq' 'empty_20' <Predicate = true> <Delay = 7.30> <CoreInst = "m_axi">   --->   Core 119 'm_axi' <Latency = 0> <II = 1> <Delay = 1.00> <Adapter> <Opcode : 'read' 'write' 'readreq' 'writereq' 'writeresp'>

State 16 <SV = 15> <Delay = 7.30>
ST_16 : Operation 70 [4/8] (7.30ns)   --->   "%empty_20 = readreq i1 @_ssdm_op_ReadReq.m_axi.p1i32, i32 %gmem_addr_1, i64 16384" [mmult_baseline.cpp:36]   --->   Operation 70 'readreq' 'empty_20' <Predicate = true> <Delay = 7.30> <CoreInst = "m_axi">   --->   Core 119 'm_axi' <Latency = 0> <II = 1> <Delay = 1.00> <Adapter> <Opcode : 'read' 'write' 'readreq' 'writereq' 'writeresp'>

State 17 <SV = 16> <Delay = 7.30>
ST_17 : Operation 71 [3/8] (7.30ns)   --->   "%empty_20 = readreq i1 @_ssdm_op_ReadReq.m_axi.p1i32, i32 %gmem_addr_1, i64 16384" [mmult_baseline.cpp:36]   --->   Operation 71 'readreq' 'empty_20' <Predicate = true> <Delay = 7.30> <CoreInst = "m_axi">   --->   Core 119 'm_axi' <Latency = 0> <II = 1> <Delay = 1.00> <Adapter> <Opcode : 'read' 'write' 'readreq' 'writereq' 'writeresp'>

State 18 <SV = 17> <Delay = 7.30>
ST_18 : Operation 72 [2/8] (7.30ns)   --->   "%empty_20 = readreq i1 @_ssdm_op_ReadReq.m_axi.p1i32, i32 %gmem_addr_1, i64 16384" [mmult_baseline.cpp:36]   --->   Operation 72 'readreq' 'empty_20' <Predicate = true> <Delay = 7.30> <CoreInst = "m_axi">   --->   Core 119 'm_axi' <Latency = 0> <II = 1> <Delay = 1.00> <Adapter> <Opcode : 'read' 'write' 'readreq' 'writereq' 'writeresp'>

State 19 <SV = 18> <Delay = 7.30>
ST_19 : Operation 73 [1/8] (7.30ns)   --->   "%empty_20 = readreq i1 @_ssdm_op_ReadReq.m_axi.p1i32, i32 %gmem_addr_1, i64 16384" [mmult_baseline.cpp:36]   --->   Operation 73 'readreq' 'empty_20' <Predicate = true> <Delay = 7.30> <CoreInst = "m_axi">   --->   Core 119 'm_axi' <Latency = 0> <II = 1> <Delay = 1.00> <Adapter> <Opcode : 'read' 'write' 'readreq' 'writereq' 'writeresp'>

State 20 <SV = 19> <Delay = 0.00>
ST_20 : Operation 74 [2/2] (0.00ns)   --->   "%call_ln36 = call void @mmult_hw_Pipeline_VITIS_LOOP_36_3_VITIS_LOOP_37_4, i32 %gmem, i62 %trunc_ln1, i32 %B, i32 %B_1, i32 %B_2, i32 %B_3, i32 %B_4, i32 %B_5, i32 %B_6, i32 %B_7" [mmult_baseline.cpp:36]   --->   Operation 74 'call' 'call_ln36' <Predicate = true> <Delay = 0.00> <CoreType = "Generic">   --->   Core 0 '' <Latency = 0> <II = 1> <Delay = 1.00> <Generic> <Opcode : >

State 21 <SV = 20> <Delay = 0.00>
ST_21 : Operation 75 [1/2] (0.00ns)   --->   "%call_ln36 = call void @mmult_hw_Pipeline_VITIS_LOOP_36_3_VITIS_LOOP_37_4, i32 %gmem, i62 %trunc_ln1, i32 %B, i32 %B_1, i32 %B_2, i32 %B_3, i32 %B_4, i32 %B_5, i32 %B_6, i32 %B_7" [mmult_baseline.cpp:36]   --->   Operation 75 'call' 'call_ln36' <Predicate = true> <Delay = 0.00> <CoreType = "Generic">   --->   Core 0 '' <Latency = 0> <II = 1> <Delay = 1.00> <Generic> <Opcode : >

State 22 <SV = 21> <Delay = 7.30>
ST_22 : Operation 76 [1/1] (0.00ns)   --->   "%sext_ln43 = sext i62 %trunc_ln2" [mmult_baseline.cpp:43]   --->   Operation 76 'sext' 'sext_ln43' <Predicate = true> <Delay = 0.00>
ST_22 : Operation 77 [1/1] (0.00ns)   --->   "%gmem_addr_2 = getelementptr i32 %gmem, i64 %sext_ln43" [mmult_baseline.cpp:43]   --->   Operation 77 'getelementptr' 'gmem_addr_2' <Predicate = true> <Delay = 0.00>
ST_22 : Operation 78 [1/1] (7.30ns)   --->   "%empty_21 = writereq i1 @_ssdm_op_WriteReq.m_axi.p1i32, i32 %gmem_addr_2, i64 16384" [mmult_baseline.cpp:43]   --->   Operation 78 'writereq' 'empty_21' <Predicate = true> <Delay = 7.30> <CoreInst = "m_axi">   --->   Core 119 'm_axi' <Latency = 0> <II = 1> <Delay = 1.00> <Adapter> <Opcode : 'read' 'write' 'readreq' 'writereq' 'writeresp'>

State 23 <SV = 22> <Delay = 0.00>
ST_23 : Operation 79 [2/2] (0.00ns)   --->   "%call_ln43 = call void @mmult_hw_Pipeline_VITIS_LOOP_43_5_VITIS_LOOP_44_6, i32 %gmem, i32 %B, i32 %B_1, i32 %B_2, i32 %B_3, i32 %B_4, i32 %B_5, i32 %B_6, i32 %B_7, i62 %trunc_ln2, i32 %A, i32 %A_1, i32 %A_2, i32 %A_3, i32 %A_4, i32 %A_5, i32 %A_6, i32 %A_7" [mmult_baseline.cpp:43]   --->   Operation 79 'call' 'call_ln43' <Predicate = true> <Delay = 0.00> <CoreType = "Generic">   --->   Core 0 '' <Latency = 0> <II = 1> <Delay = 1.00> <Generic> <Opcode : >

State 24 <SV = 23> <Delay = 0.00>
ST_24 : Operation 80 [1/2] (0.00ns)   --->   "%call_ln43 = call void @mmult_hw_Pipeline_VITIS_LOOP_43_5_VITIS_LOOP_44_6, i32 %gmem, i32 %B, i32 %B_1, i32 %B_2, i32 %B_3, i32 %B_4, i32 %B_5, i32 %B_6, i32 %B_7, i62 %trunc_ln2, i32 %A, i32 %A_1, i32 %A_2, i32 %A_3, i32 %A_4, i32 %A_5, i32 %A_6, i32 %A_7" [mmult_baseline.cpp:43]   --->   Operation 80 'call' 'call_ln43' <Predicate = true> <Delay = 0.00> <CoreType = "Generic">   --->   Core 0 '' <Latency = 0> <II = 1> <Delay = 1.00> <Generic> <Opcode : >

State 25 <SV = 24> <Delay = 7.30>
ST_25 : Operation 81 [5/5] (7.30ns)   --->   "%empty_22 = writeresp i1 @_ssdm_op_WriteResp.m_axi.p1i32, i32 %gmem_addr_2" [mmult_baseline.cpp:60]   --->   Operation 81 'writeresp' 'empty_22' <Predicate = true> <Delay = 7.30> <CoreInst = "m_axi">   --->   Core 119 'm_axi' <Latency = 0> <II = 1> <Delay = 1.00> <Adapter> <Opcode : 'read' 'write' 'readreq' 'writereq' 'writeresp'>

State 26 <SV = 25> <Delay = 7.30>
ST_26 : Operation 82 [4/5] (7.30ns)   --->   "%empty_22 = writeresp i1 @_ssdm_op_WriteResp.m_axi.p1i32, i32 %gmem_addr_2" [mmult_baseline.cpp:60]   --->   Operation 82 'writeresp' 'empty_22' <Predicate = true> <Delay = 7.30> <CoreInst = "m_axi">   --->   Core 119 'm_axi' <Latency = 0> <II = 1> <Delay = 1.00> <Adapter> <Opcode : 'read' 'write' 'readreq' 'writereq' 'writeresp'>

State 27 <SV = 26> <Delay = 7.30>
ST_27 : Operation 83 [3/5] (7.30ns)   --->   "%empty_22 = writeresp i1 @_ssdm_op_WriteResp.m_axi.p1i32, i32 %gmem_addr_2" [mmult_baseline.cpp:60]   --->   Operation 83 'writeresp' 'empty_22' <Predicate = true> <Delay = 7.30> <CoreInst = "m_axi">   --->   Core 119 'm_axi' <Latency = 0> <II = 1> <Delay = 1.00> <Adapter> <Opcode : 'read' 'write' 'readreq' 'writereq' 'writeresp'>

State 28 <SV = 27> <Delay = 7.30>
ST_28 : Operation 84 [2/5] (7.30ns)   --->   "%empty_22 = writeresp i1 @_ssdm_op_WriteResp.m_axi.p1i32, i32 %gmem_addr_2" [mmult_baseline.cpp:60]   --->   Operation 84 'writeresp' 'empty_22' <Predicate = true> <Delay = 7.30> <CoreInst = "m_axi">   --->   Core 119 'm_axi' <Latency = 0> <II = 1> <Delay = 1.00> <Adapter> <Opcode : 'read' 'write' 'readreq' 'writereq' 'writeresp'>

State 29 <SV = 28> <Delay = 7.30>
ST_29 : Operation 85 [1/1] (0.00ns)   --->   "%spectopmodule_ln10 = spectopmodule void @_ssdm_op_SpecTopModule, void @empty_12" [mmult_baseline.cpp:10]   --->   Operation 85 'spectopmodule' 'spectopmodule_ln10' <Predicate = true> <Delay = 0.00>
ST_29 : Operation 86 [1/1] (0.00ns)   --->   "%specinterface_ln0 = specinterface void @_ssdm_op_SpecInterface, i32 %gmem, void @empty, i32 0, i32 0, void @empty_0, i32 0, i32 16384, void @empty_1, void @empty_2, void @empty_0, i32 16, i32 16, i32 16, i32 16, void @empty_0, void @empty_0, i32 4294967295, i32 0, i32 0"   --->   Operation 86 'specinterface' 'specinterface_ln0' <Predicate = true> <Delay = 0.00>
ST_29 : Operation 87 [1/1] (0.00ns)   --->   "%specbitsmap_ln0 = specbitsmap void @_ssdm_op_SpecBitsMap, i32 %gmem"   --->   Operation 87 'specbitsmap' 'specbitsmap_ln0' <Predicate = true> <Delay = 0.00>
ST_29 : Operation 88 [1/1] (0.00ns)   --->   "%specinterface_ln0 = specinterface void @_ssdm_op_SpecInterface, i64 %in1, void @empty_3, i32 0, i32 0, void @empty_0, i32 0, i32 0, void @empty_4, void @empty_5, void @empty_0, i32 0, i32 0, i32 0, i32 0, void @empty_0, void @empty_6, i32 4294967295, i32 0, i32 0"   --->   Operation 88 'specinterface' 'specinterface_ln0' <Predicate = true> <Delay = 0.00>
ST_29 : Operation 89 [1/1] (0.00ns)   --->   "%specinterface_ln0 = specinterface void @_ssdm_op_SpecInterface, i64 %in1, void @empty_7, i32 0, i32 0, void @empty_0, i32 0, i32 0, void @empty_0, void @empty_0, void @empty_0, i32 0, i32 0, i32 0, i32 0, void @empty_0, void @empty_6, i32 4294967295, i32 0, i32 0"   --->   Operation 89 'specinterface' 'specinterface_ln0' <Predicate = true> <Delay = 0.00>
ST_29 : Operation 90 [1/1] (0.00ns)   --->   "%specinterface_ln0 = specinterface void @_ssdm_op_SpecInterface, i64 %in2, void @empty_3, i32 0, i32 0, void @empty_0, i32 0, i32 0, void @empty_4, void @empty_8, void @empty_0, i32 0, i32 0, i32 0, i32 0, void @empty_0, void @empty_6, i32 4294967295, i32 0, i32 0"   --->   Operation 90 'specinterface' 'specinterface_ln0' <Predicate = true> <Delay = 0.00>
ST_29 : Operation 91 [1/1] (0.00ns)   --->   "%specinterface_ln0 = specinterface void @_ssdm_op_SpecInterface, i64 %in2, void @empty_7, i32 0, i32 0, void @empty_0, i32 0, i32 0, void @empty_0, void @empty_0, void @empty_0, i32 0, i32 0, i32 0, i32 0, void @empty_0, void @empty_6, i32 4294967295, i32 0, i32 0"   --->   Operation 91 'specinterface' 'specinterface_ln0' <Predicate = true> <Delay = 0.00>
ST_29 : Operation 92 [1/1] (0.00ns)   --->   "%specinterface_ln0 = specinterface void @_ssdm_op_SpecInterface, i64 %out_r, void @empty_3, i32 0, i32 0, void @empty_0, i32 0, i32 0, void @empty_4, void @empty_9, void @empty_0, i32 0, i32 0, i32 0, i32 0, void @empty_0, void @empty_6, i32 4294967295, i32 0, i32 0"   --->   Operation 92 'specinterface' 'specinterface_ln0' <Predicate = true> <Delay = 0.00>
ST_29 : Operation 93 [1/1] (0.00ns)   --->   "%specinterface_ln0 = specinterface void @_ssdm_op_SpecInterface, i64 %out_r, void @empty_7, i32 0, i32 0, void @empty_0, i32 0, i32 0, void @empty_0, void @empty_0, void @empty_0, i32 0, i32 0, i32 0, i32 0, void @empty_0, void @empty_6, i32 4294967295, i32 0, i32 0"   --->   Operation 93 'specinterface' 'specinterface_ln0' <Predicate = true> <Delay = 0.00>
ST_29 : Operation 94 [1/1] (0.00ns)   --->   "%specbitsmap_ln0 = specbitsmap void @_ssdm_op_SpecBitsMap, i32 %dim"   --->   Operation 94 'specbitsmap' 'specbitsmap_ln0' <Predicate = true> <Delay = 0.00>
ST_29 : Operation 95 [1/1] (0.00ns)   --->   "%specinterface_ln0 = specinterface void @_ssdm_op_SpecInterface, i32 %dim, void @empty_3, i32 4294967295, i32 4294967295, void @empty_10, i32 0, i32 0, void @empty_11, void @empty_5, void @empty_0, i32 0, i32 0, i32 0, i32 0, void @empty_0, void @empty_0, i32 4294967295, i32 0, i32 0"   --->   Operation 95 'specinterface' 'specinterface_ln0' <Predicate = true> <Delay = 0.00>
ST_29 : Operation 96 [1/1] (0.00ns)   --->   "%specinterface_ln0 = specinterface void @_ssdm_op_SpecInterface, i32 %dim, void @empty_7, i32 4294967295, i32 4294967295, void @empty_0, i32 0, i32 0, void @empty_0, void @empty_0, void @empty_0, i32 0, i32 0, i32 0, i32 0, void @empty_0, void @empty_0, i32 4294967295, i32 0, i32 0"   --->   Operation 96 'specinterface' 'specinterface_ln0' <Predicate = true> <Delay = 0.00>
ST_29 : Operation 97 [1/1] (0.00ns)   --->   "%specinterface_ln0 = specinterface void @_ssdm_op_SpecInterface, i32 0, void @empty_3, i32 0, i32 0, void @empty_0, i32 0, i32 0, void @empty_11, void @empty_0, void @empty_0, i32 0, i32 0, i32 0, i32 0, void @empty_0, void @empty_0, i32 4294967295, i32 0, i32 0"   --->   Operation 97 'specinterface' 'specinterface_ln0' <Predicate = true> <Delay = 0.00>
ST_29 : Operation 98 [1/5] (7.30ns)   --->   "%empty_22 = writeresp i1 @_ssdm_op_WriteResp.m_axi.p1i32, i32 %gmem_addr_2" [mmult_baseline.cpp:60]   --->   Operation 98 'writeresp' 'empty_22' <Predicate = true> <Delay = 7.30> <CoreInst = "m_axi">   --->   Core 119 'm_axi' <Latency = 0> <II = 1> <Delay = 1.00> <Adapter> <Opcode : 'read' 'write' 'readreq' 'writereq' 'writeresp'>
ST_29 : Operation 99 [1/1] (0.00ns)   --->   "%ret_ln60 = ret" [mmult_baseline.cpp:60]   --->   Operation 99 'ret' 'ret_ln60' <Predicate = true> <Delay = 0.00>


============================================================
+ Verbose Summary: Timing violations
============================================================
Target clock period: 10.000ns, clock uncertainty: 2.700ns.

 <State 1>: 1.000ns
The critical path consists of the following:
	s_axi read operation ('out_r_read') on port 'out_r' [19]  (1.000 ns)

 <State 2>: 7.300ns
The critical path consists of the following:
	'getelementptr' operation 32 bit ('gmem_addr', mmult_baseline.cpp:29) [40]  (0.000 ns)
	bus request operation ('empty', mmult_baseline.cpp:29) on port 'gmem' (mmult_baseline.cpp:29) [41]  (7.300 ns)

 <State 3>: 7.300ns
The critical path consists of the following:
	bus request operation ('empty', mmult_baseline.cpp:29) on port 'gmem' (mmult_baseline.cpp:29) [41]  (7.300 ns)

 <State 4>: 7.300ns
The critical path consists of the following:
	bus request operation ('empty', mmult_baseline.cpp:29) on port 'gmem' (mmult_baseline.cpp:29) [41]  (7.300 ns)

 <State 5>: 7.300ns
The critical path consists of the following:
	bus request operation ('empty', mmult_baseline.cpp:29) on port 'gmem' (mmult_baseline.cpp:29) [41]  (7.300 ns)

 <State 6>: 7.300ns
The critical path consists of the following:
	bus request operation ('empty', mmult_baseline.cpp:29) on port 'gmem' (mmult_baseline.cpp:29) [41]  (7.300 ns)

 <State 7>: 7.300ns
The critical path consists of the following:
	bus request operation ('empty', mmult_baseline.cpp:29) on port 'gmem' (mmult_baseline.cpp:29) [41]  (7.300 ns)

 <State 8>: 7.300ns
The critical path consists of the following:
	bus request operation ('empty', mmult_baseline.cpp:29) on port 'gmem' (mmult_baseline.cpp:29) [41]  (7.300 ns)

 <State 9>: 7.300ns
The critical path consists of the following:
	bus request operation ('empty', mmult_baseline.cpp:29) on port 'gmem' (mmult_baseline.cpp:29) [41]  (7.300 ns)

 <State 10>: 0.000ns
The critical path consists of the following:

 <State 11>: 0.000ns
The critical path consists of the following:

 <State 12>: 7.300ns
The critical path consists of the following:
	'getelementptr' operation 32 bit ('gmem_addr_1', mmult_baseline.cpp:36) [45]  (0.000 ns)
	bus request operation ('empty_20', mmult_baseline.cpp:36) on port 'gmem' (mmult_baseline.cpp:36) [46]  (7.300 ns)

 <State 13>: 7.300ns
The critical path consists of the following:
	bus request operation ('empty_20', mmult_baseline.cpp:36) on port 'gmem' (mmult_baseline.cpp:36) [46]  (7.300 ns)

 <State 14>: 7.300ns
The critical path consists of the following:
	bus request operation ('empty_20', mmult_baseline.cpp:36) on port 'gmem' (mmult_baseline.cpp:36) [46]  (7.300 ns)

 <State 15>: 7.300ns
The critical path consists of the following:
	bus request operation ('empty_20', mmult_baseline.cpp:36) on port 'gmem' (mmult_baseline.cpp:36) [46]  (7.300 ns)

 <State 16>: 7.300ns
The critical path consists of the following:
	bus request operation ('empty_20', mmult_baseline.cpp:36) on port 'gmem' (mmult_baseline.cpp:36) [46]  (7.300 ns)

 <State 17>: 7.300ns
The critical path consists of the following:
	bus request operation ('empty_20', mmult_baseline.cpp:36) on port 'gmem' (mmult_baseline.cpp:36) [46]  (7.300 ns)

 <State 18>: 7.300ns
The critical path consists of the following:
	bus request operation ('empty_20', mmult_baseline.cpp:36) on port 'gmem' (mmult_baseline.cpp:36) [46]  (7.300 ns)

 <State 19>: 7.300ns
The critical path consists of the following:
	bus request operation ('empty_20', mmult_baseline.cpp:36) on port 'gmem' (mmult_baseline.cpp:36) [46]  (7.300 ns)

 <State 20>: 0.000ns
The critical path consists of the following:

 <State 21>: 0.000ns
The critical path consists of the following:

 <State 22>: 7.300ns
The critical path consists of the following:
	'getelementptr' operation 32 bit ('gmem_addr_2', mmult_baseline.cpp:43) [50]  (0.000 ns)
	bus request operation ('empty_21', mmult_baseline.cpp:43) on port 'gmem' (mmult_baseline.cpp:43) [51]  (7.300 ns)

 <State 23>: 0.000ns
The critical path consists of the following:

 <State 24>: 0.000ns
The critical path consists of the following:

 <State 25>: 7.300ns
The critical path consists of the following:
	bus response operation ('empty_22', mmult_baseline.cpp:60) on port 'gmem' (mmult_baseline.cpp:60) [53]  (7.300 ns)

 <State 26>: 7.300ns
The critical path consists of the following:
	bus response operation ('empty_22', mmult_baseline.cpp:60) on port 'gmem' (mmult_baseline.cpp:60) [53]  (7.300 ns)

 <State 27>: 7.300ns
The critical path consists of the following:
	bus response operation ('empty_22', mmult_baseline.cpp:60) on port 'gmem' (mmult_baseline.cpp:60) [53]  (7.300 ns)

 <State 28>: 7.300ns
The critical path consists of the following:
	bus response operation ('empty_22', mmult_baseline.cpp:60) on port 'gmem' (mmult_baseline.cpp:60) [53]  (7.300 ns)

 <State 29>: 7.300ns
The critical path consists of the following:
	bus response operation ('empty_22', mmult_baseline.cpp:60) on port 'gmem' (mmult_baseline.cpp:60) [53]  (7.300 ns)


============================================================
+ Verbose Summary: Binding
============================================================
N/A
* FSMD analyzer results:
  - Output states:
 - Input state : 
  - Chain level:
	State 1
	State 2
	State 3
	State 4
	State 5
	State 6
	State 7
	State 8
	State 9
	State 10
	State 11
	State 12
	State 13
	State 14
	State 15
	State 16
	State 17
	State 18
	State 19
	State 20
	State 21
	State 22
	State 23
	State 24
	State 25
	State 26
	State 27
	State 28
	State 29


============================================================
+ Verbose Summary: Datapath Resource usage 
============================================================
N/A
