

================================================================
== Vitis HLS Report for 'mmult_hw_Pipeline_VITIS_LOOP_29_1_VITIS_LOOP_30_2'
================================================================
* Date:           Fri Feb 27 17:18:29 2026

* Version:        2024.1 (Build 5069499 on May 21 2024)
* Project:        matrix-mult
* Solution:       hls (Vivado IP Flow Target)
* Product family: zynquplus
* Target device:  xczu3eg-sfvc784-2-e


================================================================
== Performance Estimates
================================================================
+ Timing: 
    * Summary: 
    +--------+----------+----------+------------+
    |  Clock |  Target  | Estimated| Uncertainty|
    +--------+----------+----------+------------+
    |ap_clk  |  10.00 ns|  7.300 ns|     2.70 ns|
    +--------+----------+----------+------------+

+ Latency: 
    * Summary: 
    +---------+---------+----------+----------+-------+-------+-----------------------------------------------+
    |  Latency (cycles) |  Latency (absolute) |    Interval   |                    Pipeline                   |
    |   min   |   max   |    min   |    max   |  min  |  max  |                      Type                     |
    +---------+---------+----------+----------+-------+-------+-----------------------------------------------+
    |    16387|    16387|  0.164 ms|  0.164 ms|  16385|  16385|  loop auto-rewind stp(delay=0 clock cycles(s))|
    +---------+---------+----------+----------+-------+-------+-----------------------------------------------+

    + Detail: 
        * Instance: 
        N/A

        * Loop: 
        +-----------------------------------+---------+---------+----------+-----------+-----------+-------+----------+
        |                                   |  Latency (cycles) | Iteration|  Initiation Interval  |  Trip |          |
        |             Loop Name             |   min   |   max   |  Latency |  achieved |   target  | Count | Pipelined|
        +-----------------------------------+---------+---------+----------+-----------+-----------+-------+----------+
        |- VITIS_LOOP_29_1_VITIS_LOOP_30_2  |    16385|    16385|         3|          1|          1|  16384|       yes|
        +-----------------------------------+---------+---------+----------+-----------+-----------+-------+----------+

============================================================
+ Verbose Summary: Synthesis Manager
============================================================
InlineROM: 1
ExposeGlobal: 0
============================================================
+ Verbose Summary: CDFG Model
============================================================
IsTopModel: 0
ResetActiveHigh: 1
IsCombinational: 0
IsDatapathOnly: 0
HasWiredReturn: 1
HasMFsm: 2
HasVarLatency: 1
IsPipeline: 0
IsRtlPipelined: 0
IsInstanceOverlapped: 0
IsDontTouch: 0
HasImplIP: 0
IsGatedGlobalClock: 0

+ Individual pipeline summary: 
  * Pipeline-0: initiation interval (II) = 1, depth = 3


============================================================
+ Verbose Summary: Schedule
============================================================
* Number of FSM states : 3
* Pipeline : 1
  Pipeline-0 : II = 1, D = 3, States = { 1 2 3 }
* Dataflow Pipeline: 0

* FSM state transitions: 
1 --> 2 
2 --> 3 
3 --> 

* FSM state operations: 

State 1 <SV = 0> <Delay = 1.69>
ST_1 : Operation 6 [1/1] (0.00ns)   --->   "%j = alloca i32 1" [mmult_baseline.cpp:30]   --->   Operation 6 'alloca' 'j' <Predicate = true> <Delay = 0.00>
ST_1 : Operation 7 [1/1] (0.00ns)   --->   "%i = alloca i32 1" [mmult_baseline.cpp:29]   --->   Operation 7 'alloca' 'i' <Predicate = true> <Delay = 0.00>
ST_1 : Operation 8 [1/1] (0.00ns)   --->   "%indvar_flatten = alloca i32 1"   --->   Operation 8 'alloca' 'indvar_flatten' <Predicate = true> <Delay = 0.00>
ST_1 : Operation 9 [1/1] (0.00ns)   --->   "%sext_ln29_read = read i62 @_ssdm_op_Read.ap_auto.i62, i62 %sext_ln29"   --->   Operation 9 'read' 'sext_ln29_read' <Predicate = true> <Delay = 0.00>
ST_1 : Operation 10 [1/1] (0.00ns)   --->   "%sext_ln29_cast = sext i62 %sext_ln29_read"   --->   Operation 10 'sext' 'sext_ln29_cast' <Predicate = true> <Delay = 0.00>
ST_1 : Operation 11 [1/1] (0.00ns)   --->   "%specinterface_ln0 = specinterface void @_ssdm_op_SpecInterface, i32 %gmem, void @empty, i32 0, i32 0, void @empty_0, i32 0, i32 16384, void @empty_1, void @empty_2, void @empty_0, i32 16, i32 16, i32 16, i32 16, void @empty_0, void @empty_0, i32 4294967295, i32 0, i32 0"   --->   Operation 11 'specinterface' 'specinterface_ln0' <Predicate = true> <Delay = 0.00>
ST_1 : Operation 12 [1/1] (0.42ns)   --->   "%store_ln0 = store i15 0, i15 %indvar_flatten"   --->   Operation 12 'store' 'store_ln0' <Predicate = true> <Delay = 0.42>
ST_1 : Operation 13 [1/1] (0.42ns)   --->   "%store_ln29 = store i8 0, i8 %i" [mmult_baseline.cpp:29]   --->   Operation 13 'store' 'store_ln29' <Predicate = true> <Delay = 0.42>
ST_1 : Operation 14 [1/1] (0.42ns)   --->   "%store_ln30 = store i8 0, i8 %j" [mmult_baseline.cpp:30]   --->   Operation 14 'store' 'store_ln30' <Predicate = true> <Delay = 0.42>
ST_1 : Operation 15 [1/1] (0.00ns)   --->   "%br_ln0 = br void %for.inc"   --->   Operation 15 'br' 'br_ln0' <Predicate = true> <Delay = 0.00>
ST_1 : Operation 16 [1/1] (0.00ns)   --->   "%indvar_flatten_load = load i15 %indvar_flatten" [mmult_baseline.cpp:29]   --->   Operation 16 'load' 'indvar_flatten_load' <Predicate = true> <Delay = 0.00>
ST_1 : Operation 17 [1/1] (0.00ns)   --->   "%specbitsmap_ln0 = specbitsmap void @_ssdm_op_SpecBitsMap, i32 %gmem"   --->   Operation 17 'specbitsmap' 'specbitsmap_ln0' <Predicate = true> <Delay = 0.00>
ST_1 : Operation 18 [1/1] (0.84ns)   --->   "%icmp_ln29 = icmp_eq  i15 %indvar_flatten_load, i15 16384" [mmult_baseline.cpp:29]   --->   Operation 18 'icmp' 'icmp_ln29' <Predicate = true> <Delay = 0.84> <CoreInst = "Cmp">   --->   Core 9 'Cmp' <Latency = 0> <II = 1> <Delay = 0.84> <FuncUnit> <Opcode : 'seteq' 'setne' 'setle' 'setge' 'setlt' 'setgt'> <InPorts = 2> <OutPorts = 1>
ST_1 : Operation 19 [1/1] (0.84ns)   --->   "%add_ln29_1 = add i15 %indvar_flatten_load, i15 1" [mmult_baseline.cpp:29]   --->   Operation 19 'add' 'add_ln29_1' <Predicate = true> <Delay = 0.84> <CoreInst = "Adder">   --->   Core 1 'Adder' <Latency = 0> <II = 1> <Delay = 0.84> <FuncUnit> <Opcode : 'add' 'sub'> <InPorts = 2> <OutPorts = 1>
ST_1 : Operation 20 [1/1] (0.00ns)   --->   "%br_ln29 = br i1 %icmp_ln29, void %for.inc9, void %VITIS_LOOP_36_3.exitStub" [mmult_baseline.cpp:29]   --->   Operation 20 'br' 'br_ln29' <Predicate = true> <Delay = 0.00>
ST_1 : Operation 21 [1/1] (0.42ns)   --->   "%store_ln29 = store i15 %add_ln29_1, i15 %indvar_flatten" [mmult_baseline.cpp:29]   --->   Operation 21 'store' 'store_ln29' <Predicate = (!icmp_ln29)> <Delay = 0.42>

State 2 <SV = 1> <Delay = 7.30>
ST_2 : Operation 22 [1/1] (0.00ns)   --->   "%gmem_addr = getelementptr i32 %gmem, i64 %sext_ln29_cast" [mmult_baseline.cpp:29]   --->   Operation 22 'getelementptr' 'gmem_addr' <Predicate = true> <Delay = 0.00>
ST_2 : Operation 23 [1/1] (7.30ns)   --->   "%gmem_addr_read = read i32 @_ssdm_op_Read.m_axi.p1i32, i32 %gmem_addr" [mmult_baseline.cpp:32]   --->   Operation 23 'read' 'gmem_addr_read' <Predicate = true> <Delay = 7.30> <CoreInst = "m_axi">   --->   Core 119 'm_axi' <Latency = 0> <II = 1> <Delay = 1.00> <Adapter> <Opcode : 'read' 'write' 'readreq' 'writereq' 'writeresp'>
ST_2 : Operation 67 [1/1] (0.42ns)   --->   "%ret_ln0 = ret"   --->   Operation 67 'ret' 'ret_ln0' <Predicate = (icmp_ln29)> <Delay = 0.42>

State 3 <SV = 2> <Delay = 3.13>
ST_3 : Operation 24 [1/1] (0.00ns)   --->   "%j_load = load i8 %j" [mmult_baseline.cpp:30]   --->   Operation 24 'load' 'j_load' <Predicate = true> <Delay = 0.00>
ST_3 : Operation 25 [1/1] (0.00ns)   --->   "%i_load = load i8 %i" [mmult_baseline.cpp:29]   --->   Operation 25 'load' 'i_load' <Predicate = true> <Delay = 0.00>
ST_3 : Operation 26 [1/1] (0.76ns)   --->   "%add_ln29 = add i8 %i_load, i8 1" [mmult_baseline.cpp:29]   --->   Operation 26 'add' 'add_ln29' <Predicate = true> <Delay = 0.76> <CoreInst = "Adder">   --->   Core 1 'Adder' <Latency = 0> <II = 1> <Delay = 0.76> <FuncUnit> <Opcode : 'add' 'sub'> <InPorts = 2> <OutPorts = 1>
ST_3 : Operation 27 [1/1] (0.00ns)   --->   "%specloopname_ln0 = specloopname void @_ssdm_op_SpecLoopName, void @VITIS_LOOP_29_1_VITIS_LOOP_30_2_str"   --->   Operation 27 'specloopname' 'specloopname_ln0' <Predicate = true> <Delay = 0.00>
ST_3 : Operation 28 [1/1] (0.00ns)   --->   "%speclooptripcount_ln0 = speclooptripcount void @_ssdm_op_SpecLoopTripCount, i64 16384, i64 16384, i64 16384"   --->   Operation 28 'speclooptripcount' 'speclooptripcount_ln0' <Predicate = true> <Delay = 0.00>
ST_3 : Operation 29 [1/1] (0.76ns)   --->   "%icmp_ln30 = icmp_eq  i8 %j_load, i8 128" [mmult_baseline.cpp:30]   --->   Operation 29 'icmp' 'icmp_ln30' <Predicate = true> <Delay = 0.76> <CoreInst = "Cmp">   --->   Core 9 'Cmp' <Latency = 0> <II = 1> <Delay = 0.76> <FuncUnit> <Opcode : 'seteq' 'setne' 'setle' 'setge' 'setlt' 'setgt'> <InPorts = 2> <OutPorts = 1>
ST_3 : Operation 30 [1/1] (0.39ns)   --->   "%select_ln29 = select i1 %icmp_ln30, i8 0, i8 %j_load" [mmult_baseline.cpp:29]   --->   Operation 30 'select' 'select_ln29' <Predicate = true> <Delay = 0.39> <CoreInst = "Sel">   --->   Core 73 'Sel' <Latency = 0> <II = 1> <Delay = 0.39> <FuncUnit> <Opcode : 'select'> <InPorts = 3> <OutPorts = 1>
ST_3 : Operation 31 [1/1] (0.39ns)   --->   "%select_ln29_1 = select i1 %icmp_ln30, i8 %add_ln29, i8 %i_load" [mmult_baseline.cpp:29]   --->   Operation 31 'select' 'select_ln29_1' <Predicate = true> <Delay = 0.39> <CoreInst = "Sel">   --->   Core 73 'Sel' <Latency = 0> <II = 1> <Delay = 0.39> <FuncUnit> <Opcode : 'select'> <InPorts = 3> <OutPorts = 1>
ST_3 : Operation 32 [1/1] (0.00ns)   --->   "%trunc_ln30 = trunc i8 %select_ln29_1" [mmult_baseline.cpp:30]   --->   Operation 32 'trunc' 'trunc_ln30' <Predicate = true> <Delay = 0.00>
ST_3 : Operation 33 [1/1] (0.00ns)   --->   "%trunc_ln30_1 = trunc i8 %select_ln29" [mmult_baseline.cpp:30]   --->   Operation 33 'trunc' 'trunc_ln30_1' <Predicate = true> <Delay = 0.00>
ST_3 : Operation 34 [1/1] (0.00ns)   --->   "%specpipeline_ln31 = specpipeline void @_ssdm_op_SpecPipeline, i32 1, i32 0, i32 0, i32 0, void @empty_0" [mmult_baseline.cpp:31]   --->   Operation 34 'specpipeline' 'specpipeline_ln31' <Predicate = true> <Delay = 0.00>
ST_3 : Operation 35 [1/1] (0.00ns)   --->   "%lshr_ln = partselect i4 @_ssdm_op_PartSelect.i4.i8.i32.i32, i8 %select_ln29, i32 3, i32 6" [mmult_baseline.cpp:30]   --->   Operation 35 'partselect' 'lshr_ln' <Predicate = true> <Delay = 0.00>
ST_3 : Operation 36 [1/1] (0.00ns)   --->   "%tmp = bitconcatenate i11 @_ssdm_op_BitConcatenate.i11.i7.i4, i7 %trunc_ln30, i4 %lshr_ln" [mmult_baseline.cpp:32]   --->   Operation 36 'bitconcatenate' 'tmp' <Predicate = true> <Delay = 0.00>
ST_3 : Operation 37 [1/1] (0.00ns)   --->   "%zext_ln32 = zext i11 %tmp" [mmult_baseline.cpp:32]   --->   Operation 37 'zext' 'zext_ln32' <Predicate = true> <Delay = 0.00>
ST_3 : Operation 38 [1/1] (0.00ns)   --->   "%A_addr = getelementptr i32 %A, i64 0, i64 %zext_ln32" [mmult_baseline.cpp:32]   --->   Operation 38 'getelementptr' 'A_addr' <Predicate = true> <Delay = 0.00>
ST_3 : Operation 39 [1/1] (0.00ns)   --->   "%A_1_addr = getelementptr i32 %A_1, i64 0, i64 %zext_ln32" [mmult_baseline.cpp:32]   --->   Operation 39 'getelementptr' 'A_1_addr' <Predicate = true> <Delay = 0.00>
ST_3 : Operation 40 [1/1] (0.00ns)   --->   "%A_2_addr = getelementptr i32 %A_2, i64 0, i64 %zext_ln32" [mmult_baseline.cpp:32]   --->   Operation 40 'getelementptr' 'A_2_addr' <Predicate = true> <Delay = 0.00>
ST_3 : Operation 41 [1/1] (0.00ns)   --->   "%A_3_addr = getelementptr i32 %A_3, i64 0, i64 %zext_ln32" [mmult_baseline.cpp:32]   --->   Operation 41 'getelementptr' 'A_3_addr' <Predicate = true> <Delay = 0.00>
ST_3 : Operation 42 [1/1] (0.00ns)   --->   "%A_4_addr = getelementptr i32 %A_4, i64 0, i64 %zext_ln32" [mmult_baseline.cpp:32]   --->   Operation 42 'getelementptr' 'A_4_addr' <Predicate = true> <Delay = 0.00>
ST_3 : Operation 43 [1/1] (0.00ns)   --->   "%A_5_addr = getelementptr i32 %A_5, i64 0, i64 %zext_ln32" [mmult_baseline.cpp:32]   --->   Operation 43 'getelementptr' 'A_5_addr' <Predicate = true> <Delay = 0.00>
ST_3 : Operation 44 [1/1] (0.00ns)   --->   "%A_6_addr = getelementptr i32 %A_6, i64 0, i64 %zext_ln32" [mmult_baseline.cpp:32]   --->   Operation 44 'getelementptr' 'A_6_addr' <Predicate = true> <Delay = 0.00>
ST_3 : Operation 45 [1/1] (0.00ns)   --->   "%A_7_addr = getelementptr i32 %A_7, i64 0, i64 %zext_ln32" [mmult_baseline.cpp:32]   --->   Operation 45 'getelementptr' 'A_7_addr' <Predicate = true> <Delay = 0.00>
ST_3 : Operation 46 [1/1] (0.73ns)   --->   "%switch_ln32 = switch i3 %trunc_ln30_1, void %arrayidx84.case.7, i3 0, void %arrayidx84.case.0, i3 1, void %arrayidx84.case.1, i3 2, void %arrayidx84.case.2, i3 3, void %arrayidx84.case.3, i3 4, void %arrayidx84.case.4, i3 5, void %arrayidx84.case.5, i3 6, void %arrayidx84.case.6" [mmult_baseline.cpp:32]   --->   Operation 46 'switch' 'switch_ln32' <Predicate = true> <Delay = 0.73>
ST_3 : Operation 47 [1/1] (1.23ns)   --->   "%store_ln32 = store i32 %gmem_addr_read, i11 %A_6_addr" [mmult_baseline.cpp:32]   --->   Operation 47 'store' 'store_ln32' <Predicate = (trunc_ln30_1 == 6)> <Delay = 1.23> <CoreInst = "RAM_1WnR">   --->   Core 83 'RAM_1WnR' <Latency = 1> <II = 1> <Delay = 1.23> <Storage> <Opcode : 'load' 'store'> <Ports = 17> <Width = 32> <Depth = 2048> <RAM>
ST_3 : Operation 48 [1/1] (0.00ns)   --->   "%br_ln32 = br void %arrayidx84.exit" [mmult_baseline.cpp:32]   --->   Operation 48 'br' 'br_ln32' <Predicate = (trunc_ln30_1 == 6)> <Delay = 0.00>
ST_3 : Operation 49 [1/1] (1.23ns)   --->   "%store_ln32 = store i32 %gmem_addr_read, i11 %A_5_addr" [mmult_baseline.cpp:32]   --->   Operation 49 'store' 'store_ln32' <Predicate = (trunc_ln30_1 == 5)> <Delay = 1.23> <CoreInst = "RAM_1WnR">   --->   Core 83 'RAM_1WnR' <Latency = 1> <II = 1> <Delay = 1.23> <Storage> <Opcode : 'load' 'store'> <Ports = 17> <Width = 32> <Depth = 2048> <RAM>
ST_3 : Operation 50 [1/1] (0.00ns)   --->   "%br_ln32 = br void %arrayidx84.exit" [mmult_baseline.cpp:32]   --->   Operation 50 'br' 'br_ln32' <Predicate = (trunc_ln30_1 == 5)> <Delay = 0.00>
ST_3 : Operation 51 [1/1] (1.23ns)   --->   "%store_ln32 = store i32 %gmem_addr_read, i11 %A_4_addr" [mmult_baseline.cpp:32]   --->   Operation 51 'store' 'store_ln32' <Predicate = (trunc_ln30_1 == 4)> <Delay = 1.23> <CoreInst = "RAM_1WnR">   --->   Core 83 'RAM_1WnR' <Latency = 1> <II = 1> <Delay = 1.23> <Storage> <Opcode : 'load' 'store'> <Ports = 17> <Width = 32> <Depth = 2048> <RAM>
ST_3 : Operation 52 [1/1] (0.00ns)   --->   "%br_ln32 = br void %arrayidx84.exit" [mmult_baseline.cpp:32]   --->   Operation 52 'br' 'br_ln32' <Predicate = (trunc_ln30_1 == 4)> <Delay = 0.00>
ST_3 : Operation 53 [1/1] (1.23ns)   --->   "%store_ln32 = store i32 %gmem_addr_read, i11 %A_3_addr" [mmult_baseline.cpp:32]   --->   Operation 53 'store' 'store_ln32' <Predicate = (trunc_ln30_1 == 3)> <Delay = 1.23> <CoreInst = "RAM_1WnR">   --->   Core 83 'RAM_1WnR' <Latency = 1> <II = 1> <Delay = 1.23> <Storage> <Opcode : 'load' 'store'> <Ports = 17> <Width = 32> <Depth = 2048> <RAM>
ST_3 : Operation 54 [1/1] (0.00ns)   --->   "%br_ln32 = br void %arrayidx84.exit" [mmult_baseline.cpp:32]   --->   Operation 54 'br' 'br_ln32' <Predicate = (trunc_ln30_1 == 3)> <Delay = 0.00>
ST_3 : Operation 55 [1/1] (1.23ns)   --->   "%store_ln32 = store i32 %gmem_addr_read, i11 %A_2_addr" [mmult_baseline.cpp:32]   --->   Operation 55 'store' 'store_ln32' <Predicate = (trunc_ln30_1 == 2)> <Delay = 1.23> <CoreInst = "RAM_1WnR">   --->   Core 83 'RAM_1WnR' <Latency = 1> <II = 1> <Delay = 1.23> <Storage> <Opcode : 'load' 'store'> <Ports = 17> <Width = 32> <Depth = 2048> <RAM>
ST_3 : Operation 56 [1/1] (0.00ns)   --->   "%br_ln32 = br void %arrayidx84.exit" [mmult_baseline.cpp:32]   --->   Operation 56 'br' 'br_ln32' <Predicate = (trunc_ln30_1 == 2)> <Delay = 0.00>
ST_3 : Operation 57 [1/1] (1.23ns)   --->   "%store_ln32 = store i32 %gmem_addr_read, i11 %A_1_addr" [mmult_baseline.cpp:32]   --->   Operation 57 'store' 'store_ln32' <Predicate = (trunc_ln30_1 == 1)> <Delay = 1.23> <CoreInst = "RAM_1WnR">   --->   Core 83 'RAM_1WnR' <Latency = 1> <II = 1> <Delay = 1.23> <Storage> <Opcode : 'load' 'store'> <Ports = 17> <Width = 32> <Depth = 2048> <RAM>
ST_3 : Operation 58 [1/1] (0.00ns)   --->   "%br_ln32 = br void %arrayidx84.exit" [mmult_baseline.cpp:32]   --->   Operation 58 'br' 'br_ln32' <Predicate = (trunc_ln30_1 == 1)> <Delay = 0.00>
ST_3 : Operation 59 [1/1] (1.23ns)   --->   "%store_ln32 = store i32 %gmem_addr_read, i11 %A_addr" [mmult_baseline.cpp:32]   --->   Operation 59 'store' 'store_ln32' <Predicate = (trunc_ln30_1 == 0)> <Delay = 1.23> <CoreInst = "RAM_1WnR">   --->   Core 83 'RAM_1WnR' <Latency = 1> <II = 1> <Delay = 1.23> <Storage> <Opcode : 'load' 'store'> <Ports = 17> <Width = 32> <Depth = 2048> <RAM>
ST_3 : Operation 60 [1/1] (0.00ns)   --->   "%br_ln32 = br void %arrayidx84.exit" [mmult_baseline.cpp:32]   --->   Operation 60 'br' 'br_ln32' <Predicate = (trunc_ln30_1 == 0)> <Delay = 0.00>
ST_3 : Operation 61 [1/1] (1.23ns)   --->   "%store_ln32 = store i32 %gmem_addr_read, i11 %A_7_addr" [mmult_baseline.cpp:32]   --->   Operation 61 'store' 'store_ln32' <Predicate = (trunc_ln30_1 == 7)> <Delay = 1.23> <CoreInst = "RAM_1WnR">   --->   Core 83 'RAM_1WnR' <Latency = 1> <II = 1> <Delay = 1.23> <Storage> <Opcode : 'load' 'store'> <Ports = 17> <Width = 32> <Depth = 2048> <RAM>
ST_3 : Operation 62 [1/1] (0.00ns)   --->   "%br_ln32 = br void %arrayidx84.exit" [mmult_baseline.cpp:32]   --->   Operation 62 'br' 'br_ln32' <Predicate = (trunc_ln30_1 == 7)> <Delay = 0.00>
ST_3 : Operation 63 [1/1] (0.76ns)   --->   "%add_ln30 = add i8 %select_ln29, i8 1" [mmult_baseline.cpp:30]   --->   Operation 63 'add' 'add_ln30' <Predicate = true> <Delay = 0.76> <CoreInst = "Adder">   --->   Core 1 'Adder' <Latency = 0> <II = 1> <Delay = 0.76> <FuncUnit> <Opcode : 'add' 'sub'> <InPorts = 2> <OutPorts = 1>
ST_3 : Operation 64 [1/1] (0.42ns)   --->   "%store_ln29 = store i8 %select_ln29_1, i8 %i" [mmult_baseline.cpp:29]   --->   Operation 64 'store' 'store_ln29' <Predicate = true> <Delay = 0.42>
ST_3 : Operation 65 [1/1] (0.42ns)   --->   "%store_ln30 = store i8 %add_ln30, i8 %j" [mmult_baseline.cpp:30]   --->   Operation 65 'store' 'store_ln30' <Predicate = true> <Delay = 0.42>
ST_3 : Operation 66 [1/1] (0.00ns)   --->   "%br_ln30 = br void %for.inc" [mmult_baseline.cpp:30]   --->   Operation 66 'br' 'br_ln30' <Predicate = true> <Delay = 0.00>


============================================================
+ Verbose Summary: Binding
============================================================
STG Binding: 
---------------- STG Properties BEGIN ----------------
- Is combinational: 0
- Is one-state seq: 0
- Is datapath-only: 0
- Is pipelined: 0
- Is top level: 0
Port [ Return ] is wired: 1; IO mode=ap_ctrl_hs:ce=0
Port [ gmem]:  wired=1; compound=1; hidden=0; nouse=0; global=0; static=0; extern=0; dir=0; type=4; pingpong=0; private_global=0; IO mode=m_axi:ce=0
Port [ sext_ln29]:  wired=1; compound=0; hidden=0; nouse=0; global=0; static=0; extern=0; dir=0; type=0; pingpong=0; private_global=0; IO mode=ap_none:ce=0
Port [ A]:  wired=1; compound=1; hidden=0; nouse=0; global=0; static=0; extern=0; dir=1; type=1; pingpong=0; private_global=0; MemPort=[03333333333333333]; IO mode=ap_memory:ce=0
Port [ A_1]:  wired=1; compound=1; hidden=0; nouse=0; global=0; static=0; extern=0; dir=1; type=1; pingpong=0; private_global=0; MemPort=[03333333333333333]; IO mode=ap_memory:ce=0
Port [ A_2]:  wired=1; compound=1; hidden=0; nouse=0; global=0; static=0; extern=0; dir=1; type=1; pingpong=0; private_global=0; MemPort=[03333333333333333]; IO mode=ap_memory:ce=0
Port [ A_3]:  wired=1; compound=1; hidden=0; nouse=0; global=0; static=0; extern=0; dir=1; type=1; pingpong=0; private_global=0; MemPort=[03333333333333333]; IO mode=ap_memory:ce=0
Port [ A_4]:  wired=1; compound=1; hidden=0; nouse=0; global=0; static=0; extern=0; dir=1; type=1; pingpong=0; private_global=0; MemPort=[03333333333333333]; IO mode=ap_memory:ce=0
Port [ A_5]:  wired=1; compound=1; hidden=0; nouse=0; global=0; static=0; extern=0; dir=1; type=1; pingpong=0; private_global=0; MemPort=[03333333333333333]; IO mode=ap_memory:ce=0
Port [ A_6]:  wired=1; compound=1; hidden=0; nouse=0; global=0; static=0; extern=0; dir=1; type=1; pingpong=0; private_global=0; MemPort=[03333333333333333]; IO mode=ap_memory:ce=0
Port [ A_7]:  wired=1; compound=1; hidden=0; nouse=0; global=0; static=0; extern=0; dir=1; type=1; pingpong=0; private_global=0; MemPort=[03333333333333333]; IO mode=ap_memory:ce=0
---------------- STG Properties END ------------------

---------------- Datapath Model BEGIN ----------------

<LifeTime>
<method=bitvector/>
j                     (alloca           ) [ 0111]
i                     (alloca           ) [ 0111]
indvar_flatten        (alloca           ) [ 0100]
sext_ln29_read        (read             ) [ 0000]
sext_ln29_cast        (sext             ) [ 0110]
specinterface_ln0     (specinterface    ) [ 0000]
store_ln0             (store            ) [ 0000]
store_ln29            (store            ) [ 0000]
store_ln30            (store            ) [ 0000]
br_ln0                (br               ) [ 0000]
indvar_flatten_load   (load             ) [ 0000]
specbitsmap_ln0       (specbitsmap      ) [ 0000]
icmp_ln29             (icmp             ) [ 0110]
add_ln29_1            (add              ) [ 0000]
br_ln29               (br               ) [ 0000]
store_ln29            (store            ) [ 0000]
gmem_addr             (getelementptr    ) [ 0000]
gmem_addr_read        (read             ) [ 0101]
j_load                (load             ) [ 0000]
i_load                (load             ) [ 0000]
add_ln29              (add              ) [ 0000]
specloopname_ln0      (specloopname     ) [ 0000]
speclooptripcount_ln0 (speclooptripcount) [ 0000]
icmp_ln30             (icmp             ) [ 0000]
select_ln29           (select           ) [ 0000]
select_ln29_1         (select           ) [ 0000]
trunc_ln30            (trunc            ) [ 0000]
trunc_ln30_1          (trunc            ) [ 0101]
specpipeline_ln31     (specpipeline     ) [ 0000]
lshr_ln               (partselect       ) [ 0000]
tmp                   (bitconcatenate   ) [ 0000]
zext_ln32             (zext             ) [ 0000]
A_addr                (getelementptr    ) [ 0000]
A_1_addr              (getelementptr    ) [ 0000]
A_2_addr              (getelementptr    ) [ 0000]
A_3_addr              (getelementptr    ) [ 0000]
A_4_addr              (getelementptr    ) [ 0000]
A_5_addr              (getelementptr    ) [ 0000]
A_6_addr              (getelementptr    ) [ 0000]
A_7_addr              (getelementptr    ) [ 0000]
switch_ln32           (switch           ) [ 0000]
store_ln32            (store            ) [ 0000]
br_ln32               (br               ) [ 0000]
store_ln32            (store            ) [ 0000]
br_ln32               (br               ) [ 0000]
store_ln32            (store            ) [ 0000]
br_ln32               (br               ) [ 0000]
store_ln32            (store            ) [ 0000]
br_ln32               (br               ) [ 0000]
store_ln32            (store            ) [ 0000]
br_ln32               (br               ) [ 0000]
store_ln32            (store            ) [ 0000]
br_ln32               (br               ) [ 0000]
store_ln32            (store            ) [ 0000]
br_ln32               (br               ) [ 0000]
store_ln32            (store            ) [ 0000]
br_ln32               (br               ) [ 0000]
add_ln30              (add              ) [ 0000]
store_ln29            (store            ) [ 0000]
store_ln30            (store            ) [ 0000]
br_ln30               (br               ) [ 0000]
ret_ln0               (ret              ) [ 0000]
</LifeTime>

<model>

<comp_list>
<comp id="0" class="1000" name="gmem">
<pin_list>
<pin id="1" dir="1" index="0" bw="1" slack="0"/>
</pin_list>
<bind>
<StgValue><ssdm name="gmem"/></StgValue>
</bind>
</comp>

<comp id="2" class="1000" name="sext_ln29">
<pin_list>
<pin id="3" dir="1" index="0" bw="1" slack="0"/>
</pin_list>
<bind>
<StgValue><ssdm name="sext_ln29"/></StgValue>
</bind>
</comp>

<comp id="4" class="1000" name="A">
<pin_list>
<pin id="5" dir="1" index="0" bw="1" slack="0"/>
</pin_list>
<bind>
<StgValue><ssdm name="A"/><MemPortTyVec>0 3 3 3 3 3 3 3 3 3 3 3 3 3 3 3 3 </MemPortTyVec>
</StgValue>
</bind>
</comp>

<comp id="6" class="1000" name="A_1">
<pin_list>
<pin id="7" dir="1" index="0" bw="1" slack="0"/>
</pin_list>
<bind>
<StgValue><ssdm name="A_1"/><MemPortTyVec>0 3 3 3 3 3 3 3 3 3 3 3 3 3 3 3 3 </MemPortTyVec>
</StgValue>
</bind>
</comp>

<comp id="8" class="1000" name="A_2">
<pin_list>
<pin id="9" dir="1" index="0" bw="1" slack="0"/>
</pin_list>
<bind>
<StgValue><ssdm name="A_2"/><MemPortTyVec>0 3 3 3 3 3 3 3 3 3 3 3 3 3 3 3 3 </MemPortTyVec>
</StgValue>
</bind>
</comp>

<comp id="10" class="1000" name="A_3">
<pin_list>
<pin id="11" dir="1" index="0" bw="1" slack="0"/>
</pin_list>
<bind>
<StgValue><ssdm name="A_3"/><MemPortTyVec>0 3 3 3 3 3 3 3 3 3 3 3 3 3 3 3 3 </MemPortTyVec>
</StgValue>
</bind>
</comp>

<comp id="12" class="1000" name="A_4">
<pin_list>
<pin id="13" dir="1" index="0" bw="1" slack="0"/>
</pin_list>
<bind>
<StgValue><ssdm name="A_4"/><MemPortTyVec>0 3 3 3 3 3 3 3 3 3 3 3 3 3 3 3 3 </MemPortTyVec>
</StgValue>
</bind>
</comp>

<comp id="14" class="1000" name="A_5">
<pin_list>
<pin id="15" dir="1" index="0" bw="1" slack="0"/>
</pin_list>
<bind>
<StgValue><ssdm name="A_5"/><MemPortTyVec>0 3 3 3 3 3 3 3 3 3 3 3 3 3 3 3 3 </MemPortTyVec>
</StgValue>
</bind>
</comp>

<comp id="16" class="1000" name="A_6">
<pin_list>
<pin id="17" dir="1" index="0" bw="1" slack="0"/>
</pin_list>
<bind>
<StgValue><ssdm name="A_6"/><MemPortTyVec>0 3 3 3 3 3 3 3 3 3 3 3 3 3 3 3 3 </MemPortTyVec>
</StgValue>
</bind>
</comp>

<comp id="18" class="1000" name="A_7">
<pin_list>
<pin id="19" dir="1" index="0" bw="1" slack="0"/>
</pin_list>
<bind>
<StgValue><ssdm name="A_7"/><MemPortTyVec>0 3 3 3 3 3 3 3 3 3 3 3 3 3 3 3 3 </MemPortTyVec>
</StgValue>
</bind>
</comp>

<comp id="20" class="1001" name="const_20">
<pin_list>
<pin id="21" dir="1" index="0" bw="1" slack="0"/>
</pin_list>
<bind>
<StgValue><ssdm name=""/></StgValue>
</bind>
</comp>

<comp id="22" class="1001" name="const_22">
<pin_list>
<pin id="23" dir="1" index="0" bw="1" slack="0"/>
</pin_list>
<bind>
<StgValue><ssdm name="_ssdm_op_Read.ap_auto.i62"/></StgValue>
</bind>
</comp>

<comp id="24" class="1001" name="const_24">
<pin_list>
<pin id="25" dir="1" index="0" bw="1" slack="2147483647"/>
</pin_list>
<bind>
<StgValue><ssdm name="_ssdm_op_SpecInterface"/></StgValue>
</bind>
</comp>

<comp id="26" class="1001" name="const_26">
<pin_list>
<pin id="27" dir="1" index="0" bw="1" slack="2147483647"/>
</pin_list>
<bind>
<StgValue><ssdm name="empty"/></StgValue>
</bind>
</comp>

<comp id="28" class="1001" name="const_28">
<pin_list>
<pin id="29" dir="1" index="0" bw="1" slack="2147483647"/>
</pin_list>
<bind>
<StgValue><ssdm name=""/></StgValue>
</bind>
</comp>

<comp id="30" class="1001" name="const_30">
<pin_list>
<pin id="31" dir="1" index="0" bw="1" slack="2147483647"/>
</pin_list>
<bind>
<StgValue><ssdm name="empty_0"/></StgValue>
</bind>
</comp>

<comp id="32" class="1001" name="const_32">
<pin_list>
<pin id="33" dir="1" index="0" bw="1" slack="2147483647"/>
</pin_list>
<bind>
<StgValue><ssdm name=""/></StgValue>
</bind>
</comp>

<comp id="34" class="1001" name="const_34">
<pin_list>
<pin id="35" dir="1" index="0" bw="1" slack="2147483647"/>
</pin_list>
<bind>
<StgValue><ssdm name="empty_1"/></StgValue>
</bind>
</comp>

<comp id="36" class="1001" name="const_36">
<pin_list>
<pin id="37" dir="1" index="0" bw="1" slack="2147483647"/>
</pin_list>
<bind>
<StgValue><ssdm name="empty_2"/></StgValue>
</bind>
</comp>

<comp id="38" class="1001" name="const_38">
<pin_list>
<pin id="39" dir="1" index="0" bw="1" slack="2147483647"/>
</pin_list>
<bind>
<StgValue><ssdm name=""/></StgValue>
</bind>
</comp>

<comp id="40" class="1001" name="const_40">
<pin_list>
<pin id="41" dir="1" index="0" bw="1" slack="2147483647"/>
</pin_list>
<bind>
<StgValue><ssdm name=""/></StgValue>
</bind>
</comp>

<comp id="42" class="1001" name="const_42">
<pin_list>
<pin id="43" dir="1" index="0" bw="1" slack="0"/>
</pin_list>
<bind>
<StgValue><ssdm name=""/></StgValue>
</bind>
</comp>

<comp id="44" class="1001" name="const_44">
<pin_list>
<pin id="45" dir="1" index="0" bw="1" slack="0"/>
</pin_list>
<bind>
<StgValue><ssdm name=""/></StgValue>
</bind>
</comp>

<comp id="46" class="1001" name="const_46">
<pin_list>
<pin id="47" dir="1" index="0" bw="1" slack="2147483647"/>
</pin_list>
<bind>
<StgValue><ssdm name="_ssdm_op_SpecBitsMap"/></StgValue>
</bind>
</comp>

<comp id="48" class="1001" name="const_48">
<pin_list>
<pin id="49" dir="1" index="0" bw="1" slack="0"/>
</pin_list>
<bind>
<StgValue><ssdm name=""/></StgValue>
</bind>
</comp>

<comp id="50" class="1001" name="const_50">
<pin_list>
<pin id="51" dir="1" index="0" bw="1" slack="0"/>
</pin_list>
<bind>
<StgValue><ssdm name=""/></StgValue>
</bind>
</comp>

<comp id="52" class="1001" name="const_52">
<pin_list>
<pin id="53" dir="1" index="0" bw="1" slack="0"/>
</pin_list>
<bind>
<StgValue><ssdm name="_ssdm_op_Read.m_axi.p1i32"/></StgValue>
</bind>
</comp>

<comp id="54" class="1001" name="const_54">
<pin_list>
<pin id="55" dir="1" index="0" bw="1" slack="0"/>
</pin_list>
<bind>
<StgValue><ssdm name=""/></StgValue>
</bind>
</comp>

<comp id="56" class="1001" name="const_56">
<pin_list>
<pin id="57" dir="1" index="0" bw="1" slack="2147483647"/>
</pin_list>
<bind>
<StgValue><ssdm name="_ssdm_op_SpecLoopName"/></StgValue>
</bind>
</comp>

<comp id="58" class="1001" name="const_58">
<pin_list>
<pin id="59" dir="1" index="0" bw="1" slack="2147483647"/>
</pin_list>
<bind>
<StgValue><ssdm name="VITIS_LOOP_29_1_VITIS_LOOP_30_2_str"/></StgValue>
</bind>
</comp>

<comp id="60" class="1001" name="const_60">
<pin_list>
<pin id="61" dir="1" index="0" bw="1" slack="2147483647"/>
</pin_list>
<bind>
<StgValue><ssdm name="_ssdm_op_SpecLoopTripCount"/></StgValue>
</bind>
</comp>

<comp id="62" class="1001" name="const_62">
<pin_list>
<pin id="63" dir="1" index="0" bw="1" slack="2147483647"/>
</pin_list>
<bind>
<StgValue><ssdm name=""/></StgValue>
</bind>
</comp>

<comp id="64" class="1001" name="const_64">
<pin_list>
<pin id="65" dir="1" index="0" bw="1" slack="0"/>
</pin_list>
<bind>
<StgValue><ssdm name=""/></StgValue>
</bind>
</comp>

<comp id="66" class="1001" name="const_66">
<pin_list>
<pin id="67" dir="1" index="0" bw="1" slack="2147483647"/>
</pin_list>
<bind>
<StgValue><ssdm name="_ssdm_op_SpecPipeline"/></StgValue>
</bind>
</comp>

<comp id="68" class="1001" name="const_68">
<pin_list>
<pin id="69" dir="1" index="0" bw="1" slack="0"/>
</pin_list>
<bind>
<StgValue><ssdm name="_ssdm_op_PartSelect.i4.i8.i32.i32"/></StgValue>
</bind>
</comp>

<comp id="70" class="1001" name="const_70">
<pin_list>
<pin id="71" dir="1" index="0" bw="1" slack="0"/>
</pin_list>
<bind>
<StgValue><ssdm name=""/></StgValue>
</bind>
</comp>

<comp id="72" class="1001" name="const_72">
<pin_list>
<pin id="73" dir="1" index="0" bw="1" slack="0"/>
</pin_list>
<bind>
<StgValue><ssdm name=""/></StgValue>
</bind>
</comp>

<comp id="74" class="1001" name="const_74">
<pin_list>
<pin id="75" dir="1" index="0" bw="1" slack="0"/>
</pin_list>
<bind>
<StgValue><ssdm name="_ssdm_op_BitConcatenate.i11.i7.i4"/></StgValue>
</bind>
</comp>

<comp id="76" class="1001" name="const_76">
<pin_list>
<pin id="77" dir="1" index="0" bw="1" slack="0"/>
</pin_list>
<bind>
<StgValue><ssdm name=""/></StgValue>
</bind>
</comp>

<comp id="78" class="1001" name="const_78">
<pin_list>
<pin id="79" dir="1" index="0" bw="1" slack="2147483647"/>
</pin_list>
<bind>
<StgValue><ssdm name=""/></StgValue>
</bind>
</comp>

<comp id="80" class="1001" name="const_80">
<pin_list>
<pin id="81" dir="1" index="0" bw="1" slack="2147483647"/>
</pin_list>
<bind>
<StgValue><ssdm name=""/></StgValue>
</bind>
</comp>

<comp id="82" class="1001" name="const_82">
<pin_list>
<pin id="83" dir="1" index="0" bw="1" slack="2147483647"/>
</pin_list>
<bind>
<StgValue><ssdm name=""/></StgValue>
</bind>
</comp>

<comp id="84" class="1001" name="const_84">
<pin_list>
<pin id="85" dir="1" index="0" bw="1" slack="2147483647"/>
</pin_list>
<bind>
<StgValue><ssdm name=""/></StgValue>
</bind>
</comp>

<comp id="86" class="1001" name="const_86">
<pin_list>
<pin id="87" dir="1" index="0" bw="1" slack="2147483647"/>
</pin_list>
<bind>
<StgValue><ssdm name=""/></StgValue>
</bind>
</comp>

<comp id="88" class="1001" name="const_88">
<pin_list>
<pin id="89" dir="1" index="0" bw="1" slack="2147483647"/>
</pin_list>
<bind>
<StgValue><ssdm name=""/></StgValue>
</bind>
</comp>

<comp id="90" class="1001" name="const_90">
<pin_list>
<pin id="91" dir="1" index="0" bw="1" slack="2147483647"/>
</pin_list>
<bind>
<StgValue><ssdm name=""/></StgValue>
</bind>
</comp>

<comp id="92" class="1004" name="j_fu_92">
<pin_list>
<pin id="93" dir="0" index="0" bw="1" slack="0"/>
<pin id="94" dir="1" index="1" bw="8" slack="0"/>
</pin_list>
<bind>
<opcode="alloca(26) " fcode="alloca"/>
<opset="j/1 "/>
</bind>
</comp>

<comp id="96" class="1004" name="i_fu_96">
<pin_list>
<pin id="97" dir="0" index="0" bw="1" slack="0"/>
<pin id="98" dir="1" index="1" bw="8" slack="0"/>
</pin_list>
<bind>
<opcode="alloca(26) " fcode="alloca"/>
<opset="i/1 "/>
</bind>
</comp>

<comp id="100" class="1004" name="indvar_flatten_fu_100">
<pin_list>
<pin id="101" dir="0" index="0" bw="1" slack="0"/>
<pin id="102" dir="1" index="1" bw="15" slack="0"/>
</pin_list>
<bind>
<opcode="alloca(26) " fcode="alloca"/>
<opset="indvar_flatten/1 "/>
</bind>
</comp>

<comp id="104" class="1004" name="sext_ln29_read_read_fu_104">
<pin_list>
<pin id="105" dir="0" index="0" bw="62" slack="0"/>
<pin id="106" dir="0" index="1" bw="62" slack="0"/>
<pin id="107" dir="1" index="2" bw="62" slack="0"/>
</pin_list>
<bind>
<opcode="read(1150) " fcode="read"/>
<opset="sext_ln29_read/1 "/>
</bind>
</comp>

<comp id="110" class="1004" name="gmem_addr_read_read_fu_110">
<pin_list>
<pin id="111" dir="0" index="0" bw="32" slack="0"/>
<pin id="112" dir="0" index="1" bw="32" slack="0"/>
<pin id="113" dir="1" index="2" bw="32" slack="1"/>
</pin_list>
<bind>
<opcode="read(1150) " fcode="read"/>
<opset="gmem_addr_read/2 "/>
</bind>
</comp>

<comp id="115" class="1004" name="A_addr_gep_fu_115">
<pin_list>
<pin id="116" dir="0" index="0" bw="32" slack="0"/>
<pin id="117" dir="0" index="1" bw="1" slack="0"/>
<pin id="118" dir="0" index="2" bw="11" slack="0"/>
<pin id="119" dir="1" index="3" bw="11" slack="0"/>
</pin_list>
<bind>
<opcode="getelementptr(29) " fcode="getelementptr"/>
<opset="A_addr/3 "/>
</bind>
</comp>

<comp id="122" class="1004" name="A_1_addr_gep_fu_122">
<pin_list>
<pin id="123" dir="0" index="0" bw="32" slack="0"/>
<pin id="124" dir="0" index="1" bw="1" slack="0"/>
<pin id="125" dir="0" index="2" bw="11" slack="0"/>
<pin id="126" dir="1" index="3" bw="11" slack="0"/>
</pin_list>
<bind>
<opcode="getelementptr(29) " fcode="getelementptr"/>
<opset="A_1_addr/3 "/>
</bind>
</comp>

<comp id="129" class="1004" name="A_2_addr_gep_fu_129">
<pin_list>
<pin id="130" dir="0" index="0" bw="32" slack="0"/>
<pin id="131" dir="0" index="1" bw="1" slack="0"/>
<pin id="132" dir="0" index="2" bw="11" slack="0"/>
<pin id="133" dir="1" index="3" bw="11" slack="0"/>
</pin_list>
<bind>
<opcode="getelementptr(29) " fcode="getelementptr"/>
<opset="A_2_addr/3 "/>
</bind>
</comp>

<comp id="136" class="1004" name="A_3_addr_gep_fu_136">
<pin_list>
<pin id="137" dir="0" index="0" bw="32" slack="0"/>
<pin id="138" dir="0" index="1" bw="1" slack="0"/>
<pin id="139" dir="0" index="2" bw="11" slack="0"/>
<pin id="140" dir="1" index="3" bw="11" slack="0"/>
</pin_list>
<bind>
<opcode="getelementptr(29) " fcode="getelementptr"/>
<opset="A_3_addr/3 "/>
</bind>
</comp>

<comp id="143" class="1004" name="A_4_addr_gep_fu_143">
<pin_list>
<pin id="144" dir="0" index="0" bw="32" slack="0"/>
<pin id="145" dir="0" index="1" bw="1" slack="0"/>
<pin id="146" dir="0" index="2" bw="11" slack="0"/>
<pin id="147" dir="1" index="3" bw="11" slack="0"/>
</pin_list>
<bind>
<opcode="getelementptr(29) " fcode="getelementptr"/>
<opset="A_4_addr/3 "/>
</bind>
</comp>

<comp id="150" class="1004" name="A_5_addr_gep_fu_150">
<pin_list>
<pin id="151" dir="0" index="0" bw="32" slack="0"/>
<pin id="152" dir="0" index="1" bw="1" slack="0"/>
<pin id="153" dir="0" index="2" bw="11" slack="0"/>
<pin id="154" dir="1" index="3" bw="11" slack="0"/>
</pin_list>
<bind>
<opcode="getelementptr(29) " fcode="getelementptr"/>
<opset="A_5_addr/3 "/>
</bind>
</comp>

<comp id="157" class="1004" name="A_6_addr_gep_fu_157">
<pin_list>
<pin id="158" dir="0" index="0" bw="32" slack="0"/>
<pin id="159" dir="0" index="1" bw="1" slack="0"/>
<pin id="160" dir="0" index="2" bw="11" slack="0"/>
<pin id="161" dir="1" index="3" bw="11" slack="0"/>
</pin_list>
<bind>
<opcode="getelementptr(29) " fcode="getelementptr"/>
<opset="A_6_addr/3 "/>
</bind>
</comp>

<comp id="164" class="1004" name="A_7_addr_gep_fu_164">
<pin_list>
<pin id="165" dir="0" index="0" bw="32" slack="0"/>
<pin id="166" dir="0" index="1" bw="1" slack="0"/>
<pin id="167" dir="0" index="2" bw="11" slack="0"/>
<pin id="168" dir="1" index="3" bw="11" slack="0"/>
</pin_list>
<bind>
<opcode="getelementptr(29) " fcode="getelementptr"/>
<opset="A_7_addr/3 "/>
</bind>
</comp>

<comp id="171" class="1004" name="store_ln32_access_fu_171">
<pin_list>
<pin id="172" dir="0" index="0" bw="11" slack="0"/>
<pin id="173" dir="0" index="1" bw="32" slack="1"/>
<pin id="174" dir="0" index="2" bw="0" slack="2147483647"/>
<pin id="175" dir="1" index="3" bw="32" slack="2147483647"/>
</pin_list>
<bind>
<opcode="store(28) " fcode="store"/>
<opset="store_ln32/3 "/>
</bind>
</comp>

<comp id="177" class="1004" name="store_ln32_access_fu_177">
<pin_list>
<pin id="178" dir="0" index="0" bw="11" slack="0"/>
<pin id="179" dir="0" index="1" bw="32" slack="1"/>
<pin id="180" dir="0" index="2" bw="0" slack="2147483647"/>
<pin id="181" dir="1" index="3" bw="32" slack="2147483647"/>
</pin_list>
<bind>
<opcode="store(28) " fcode="store"/>
<opset="store_ln32/3 "/>
</bind>
</comp>

<comp id="183" class="1004" name="store_ln32_access_fu_183">
<pin_list>
<pin id="184" dir="0" index="0" bw="11" slack="0"/>
<pin id="185" dir="0" index="1" bw="32" slack="1"/>
<pin id="186" dir="0" index="2" bw="0" slack="2147483647"/>
<pin id="187" dir="1" index="3" bw="32" slack="2147483647"/>
</pin_list>
<bind>
<opcode="store(28) " fcode="store"/>
<opset="store_ln32/3 "/>
</bind>
</comp>

<comp id="189" class="1004" name="store_ln32_access_fu_189">
<pin_list>
<pin id="190" dir="0" index="0" bw="11" slack="0"/>
<pin id="191" dir="0" index="1" bw="32" slack="1"/>
<pin id="192" dir="0" index="2" bw="0" slack="2147483647"/>
<pin id="193" dir="1" index="3" bw="32" slack="2147483647"/>
</pin_list>
<bind>
<opcode="store(28) " fcode="store"/>
<opset="store_ln32/3 "/>
</bind>
</comp>

<comp id="195" class="1004" name="store_ln32_access_fu_195">
<pin_list>
<pin id="196" dir="0" index="0" bw="11" slack="0"/>
<pin id="197" dir="0" index="1" bw="32" slack="1"/>
<pin id="198" dir="0" index="2" bw="0" slack="2147483647"/>
<pin id="199" dir="1" index="3" bw="32" slack="2147483647"/>
</pin_list>
<bind>
<opcode="store(28) " fcode="store"/>
<opset="store_ln32/3 "/>
</bind>
</comp>

<comp id="201" class="1004" name="store_ln32_access_fu_201">
<pin_list>
<pin id="202" dir="0" index="0" bw="11" slack="0"/>
<pin id="203" dir="0" index="1" bw="32" slack="1"/>
<pin id="204" dir="0" index="2" bw="0" slack="2147483647"/>
<pin id="205" dir="1" index="3" bw="32" slack="2147483647"/>
</pin_list>
<bind>
<opcode="store(28) " fcode="store"/>
<opset="store_ln32/3 "/>
</bind>
</comp>

<comp id="207" class="1004" name="store_ln32_access_fu_207">
<pin_list>
<pin id="208" dir="0" index="0" bw="11" slack="0"/>
<pin id="209" dir="0" index="1" bw="32" slack="1"/>
<pin id="210" dir="0" index="2" bw="0" slack="2147483647"/>
<pin id="211" dir="1" index="3" bw="32" slack="2147483647"/>
</pin_list>
<bind>
<opcode="store(28) " fcode="store"/>
<opset="store_ln32/3 "/>
</bind>
</comp>

<comp id="213" class="1004" name="store_ln32_access_fu_213">
<pin_list>
<pin id="214" dir="0" index="0" bw="11" slack="0"/>
<pin id="215" dir="0" index="1" bw="32" slack="1"/>
<pin id="216" dir="0" index="2" bw="0" slack="2147483647"/>
<pin id="217" dir="1" index="3" bw="32" slack="2147483647"/>
</pin_list>
<bind>
<opcode="store(28) " fcode="store"/>
<opset="store_ln32/3 "/>
</bind>
</comp>

<comp id="219" class="1004" name="sext_ln29_cast_fu_219">
<pin_list>
<pin id="220" dir="0" index="0" bw="62" slack="0"/>
<pin id="221" dir="1" index="1" bw="64" slack="1"/>
</pin_list>
<bind>
<opcode="sext(35) " fcode="sext"/>
<opset="sext_ln29_cast/1 "/>
</bind>
</comp>

<comp id="223" class="1004" name="store_ln0_store_fu_223">
<pin_list>
<pin id="224" dir="0" index="0" bw="1" slack="0"/>
<pin id="225" dir="0" index="1" bw="15" slack="0"/>
<pin id="226" dir="1" index="2" bw="0" slack="2147483647"/>
</pin_list>
<bind>
<opcode="store(28) " fcode="store"/>
<opset="store_ln0/1 "/>
</bind>
</comp>

<comp id="228" class="1004" name="store_ln29_store_fu_228">
<pin_list>
<pin id="229" dir="0" index="0" bw="1" slack="0"/>
<pin id="230" dir="0" index="1" bw="8" slack="0"/>
<pin id="231" dir="1" index="2" bw="0" slack="2147483647"/>
</pin_list>
<bind>
<opcode="store(28) " fcode="store"/>
<opset="store_ln29/1 "/>
</bind>
</comp>

<comp id="233" class="1004" name="store_ln30_store_fu_233">
<pin_list>
<pin id="234" dir="0" index="0" bw="1" slack="0"/>
<pin id="235" dir="0" index="1" bw="8" slack="0"/>
<pin id="236" dir="1" index="2" bw="0" slack="2147483647"/>
</pin_list>
<bind>
<opcode="store(28) " fcode="store"/>
<opset="store_ln30/1 "/>
</bind>
</comp>

<comp id="238" class="1004" name="indvar_flatten_load_load_fu_238">
<pin_list>
<pin id="239" dir="0" index="0" bw="15" slack="0"/>
<pin id="240" dir="1" index="1" bw="15" slack="0"/>
</pin_list>
<bind>
<opcode="load(27) " fcode="load"/>
<opset="indvar_flatten_load/1 "/>
</bind>
</comp>

<comp id="241" class="1004" name="icmp_ln29_fu_241">
<pin_list>
<pin id="242" dir="0" index="0" bw="15" slack="0"/>
<pin id="243" dir="0" index="1" bw="15" slack="0"/>
<pin id="244" dir="1" index="2" bw="1" slack="1"/>
</pin_list>
<bind>
<opcode="icmp(45) " fcode="icmp"/>
<opset="icmp_ln29/1 "/>
</bind>
</comp>

<comp id="247" class="1004" name="add_ln29_1_fu_247">
<pin_list>
<pin id="248" dir="0" index="0" bw="15" slack="0"/>
<pin id="249" dir="0" index="1" bw="1" slack="0"/>
<pin id="250" dir="1" index="2" bw="15" slack="0"/>
</pin_list>
<bind>
<opcode="add(8) " fcode="add"/>
<opset="add_ln29_1/1 "/>
</bind>
</comp>

<comp id="253" class="1004" name="store_ln29_store_fu_253">
<pin_list>
<pin id="254" dir="0" index="0" bw="15" slack="0"/>
<pin id="255" dir="0" index="1" bw="15" slack="0"/>
<pin id="256" dir="1" index="2" bw="0" slack="2147483647"/>
</pin_list>
<bind>
<opcode="store(28) " fcode="store"/>
<opset="store_ln29/1 "/>
</bind>
</comp>

<comp id="258" class="1004" name="gmem_addr_fu_258">
<pin_list>
<pin id="259" dir="0" index="0" bw="32" slack="0"/>
<pin id="260" dir="0" index="1" bw="62" slack="1"/>
<pin id="261" dir="1" index="2" bw="32" slack="0"/>
</pin_list>
<bind>
<opcode="getelementptr(29) " fcode="getelementptr"/>
<opset="gmem_addr/2 "/>
</bind>
</comp>

<comp id="264" class="1004" name="j_load_load_fu_264">
<pin_list>
<pin id="265" dir="0" index="0" bw="8" slack="2"/>
<pin id="266" dir="1" index="1" bw="8" slack="0"/>
</pin_list>
<bind>
<opcode="load(27) " fcode="load"/>
<opset="j_load/3 "/>
</bind>
</comp>

<comp id="267" class="1004" name="i_load_load_fu_267">
<pin_list>
<pin id="268" dir="0" index="0" bw="8" slack="2"/>
<pin id="269" dir="1" index="1" bw="8" slack="0"/>
</pin_list>
<bind>
<opcode="load(27) " fcode="load"/>
<opset="i_load/3 "/>
</bind>
</comp>

<comp id="270" class="1004" name="add_ln29_fu_270">
<pin_list>
<pin id="271" dir="0" index="0" bw="8" slack="0"/>
<pin id="272" dir="0" index="1" bw="1" slack="0"/>
<pin id="273" dir="1" index="2" bw="8" slack="0"/>
</pin_list>
<bind>
<opcode="add(8) " fcode="add"/>
<opset="add_ln29/3 "/>
</bind>
</comp>

<comp id="276" class="1004" name="icmp_ln30_fu_276">
<pin_list>
<pin id="277" dir="0" index="0" bw="8" slack="0"/>
<pin id="278" dir="0" index="1" bw="8" slack="0"/>
<pin id="279" dir="1" index="2" bw="1" slack="0"/>
</pin_list>
<bind>
<opcode="icmp(45) " fcode="icmp"/>
<opset="icmp_ln30/3 "/>
</bind>
</comp>

<comp id="282" class="1004" name="select_ln29_fu_282">
<pin_list>
<pin id="283" dir="0" index="0" bw="1" slack="0"/>
<pin id="284" dir="0" index="1" bw="1" slack="0"/>
<pin id="285" dir="0" index="2" bw="8" slack="0"/>
<pin id="286" dir="1" index="3" bw="8" slack="0"/>
</pin_list>
<bind>
<opcode="select(49) " fcode="select"/>
<opset="select_ln29/3 "/>
</bind>
</comp>

<comp id="290" class="1004" name="select_ln29_1_fu_290">
<pin_list>
<pin id="291" dir="0" index="0" bw="1" slack="0"/>
<pin id="292" dir="0" index="1" bw="8" slack="0"/>
<pin id="293" dir="0" index="2" bw="8" slack="0"/>
<pin id="294" dir="1" index="3" bw="8" slack="0"/>
</pin_list>
<bind>
<opcode="select(49) " fcode="select"/>
<opset="select_ln29_1/3 "/>
</bind>
</comp>

<comp id="298" class="1004" name="trunc_ln30_fu_298">
<pin_list>
<pin id="299" dir="0" index="0" bw="8" slack="0"/>
<pin id="300" dir="1" index="1" bw="7" slack="0"/>
</pin_list>
<bind>
<opcode="trunc(33) " fcode="trunc"/>
<opset="trunc_ln30/3 "/>
</bind>
</comp>

<comp id="302" class="1004" name="trunc_ln30_1_fu_302">
<pin_list>
<pin id="303" dir="0" index="0" bw="8" slack="0"/>
<pin id="304" dir="1" index="1" bw="3" slack="2147483647"/>
</pin_list>
<bind>
<opcode="trunc(33) " fcode="trunc"/>
<opset="trunc_ln30_1/3 "/>
</bind>
</comp>

<comp id="306" class="1004" name="lshr_ln_fu_306">
<pin_list>
<pin id="307" dir="0" index="0" bw="4" slack="0"/>
<pin id="308" dir="0" index="1" bw="8" slack="0"/>
<pin id="309" dir="0" index="2" bw="3" slack="0"/>
<pin id="310" dir="0" index="3" bw="4" slack="0"/>
<pin id="311" dir="1" index="4" bw="4" slack="0"/>
</pin_list>
<bind>
<opcode="partselect(1002) " fcode="partselect"/>
<opset="lshr_ln/3 "/>
</bind>
</comp>

<comp id="316" class="1004" name="tmp_fu_316">
<pin_list>
<pin id="317" dir="0" index="0" bw="11" slack="0"/>
<pin id="318" dir="0" index="1" bw="7" slack="0"/>
<pin id="319" dir="0" index="2" bw="4" slack="0"/>
<pin id="320" dir="1" index="3" bw="11" slack="0"/>
</pin_list>
<bind>
<opcode="bitconcatenate(1004) " fcode="bitconcatenate"/>
<opset="tmp/3 "/>
</bind>
</comp>

<comp id="324" class="1004" name="zext_ln32_fu_324">
<pin_list>
<pin id="325" dir="0" index="0" bw="11" slack="0"/>
<pin id="326" dir="1" index="1" bw="64" slack="0"/>
</pin_list>
<bind>
<opcode="zext(34) " fcode="zext"/>
<opset="zext_ln32/3 "/>
</bind>
</comp>

<comp id="336" class="1004" name="add_ln30_fu_336">
<pin_list>
<pin id="337" dir="0" index="0" bw="8" slack="0"/>
<pin id="338" dir="0" index="1" bw="1" slack="0"/>
<pin id="339" dir="1" index="2" bw="8" slack="0"/>
</pin_list>
<bind>
<opcode="add(8) " fcode="add"/>
<opset="add_ln30/3 "/>
</bind>
</comp>

<comp id="342" class="1004" name="store_ln29_store_fu_342">
<pin_list>
<pin id="343" dir="0" index="0" bw="8" slack="0"/>
<pin id="344" dir="0" index="1" bw="8" slack="2"/>
<pin id="345" dir="1" index="2" bw="0" slack="2147483647"/>
</pin_list>
<bind>
<opcode="store(28) " fcode="store"/>
<opset="store_ln29/3 "/>
</bind>
</comp>

<comp id="347" class="1004" name="store_ln30_store_fu_347">
<pin_list>
<pin id="348" dir="0" index="0" bw="8" slack="0"/>
<pin id="349" dir="0" index="1" bw="8" slack="2"/>
<pin id="350" dir="1" index="2" bw="0" slack="2147483647"/>
</pin_list>
<bind>
<opcode="store(28) " fcode="store"/>
<opset="store_ln30/3 "/>
</bind>
</comp>

<comp id="352" class="1005" name="j_reg_352">
<pin_list>
<pin id="353" dir="0" index="0" bw="8" slack="0"/>
<pin id="354" dir="1" index="1" bw="8" slack="0"/>
</pin_list>
<bind>
<opset="j "/>
</bind>
</comp>

<comp id="359" class="1005" name="i_reg_359">
<pin_list>
<pin id="360" dir="0" index="0" bw="8" slack="0"/>
<pin id="361" dir="1" index="1" bw="8" slack="0"/>
</pin_list>
<bind>
<opset="i "/>
</bind>
</comp>

<comp id="366" class="1005" name="indvar_flatten_reg_366">
<pin_list>
<pin id="367" dir="0" index="0" bw="15" slack="0"/>
<pin id="368" dir="1" index="1" bw="15" slack="0"/>
</pin_list>
<bind>
<opset="indvar_flatten "/>
</bind>
</comp>

<comp id="373" class="1005" name="sext_ln29_cast_reg_373">
<pin_list>
<pin id="374" dir="0" index="0" bw="64" slack="1"/>
<pin id="375" dir="1" index="1" bw="64" slack="1"/>
</pin_list>
<bind>
<opset="sext_ln29_cast "/>
</bind>
</comp>

<comp id="378" class="1005" name="icmp_ln29_reg_378">
<pin_list>
<pin id="379" dir="0" index="0" bw="1" slack="1"/>
<pin id="380" dir="1" index="1" bw="1" slack="2147483647"/>
</pin_list>
<bind>
<opset="icmp_ln29 "/>
</bind>
</comp>

<comp id="382" class="1005" name="gmem_addr_read_reg_382">
<pin_list>
<pin id="383" dir="0" index="0" bw="32" slack="1"/>
<pin id="384" dir="1" index="1" bw="32" slack="1"/>
</pin_list>
<bind>
<opset="gmem_addr_read "/>
</bind>
</comp>

</comp_list>

<net_list>
<net id="95"><net_src comp="20" pin="0"/><net_sink comp="92" pin=0"/></net>

<net id="99"><net_src comp="20" pin="0"/><net_sink comp="96" pin=0"/></net>

<net id="103"><net_src comp="20" pin="0"/><net_sink comp="100" pin=0"/></net>

<net id="108"><net_src comp="22" pin="0"/><net_sink comp="104" pin=0"/></net>

<net id="109"><net_src comp="2" pin="0"/><net_sink comp="104" pin=1"/></net>

<net id="114"><net_src comp="52" pin="0"/><net_sink comp="110" pin=0"/></net>

<net id="120"><net_src comp="4" pin="0"/><net_sink comp="115" pin=0"/></net>

<net id="121"><net_src comp="76" pin="0"/><net_sink comp="115" pin=1"/></net>

<net id="127"><net_src comp="6" pin="0"/><net_sink comp="122" pin=0"/></net>

<net id="128"><net_src comp="76" pin="0"/><net_sink comp="122" pin=1"/></net>

<net id="134"><net_src comp="8" pin="0"/><net_sink comp="129" pin=0"/></net>

<net id="135"><net_src comp="76" pin="0"/><net_sink comp="129" pin=1"/></net>

<net id="141"><net_src comp="10" pin="0"/><net_sink comp="136" pin=0"/></net>

<net id="142"><net_src comp="76" pin="0"/><net_sink comp="136" pin=1"/></net>

<net id="148"><net_src comp="12" pin="0"/><net_sink comp="143" pin=0"/></net>

<net id="149"><net_src comp="76" pin="0"/><net_sink comp="143" pin=1"/></net>

<net id="155"><net_src comp="14" pin="0"/><net_sink comp="150" pin=0"/></net>

<net id="156"><net_src comp="76" pin="0"/><net_sink comp="150" pin=1"/></net>

<net id="162"><net_src comp="16" pin="0"/><net_sink comp="157" pin=0"/></net>

<net id="163"><net_src comp="76" pin="0"/><net_sink comp="157" pin=1"/></net>

<net id="169"><net_src comp="18" pin="0"/><net_sink comp="164" pin=0"/></net>

<net id="170"><net_src comp="76" pin="0"/><net_sink comp="164" pin=1"/></net>

<net id="176"><net_src comp="157" pin="3"/><net_sink comp="171" pin=0"/></net>

<net id="182"><net_src comp="150" pin="3"/><net_sink comp="177" pin=0"/></net>

<net id="188"><net_src comp="143" pin="3"/><net_sink comp="183" pin=0"/></net>

<net id="194"><net_src comp="136" pin="3"/><net_sink comp="189" pin=0"/></net>

<net id="200"><net_src comp="129" pin="3"/><net_sink comp="195" pin=0"/></net>

<net id="206"><net_src comp="122" pin="3"/><net_sink comp="201" pin=0"/></net>

<net id="212"><net_src comp="115" pin="3"/><net_sink comp="207" pin=0"/></net>

<net id="218"><net_src comp="164" pin="3"/><net_sink comp="213" pin=0"/></net>

<net id="222"><net_src comp="104" pin="2"/><net_sink comp="219" pin=0"/></net>

<net id="227"><net_src comp="42" pin="0"/><net_sink comp="223" pin=0"/></net>

<net id="232"><net_src comp="44" pin="0"/><net_sink comp="228" pin=0"/></net>

<net id="237"><net_src comp="44" pin="0"/><net_sink comp="233" pin=0"/></net>

<net id="245"><net_src comp="238" pin="1"/><net_sink comp="241" pin=0"/></net>

<net id="246"><net_src comp="48" pin="0"/><net_sink comp="241" pin=1"/></net>

<net id="251"><net_src comp="238" pin="1"/><net_sink comp="247" pin=0"/></net>

<net id="252"><net_src comp="50" pin="0"/><net_sink comp="247" pin=1"/></net>

<net id="257"><net_src comp="247" pin="2"/><net_sink comp="253" pin=0"/></net>

<net id="262"><net_src comp="0" pin="0"/><net_sink comp="258" pin=0"/></net>

<net id="263"><net_src comp="258" pin="2"/><net_sink comp="110" pin=1"/></net>

<net id="274"><net_src comp="267" pin="1"/><net_sink comp="270" pin=0"/></net>

<net id="275"><net_src comp="54" pin="0"/><net_sink comp="270" pin=1"/></net>

<net id="280"><net_src comp="264" pin="1"/><net_sink comp="276" pin=0"/></net>

<net id="281"><net_src comp="64" pin="0"/><net_sink comp="276" pin=1"/></net>

<net id="287"><net_src comp="276" pin="2"/><net_sink comp="282" pin=0"/></net>

<net id="288"><net_src comp="44" pin="0"/><net_sink comp="282" pin=1"/></net>

<net id="289"><net_src comp="264" pin="1"/><net_sink comp="282" pin=2"/></net>

<net id="295"><net_src comp="276" pin="2"/><net_sink comp="290" pin=0"/></net>

<net id="296"><net_src comp="270" pin="2"/><net_sink comp="290" pin=1"/></net>

<net id="297"><net_src comp="267" pin="1"/><net_sink comp="290" pin=2"/></net>

<net id="301"><net_src comp="290" pin="3"/><net_sink comp="298" pin=0"/></net>

<net id="305"><net_src comp="282" pin="3"/><net_sink comp="302" pin=0"/></net>

<net id="312"><net_src comp="68" pin="0"/><net_sink comp="306" pin=0"/></net>

<net id="313"><net_src comp="282" pin="3"/><net_sink comp="306" pin=1"/></net>

<net id="314"><net_src comp="70" pin="0"/><net_sink comp="306" pin=2"/></net>

<net id="315"><net_src comp="72" pin="0"/><net_sink comp="306" pin=3"/></net>

<net id="321"><net_src comp="74" pin="0"/><net_sink comp="316" pin=0"/></net>

<net id="322"><net_src comp="298" pin="1"/><net_sink comp="316" pin=1"/></net>

<net id="323"><net_src comp="306" pin="4"/><net_sink comp="316" pin=2"/></net>

<net id="327"><net_src comp="316" pin="3"/><net_sink comp="324" pin=0"/></net>

<net id="328"><net_src comp="324" pin="1"/><net_sink comp="115" pin=2"/></net>

<net id="329"><net_src comp="324" pin="1"/><net_sink comp="122" pin=2"/></net>

<net id="330"><net_src comp="324" pin="1"/><net_sink comp="129" pin=2"/></net>

<net id="331"><net_src comp="324" pin="1"/><net_sink comp="136" pin=2"/></net>

<net id="332"><net_src comp="324" pin="1"/><net_sink comp="143" pin=2"/></net>

<net id="333"><net_src comp="324" pin="1"/><net_sink comp="150" pin=2"/></net>

<net id="334"><net_src comp="324" pin="1"/><net_sink comp="157" pin=2"/></net>

<net id="335"><net_src comp="324" pin="1"/><net_sink comp="164" pin=2"/></net>

<net id="340"><net_src comp="282" pin="3"/><net_sink comp="336" pin=0"/></net>

<net id="341"><net_src comp="54" pin="0"/><net_sink comp="336" pin=1"/></net>

<net id="346"><net_src comp="290" pin="3"/><net_sink comp="342" pin=0"/></net>

<net id="351"><net_src comp="336" pin="2"/><net_sink comp="347" pin=0"/></net>

<net id="355"><net_src comp="92" pin="1"/><net_sink comp="352" pin=0"/></net>

<net id="356"><net_src comp="352" pin="1"/><net_sink comp="233" pin=1"/></net>

<net id="357"><net_src comp="352" pin="1"/><net_sink comp="264" pin=0"/></net>

<net id="358"><net_src comp="352" pin="1"/><net_sink comp="347" pin=1"/></net>

<net id="362"><net_src comp="96" pin="1"/><net_sink comp="359" pin=0"/></net>

<net id="363"><net_src comp="359" pin="1"/><net_sink comp="228" pin=1"/></net>

<net id="364"><net_src comp="359" pin="1"/><net_sink comp="267" pin=0"/></net>

<net id="365"><net_src comp="359" pin="1"/><net_sink comp="342" pin=1"/></net>

<net id="369"><net_src comp="100" pin="1"/><net_sink comp="366" pin=0"/></net>

<net id="370"><net_src comp="366" pin="1"/><net_sink comp="223" pin=1"/></net>

<net id="371"><net_src comp="366" pin="1"/><net_sink comp="238" pin=0"/></net>

<net id="372"><net_src comp="366" pin="1"/><net_sink comp="253" pin=1"/></net>

<net id="376"><net_src comp="219" pin="1"/><net_sink comp="373" pin=0"/></net>

<net id="377"><net_src comp="373" pin="1"/><net_sink comp="258" pin=1"/></net>

<net id="381"><net_src comp="241" pin="2"/><net_sink comp="378" pin=0"/></net>

<net id="385"><net_src comp="110" pin="2"/><net_sink comp="382" pin=0"/></net>

<net id="386"><net_src comp="382" pin="1"/><net_sink comp="171" pin=1"/></net>

<net id="387"><net_src comp="382" pin="1"/><net_sink comp="177" pin=1"/></net>

<net id="388"><net_src comp="382" pin="1"/><net_sink comp="183" pin=1"/></net>

<net id="389"><net_src comp="382" pin="1"/><net_sink comp="189" pin=1"/></net>

<net id="390"><net_src comp="382" pin="1"/><net_sink comp="195" pin=1"/></net>

<net id="391"><net_src comp="382" pin="1"/><net_sink comp="201" pin=1"/></net>

<net id="392"><net_src comp="382" pin="1"/><net_sink comp="207" pin=1"/></net>

<net id="393"><net_src comp="382" pin="1"/><net_sink comp="213" pin=1"/></net>

</net_list>

</model> 
---------------- Datapath Model END ------------------

* FSMD analyzer results:
  - Output states:
	Port: A | {3 }
	Port: A_1 | {3 }
	Port: A_2 | {3 }
	Port: A_3 | {3 }
	Port: A_4 | {3 }
	Port: A_5 | {3 }
	Port: A_6 | {3 }
	Port: A_7 | {3 }
 - Input state : 
	Port: mmult_hw_Pipeline_VITIS_LOOP_29_1_VITIS_LOOP_30_2 : gmem | {2 }
	Port: mmult_hw_Pipeline_VITIS_LOOP_29_1_VITIS_LOOP_30_2 : sext_ln29 | {1 }
  - Chain level:
	State 1
		store_ln0 : 1
		store_ln29 : 1
		store_ln30 : 1
		indvar_flatten_load : 1
		icmp_ln29 : 2
		add_ln29_1 : 2
		br_ln29 : 3
		store_ln29 : 3
	State 2
		gmem_addr_read : 1
	State 3
		add_ln29 : 1
		icmp_ln30 : 1
		select_ln29 : 2
		select_ln29_1 : 2
		trunc_ln30 : 3
		trunc_ln30_1 : 3
		lshr_ln : 3
		tmp : 4
		zext_ln32 : 5
		A_addr : 6
		A_1_addr : 6
		A_2_addr : 6
		A_3_addr : 6
		A_4_addr : 6
		A_5_addr : 6
		A_6_addr : 6
		A_7_addr : 6
		switch_ln32 : 4
		store_ln32 : 7
		store_ln32 : 7
		store_ln32 : 7
		store_ln32 : 7
		store_ln32 : 7
		store_ln32 : 7
		store_ln32 : 7
		store_ln32 : 7
		add_ln30 : 3
		store_ln29 : 3
		store_ln30 : 4


============================================================
+ Verbose Summary: Datapath Resource usage 
============================================================

* Functional unit list:
|----------|----------------------------|---------|---------|
| Operation|       Functional Unit      |    FF   |   LUT   |
|----------|----------------------------|---------|---------|
|          |      add_ln29_1_fu_247     |    0    |    22   |
|    add   |       add_ln29_fu_270      |    0    |    15   |
|          |       add_ln30_fu_336      |    0    |    15   |
|----------|----------------------------|---------|---------|
|   icmp   |      icmp_ln29_fu_241      |    0    |    22   |
|          |      icmp_ln30_fu_276      |    0    |    15   |
|----------|----------------------------|---------|---------|
|  select  |     select_ln29_fu_282     |    0    |    8    |
|          |    select_ln29_1_fu_290    |    0    |    8    |
|----------|----------------------------|---------|---------|
|   read   | sext_ln29_read_read_fu_104 |    0    |    0    |
|          | gmem_addr_read_read_fu_110 |    0    |    0    |
|----------|----------------------------|---------|---------|
|   sext   |    sext_ln29_cast_fu_219   |    0    |    0    |
|----------|----------------------------|---------|---------|
|   trunc  |      trunc_ln30_fu_298     |    0    |    0    |
|          |     trunc_ln30_1_fu_302    |    0    |    0    |
|----------|----------------------------|---------|---------|
|partselect|       lshr_ln_fu_306       |    0    |    0    |
|----------|----------------------------|---------|---------|
|bitconcatenate|         tmp_fu_316         |    0    |    0    |
|----------|----------------------------|---------|---------|
|   zext   |      zext_ln32_fu_324      |    0    |    0    |
|----------|----------------------------|---------|---------|
|   Total  |                            |    0    |   105   |
|----------|----------------------------|---------|---------|

Memories:
N/A

* Register list:
+----------------------+--------+
|                      |   FF   |
+----------------------+--------+
|gmem_addr_read_reg_382|   32   |
|       i_reg_359      |    8   |
|   icmp_ln29_reg_378  |    1   |
|indvar_flatten_reg_366|   15   |
|       j_reg_352      |    8   |
|sext_ln29_cast_reg_373|   64   |
+----------------------+--------+
|         Total        |   128  |
+----------------------+--------+

* Multiplexer (MUX) list: 
|--------|------|------|------|--------|
|  Comp  |  Pin | Size |  BW  | S x BW |
|--------|------|------|------|--------|
|  Total |      |      |      |    0   |
|--------|------|------|------|--------|



* Summary:
+-----------+--------+--------+
|           |   FF   |   LUT  |
+-----------+--------+--------+
|  Function |    0   |   105  |
|   Memory  |    -   |    -   |
|Multiplexer|    -   |    -   |
|  Register |   128  |    -   |
+-----------+--------+--------+
|   Total   |   128  |   105  |
+-----------+--------+--------+
