#-----------------------------------------------------------
# Vivado v2024.1 (64-bit)
# SW Build 5076996 on Wed May 22 18:37:14 MDT 2024
# IP Build 5075265 on Wed May 22 21:45:21 MDT 2024
# SharedData Build 5076995 on Wed May 22 18:29:18 MDT 2024
# Start of session at: Mon Feb  2 16:24:39 2026
# Process ID: 10788
# Current directory: F:/EECE4632/HW4/HLS/stream/stream/hls/impl/ip
# Command line: vivado.exe -notrace -mode batch -source run_ippack.tcl
# Log file: F:/EECE4632/HW4/HLS/stream/stream/hls/impl/ip/vivado.log
# Journal file: F:/EECE4632/HW4/HLS/stream/stream/hls/impl/ip\vivado.jou
# Running On        :WFXA4BB6DBB67AF
# Platform          :Windows Server 2016 or Windows 10
# Operating System  :26200
# Processor Detail  :Intel(R) Core(TM) i7-10700 CPU @ 2.90GHz
# CPU Frequency     :2904 MHz
# CPU Physical cores:8
# CPU Logical cores :16
# Host memory       :34059 MB
# Swap memory       :2147 MB
# Total Virtual     :36207 MB
# Available Virtual :19470 MB
#-----------------------------------------------------------
source run_ippack.tcl -notrace
INFO: calling package_hls_ip ip_types=vitis sysgen json_file=F:/EECE4632/HW4/HLS/stream/stream/hls/hls_data.json outdir=F:/EECE4632/HW4/HLS/stream/stream/hls/impl/ip srcdir=F:/EECE4632/HW4/HLS/stream/stream/hls sort_interfaces_ports=false
INFO: Copied 1 ipmisc file(s) to F:/EECE4632/HW4/HLS/stream/stream/hls/impl/ip/misc
INFO: Copied 7 verilog file(s) to F:/EECE4632/HW4/HLS/stream/stream/hls/impl/ip/hdl/verilog
INFO: Copied 5 vhdl file(s) to F:/EECE4632/HW4/HLS/stream/stream/hls/impl/ip/hdl/vhdl
INFO: Copied 10 swdriver file(s) to F:/EECE4632/HW4/HLS/stream/stream/hls/impl/ip/drivers
ipx::create_core: Time (s): cpu = 00:00:07 ; elapsed = 00:00:08 . Memory (MB): peak = 651.504 ; gain = 196.781
INFO: Import ports from HDL: F:/EECE4632/HW4/HLS/stream/stream/hls/impl/ip/hdl/vhdl/divide_by_13.vhd (divide_by_13)
INFO: Add axi4lite interface s_axi_control
INFO: Add clock interface ap_clk
INFO: Add reset interface ap_rst_n
INFO: Add interrupt interface interrupt
INFO: [IP_Flow 19-234] Refreshing IP repositories
INFO: [IP_Flow 19-1704] No user IP repositories specified
INFO: [IP_Flow 19-2313] Loaded Vivado IP repository 'C:/Xilinx/Vivado/2024.1/data/ip'.
INFO: Add axi4stream interface A
INFO: Add axi4stream interface B
INFO: Calling post_process_vitis to specialize IP
INFO: Calling post_process_sysgen to specialize IP
Generating sysgen info xml from json file
INFO: Created IP F:/EECE4632/HW4/HLS/stream/stream/hls/impl/ip/component.xml
INFO: Created IP archive F:/EECE4632/HW4/HLS/stream/stream/hls/impl/ip/xilinx_com_hls_divide_by_13_1_0.zip
INFO: [Common 17-206] Exiting Vivado at Mon Feb  2 16:24:54 2026...
