

================================================================
== Vitis HLS Report for 'mmult_hw'
================================================================
* Date:           Fri Feb 27 17:19:14 2026

* Version:        2024.1 (Build 5069499 on May 21 2024)
* Project:        matrix-mult
* Solution:       hls (Vivado IP Flow Target)
* Product family: zynquplus
* Target device:  xczu3eg-sfvc784-2-e


================================================================
== Performance Estimates
================================================================
+ Timing: 
    * Summary: 
    +--------+----------+----------+------------+
    |  Clock |  Target  | Estimated| Uncertainty|
    +--------+----------+----------+------------+
    |ap_clk  |  10.00 ns|  7.300 ns|     2.70 ns|
    +--------+----------+----------+------------+

+ Latency: 
    * Summary: 
    +---------+---------+----------+----------+-------+-------+---------+
    |  Latency (cycles) |  Latency (absolute) |    Interval   | Pipeline|
    |   min   |   max   |    min   |    max   |  min  |  max  |   Type  |
    +---------+---------+----------+----------+-------+-------+---------+
    |    49191|    49191|  0.492 ms|  0.492 ms|  49192|  49192|       no|
    +---------+---------+----------+----------+-------+-------+---------+

    + Detail: 
        * Instance: 
        +--------------------------------------------------------------+---------------------------------------------------+---------+---------+----------+----------+-------+-------+-----------------------------------------------+
        |                                                              |                                                   |  Latency (cycles) |  Latency (absolute) |    Interval   |                    Pipeline                   |
        |                           Instance                           |                       Module                      |   min   |   max   |    min   |    max   |  min  |  max  |                      Type                     |
        +--------------------------------------------------------------+---------------------------------------------------+---------+---------+----------+----------+-------+-------+-----------------------------------------------+
        |grp_mmult_hw_Pipeline_VITIS_LOOP_29_1_VITIS_LOOP_30_2_fu_180  |mmult_hw_Pipeline_VITIS_LOOP_29_1_VITIS_LOOP_30_2  |    16387|    16387|  0.164 ms|  0.164 ms|  16385|  16385|  loop auto-rewind stp(delay=0 clock cycles(s))|
        |grp_mmult_hw_Pipeline_VITIS_LOOP_36_3_VITIS_LOOP_37_4_fu_195  |mmult_hw_Pipeline_VITIS_LOOP_36_3_VITIS_LOOP_37_4  |    16387|    16387|  0.164 ms|  0.164 ms|  16385|  16385|  loop auto-rewind stp(delay=0 clock cycles(s))|
        |grp_mmult_hw_Pipeline_VITIS_LOOP_43_5_VITIS_LOOP_44_6_fu_210  |mmult_hw_Pipeline_VITIS_LOOP_43_5_VITIS_LOOP_44_6  |    16389|    16389|  0.164 ms|  0.164 ms|  16385|  16385|  loop auto-rewind stp(delay=0 clock cycles(s))|
        +--------------------------------------------------------------+---------------------------------------------------+---------+---------+----------+----------+-------+-------+-----------------------------------------------+

        * Loop: 
        N/A



================================================================
== Utilization Estimates
================================================================
* Summary: 
+-----------------+---------+-----+--------+-------+-----+
|       Name      | BRAM_18K| DSP |   FF   |  LUT  | URAM|
+-----------------+---------+-----+--------+-------+-----+
|DSP              |        -|    -|       -|      -|    -|
|Expression       |        -|    -|       -|      -|    -|
|FIFO             |        -|    -|       -|      -|    -|
|Instance         |        4|  384|    9891|   8814|    0|
|Memory           |      960|    -|       0|      0|    0|
|Multiplexer      |        -|    -|       0|   3069|    -|
|Register         |        -|    -|     218|      -|    -|
+-----------------+---------+-----+--------+-------+-----+
|Total            |      964|  384|   10109|  11883|    0|
+-----------------+---------+-----+--------+-------+-----+
|Available        |      432|  360|  141120|  70560|    0|
+-----------------+---------+-----+--------+-------+-----+
|Utilization (%)  |      223|  106|       7|     16|    0|
+-----------------+---------+-----+--------+-------+-----+

+ Detail: 
    * Instance: 
    +--------------------------------------------------------------+---------------------------------------------------+---------+-----+------+------+-----+
    |                           Instance                           |                       Module                      | BRAM_18K| DSP |  FF  |  LUT | URAM|
    +--------------------------------------------------------------+---------------------------------------------------+---------+-----+------+------+-----+
    |CTRL_s_axi_U                                                  |CTRL_s_axi                                         |        0|    0|    74|   104|    0|
    |control_s_axi_U                                               |control_s_axi                                      |        0|    0|   240|   424|    0|
    |gmem_m_axi_U                                                  |gmem_m_axi                                         |        4|    0|   824|   682|    0|
    |grp_mmult_hw_Pipeline_VITIS_LOOP_29_1_VITIS_LOOP_30_2_fu_180  |mmult_hw_Pipeline_VITIS_LOOP_29_1_VITIS_LOOP_30_2  |        0|    0|    68|   174|    0|
    |grp_mmult_hw_Pipeline_VITIS_LOOP_36_3_VITIS_LOOP_37_4_fu_195  |mmult_hw_Pipeline_VITIS_LOOP_36_3_VITIS_LOOP_37_4  |        0|    0|    68|   192|    0|
    |grp_mmult_hw_Pipeline_VITIS_LOOP_43_5_VITIS_LOOP_44_6_fu_210  |mmult_hw_Pipeline_VITIS_LOOP_43_5_VITIS_LOOP_44_6  |        0|  384|  8617|  7238|    0|
    +--------------------------------------------------------------+---------------------------------------------------+---------+-----+------+------+-----+
    |Total                                                         |                                                   |        4|  384|  9891|  8814|    0|
    +--------------------------------------------------------------+---------------------------------------------------+---------+-----+------+------+-----+

    * DSP: 
    N/A

    * Memory: 
    +-------+----------------------+---------+---+----+-----+------+-----+------+-------------+
    | Memory|        Module        | BRAM_18K| FF| LUT| URAM| Words| Bits| Banks| W*Bits*Banks|
    +-------+----------------------+---------+---+----+-----+------+-----+------+-------------+
    |A_U    |A_RAM_1WNR_AUTO_1R1W  |       60|  0|   0|    0|  2048|   32|     1|        65536|
    |A_1_U  |A_RAM_1WNR_AUTO_1R1W  |       60|  0|   0|    0|  2048|   32|     1|        65536|
    |A_2_U  |A_RAM_1WNR_AUTO_1R1W  |       60|  0|   0|    0|  2048|   32|     1|        65536|
    |A_3_U  |A_RAM_1WNR_AUTO_1R1W  |       60|  0|   0|    0|  2048|   32|     1|        65536|
    |A_4_U  |A_RAM_1WNR_AUTO_1R1W  |       60|  0|   0|    0|  2048|   32|     1|        65536|
    |A_5_U  |A_RAM_1WNR_AUTO_1R1W  |       60|  0|   0|    0|  2048|   32|     1|        65536|
    |A_6_U  |A_RAM_1WNR_AUTO_1R1W  |       60|  0|   0|    0|  2048|   32|     1|        65536|
    |A_7_U  |A_RAM_1WNR_AUTO_1R1W  |       60|  0|   0|    0|  2048|   32|     1|        65536|
    |B_U    |A_RAM_1WNR_AUTO_1R1W  |       60|  0|   0|    0|  2048|   32|     1|        65536|
    |B_1_U  |A_RAM_1WNR_AUTO_1R1W  |       60|  0|   0|    0|  2048|   32|     1|        65536|
    |B_2_U  |A_RAM_1WNR_AUTO_1R1W  |       60|  0|   0|    0|  2048|   32|     1|        65536|
    |B_3_U  |A_RAM_1WNR_AUTO_1R1W  |       60|  0|   0|    0|  2048|   32|     1|        65536|
    |B_4_U  |A_RAM_1WNR_AUTO_1R1W  |       60|  0|   0|    0|  2048|   32|     1|        65536|
    |B_5_U  |A_RAM_1WNR_AUTO_1R1W  |       60|  0|   0|    0|  2048|   32|     1|        65536|
    |B_6_U  |A_RAM_1WNR_AUTO_1R1W  |       60|  0|   0|    0|  2048|   32|     1|        65536|
    |B_7_U  |A_RAM_1WNR_AUTO_1R1W  |       60|  0|   0|    0|  2048|   32|     1|        65536|
    +-------+----------------------+---------+---+----+-----+------+-----+------+-------------+
    |Total  |                      |      960|  0|   0|    0| 32768|  512|    16|      1048576|
    +-------+----------------------+---------+---+----+-----+------+-----+------+-------------+

    * FIFO: 
    N/A

    * Expression: 
    N/A

    * Multiplexer: 
    +---------------+-----+-----------+-----+-----------+
    |      Name     | LUT | Input Size| Bits| Total Bits|
    +---------------+-----+-----------+-----+-----------+
    |A_1_address0   |   14|          3|   11|         33|
    |A_1_ce0        |   14|          3|    1|          3|
    |A_1_ce1        |    9|          2|    1|          2|
    |A_1_ce10       |    9|          2|    1|          2|
    |A_1_ce11       |    9|          2|    1|          2|
    |A_1_ce12       |    9|          2|    1|          2|
    |A_1_ce13       |    9|          2|    1|          2|
    |A_1_ce14       |    9|          2|    1|          2|
    |A_1_ce15       |    9|          2|    1|          2|
    |A_1_ce2        |    9|          2|    1|          2|
    |A_1_ce3        |    9|          2|    1|          2|
    |A_1_ce4        |    9|          2|    1|          2|
    |A_1_ce5        |    9|          2|    1|          2|
    |A_1_ce6        |    9|          2|    1|          2|
    |A_1_ce7        |    9|          2|    1|          2|
    |A_1_ce8        |    9|          2|    1|          2|
    |A_1_ce9        |    9|          2|    1|          2|
    |A_1_we0        |    9|          2|    1|          2|
    |A_2_address0   |   14|          3|   11|         33|
    |A_2_ce0        |   14|          3|    1|          3|
    |A_2_ce1        |    9|          2|    1|          2|
    |A_2_ce10       |    9|          2|    1|          2|
    |A_2_ce11       |    9|          2|    1|          2|
    |A_2_ce12       |    9|          2|    1|          2|
    |A_2_ce13       |    9|          2|    1|          2|
    |A_2_ce14       |    9|          2|    1|          2|
    |A_2_ce15       |    9|          2|    1|          2|
    |A_2_ce2        |    9|          2|    1|          2|
    |A_2_ce3        |    9|          2|    1|          2|
    |A_2_ce4        |    9|          2|    1|          2|
    |A_2_ce5        |    9|          2|    1|          2|
    |A_2_ce6        |    9|          2|    1|          2|
    |A_2_ce7        |    9|          2|    1|          2|
    |A_2_ce8        |    9|          2|    1|          2|
    |A_2_ce9        |    9|          2|    1|          2|
    |A_2_we0        |    9|          2|    1|          2|
    |A_3_address0   |   14|          3|   11|         33|
    |A_3_ce0        |   14|          3|    1|          3|
    |A_3_ce1        |    9|          2|    1|          2|
    |A_3_ce10       |    9|          2|    1|          2|
    |A_3_ce11       |    9|          2|    1|          2|
    |A_3_ce12       |    9|          2|    1|          2|
    |A_3_ce13       |    9|          2|    1|          2|
    |A_3_ce14       |    9|          2|    1|          2|
    |A_3_ce15       |    9|          2|    1|          2|
    |A_3_ce2        |    9|          2|    1|          2|
    |A_3_ce3        |    9|          2|    1|          2|
    |A_3_ce4        |    9|          2|    1|          2|
    |A_3_ce5        |    9|          2|    1|          2|
    |A_3_ce6        |    9|          2|    1|          2|
    |A_3_ce7        |    9|          2|    1|          2|
    |A_3_ce8        |    9|          2|    1|          2|
    |A_3_ce9        |    9|          2|    1|          2|
    |A_3_we0        |    9|          2|    1|          2|
    |A_4_address0   |   14|          3|   11|         33|
    |A_4_ce0        |   14|          3|    1|          3|
    |A_4_ce1        |    9|          2|    1|          2|
    |A_4_ce10       |    9|          2|    1|          2|
    |A_4_ce11       |    9|          2|    1|          2|
    |A_4_ce12       |    9|          2|    1|          2|
    |A_4_ce13       |    9|          2|    1|          2|
    |A_4_ce14       |    9|          2|    1|          2|
    |A_4_ce15       |    9|          2|    1|          2|
    |A_4_ce2        |    9|          2|    1|          2|
    |A_4_ce3        |    9|          2|    1|          2|
    |A_4_ce4        |    9|          2|    1|          2|
    |A_4_ce5        |    9|          2|    1|          2|
    |A_4_ce6        |    9|          2|    1|          2|
    |A_4_ce7        |    9|          2|    1|          2|
    |A_4_ce8        |    9|          2|    1|          2|
    |A_4_ce9        |    9|          2|    1|          2|
    |A_4_we0        |    9|          2|    1|          2|
    |A_5_address0   |   14|          3|   11|         33|
    |A_5_ce0        |   14|          3|    1|          3|
    |A_5_ce1        |    9|          2|    1|          2|
    |A_5_ce10       |    9|          2|    1|          2|
    |A_5_ce11       |    9|          2|    1|          2|
    |A_5_ce12       |    9|          2|    1|          2|
    |A_5_ce13       |    9|          2|    1|          2|
    |A_5_ce14       |    9|          2|    1|          2|
    |A_5_ce15       |    9|          2|    1|          2|
    |A_5_ce2        |    9|          2|    1|          2|
    |A_5_ce3        |    9|          2|    1|          2|
    |A_5_ce4        |    9|          2|    1|          2|
    |A_5_ce5        |    9|          2|    1|          2|
    |A_5_ce6        |    9|          2|    1|          2|
    |A_5_ce7        |    9|          2|    1|          2|
    |A_5_ce8        |    9|          2|    1|          2|
    |A_5_ce9        |    9|          2|    1|          2|
    |A_5_we0        |    9|          2|    1|          2|
    |A_6_address0   |   14|          3|   11|         33|
    |A_6_ce0        |   14|          3|    1|          3|
    |A_6_ce1        |    9|          2|    1|          2|
    |A_6_ce10       |    9|          2|    1|          2|
    |A_6_ce11       |    9|          2|    1|          2|
    |A_6_ce12       |    9|          2|    1|          2|
    |A_6_ce13       |    9|          2|    1|          2|
    |A_6_ce14       |    9|          2|    1|          2|
    |A_6_ce15       |    9|          2|    1|          2|
    |A_6_ce2        |    9|          2|    1|          2|
    |A_6_ce3        |    9|          2|    1|          2|
    |A_6_ce4        |    9|          2|    1|          2|
    |A_6_ce5        |    9|          2|    1|          2|
    |A_6_ce6        |    9|          2|    1|          2|
    |A_6_ce7        |    9|          2|    1|          2|
    |A_6_ce8        |    9|          2|    1|          2|
    |A_6_ce9        |    9|          2|    1|          2|
    |A_6_we0        |    9|          2|    1|          2|
    |A_7_address0   |   14|          3|   11|         33|
    |A_7_ce0        |   14|          3|    1|          3|
    |A_7_ce1        |    9|          2|    1|          2|
    |A_7_ce10       |    9|          2|    1|          2|
    |A_7_ce11       |    9|          2|    1|          2|
    |A_7_ce12       |    9|          2|    1|          2|
    |A_7_ce13       |    9|          2|    1|          2|
    |A_7_ce14       |    9|          2|    1|          2|
    |A_7_ce15       |    9|          2|    1|          2|
    |A_7_ce2        |    9|          2|    1|          2|
    |A_7_ce3        |    9|          2|    1|          2|
    |A_7_ce4        |    9|          2|    1|          2|
    |A_7_ce5        |    9|          2|    1|          2|
    |A_7_ce6        |    9|          2|    1|          2|
    |A_7_ce7        |    9|          2|    1|          2|
    |A_7_ce8        |    9|          2|    1|          2|
    |A_7_ce9        |    9|          2|    1|          2|
    |A_7_we0        |    9|          2|    1|          2|
    |A_address0     |   14|          3|   11|         33|
    |A_ce0          |   14|          3|    1|          3|
    |A_ce1          |    9|          2|    1|          2|
    |A_ce10         |    9|          2|    1|          2|
    |A_ce11         |    9|          2|    1|          2|
    |A_ce12         |    9|          2|    1|          2|
    |A_ce13         |    9|          2|    1|          2|
    |A_ce14         |    9|          2|    1|          2|
    |A_ce15         |    9|          2|    1|          2|
    |A_ce2          |    9|          2|    1|          2|
    |A_ce3          |    9|          2|    1|          2|
    |A_ce4          |    9|          2|    1|          2|
    |A_ce5          |    9|          2|    1|          2|
    |A_ce6          |    9|          2|    1|          2|
    |A_ce7          |    9|          2|    1|          2|
    |A_ce8          |    9|          2|    1|          2|
    |A_ce9          |    9|          2|    1|          2|
    |A_we0          |    9|          2|    1|          2|
    |B_1_address0   |   14|          3|   11|         33|
    |B_1_ce0        |   14|          3|    1|          3|
    |B_1_ce1        |    9|          2|    1|          2|
    |B_1_ce10       |    9|          2|    1|          2|
    |B_1_ce11       |    9|          2|    1|          2|
    |B_1_ce12       |    9|          2|    1|          2|
    |B_1_ce13       |    9|          2|    1|          2|
    |B_1_ce14       |    9|          2|    1|          2|
    |B_1_ce15       |    9|          2|    1|          2|
    |B_1_ce2        |    9|          2|    1|          2|
    |B_1_ce3        |    9|          2|    1|          2|
    |B_1_ce4        |    9|          2|    1|          2|
    |B_1_ce5        |    9|          2|    1|          2|
    |B_1_ce6        |    9|          2|    1|          2|
    |B_1_ce7        |    9|          2|    1|          2|
    |B_1_ce8        |    9|          2|    1|          2|
    |B_1_ce9        |    9|          2|    1|          2|
    |B_1_we0        |    9|          2|    1|          2|
    |B_2_address0   |   14|          3|   11|         33|
    |B_2_ce0        |   14|          3|    1|          3|
    |B_2_ce1        |    9|          2|    1|          2|
    |B_2_ce10       |    9|          2|    1|          2|
    |B_2_ce11       |    9|          2|    1|          2|
    |B_2_ce12       |    9|          2|    1|          2|
    |B_2_ce13       |    9|          2|    1|          2|
    |B_2_ce14       |    9|          2|    1|          2|
    |B_2_ce15       |    9|          2|    1|          2|
    |B_2_ce2        |    9|          2|    1|          2|
    |B_2_ce3        |    9|          2|    1|          2|
    |B_2_ce4        |    9|          2|    1|          2|
    |B_2_ce5        |    9|          2|    1|          2|
    |B_2_ce6        |    9|          2|    1|          2|
    |B_2_ce7        |    9|          2|    1|          2|
    |B_2_ce8        |    9|          2|    1|          2|
    |B_2_ce9        |    9|          2|    1|          2|
    |B_2_we0        |    9|          2|    1|          2|
    |B_3_address0   |   14|          3|   11|         33|
    |B_3_ce0        |   14|          3|    1|          3|
    |B_3_ce1        |    9|          2|    1|          2|
    |B_3_ce10       |    9|          2|    1|          2|
    |B_3_ce11       |    9|          2|    1|          2|
    |B_3_ce12       |    9|          2|    1|          2|
    |B_3_ce13       |    9|          2|    1|          2|
    |B_3_ce14       |    9|          2|    1|          2|
    |B_3_ce15       |    9|          2|    1|          2|
    |B_3_ce2        |    9|          2|    1|          2|
    |B_3_ce3        |    9|          2|    1|          2|
    |B_3_ce4        |    9|          2|    1|          2|
    |B_3_ce5        |    9|          2|    1|          2|
    |B_3_ce6        |    9|          2|    1|          2|
    |B_3_ce7        |    9|          2|    1|          2|
    |B_3_ce8        |    9|          2|    1|          2|
    |B_3_ce9        |    9|          2|    1|          2|
    |B_3_we0        |    9|          2|    1|          2|
    |B_4_address0   |   14|          3|   11|         33|
    |B_4_ce0        |   14|          3|    1|          3|
    |B_4_ce1        |    9|          2|    1|          2|
    |B_4_ce10       |    9|          2|    1|          2|
    |B_4_ce11       |    9|          2|    1|          2|
    |B_4_ce12       |    9|          2|    1|          2|
    |B_4_ce13       |    9|          2|    1|          2|
    |B_4_ce14       |    9|          2|    1|          2|
    |B_4_ce15       |    9|          2|    1|          2|
    |B_4_ce2        |    9|          2|    1|          2|
    |B_4_ce3        |    9|          2|    1|          2|
    |B_4_ce4        |    9|          2|    1|          2|
    |B_4_ce5        |    9|          2|    1|          2|
    |B_4_ce6        |    9|          2|    1|          2|
    |B_4_ce7        |    9|          2|    1|          2|
    |B_4_ce8        |    9|          2|    1|          2|
    |B_4_ce9        |    9|          2|    1|          2|
    |B_4_we0        |    9|          2|    1|          2|
    |B_5_address0   |   14|          3|   11|         33|
    |B_5_ce0        |   14|          3|    1|          3|
    |B_5_ce1        |    9|          2|    1|          2|
    |B_5_ce10       |    9|          2|    1|          2|
    |B_5_ce11       |    9|          2|    1|          2|
    |B_5_ce12       |    9|          2|    1|          2|
    |B_5_ce13       |    9|          2|    1|          2|
    |B_5_ce14       |    9|          2|    1|          2|
    |B_5_ce15       |    9|          2|    1|          2|
    |B_5_ce2        |    9|          2|    1|          2|
    |B_5_ce3        |    9|          2|    1|          2|
    |B_5_ce4        |    9|          2|    1|          2|
    |B_5_ce5        |    9|          2|    1|          2|
    |B_5_ce6        |    9|          2|    1|          2|
    |B_5_ce7        |    9|          2|    1|          2|
    |B_5_ce8        |    9|          2|    1|          2|
    |B_5_ce9        |    9|          2|    1|          2|
    |B_5_we0        |    9|          2|    1|          2|
    |B_6_address0   |   14|          3|   11|         33|
    |B_6_ce0        |   14|          3|    1|          3|
    |B_6_ce1        |    9|          2|    1|          2|
    |B_6_ce10       |    9|          2|    1|          2|
    |B_6_ce11       |    9|          2|    1|          2|
    |B_6_ce12       |    9|          2|    1|          2|
    |B_6_ce13       |    9|          2|    1|          2|
    |B_6_ce14       |    9|          2|    1|          2|
    |B_6_ce15       |    9|          2|    1|          2|
    |B_6_ce2        |    9|          2|    1|          2|
    |B_6_ce3        |    9|          2|    1|          2|
    |B_6_ce4        |    9|          2|    1|          2|
    |B_6_ce5        |    9|          2|    1|          2|
    |B_6_ce6        |    9|          2|    1|          2|
    |B_6_ce7        |    9|          2|    1|          2|
    |B_6_ce8        |    9|          2|    1|          2|
    |B_6_ce9        |    9|          2|    1|          2|
    |B_6_we0        |    9|          2|    1|          2|
    |B_7_address0   |   14|          3|   11|         33|
    |B_7_ce0        |   14|          3|    1|          3|
    |B_7_ce1        |    9|          2|    1|          2|
    |B_7_ce10       |    9|          2|    1|          2|
    |B_7_ce11       |    9|          2|    1|          2|
    |B_7_ce12       |    9|          2|    1|          2|
    |B_7_ce13       |    9|          2|    1|          2|
    |B_7_ce14       |    9|          2|    1|          2|
    |B_7_ce15       |    9|          2|    1|          2|
    |B_7_ce2        |    9|          2|    1|          2|
    |B_7_ce3        |    9|          2|    1|          2|
    |B_7_ce4        |    9|          2|    1|          2|
    |B_7_ce5        |    9|          2|    1|          2|
    |B_7_ce6        |    9|          2|    1|          2|
    |B_7_ce7        |    9|          2|    1|          2|
    |B_7_ce8        |    9|          2|    1|          2|
    |B_7_ce9        |    9|          2|    1|          2|
    |B_7_we0        |    9|          2|    1|          2|
    |B_address0     |   14|          3|   11|         33|
    |B_ce0          |   14|          3|    1|          3|
    |B_ce1          |    9|          2|    1|          2|
    |B_ce10         |    9|          2|    1|          2|
    |B_ce11         |    9|          2|    1|          2|
    |B_ce12         |    9|          2|    1|          2|
    |B_ce13         |    9|          2|    1|          2|
    |B_ce14         |    9|          2|    1|          2|
    |B_ce15         |    9|          2|    1|          2|
    |B_ce2          |    9|          2|    1|          2|
    |B_ce3          |    9|          2|    1|          2|
    |B_ce4          |    9|          2|    1|          2|
    |B_ce5          |    9|          2|    1|          2|
    |B_ce6          |    9|          2|    1|          2|
    |B_ce7          |    9|          2|    1|          2|
    |B_ce8          |    9|          2|    1|          2|
    |B_ce9          |    9|          2|    1|          2|
    |B_we0          |    9|          2|    1|          2|
    |ap_NS_fsm      |  145|         30|    1|         30|
    |gmem_ARADDR    |   26|          5|   64|        320|
    |gmem_ARLEN     |   20|          4|   32|        128|
    |gmem_ARVALID   |   20|          4|    1|          4|
    |gmem_AWADDR    |   14|          3|   64|        192|
    |gmem_AWLEN     |   14|          3|   32|         96|
    |gmem_AWVALID   |   14|          3|    1|          3|
    |gmem_BREADY    |   14|          3|    1|          3|
    |gmem_RREADY    |   14|          3|    1|          3|
    |gmem_WVALID    |    9|          2|    1|          2|
    |gmem_blk_n_AR  |    9|          2|    1|          2|
    |gmem_blk_n_AW  |    9|          2|    1|          2|
    |gmem_blk_n_B   |    9|          2|    1|          2|
    +---------------+-----+-----------+-----+-----------+
    |Total          | 3069|        674|  649|       1875|
    +---------------+-----+-----------+-----+-----------+

    * Register: 
    +---------------------------------------------------------------------------+----+----+-----+-----------+
    |                                    Name                                   | FF | LUT| Bits| Const Bits|
    +---------------------------------------------------------------------------+----+----+-----+-----------+
    |ap_CS_fsm                                                                  |  29|   0|   29|          0|
    |grp_mmult_hw_Pipeline_VITIS_LOOP_29_1_VITIS_LOOP_30_2_fu_180_ap_start_reg  |   1|   0|    1|          0|
    |grp_mmult_hw_Pipeline_VITIS_LOOP_36_3_VITIS_LOOP_37_4_fu_195_ap_start_reg  |   1|   0|    1|          0|
    |grp_mmult_hw_Pipeline_VITIS_LOOP_43_5_VITIS_LOOP_44_6_fu_210_ap_start_reg  |   1|   0|    1|          0|
    |trunc_ln1_reg_299                                                          |  62|   0|   62|          0|
    |trunc_ln2_reg_305                                                          |  62|   0|   62|          0|
    |trunc_ln_reg_293                                                           |  62|   0|   62|          0|
    +---------------------------------------------------------------------------+----+----+-----+-----------+
    |Total                                                                      | 218|   0|  218|          0|
    +---------------------------------------------------------------------------+----+----+-----+-----------+



================================================================
== Interface
================================================================
* Summary: 
+-----------------------+-----+-----+------------+--------------+--------------+
|       RTL Ports       | Dir | Bits|  Protocol  | Source Object|    C Type    |
+-----------------------+-----+-----+------------+--------------+--------------+
|s_axi_CTRL_AWVALID     |   in|    1|       s_axi|          CTRL|        scalar|
|s_axi_CTRL_AWREADY     |  out|    1|       s_axi|          CTRL|        scalar|
|s_axi_CTRL_AWADDR      |   in|    5|       s_axi|          CTRL|        scalar|
|s_axi_CTRL_WVALID      |   in|    1|       s_axi|          CTRL|        scalar|
|s_axi_CTRL_WREADY      |  out|    1|       s_axi|          CTRL|        scalar|
|s_axi_CTRL_WDATA       |   in|   32|       s_axi|          CTRL|        scalar|
|s_axi_CTRL_WSTRB       |   in|    4|       s_axi|          CTRL|        scalar|
|s_axi_CTRL_ARVALID     |   in|    1|       s_axi|          CTRL|        scalar|
|s_axi_CTRL_ARREADY     |  out|    1|       s_axi|          CTRL|        scalar|
|s_axi_CTRL_ARADDR      |   in|    5|       s_axi|          CTRL|        scalar|
|s_axi_CTRL_RVALID      |  out|    1|       s_axi|          CTRL|        scalar|
|s_axi_CTRL_RREADY      |   in|    1|       s_axi|          CTRL|        scalar|
|s_axi_CTRL_RDATA       |  out|   32|       s_axi|          CTRL|        scalar|
|s_axi_CTRL_RRESP       |  out|    2|       s_axi|          CTRL|        scalar|
|s_axi_CTRL_BVALID      |  out|    1|       s_axi|          CTRL|        scalar|
|s_axi_CTRL_BREADY      |   in|    1|       s_axi|          CTRL|        scalar|
|s_axi_CTRL_BRESP       |  out|    2|       s_axi|          CTRL|        scalar|
|s_axi_control_AWVALID  |   in|    1|       s_axi|       control|        scalar|
|s_axi_control_AWREADY  |  out|    1|       s_axi|       control|        scalar|
|s_axi_control_AWADDR   |   in|    6|       s_axi|       control|        scalar|
|s_axi_control_WVALID   |   in|    1|       s_axi|       control|        scalar|
|s_axi_control_WREADY   |  out|    1|       s_axi|       control|        scalar|
|s_axi_control_WDATA    |   in|   32|       s_axi|       control|        scalar|
|s_axi_control_WSTRB    |   in|    4|       s_axi|       control|        scalar|
|s_axi_control_ARVALID  |   in|    1|       s_axi|       control|        scalar|
|s_axi_control_ARREADY  |  out|    1|       s_axi|       control|        scalar|
|s_axi_control_ARADDR   |   in|    6|       s_axi|       control|        scalar|
|s_axi_control_RVALID   |  out|    1|       s_axi|       control|        scalar|
|s_axi_control_RREADY   |   in|    1|       s_axi|       control|        scalar|
|s_axi_control_RDATA    |  out|   32|       s_axi|       control|        scalar|
|s_axi_control_RRESP    |  out|    2|       s_axi|       control|        scalar|
|s_axi_control_BVALID   |  out|    1|       s_axi|       control|        scalar|
|s_axi_control_BREADY   |   in|    1|       s_axi|       control|        scalar|
|s_axi_control_BRESP    |  out|    2|       s_axi|       control|        scalar|
|ap_clk                 |   in|    1|  ap_ctrl_hs|      mmult_hw|  return value|
|ap_rst_n               |   in|    1|  ap_ctrl_hs|      mmult_hw|  return value|
|interrupt              |  out|    1|  ap_ctrl_hs|      mmult_hw|  return value|
|m_axi_gmem_AWVALID     |  out|    1|       m_axi|          gmem|       pointer|
|m_axi_gmem_AWREADY     |   in|    1|       m_axi|          gmem|       pointer|
|m_axi_gmem_AWADDR      |  out|   64|       m_axi|          gmem|       pointer|
|m_axi_gmem_AWID        |  out|    1|       m_axi|          gmem|       pointer|
|m_axi_gmem_AWLEN       |  out|    8|       m_axi|          gmem|       pointer|
|m_axi_gmem_AWSIZE      |  out|    3|       m_axi|          gmem|       pointer|
|m_axi_gmem_AWBURST     |  out|    2|       m_axi|          gmem|       pointer|
|m_axi_gmem_AWLOCK      |  out|    2|       m_axi|          gmem|       pointer|
|m_axi_gmem_AWCACHE     |  out|    4|       m_axi|          gmem|       pointer|
|m_axi_gmem_AWPROT      |  out|    3|       m_axi|          gmem|       pointer|
|m_axi_gmem_AWQOS       |  out|    4|       m_axi|          gmem|       pointer|
|m_axi_gmem_AWREGION    |  out|    4|       m_axi|          gmem|       pointer|
|m_axi_gmem_AWUSER      |  out|    1|       m_axi|          gmem|       pointer|
|m_axi_gmem_WVALID      |  out|    1|       m_axi|          gmem|       pointer|
|m_axi_gmem_WREADY      |   in|    1|       m_axi|          gmem|       pointer|
|m_axi_gmem_WDATA       |  out|   32|       m_axi|          gmem|       pointer|
|m_axi_gmem_WSTRB       |  out|    4|       m_axi|          gmem|       pointer|
|m_axi_gmem_WLAST       |  out|    1|       m_axi|          gmem|       pointer|
|m_axi_gmem_WID         |  out|    1|       m_axi|          gmem|       pointer|
|m_axi_gmem_WUSER       |  out|    1|       m_axi|          gmem|       pointer|
|m_axi_gmem_ARVALID     |  out|    1|       m_axi|          gmem|       pointer|
|m_axi_gmem_ARREADY     |   in|    1|       m_axi|          gmem|       pointer|
|m_axi_gmem_ARADDR      |  out|   64|       m_axi|          gmem|       pointer|
|m_axi_gmem_ARID        |  out|    1|       m_axi|          gmem|       pointer|
|m_axi_gmem_ARLEN       |  out|    8|       m_axi|          gmem|       pointer|
|m_axi_gmem_ARSIZE      |  out|    3|       m_axi|          gmem|       pointer|
|m_axi_gmem_ARBURST     |  out|    2|       m_axi|          gmem|       pointer|
|m_axi_gmem_ARLOCK      |  out|    2|       m_axi|          gmem|       pointer|
|m_axi_gmem_ARCACHE     |  out|    4|       m_axi|          gmem|       pointer|
|m_axi_gmem_ARPROT      |  out|    3|       m_axi|          gmem|       pointer|
|m_axi_gmem_ARQOS       |  out|    4|       m_axi|          gmem|       pointer|
|m_axi_gmem_ARREGION    |  out|    4|       m_axi|          gmem|       pointer|
|m_axi_gmem_ARUSER      |  out|    1|       m_axi|          gmem|       pointer|
|m_axi_gmem_RVALID      |   in|    1|       m_axi|          gmem|       pointer|
|m_axi_gmem_RREADY      |  out|    1|       m_axi|          gmem|       pointer|
|m_axi_gmem_RDATA       |   in|   32|       m_axi|          gmem|       pointer|
|m_axi_gmem_RLAST       |   in|    1|       m_axi|          gmem|       pointer|
|m_axi_gmem_RID         |   in|    1|       m_axi|          gmem|       pointer|
|m_axi_gmem_RUSER       |   in|    1|       m_axi|          gmem|       pointer|
|m_axi_gmem_RRESP       |   in|    2|       m_axi|          gmem|       pointer|
|m_axi_gmem_BVALID      |   in|    1|       m_axi|          gmem|       pointer|
|m_axi_gmem_BREADY      |  out|    1|       m_axi|          gmem|       pointer|
|m_axi_gmem_BRESP       |   in|    2|       m_axi|          gmem|       pointer|
|m_axi_gmem_BID         |   in|    1|       m_axi|          gmem|       pointer|
|m_axi_gmem_BUSER       |   in|    1|       m_axi|          gmem|       pointer|
+-----------------------+-----+-----+------------+--------------+--------------+

