

================================================================
== Vitis HLS Report for 'mmult_hw_Pipeline_VITIS_LOOP_29_1_VITIS_LOOP_30_2'
================================================================
* Date:           Fri Feb 27 17:18:50 2026

* Version:        2024.1 (Build 5069499 on May 21 2024)
* Project:        matrix-mult
* Solution:       hls (Vivado IP Flow Target)
* Product family: zynquplus
* Target device:  xczu3eg-sfvc784-2-e


================================================================
== Performance Estimates
================================================================
+ Timing: 
    * Summary: 
    +--------+----------+----------+------------+
    |  Clock |  Target  | Estimated| Uncertainty|
    +--------+----------+----------+------------+
    |ap_clk  |  10.00 ns|  7.300 ns|     2.70 ns|
    +--------+----------+----------+------------+

+ Latency: 
    * Summary: 
    +---------+---------+----------+----------+-------+-------+-----------------------------------------------+
    |  Latency (cycles) |  Latency (absolute) |    Interval   |                    Pipeline                   |
    |   min   |   max   |    min   |    max   |  min  |  max  |                      Type                     |
    +---------+---------+----------+----------+-------+-------+-----------------------------------------------+
    |    16387|    16387|  0.164 ms|  0.164 ms|  16385|  16385|  loop auto-rewind stp(delay=0 clock cycles(s))|
    +---------+---------+----------+----------+-------+-------+-----------------------------------------------+

    + Detail: 
        * Instance: 
        N/A

        * Loop: 
        +-----------------------------------+---------+---------+----------+-----------+-----------+-------+----------+
        |                                   |  Latency (cycles) | Iteration|  Initiation Interval  |  Trip |          |
        |             Loop Name             |   min   |   max   |  Latency |  achieved |   target  | Count | Pipelined|
        +-----------------------------------+---------+---------+----------+-----------+-----------+-------+----------+
        |- VITIS_LOOP_29_1_VITIS_LOOP_30_2  |    16385|    16385|         3|          1|          1|  16384|       yes|
        +-----------------------------------+---------+---------+----------+-----------+-----------+-------+----------+



================================================================
== Utilization Estimates
================================================================
* Summary: 
+-----------------+---------+-----+--------+-------+-----+
|       Name      | BRAM_18K| DSP |   FF   |  LUT  | URAM|
+-----------------+---------+-----+--------+-------+-----+
|DSP              |        -|    -|       -|      -|    -|
|Expression       |        -|    -|       0|    111|    -|
|FIFO             |        -|    -|       -|      -|    -|
|Instance         |        -|    -|       -|      -|    -|
|Memory           |        -|    -|       -|      -|    -|
|Multiplexer      |        -|    -|       0|     63|    -|
|Register         |        -|    -|      68|      -|    -|
+-----------------+---------+-----+--------+-------+-----+
|Total            |        0|    0|      68|    174|    0|
+-----------------+---------+-----+--------+-------+-----+
|Available        |      432|  360|  141120|  70560|    0|
+-----------------+---------+-----+--------+-------+-----+
|Utilization (%)  |        0|    0|      ~0|     ~0|    0|
+-----------------+---------+-----+--------+-------+-----+

+ Detail: 
    * Instance: 
    N/A

    * DSP: 
    N/A

    * Memory: 
    N/A

    * FIFO: 
    N/A

    * Expression: 
    +---------------------------+----------+----+---+----+------------+------------+
    |       Variable Name       | Operation| DSP| FF| LUT| Bitwidth P0| Bitwidth P1|
    +---------------------------+----------+----+---+----+------------+------------+
    |add_ln29_1_fu_247_p2       |         +|   0|  0|  22|          15|           1|
    |add_ln29_fu_270_p2         |         +|   0|  0|  15|           8|           1|
    |add_ln30_fu_336_p2         |         +|   0|  0|  15|           8|           1|
    |ap_block_pp0_stage0_11001  |       and|   0|  0|   2|           1|           1|
    |icmp_ln29_fu_241_p2        |      icmp|   0|  0|  23|          15|          16|
    |icmp_ln30_fu_276_p2        |      icmp|   0|  0|  16|           8|           9|
    |select_ln29_1_fu_290_p3    |    select|   0|  0|   8|           1|           8|
    |select_ln29_fu_282_p3      |    select|   0|  0|   8|           1|           1|
    |ap_enable_pp0              |       xor|   0|  0|   2|           1|           2|
    +---------------------------+----------+----+---+----+------------+------------+
    |Total                      |          |   0|  0| 111|          58|          40|
    +---------------------------+----------+----+---+----+------------+------------+

    * Multiplexer: 
    +--------------------------------------+----+-----------+-----+-----------+
    |                 Name                 | LUT| Input Size| Bits| Total Bits|
    +--------------------------------------+----+-----------+-----+-----------+
    |ap_done_int                           |   9|          2|    1|          2|
    |ap_enable_reg_pp0_iter1               |   9|          2|    1|          2|
    |ap_sig_allocacmp_indvar_flatten_load  |   9|          2|   15|         30|
    |gmem_blk_n_R                          |   9|          2|    1|          2|
    |i_fu_96                               |   9|          2|    8|         16|
    |indvar_flatten_fu_100                 |   9|          2|   15|         30|
    |j_fu_92                               |   9|          2|    8|         16|
    +--------------------------------------+----+-----------+-----+-----------+
    |Total                                 |  63|         14|   49|         98|
    +--------------------------------------+----+-----------+-----+-----------+

    * Register: 
    +----------------------------------+----+----+-----+-----------+
    |               Name               | FF | LUT| Bits| Const Bits|
    +----------------------------------+----+----+-----+-----------+
    |ap_CS_fsm                         |   1|   0|    1|          0|
    |ap_done_reg                       |   1|   0|    1|          0|
    |ap_enable_reg_pp0_iter1           |   1|   0|    1|          0|
    |ap_enable_reg_pp0_iter2           |   1|   0|    1|          0|
    |ap_loop_exit_ready_pp0_iter1_reg  |   1|   0|    1|          0|
    |gmem_addr_read_reg_382            |  32|   0|   32|          0|
    |i_fu_96                           |   8|   0|    8|          0|
    |indvar_flatten_fu_100             |  15|   0|   15|          0|
    |j_fu_92                           |   8|   0|    8|          0|
    +----------------------------------+----+----+-----+-----------+
    |Total                             |  68|   0|   68|          0|
    +----------------------------------+----+----+-----+-----------+



================================================================
== Interface
================================================================
* Summary: 
+---------------------+-----+-----+------------+---------------------------------------------------+--------------+
|      RTL Ports      | Dir | Bits|  Protocol  |                   Source Object                   |    C Type    |
+---------------------+-----+-----+------------+---------------------------------------------------+--------------+
|ap_clk               |   in|    1|  ap_ctrl_hs|  mmult_hw_Pipeline_VITIS_LOOP_29_1_VITIS_LOOP_30_2|  return value|
|ap_rst               |   in|    1|  ap_ctrl_hs|  mmult_hw_Pipeline_VITIS_LOOP_29_1_VITIS_LOOP_30_2|  return value|
|ap_start             |   in|    1|  ap_ctrl_hs|  mmult_hw_Pipeline_VITIS_LOOP_29_1_VITIS_LOOP_30_2|  return value|
|ap_done              |  out|    1|  ap_ctrl_hs|  mmult_hw_Pipeline_VITIS_LOOP_29_1_VITIS_LOOP_30_2|  return value|
|ap_idle              |  out|    1|  ap_ctrl_hs|  mmult_hw_Pipeline_VITIS_LOOP_29_1_VITIS_LOOP_30_2|  return value|
|ap_ready             |  out|    1|  ap_ctrl_hs|  mmult_hw_Pipeline_VITIS_LOOP_29_1_VITIS_LOOP_30_2|  return value|
|m_axi_gmem_AWVALID   |  out|    1|       m_axi|                                               gmem|       pointer|
|m_axi_gmem_AWREADY   |   in|    1|       m_axi|                                               gmem|       pointer|
|m_axi_gmem_AWADDR    |  out|   64|       m_axi|                                               gmem|       pointer|
|m_axi_gmem_AWID      |  out|    1|       m_axi|                                               gmem|       pointer|
|m_axi_gmem_AWLEN     |  out|   32|       m_axi|                                               gmem|       pointer|
|m_axi_gmem_AWSIZE    |  out|    3|       m_axi|                                               gmem|       pointer|
|m_axi_gmem_AWBURST   |  out|    2|       m_axi|                                               gmem|       pointer|
|m_axi_gmem_AWLOCK    |  out|    2|       m_axi|                                               gmem|       pointer|
|m_axi_gmem_AWCACHE   |  out|    4|       m_axi|                                               gmem|       pointer|
|m_axi_gmem_AWPROT    |  out|    3|       m_axi|                                               gmem|       pointer|
|m_axi_gmem_AWQOS     |  out|    4|       m_axi|                                               gmem|       pointer|
|m_axi_gmem_AWREGION  |  out|    4|       m_axi|                                               gmem|       pointer|
|m_axi_gmem_AWUSER    |  out|    1|       m_axi|                                               gmem|       pointer|
|m_axi_gmem_WVALID    |  out|    1|       m_axi|                                               gmem|       pointer|
|m_axi_gmem_WREADY    |   in|    1|       m_axi|                                               gmem|       pointer|
|m_axi_gmem_WDATA     |  out|   32|       m_axi|                                               gmem|       pointer|
|m_axi_gmem_WSTRB     |  out|    4|       m_axi|                                               gmem|       pointer|
|m_axi_gmem_WLAST     |  out|    1|       m_axi|                                               gmem|       pointer|
|m_axi_gmem_WID       |  out|    1|       m_axi|                                               gmem|       pointer|
|m_axi_gmem_WUSER     |  out|    1|       m_axi|                                               gmem|       pointer|
|m_axi_gmem_ARVALID   |  out|    1|       m_axi|                                               gmem|       pointer|
|m_axi_gmem_ARREADY   |   in|    1|       m_axi|                                               gmem|       pointer|
|m_axi_gmem_ARADDR    |  out|   64|       m_axi|                                               gmem|       pointer|
|m_axi_gmem_ARID      |  out|    1|       m_axi|                                               gmem|       pointer|
|m_axi_gmem_ARLEN     |  out|   32|       m_axi|                                               gmem|       pointer|
|m_axi_gmem_ARSIZE    |  out|    3|       m_axi|                                               gmem|       pointer|
|m_axi_gmem_ARBURST   |  out|    2|       m_axi|                                               gmem|       pointer|
|m_axi_gmem_ARLOCK    |  out|    2|       m_axi|                                               gmem|       pointer|
|m_axi_gmem_ARCACHE   |  out|    4|       m_axi|                                               gmem|       pointer|
|m_axi_gmem_ARPROT    |  out|    3|       m_axi|                                               gmem|       pointer|
|m_axi_gmem_ARQOS     |  out|    4|       m_axi|                                               gmem|       pointer|
|m_axi_gmem_ARREGION  |  out|    4|       m_axi|                                               gmem|       pointer|
|m_axi_gmem_ARUSER    |  out|    1|       m_axi|                                               gmem|       pointer|
|m_axi_gmem_RVALID    |   in|    1|       m_axi|                                               gmem|       pointer|
|m_axi_gmem_RREADY    |  out|    1|       m_axi|                                               gmem|       pointer|
|m_axi_gmem_RDATA     |   in|   32|       m_axi|                                               gmem|       pointer|
|m_axi_gmem_RLAST     |   in|    1|       m_axi|                                               gmem|       pointer|
|m_axi_gmem_RID       |   in|    1|       m_axi|                                               gmem|       pointer|
|m_axi_gmem_RFIFONUM  |   in|    9|       m_axi|                                               gmem|       pointer|
|m_axi_gmem_RUSER     |   in|    1|       m_axi|                                               gmem|       pointer|
|m_axi_gmem_RRESP     |   in|    2|       m_axi|                                               gmem|       pointer|
|m_axi_gmem_BVALID    |   in|    1|       m_axi|                                               gmem|       pointer|
|m_axi_gmem_BREADY    |  out|    1|       m_axi|                                               gmem|       pointer|
|m_axi_gmem_BRESP     |   in|    2|       m_axi|                                               gmem|       pointer|
|m_axi_gmem_BID       |   in|    1|       m_axi|                                               gmem|       pointer|
|m_axi_gmem_BUSER     |   in|    1|       m_axi|                                               gmem|       pointer|
|sext_ln29            |   in|   62|     ap_none|                                          sext_ln29|        scalar|
|A_address0           |  out|   11|   ap_memory|                                                  A|         array|
|A_ce0                |  out|    1|   ap_memory|                                                  A|         array|
|A_we0                |  out|    1|   ap_memory|                                                  A|         array|
|A_d0                 |  out|   32|   ap_memory|                                                  A|         array|
|A_1_address0         |  out|   11|   ap_memory|                                                A_1|         array|
|A_1_ce0              |  out|    1|   ap_memory|                                                A_1|         array|
|A_1_we0              |  out|    1|   ap_memory|                                                A_1|         array|
|A_1_d0               |  out|   32|   ap_memory|                                                A_1|         array|
|A_2_address0         |  out|   11|   ap_memory|                                                A_2|         array|
|A_2_ce0              |  out|    1|   ap_memory|                                                A_2|         array|
|A_2_we0              |  out|    1|   ap_memory|                                                A_2|         array|
|A_2_d0               |  out|   32|   ap_memory|                                                A_2|         array|
|A_3_address0         |  out|   11|   ap_memory|                                                A_3|         array|
|A_3_ce0              |  out|    1|   ap_memory|                                                A_3|         array|
|A_3_we0              |  out|    1|   ap_memory|                                                A_3|         array|
|A_3_d0               |  out|   32|   ap_memory|                                                A_3|         array|
|A_4_address0         |  out|   11|   ap_memory|                                                A_4|         array|
|A_4_ce0              |  out|    1|   ap_memory|                                                A_4|         array|
|A_4_we0              |  out|    1|   ap_memory|                                                A_4|         array|
|A_4_d0               |  out|   32|   ap_memory|                                                A_4|         array|
|A_5_address0         |  out|   11|   ap_memory|                                                A_5|         array|
|A_5_ce0              |  out|    1|   ap_memory|                                                A_5|         array|
|A_5_we0              |  out|    1|   ap_memory|                                                A_5|         array|
|A_5_d0               |  out|   32|   ap_memory|                                                A_5|         array|
|A_6_address0         |  out|   11|   ap_memory|                                                A_6|         array|
|A_6_ce0              |  out|    1|   ap_memory|                                                A_6|         array|
|A_6_we0              |  out|    1|   ap_memory|                                                A_6|         array|
|A_6_d0               |  out|   32|   ap_memory|                                                A_6|         array|
|A_7_address0         |  out|   11|   ap_memory|                                                A_7|         array|
|A_7_ce0              |  out|    1|   ap_memory|                                                A_7|         array|
|A_7_we0              |  out|    1|   ap_memory|                                                A_7|         array|
|A_7_d0               |  out|   32|   ap_memory|                                                A_7|         array|
+---------------------+-----+-----+------------+---------------------------------------------------+--------------+

