

================================================================
== Vitis HLS Report for 'divide_by_13'
================================================================
* Date:           Mon Feb  2 16:24:01 2026

* Version:        2024.1 (Build 5069499 on May 21 2024)
* Project:        stream
* Solution:       hls (Vivado IP Flow Target)
* Product family: zynquplus
* Target device:  xczu3eg-sfvc784-2-e


================================================================
== Performance Estimates
================================================================
+ Timing: 
    * Summary: 
    +--------+----------+----------+------------+
    |  Clock |  Target  | Estimated| Uncertainty|
    +--------+----------+----------+------------+
    |ap_clk  |  10.00 ns|  2.739 ns|     2.70 ns|
    +--------+----------+----------+------------+

+ Latency: 
    * Summary: 
    +---------+---------+----------+----------+-----+-----+-----------------------------------------------+
    |  Latency (cycles) |  Latency (absolute) |  Interval |                    Pipeline                   |
    |   min   |   max   |    min   |    max   | min | max |                      Type                     |
    +---------+---------+----------+----------+-----+-----+-----------------------------------------------+
    |        ?|        ?|         ?|         ?|    0|    0|  loop auto-rewind stp(delay=0 clock cycles(s))|
    +---------+---------+----------+----------+-----+-----+-----------------------------------------------+

    + Detail: 
        * Instance: 
        N/A

        * Loop: 
        +-------------------+---------+---------+----------+-----------+-----------+------+----------+
        |                   |  Latency (cycles) | Iteration|  Initiation Interval  | Trip |          |
        |     Loop Name     |   min   |   max   |  Latency |  achieved |   target  | Count| Pipelined|
        +-------------------+---------+---------+----------+-----------+-----------+------+----------+
        |- VITIS_LOOP_13_1  |        ?|        ?|        37|          1|          1|     ?|       yes|
        +-------------------+---------+---------+----------+-----------+-----------+------+----------+

============================================================
+ Verbose Summary: Synthesis Manager
============================================================
InlineROM: 1
ExposeGlobal: 0
============================================================
+ Verbose Summary: CDFG Model
============================================================
IsTopModel: 1
ResetActiveHigh: 1
IsCombinational: 0
IsDatapathOnly: 0
HasWiredReturn: 1
HasMFsm: 2
HasVarLatency: 1
IsPipeline: 0
IsRtlPipelined: 0
IsInstanceOverlapped: 0
IsDontTouch: 0
HasImplIP: 0
IsGatedGlobalClock: 0

+ Individual pipeline summary: 
  * Pipeline-0: initiation interval (II) = 1, depth = 37


============================================================
+ Verbose Summary: Schedule
============================================================
* Number of FSM states : 37
* Pipeline : 1
  Pipeline-0 : II = 1, D = 37, States = { 1 2 3 4 5 6 7 8 9 10 11 12 13 14 15 16 17 18 19 20 21 22 23 24 25 26 27 28 29 30 31 32 33 34 35 36 37 }
* Dataflow Pipeline: 0

* FSM state transitions: 
1 --> 2 
2 --> 3 
3 --> 4 
4 --> 5 
5 --> 6 
6 --> 7 
7 --> 8 
8 --> 9 
9 --> 10 
10 --> 11 
11 --> 12 
12 --> 13 
13 --> 14 
14 --> 15 
15 --> 16 
16 --> 17 
17 --> 18 
18 --> 19 
19 --> 20 
20 --> 21 
21 --> 22 
22 --> 23 
23 --> 24 
24 --> 25 
25 --> 26 
26 --> 27 
27 --> 28 
28 --> 29 
29 --> 30 
30 --> 31 
31 --> 32 
32 --> 33 
33 --> 34 
34 --> 35 
35 --> 36 
36 --> 37 
37 --> 

* FSM state operations: 

State 1 <SV = 0> <Delay = 1.53>
ST_1 : Operation 40 [1/1] (0.00ns)   --->   "%spectopmodule_ln5 = spectopmodule void @_ssdm_op_SpecTopModule, void @empty_6" [C:/Users/langweil.m/Downloads/axi_stream_tutorial/axi_stream_tutorial/divide.cpp:5]   --->   Operation 40 'spectopmodule' 'spectopmodule_ln5' <Predicate = true> <Delay = 0.00>
ST_1 : Operation 41 [1/1] (0.00ns)   --->   "%specinterface_ln0 = specinterface void @_ssdm_op_SpecInterface, i32 %A_V_data_V, i4 %A_V_keep_V, i4 %A_V_strb_V, i2 %A_V_user_V, i1 %A_V_last_V, i5 %A_V_id_V, i6 %A_V_dest_V, void @empty, i32 1, i32 1, void @empty_0, i32 0, i32 0, void @empty_1, void @empty_1, void @empty_1, i32 0, i32 0, i32 0, i32 0, void @empty_1, void @empty_1, i32 4294967295, i32 0, i32 0"   --->   Operation 41 'specinterface' 'specinterface_ln0' <Predicate = true> <Delay = 0.00>
ST_1 : Operation 42 [1/1] (0.00ns)   --->   "%specbitsmap_ln0 = specbitsmap void @_ssdm_op_SpecBitsMap, i32 %A_V_data_V"   --->   Operation 42 'specbitsmap' 'specbitsmap_ln0' <Predicate = true> <Delay = 0.00>
ST_1 : Operation 43 [1/1] (0.00ns)   --->   "%specbitsmap_ln0 = specbitsmap void @_ssdm_op_SpecBitsMap, i4 %A_V_keep_V"   --->   Operation 43 'specbitsmap' 'specbitsmap_ln0' <Predicate = true> <Delay = 0.00>
ST_1 : Operation 44 [1/1] (0.00ns)   --->   "%specbitsmap_ln0 = specbitsmap void @_ssdm_op_SpecBitsMap, i4 %A_V_strb_V"   --->   Operation 44 'specbitsmap' 'specbitsmap_ln0' <Predicate = true> <Delay = 0.00>
ST_1 : Operation 45 [1/1] (0.00ns)   --->   "%specbitsmap_ln0 = specbitsmap void @_ssdm_op_SpecBitsMap, i2 %A_V_user_V"   --->   Operation 45 'specbitsmap' 'specbitsmap_ln0' <Predicate = true> <Delay = 0.00>
ST_1 : Operation 46 [1/1] (0.00ns)   --->   "%specbitsmap_ln0 = specbitsmap void @_ssdm_op_SpecBitsMap, i1 %A_V_last_V"   --->   Operation 46 'specbitsmap' 'specbitsmap_ln0' <Predicate = true> <Delay = 0.00>
ST_1 : Operation 47 [1/1] (0.00ns)   --->   "%specbitsmap_ln0 = specbitsmap void @_ssdm_op_SpecBitsMap, i5 %A_V_id_V"   --->   Operation 47 'specbitsmap' 'specbitsmap_ln0' <Predicate = true> <Delay = 0.00>
ST_1 : Operation 48 [1/1] (0.00ns)   --->   "%specbitsmap_ln0 = specbitsmap void @_ssdm_op_SpecBitsMap, i6 %A_V_dest_V"   --->   Operation 48 'specbitsmap' 'specbitsmap_ln0' <Predicate = true> <Delay = 0.00>
ST_1 : Operation 49 [1/1] (0.00ns)   --->   "%specinterface_ln0 = specinterface void @_ssdm_op_SpecInterface, i32 %B_V_data_V, i4 %B_V_keep_V, i4 %B_V_strb_V, i2 %B_V_user_V, i1 %B_V_last_V, i5 %B_V_id_V, i6 %B_V_dest_V, void @empty, i32 1, i32 1, void @empty_0, i32 0, i32 0, void @empty_1, void @empty_1, void @empty_1, i32 0, i32 0, i32 0, i32 0, void @empty_1, void @empty_1, i32 4294967295, i32 0, i32 0"   --->   Operation 49 'specinterface' 'specinterface_ln0' <Predicate = true> <Delay = 0.00>
ST_1 : Operation 50 [1/1] (0.00ns)   --->   "%specbitsmap_ln0 = specbitsmap void @_ssdm_op_SpecBitsMap, i32 %B_V_data_V"   --->   Operation 50 'specbitsmap' 'specbitsmap_ln0' <Predicate = true> <Delay = 0.00>
ST_1 : Operation 51 [1/1] (0.00ns)   --->   "%specbitsmap_ln0 = specbitsmap void @_ssdm_op_SpecBitsMap, i4 %B_V_keep_V"   --->   Operation 51 'specbitsmap' 'specbitsmap_ln0' <Predicate = true> <Delay = 0.00>
ST_1 : Operation 52 [1/1] (0.00ns)   --->   "%specbitsmap_ln0 = specbitsmap void @_ssdm_op_SpecBitsMap, i4 %B_V_strb_V"   --->   Operation 52 'specbitsmap' 'specbitsmap_ln0' <Predicate = true> <Delay = 0.00>
ST_1 : Operation 53 [1/1] (0.00ns)   --->   "%specbitsmap_ln0 = specbitsmap void @_ssdm_op_SpecBitsMap, i2 %B_V_user_V"   --->   Operation 53 'specbitsmap' 'specbitsmap_ln0' <Predicate = true> <Delay = 0.00>
ST_1 : Operation 54 [1/1] (0.00ns)   --->   "%specbitsmap_ln0 = specbitsmap void @_ssdm_op_SpecBitsMap, i1 %B_V_last_V"   --->   Operation 54 'specbitsmap' 'specbitsmap_ln0' <Predicate = true> <Delay = 0.00>
ST_1 : Operation 55 [1/1] (0.00ns)   --->   "%specbitsmap_ln0 = specbitsmap void @_ssdm_op_SpecBitsMap, i5 %B_V_id_V"   --->   Operation 55 'specbitsmap' 'specbitsmap_ln0' <Predicate = true> <Delay = 0.00>
ST_1 : Operation 56 [1/1] (0.00ns)   --->   "%specbitsmap_ln0 = specbitsmap void @_ssdm_op_SpecBitsMap, i6 %B_V_dest_V"   --->   Operation 56 'specbitsmap' 'specbitsmap_ln0' <Predicate = true> <Delay = 0.00>
ST_1 : Operation 57 [1/1] (0.00ns)   --->   "%specinterface_ln0 = specinterface void @_ssdm_op_SpecInterface, i32 0, void @empty_2, i32 0, i32 0, void @empty_1, i32 0, i32 0, void @empty_3, void @empty_1, void @empty_1, i32 0, i32 0, i32 0, i32 0, void @empty_1, void @empty_1, i32 4294967295, i32 0, i32 0"   --->   Operation 57 'specinterface' 'specinterface_ln0' <Predicate = true> <Delay = 0.00>
ST_1 : Operation 58 [1/1] (0.00ns)   --->   "%specaxissidechannel_ln13 = specaxissidechannel void @_ssdm_op_SpecAXISSideChannel, i32 %B_V_data_V, i4 %B_V_keep_V, i4 %B_V_strb_V, i2 %B_V_user_V, i1 %B_V_last_V, i5 %B_V_id_V, i6 %B_V_dest_V, void @empty_4" [C:/Users/langweil.m/Downloads/axi_stream_tutorial/axi_stream_tutorial/divide.cpp:13]   --->   Operation 58 'specaxissidechannel' 'specaxissidechannel_ln13' <Predicate = true> <Delay = 0.00>
ST_1 : Operation 59 [1/1] (0.00ns)   --->   "%specaxissidechannel_ln13 = specaxissidechannel void @_ssdm_op_SpecAXISSideChannel, i32 %A_V_data_V, i4 %A_V_keep_V, i4 %A_V_strb_V, i2 %A_V_user_V, i1 %A_V_last_V, i5 %A_V_id_V, i6 %A_V_dest_V, void @empty_5" [C:/Users/langweil.m/Downloads/axi_stream_tutorial/axi_stream_tutorial/divide.cpp:13]   --->   Operation 59 'specaxissidechannel' 'specaxissidechannel_ln13' <Predicate = true> <Delay = 0.00>
ST_1 : Operation 60 [1/1] (0.00ns)   --->   "%br_ln13 = br void %while.body" [C:/Users/langweil.m/Downloads/axi_stream_tutorial/axi_stream_tutorial/divide.cpp:13]   --->   Operation 60 'br' 'br_ln13' <Predicate = true> <Delay = 0.00>
ST_1 : Operation 61 [1/1] (0.07ns)   --->   "%empty = read i54 @_ssdm_op_Read.axis.volatile.i32P0A.i4P0A.i4P0A.i2P0A.i1P0A.i5P0A.i6P0A, i32 %A_V_data_V, i4 %A_V_keep_V, i4 %A_V_strb_V, i2 %A_V_user_V, i1 %A_V_last_V, i5 %A_V_id_V, i6 %A_V_dest_V" [C:/Users/langweil.m/Downloads/axi_stream_tutorial/axi_stream_tutorial/divide.cpp:15]   --->   Operation 61 'read' 'empty' <Predicate = true> <Delay = 0.07> <CoreInst = "regslice">   --->   Core 148 'regslice' <Latency = 0> <II = 1> <Delay = 0.65> <Adapter> <Opcode : 'read' 'write'>
ST_1 : Operation 62 [1/1] (0.00ns)   --->   "%tmp_data = extractvalue i54 %empty" [C:/Users/langweil.m/Downloads/axi_stream_tutorial/axi_stream_tutorial/divide.cpp:15]   --->   Operation 62 'extractvalue' 'tmp_data' <Predicate = true> <Delay = 0.00>
ST_1 : Operation 63 [1/1] (0.00ns)   --->   "%tmp_keep = extractvalue i54 %empty" [C:/Users/langweil.m/Downloads/axi_stream_tutorial/axi_stream_tutorial/divide.cpp:15]   --->   Operation 63 'extractvalue' 'tmp_keep' <Predicate = true> <Delay = 0.00>
ST_1 : Operation 64 [1/1] (0.00ns)   --->   "%tmp_strb = extractvalue i54 %empty" [C:/Users/langweil.m/Downloads/axi_stream_tutorial/axi_stream_tutorial/divide.cpp:15]   --->   Operation 64 'extractvalue' 'tmp_strb' <Predicate = true> <Delay = 0.00>
ST_1 : Operation 65 [1/1] (0.00ns)   --->   "%tmp_user = extractvalue i54 %empty" [C:/Users/langweil.m/Downloads/axi_stream_tutorial/axi_stream_tutorial/divide.cpp:15]   --->   Operation 65 'extractvalue' 'tmp_user' <Predicate = true> <Delay = 0.00>
ST_1 : Operation 66 [1/1] (0.00ns)   --->   "%tmp_last = extractvalue i54 %empty" [C:/Users/langweil.m/Downloads/axi_stream_tutorial/axi_stream_tutorial/divide.cpp:15]   --->   Operation 66 'extractvalue' 'tmp_last' <Predicate = true> <Delay = 0.00>
ST_1 : Operation 67 [1/1] (0.00ns)   --->   "%tmp_id = extractvalue i54 %empty" [C:/Users/langweil.m/Downloads/axi_stream_tutorial/axi_stream_tutorial/divide.cpp:15]   --->   Operation 67 'extractvalue' 'tmp_id' <Predicate = true> <Delay = 0.00>
ST_1 : Operation 68 [1/1] (0.00ns)   --->   "%tmp_dest = extractvalue i54 %empty" [C:/Users/langweil.m/Downloads/axi_stream_tutorial/axi_stream_tutorial/divide.cpp:15]   --->   Operation 68 'extractvalue' 'tmp_dest' <Predicate = true> <Delay = 0.00>
ST_1 : Operation 69 [36/36] (1.45ns)   --->   "%srem_ln16 = srem i32 %tmp_data, i32 13" [C:/Users/langweil.m/Downloads/axi_stream_tutorial/axi_stream_tutorial/divide.cpp:16]   --->   Operation 69 'srem' 'srem_ln16' <Predicate = true> <Delay = 1.45> <CoreInst = "Divider">   --->   Core 6 'Divider' <Latency = 35> <II = 1> <Delay = 1.45> <FuncUnit> <Opcode : 'udiv' 'sdiv' 'urem' 'srem'> <InPorts = 2> <OutPorts = 1>
ST_1 : Operation 70 [1/1] (0.00ns)   --->   "%br_ln18 = br i1 %tmp_last, void %if.end, void %while.end" [C:/Users/langweil.m/Downloads/axi_stream_tutorial/axi_stream_tutorial/divide.cpp:18]   --->   Operation 70 'br' 'br_ln18' <Predicate = true> <Delay = 0.00>
ST_1 : Operation 71 [1/1] (0.00ns)   --->   "%specpipeline_ln13 = specpipeline void @_ssdm_op_SpecPipeline, i32 4294967295, i32 0, i32 0, i32 0, void @empty_1" [C:/Users/langweil.m/Downloads/axi_stream_tutorial/axi_stream_tutorial/divide.cpp:13]   --->   Operation 71 'specpipeline' 'specpipeline_ln13' <Predicate = (!tmp_last)> <Delay = 0.00>
ST_1 : Operation 72 [1/1] (0.00ns)   --->   "%specloopname_ln13 = specloopname void @_ssdm_op_SpecLoopName, void @empty_7" [C:/Users/langweil.m/Downloads/axi_stream_tutorial/axi_stream_tutorial/divide.cpp:13]   --->   Operation 72 'specloopname' 'specloopname_ln13' <Predicate = (!tmp_last)> <Delay = 0.00>
ST_1 : Operation 73 [1/1] (0.00ns)   --->   "%br_ln13 = br void %while.body" [C:/Users/langweil.m/Downloads/axi_stream_tutorial/axi_stream_tutorial/divide.cpp:13]   --->   Operation 73 'br' 'br_ln13' <Predicate = (!tmp_last)> <Delay = 0.00>

State 2 <SV = 1> <Delay = 1.45>
ST_2 : Operation 74 [35/36] (1.45ns)   --->   "%srem_ln16 = srem i32 %tmp_data, i32 13" [C:/Users/langweil.m/Downloads/axi_stream_tutorial/axi_stream_tutorial/divide.cpp:16]   --->   Operation 74 'srem' 'srem_ln16' <Predicate = true> <Delay = 1.45> <CoreInst = "Divider">   --->   Core 6 'Divider' <Latency = 35> <II = 1> <Delay = 1.45> <FuncUnit> <Opcode : 'udiv' 'sdiv' 'urem' 'srem'> <InPorts = 2> <OutPorts = 1>

State 3 <SV = 2> <Delay = 1.45>
ST_3 : Operation 75 [34/36] (1.45ns)   --->   "%srem_ln16 = srem i32 %tmp_data, i32 13" [C:/Users/langweil.m/Downloads/axi_stream_tutorial/axi_stream_tutorial/divide.cpp:16]   --->   Operation 75 'srem' 'srem_ln16' <Predicate = true> <Delay = 1.45> <CoreInst = "Divider">   --->   Core 6 'Divider' <Latency = 35> <II = 1> <Delay = 1.45> <FuncUnit> <Opcode : 'udiv' 'sdiv' 'urem' 'srem'> <InPorts = 2> <OutPorts = 1>

State 4 <SV = 3> <Delay = 1.45>
ST_4 : Operation 76 [33/36] (1.45ns)   --->   "%srem_ln16 = srem i32 %tmp_data, i32 13" [C:/Users/langweil.m/Downloads/axi_stream_tutorial/axi_stream_tutorial/divide.cpp:16]   --->   Operation 76 'srem' 'srem_ln16' <Predicate = true> <Delay = 1.45> <CoreInst = "Divider">   --->   Core 6 'Divider' <Latency = 35> <II = 1> <Delay = 1.45> <FuncUnit> <Opcode : 'udiv' 'sdiv' 'urem' 'srem'> <InPorts = 2> <OutPorts = 1>

State 5 <SV = 4> <Delay = 1.45>
ST_5 : Operation 77 [32/36] (1.45ns)   --->   "%srem_ln16 = srem i32 %tmp_data, i32 13" [C:/Users/langweil.m/Downloads/axi_stream_tutorial/axi_stream_tutorial/divide.cpp:16]   --->   Operation 77 'srem' 'srem_ln16' <Predicate = true> <Delay = 1.45> <CoreInst = "Divider">   --->   Core 6 'Divider' <Latency = 35> <II = 1> <Delay = 1.45> <FuncUnit> <Opcode : 'udiv' 'sdiv' 'urem' 'srem'> <InPorts = 2> <OutPorts = 1>

State 6 <SV = 5> <Delay = 1.45>
ST_6 : Operation 78 [31/36] (1.45ns)   --->   "%srem_ln16 = srem i32 %tmp_data, i32 13" [C:/Users/langweil.m/Downloads/axi_stream_tutorial/axi_stream_tutorial/divide.cpp:16]   --->   Operation 78 'srem' 'srem_ln16' <Predicate = true> <Delay = 1.45> <CoreInst = "Divider">   --->   Core 6 'Divider' <Latency = 35> <II = 1> <Delay = 1.45> <FuncUnit> <Opcode : 'udiv' 'sdiv' 'urem' 'srem'> <InPorts = 2> <OutPorts = 1>

State 7 <SV = 6> <Delay = 1.45>
ST_7 : Operation 79 [30/36] (1.45ns)   --->   "%srem_ln16 = srem i32 %tmp_data, i32 13" [C:/Users/langweil.m/Downloads/axi_stream_tutorial/axi_stream_tutorial/divide.cpp:16]   --->   Operation 79 'srem' 'srem_ln16' <Predicate = true> <Delay = 1.45> <CoreInst = "Divider">   --->   Core 6 'Divider' <Latency = 35> <II = 1> <Delay = 1.45> <FuncUnit> <Opcode : 'udiv' 'sdiv' 'urem' 'srem'> <InPorts = 2> <OutPorts = 1>

State 8 <SV = 7> <Delay = 1.45>
ST_8 : Operation 80 [29/36] (1.45ns)   --->   "%srem_ln16 = srem i32 %tmp_data, i32 13" [C:/Users/langweil.m/Downloads/axi_stream_tutorial/axi_stream_tutorial/divide.cpp:16]   --->   Operation 80 'srem' 'srem_ln16' <Predicate = true> <Delay = 1.45> <CoreInst = "Divider">   --->   Core 6 'Divider' <Latency = 35> <II = 1> <Delay = 1.45> <FuncUnit> <Opcode : 'udiv' 'sdiv' 'urem' 'srem'> <InPorts = 2> <OutPorts = 1>

State 9 <SV = 8> <Delay = 1.45>
ST_9 : Operation 81 [28/36] (1.45ns)   --->   "%srem_ln16 = srem i32 %tmp_data, i32 13" [C:/Users/langweil.m/Downloads/axi_stream_tutorial/axi_stream_tutorial/divide.cpp:16]   --->   Operation 81 'srem' 'srem_ln16' <Predicate = true> <Delay = 1.45> <CoreInst = "Divider">   --->   Core 6 'Divider' <Latency = 35> <II = 1> <Delay = 1.45> <FuncUnit> <Opcode : 'udiv' 'sdiv' 'urem' 'srem'> <InPorts = 2> <OutPorts = 1>

State 10 <SV = 9> <Delay = 1.45>
ST_10 : Operation 82 [27/36] (1.45ns)   --->   "%srem_ln16 = srem i32 %tmp_data, i32 13" [C:/Users/langweil.m/Downloads/axi_stream_tutorial/axi_stream_tutorial/divide.cpp:16]   --->   Operation 82 'srem' 'srem_ln16' <Predicate = true> <Delay = 1.45> <CoreInst = "Divider">   --->   Core 6 'Divider' <Latency = 35> <II = 1> <Delay = 1.45> <FuncUnit> <Opcode : 'udiv' 'sdiv' 'urem' 'srem'> <InPorts = 2> <OutPorts = 1>

State 11 <SV = 10> <Delay = 1.45>
ST_11 : Operation 83 [26/36] (1.45ns)   --->   "%srem_ln16 = srem i32 %tmp_data, i32 13" [C:/Users/langweil.m/Downloads/axi_stream_tutorial/axi_stream_tutorial/divide.cpp:16]   --->   Operation 83 'srem' 'srem_ln16' <Predicate = true> <Delay = 1.45> <CoreInst = "Divider">   --->   Core 6 'Divider' <Latency = 35> <II = 1> <Delay = 1.45> <FuncUnit> <Opcode : 'udiv' 'sdiv' 'urem' 'srem'> <InPorts = 2> <OutPorts = 1>

State 12 <SV = 11> <Delay = 1.45>
ST_12 : Operation 84 [25/36] (1.45ns)   --->   "%srem_ln16 = srem i32 %tmp_data, i32 13" [C:/Users/langweil.m/Downloads/axi_stream_tutorial/axi_stream_tutorial/divide.cpp:16]   --->   Operation 84 'srem' 'srem_ln16' <Predicate = true> <Delay = 1.45> <CoreInst = "Divider">   --->   Core 6 'Divider' <Latency = 35> <II = 1> <Delay = 1.45> <FuncUnit> <Opcode : 'udiv' 'sdiv' 'urem' 'srem'> <InPorts = 2> <OutPorts = 1>

State 13 <SV = 12> <Delay = 1.45>
ST_13 : Operation 85 [24/36] (1.45ns)   --->   "%srem_ln16 = srem i32 %tmp_data, i32 13" [C:/Users/langweil.m/Downloads/axi_stream_tutorial/axi_stream_tutorial/divide.cpp:16]   --->   Operation 85 'srem' 'srem_ln16' <Predicate = true> <Delay = 1.45> <CoreInst = "Divider">   --->   Core 6 'Divider' <Latency = 35> <II = 1> <Delay = 1.45> <FuncUnit> <Opcode : 'udiv' 'sdiv' 'urem' 'srem'> <InPorts = 2> <OutPorts = 1>

State 14 <SV = 13> <Delay = 1.45>
ST_14 : Operation 86 [23/36] (1.45ns)   --->   "%srem_ln16 = srem i32 %tmp_data, i32 13" [C:/Users/langweil.m/Downloads/axi_stream_tutorial/axi_stream_tutorial/divide.cpp:16]   --->   Operation 86 'srem' 'srem_ln16' <Predicate = true> <Delay = 1.45> <CoreInst = "Divider">   --->   Core 6 'Divider' <Latency = 35> <II = 1> <Delay = 1.45> <FuncUnit> <Opcode : 'udiv' 'sdiv' 'urem' 'srem'> <InPorts = 2> <OutPorts = 1>

State 15 <SV = 14> <Delay = 1.45>
ST_15 : Operation 87 [22/36] (1.45ns)   --->   "%srem_ln16 = srem i32 %tmp_data, i32 13" [C:/Users/langweil.m/Downloads/axi_stream_tutorial/axi_stream_tutorial/divide.cpp:16]   --->   Operation 87 'srem' 'srem_ln16' <Predicate = true> <Delay = 1.45> <CoreInst = "Divider">   --->   Core 6 'Divider' <Latency = 35> <II = 1> <Delay = 1.45> <FuncUnit> <Opcode : 'udiv' 'sdiv' 'urem' 'srem'> <InPorts = 2> <OutPorts = 1>

State 16 <SV = 15> <Delay = 1.45>
ST_16 : Operation 88 [21/36] (1.45ns)   --->   "%srem_ln16 = srem i32 %tmp_data, i32 13" [C:/Users/langweil.m/Downloads/axi_stream_tutorial/axi_stream_tutorial/divide.cpp:16]   --->   Operation 88 'srem' 'srem_ln16' <Predicate = true> <Delay = 1.45> <CoreInst = "Divider">   --->   Core 6 'Divider' <Latency = 35> <II = 1> <Delay = 1.45> <FuncUnit> <Opcode : 'udiv' 'sdiv' 'urem' 'srem'> <InPorts = 2> <OutPorts = 1>

State 17 <SV = 16> <Delay = 1.45>
ST_17 : Operation 89 [20/36] (1.45ns)   --->   "%srem_ln16 = srem i32 %tmp_data, i32 13" [C:/Users/langweil.m/Downloads/axi_stream_tutorial/axi_stream_tutorial/divide.cpp:16]   --->   Operation 89 'srem' 'srem_ln16' <Predicate = true> <Delay = 1.45> <CoreInst = "Divider">   --->   Core 6 'Divider' <Latency = 35> <II = 1> <Delay = 1.45> <FuncUnit> <Opcode : 'udiv' 'sdiv' 'urem' 'srem'> <InPorts = 2> <OutPorts = 1>

State 18 <SV = 17> <Delay = 1.45>
ST_18 : Operation 90 [19/36] (1.45ns)   --->   "%srem_ln16 = srem i32 %tmp_data, i32 13" [C:/Users/langweil.m/Downloads/axi_stream_tutorial/axi_stream_tutorial/divide.cpp:16]   --->   Operation 90 'srem' 'srem_ln16' <Predicate = true> <Delay = 1.45> <CoreInst = "Divider">   --->   Core 6 'Divider' <Latency = 35> <II = 1> <Delay = 1.45> <FuncUnit> <Opcode : 'udiv' 'sdiv' 'urem' 'srem'> <InPorts = 2> <OutPorts = 1>

State 19 <SV = 18> <Delay = 1.45>
ST_19 : Operation 91 [18/36] (1.45ns)   --->   "%srem_ln16 = srem i32 %tmp_data, i32 13" [C:/Users/langweil.m/Downloads/axi_stream_tutorial/axi_stream_tutorial/divide.cpp:16]   --->   Operation 91 'srem' 'srem_ln16' <Predicate = true> <Delay = 1.45> <CoreInst = "Divider">   --->   Core 6 'Divider' <Latency = 35> <II = 1> <Delay = 1.45> <FuncUnit> <Opcode : 'udiv' 'sdiv' 'urem' 'srem'> <InPorts = 2> <OutPorts = 1>

State 20 <SV = 19> <Delay = 1.45>
ST_20 : Operation 92 [17/36] (1.45ns)   --->   "%srem_ln16 = srem i32 %tmp_data, i32 13" [C:/Users/langweil.m/Downloads/axi_stream_tutorial/axi_stream_tutorial/divide.cpp:16]   --->   Operation 92 'srem' 'srem_ln16' <Predicate = true> <Delay = 1.45> <CoreInst = "Divider">   --->   Core 6 'Divider' <Latency = 35> <II = 1> <Delay = 1.45> <FuncUnit> <Opcode : 'udiv' 'sdiv' 'urem' 'srem'> <InPorts = 2> <OutPorts = 1>

State 21 <SV = 20> <Delay = 1.45>
ST_21 : Operation 93 [16/36] (1.45ns)   --->   "%srem_ln16 = srem i32 %tmp_data, i32 13" [C:/Users/langweil.m/Downloads/axi_stream_tutorial/axi_stream_tutorial/divide.cpp:16]   --->   Operation 93 'srem' 'srem_ln16' <Predicate = true> <Delay = 1.45> <CoreInst = "Divider">   --->   Core 6 'Divider' <Latency = 35> <II = 1> <Delay = 1.45> <FuncUnit> <Opcode : 'udiv' 'sdiv' 'urem' 'srem'> <InPorts = 2> <OutPorts = 1>

State 22 <SV = 21> <Delay = 1.45>
ST_22 : Operation 94 [15/36] (1.45ns)   --->   "%srem_ln16 = srem i32 %tmp_data, i32 13" [C:/Users/langweil.m/Downloads/axi_stream_tutorial/axi_stream_tutorial/divide.cpp:16]   --->   Operation 94 'srem' 'srem_ln16' <Predicate = true> <Delay = 1.45> <CoreInst = "Divider">   --->   Core 6 'Divider' <Latency = 35> <II = 1> <Delay = 1.45> <FuncUnit> <Opcode : 'udiv' 'sdiv' 'urem' 'srem'> <InPorts = 2> <OutPorts = 1>

State 23 <SV = 22> <Delay = 1.45>
ST_23 : Operation 95 [14/36] (1.45ns)   --->   "%srem_ln16 = srem i32 %tmp_data, i32 13" [C:/Users/langweil.m/Downloads/axi_stream_tutorial/axi_stream_tutorial/divide.cpp:16]   --->   Operation 95 'srem' 'srem_ln16' <Predicate = true> <Delay = 1.45> <CoreInst = "Divider">   --->   Core 6 'Divider' <Latency = 35> <II = 1> <Delay = 1.45> <FuncUnit> <Opcode : 'udiv' 'sdiv' 'urem' 'srem'> <InPorts = 2> <OutPorts = 1>

State 24 <SV = 23> <Delay = 1.45>
ST_24 : Operation 96 [13/36] (1.45ns)   --->   "%srem_ln16 = srem i32 %tmp_data, i32 13" [C:/Users/langweil.m/Downloads/axi_stream_tutorial/axi_stream_tutorial/divide.cpp:16]   --->   Operation 96 'srem' 'srem_ln16' <Predicate = true> <Delay = 1.45> <CoreInst = "Divider">   --->   Core 6 'Divider' <Latency = 35> <II = 1> <Delay = 1.45> <FuncUnit> <Opcode : 'udiv' 'sdiv' 'urem' 'srem'> <InPorts = 2> <OutPorts = 1>

State 25 <SV = 24> <Delay = 1.45>
ST_25 : Operation 97 [12/36] (1.45ns)   --->   "%srem_ln16 = srem i32 %tmp_data, i32 13" [C:/Users/langweil.m/Downloads/axi_stream_tutorial/axi_stream_tutorial/divide.cpp:16]   --->   Operation 97 'srem' 'srem_ln16' <Predicate = true> <Delay = 1.45> <CoreInst = "Divider">   --->   Core 6 'Divider' <Latency = 35> <II = 1> <Delay = 1.45> <FuncUnit> <Opcode : 'udiv' 'sdiv' 'urem' 'srem'> <InPorts = 2> <OutPorts = 1>

State 26 <SV = 25> <Delay = 1.45>
ST_26 : Operation 98 [11/36] (1.45ns)   --->   "%srem_ln16 = srem i32 %tmp_data, i32 13" [C:/Users/langweil.m/Downloads/axi_stream_tutorial/axi_stream_tutorial/divide.cpp:16]   --->   Operation 98 'srem' 'srem_ln16' <Predicate = true> <Delay = 1.45> <CoreInst = "Divider">   --->   Core 6 'Divider' <Latency = 35> <II = 1> <Delay = 1.45> <FuncUnit> <Opcode : 'udiv' 'sdiv' 'urem' 'srem'> <InPorts = 2> <OutPorts = 1>

State 27 <SV = 26> <Delay = 1.45>
ST_27 : Operation 99 [10/36] (1.45ns)   --->   "%srem_ln16 = srem i32 %tmp_data, i32 13" [C:/Users/langweil.m/Downloads/axi_stream_tutorial/axi_stream_tutorial/divide.cpp:16]   --->   Operation 99 'srem' 'srem_ln16' <Predicate = true> <Delay = 1.45> <CoreInst = "Divider">   --->   Core 6 'Divider' <Latency = 35> <II = 1> <Delay = 1.45> <FuncUnit> <Opcode : 'udiv' 'sdiv' 'urem' 'srem'> <InPorts = 2> <OutPorts = 1>

State 28 <SV = 27> <Delay = 1.45>
ST_28 : Operation 100 [9/36] (1.45ns)   --->   "%srem_ln16 = srem i32 %tmp_data, i32 13" [C:/Users/langweil.m/Downloads/axi_stream_tutorial/axi_stream_tutorial/divide.cpp:16]   --->   Operation 100 'srem' 'srem_ln16' <Predicate = true> <Delay = 1.45> <CoreInst = "Divider">   --->   Core 6 'Divider' <Latency = 35> <II = 1> <Delay = 1.45> <FuncUnit> <Opcode : 'udiv' 'sdiv' 'urem' 'srem'> <InPorts = 2> <OutPorts = 1>

State 29 <SV = 28> <Delay = 1.45>
ST_29 : Operation 101 [8/36] (1.45ns)   --->   "%srem_ln16 = srem i32 %tmp_data, i32 13" [C:/Users/langweil.m/Downloads/axi_stream_tutorial/axi_stream_tutorial/divide.cpp:16]   --->   Operation 101 'srem' 'srem_ln16' <Predicate = true> <Delay = 1.45> <CoreInst = "Divider">   --->   Core 6 'Divider' <Latency = 35> <II = 1> <Delay = 1.45> <FuncUnit> <Opcode : 'udiv' 'sdiv' 'urem' 'srem'> <InPorts = 2> <OutPorts = 1>

State 30 <SV = 29> <Delay = 1.45>
ST_30 : Operation 102 [7/36] (1.45ns)   --->   "%srem_ln16 = srem i32 %tmp_data, i32 13" [C:/Users/langweil.m/Downloads/axi_stream_tutorial/axi_stream_tutorial/divide.cpp:16]   --->   Operation 102 'srem' 'srem_ln16' <Predicate = true> <Delay = 1.45> <CoreInst = "Divider">   --->   Core 6 'Divider' <Latency = 35> <II = 1> <Delay = 1.45> <FuncUnit> <Opcode : 'udiv' 'sdiv' 'urem' 'srem'> <InPorts = 2> <OutPorts = 1>

State 31 <SV = 30> <Delay = 1.45>
ST_31 : Operation 103 [6/36] (1.45ns)   --->   "%srem_ln16 = srem i32 %tmp_data, i32 13" [C:/Users/langweil.m/Downloads/axi_stream_tutorial/axi_stream_tutorial/divide.cpp:16]   --->   Operation 103 'srem' 'srem_ln16' <Predicate = true> <Delay = 1.45> <CoreInst = "Divider">   --->   Core 6 'Divider' <Latency = 35> <II = 1> <Delay = 1.45> <FuncUnit> <Opcode : 'udiv' 'sdiv' 'urem' 'srem'> <InPorts = 2> <OutPorts = 1>

State 32 <SV = 31> <Delay = 1.45>
ST_32 : Operation 104 [5/36] (1.45ns)   --->   "%srem_ln16 = srem i32 %tmp_data, i32 13" [C:/Users/langweil.m/Downloads/axi_stream_tutorial/axi_stream_tutorial/divide.cpp:16]   --->   Operation 104 'srem' 'srem_ln16' <Predicate = true> <Delay = 1.45> <CoreInst = "Divider">   --->   Core 6 'Divider' <Latency = 35> <II = 1> <Delay = 1.45> <FuncUnit> <Opcode : 'udiv' 'sdiv' 'urem' 'srem'> <InPorts = 2> <OutPorts = 1>

State 33 <SV = 32> <Delay = 1.45>
ST_33 : Operation 105 [4/36] (1.45ns)   --->   "%srem_ln16 = srem i32 %tmp_data, i32 13" [C:/Users/langweil.m/Downloads/axi_stream_tutorial/axi_stream_tutorial/divide.cpp:16]   --->   Operation 105 'srem' 'srem_ln16' <Predicate = true> <Delay = 1.45> <CoreInst = "Divider">   --->   Core 6 'Divider' <Latency = 35> <II = 1> <Delay = 1.45> <FuncUnit> <Opcode : 'udiv' 'sdiv' 'urem' 'srem'> <InPorts = 2> <OutPorts = 1>

State 34 <SV = 33> <Delay = 1.45>
ST_34 : Operation 106 [3/36] (1.45ns)   --->   "%srem_ln16 = srem i32 %tmp_data, i32 13" [C:/Users/langweil.m/Downloads/axi_stream_tutorial/axi_stream_tutorial/divide.cpp:16]   --->   Operation 106 'srem' 'srem_ln16' <Predicate = true> <Delay = 1.45> <CoreInst = "Divider">   --->   Core 6 'Divider' <Latency = 35> <II = 1> <Delay = 1.45> <FuncUnit> <Opcode : 'udiv' 'sdiv' 'urem' 'srem'> <InPorts = 2> <OutPorts = 1>

State 35 <SV = 34> <Delay = 1.45>
ST_35 : Operation 107 [2/36] (1.45ns)   --->   "%srem_ln16 = srem i32 %tmp_data, i32 13" [C:/Users/langweil.m/Downloads/axi_stream_tutorial/axi_stream_tutorial/divide.cpp:16]   --->   Operation 107 'srem' 'srem_ln16' <Predicate = true> <Delay = 1.45> <CoreInst = "Divider">   --->   Core 6 'Divider' <Latency = 35> <II = 1> <Delay = 1.45> <FuncUnit> <Opcode : 'udiv' 'sdiv' 'urem' 'srem'> <InPorts = 2> <OutPorts = 1>

State 36 <SV = 35> <Delay = 2.73>
ST_36 : Operation 108 [1/36] (1.45ns)   --->   "%srem_ln16 = srem i32 %tmp_data, i32 13" [C:/Users/langweil.m/Downloads/axi_stream_tutorial/axi_stream_tutorial/divide.cpp:16]   --->   Operation 108 'srem' 'srem_ln16' <Predicate = true> <Delay = 1.45> <CoreInst = "Divider">   --->   Core 6 'Divider' <Latency = 35> <II = 1> <Delay = 1.45> <FuncUnit> <Opcode : 'udiv' 'sdiv' 'urem' 'srem'> <InPorts = 2> <OutPorts = 1>
ST_36 : Operation 109 [1/1] (0.00ns)   --->   "%trunc_ln16 = trunc i5 %srem_ln16" [C:/Users/langweil.m/Downloads/axi_stream_tutorial/axi_stream_tutorial/divide.cpp:16]   --->   Operation 109 'trunc' 'trunc_ln16' <Predicate = true> <Delay = 0.00>
ST_36 : Operation 110 [1/1] (0.78ns)   --->   "%tmp_data_1 = icmp_eq  i5 %trunc_ln16, i5 0" [C:/Users/langweil.m/Downloads/axi_stream_tutorial/axi_stream_tutorial/divide.cpp:16]   --->   Operation 110 'icmp' 'tmp_data_1' <Predicate = true> <Delay = 0.78> <CoreInst = "Cmp">   --->   Core 9 'Cmp' <Latency = 0> <II = 1> <Delay = 0.78> <FuncUnit> <Opcode : 'seteq' 'setne' 'setle' 'setge' 'setlt' 'setgt'> <InPorts = 2> <OutPorts = 1>
ST_36 : Operation 111 [1/1] (0.00ns)   --->   "%zext_ln16 = zext i1 %tmp_data_1" [C:/Users/langweil.m/Downloads/axi_stream_tutorial/axi_stream_tutorial/divide.cpp:16]   --->   Operation 111 'zext' 'zext_ln16' <Predicate = true> <Delay = 0.00>
ST_36 : Operation 112 [2/2] (0.49ns)   --->   "%write_ln17 = write void @_ssdm_op_Write.axis.volatile.i32P0A.i4P0A.i4P0A.i2P0A.i1P0A.i5P0A.i6P0A, i32 %B_V_data_V, i4 %B_V_keep_V, i4 %B_V_strb_V, i2 %B_V_user_V, i1 %B_V_last_V, i5 %B_V_id_V, i6 %B_V_dest_V, i32 %zext_ln16, i4 %tmp_keep, i4 %tmp_strb, i2 %tmp_user, i1 %tmp_last, i5 %tmp_id, i6 %tmp_dest" [C:/Users/langweil.m/Downloads/axi_stream_tutorial/axi_stream_tutorial/divide.cpp:17]   --->   Operation 112 'write' 'write_ln17' <Predicate = true> <Delay = 0.49> <CoreInst = "regslice">   --->   Core 148 'regslice' <Latency = 0> <II = 1> <Delay = 0.65> <Adapter> <Opcode : 'read' 'write'>

State 37 <SV = 36> <Delay = 0.49>
ST_37 : Operation 113 [1/2] (0.49ns)   --->   "%write_ln17 = write void @_ssdm_op_Write.axis.volatile.i32P0A.i4P0A.i4P0A.i2P0A.i1P0A.i5P0A.i6P0A, i32 %B_V_data_V, i4 %B_V_keep_V, i4 %B_V_strb_V, i2 %B_V_user_V, i1 %B_V_last_V, i5 %B_V_id_V, i6 %B_V_dest_V, i32 %zext_ln16, i4 %tmp_keep, i4 %tmp_strb, i2 %tmp_user, i1 %tmp_last, i5 %tmp_id, i6 %tmp_dest" [C:/Users/langweil.m/Downloads/axi_stream_tutorial/axi_stream_tutorial/divide.cpp:17]   --->   Operation 113 'write' 'write_ln17' <Predicate = true> <Delay = 0.49> <CoreInst = "regslice">   --->   Core 148 'regslice' <Latency = 0> <II = 1> <Delay = 0.65> <Adapter> <Opcode : 'read' 'write'>
ST_37 : Operation 114 [1/1] (0.42ns)   --->   "%ret_ln25 = ret" [C:/Users/langweil.m/Downloads/axi_stream_tutorial/axi_stream_tutorial/divide.cpp:25]   --->   Operation 114 'ret' 'ret_ln25' <Predicate = (tmp_last)> <Delay = 0.42>


============================================================
+ Verbose Summary: Binding
============================================================
STG Binding: 
---------------- STG Properties BEGIN ----------------
- Is combinational: 0
- Is one-state seq: 0
- Is datapath-only: 0
- Is pipelined: 0
- Is top level: 1
Port [ Return ] is wired: 1; IO mode=ap_ctrl_hs:ce=0
Port [ A_V_data_V]:  wired=1; compound=1; hidden=0; nouse=0; global=0; static=0; extern=0; dir=0; type=0; pingpong=0; private_global=0; IO mode=axis:ce=0
Port [ A_V_keep_V]:  wired=1; compound=1; hidden=0; nouse=0; global=0; static=0; extern=0; dir=0; type=0; pingpong=0; private_global=0; IO mode=axis:ce=0
Port [ A_V_strb_V]:  wired=1; compound=1; hidden=0; nouse=0; global=0; static=0; extern=0; dir=0; type=0; pingpong=0; private_global=0; IO mode=axis:ce=0
Port [ A_V_user_V]:  wired=1; compound=1; hidden=0; nouse=0; global=0; static=0; extern=0; dir=0; type=0; pingpong=0; private_global=0; IO mode=axis:ce=0
Port [ A_V_last_V]:  wired=1; compound=1; hidden=0; nouse=0; global=0; static=0; extern=0; dir=0; type=0; pingpong=0; private_global=0; IO mode=axis:ce=0
Port [ A_V_id_V]:  wired=1; compound=1; hidden=0; nouse=0; global=0; static=0; extern=0; dir=0; type=0; pingpong=0; private_global=0; IO mode=axis:ce=0
Port [ A_V_dest_V]:  wired=1; compound=1; hidden=0; nouse=0; global=0; static=0; extern=0; dir=0; type=0; pingpong=0; private_global=0; IO mode=axis:ce=0
Port [ B_V_data_V]:  wired=1; compound=1; hidden=0; nouse=0; global=0; static=0; extern=0; dir=1; type=0; pingpong=0; private_global=0; IO mode=axis:ce=0
Port [ B_V_keep_V]:  wired=1; compound=1; hidden=0; nouse=0; global=0; static=0; extern=0; dir=1; type=0; pingpong=0; private_global=0; IO mode=axis:ce=0
Port [ B_V_strb_V]:  wired=1; compound=1; hidden=0; nouse=0; global=0; static=0; extern=0; dir=1; type=0; pingpong=0; private_global=0; IO mode=axis:ce=0
Port [ B_V_user_V]:  wired=1; compound=1; hidden=0; nouse=0; global=0; static=0; extern=0; dir=1; type=0; pingpong=0; private_global=0; IO mode=axis:ce=0
Port [ B_V_last_V]:  wired=1; compound=1; hidden=0; nouse=0; global=0; static=0; extern=0; dir=1; type=0; pingpong=0; private_global=0; IO mode=axis:ce=0
Port [ B_V_id_V]:  wired=1; compound=1; hidden=0; nouse=0; global=0; static=0; extern=0; dir=1; type=0; pingpong=0; private_global=0; IO mode=axis:ce=0
Port [ B_V_dest_V]:  wired=1; compound=1; hidden=0; nouse=0; global=0; static=0; extern=0; dir=1; type=0; pingpong=0; private_global=0; IO mode=axis:ce=0
---------------- STG Properties END ------------------

---------------- Datapath Model BEGIN ----------------

<LifeTime>
<method=bitvector/>
spectopmodule_ln5        (spectopmodule      ) [ 00000000000000000000000000000000000000]
specinterface_ln0        (specinterface      ) [ 00000000000000000000000000000000000000]
specbitsmap_ln0          (specbitsmap        ) [ 00000000000000000000000000000000000000]
specbitsmap_ln0          (specbitsmap        ) [ 00000000000000000000000000000000000000]
specbitsmap_ln0          (specbitsmap        ) [ 00000000000000000000000000000000000000]
specbitsmap_ln0          (specbitsmap        ) [ 00000000000000000000000000000000000000]
specbitsmap_ln0          (specbitsmap        ) [ 00000000000000000000000000000000000000]
specbitsmap_ln0          (specbitsmap        ) [ 00000000000000000000000000000000000000]
specbitsmap_ln0          (specbitsmap        ) [ 00000000000000000000000000000000000000]
specinterface_ln0        (specinterface      ) [ 00000000000000000000000000000000000000]
specbitsmap_ln0          (specbitsmap        ) [ 00000000000000000000000000000000000000]
specbitsmap_ln0          (specbitsmap        ) [ 00000000000000000000000000000000000000]
specbitsmap_ln0          (specbitsmap        ) [ 00000000000000000000000000000000000000]
specbitsmap_ln0          (specbitsmap        ) [ 00000000000000000000000000000000000000]
specbitsmap_ln0          (specbitsmap        ) [ 00000000000000000000000000000000000000]
specbitsmap_ln0          (specbitsmap        ) [ 00000000000000000000000000000000000000]
specbitsmap_ln0          (specbitsmap        ) [ 00000000000000000000000000000000000000]
specinterface_ln0        (specinterface      ) [ 00000000000000000000000000000000000000]
specaxissidechannel_ln13 (specaxissidechannel) [ 00000000000000000000000000000000000000]
specaxissidechannel_ln13 (specaxissidechannel) [ 00000000000000000000000000000000000000]
br_ln13                  (br                 ) [ 00000000000000000000000000000000000000]
empty                    (read               ) [ 00000000000000000000000000000000000000]
tmp_data                 (extractvalue       ) [ 01111111111111111111111111111111111110]
tmp_keep                 (extractvalue       ) [ 01111111111111111111111111111111111111]
tmp_strb                 (extractvalue       ) [ 01111111111111111111111111111111111111]
tmp_user                 (extractvalue       ) [ 01111111111111111111111111111111111111]
tmp_last                 (extractvalue       ) [ 01111111111111111111111111111111111111]
tmp_id                   (extractvalue       ) [ 01111111111111111111111111111111111111]
tmp_dest                 (extractvalue       ) [ 01111111111111111111111111111111111111]
br_ln18                  (br                 ) [ 00000000000000000000000000000000000000]
specpipeline_ln13        (specpipeline       ) [ 00000000000000000000000000000000000000]
specloopname_ln13        (specloopname       ) [ 00000000000000000000000000000000000000]
br_ln13                  (br                 ) [ 00000000000000000000000000000000000000]
srem_ln16                (srem               ) [ 00000000000000000000000000000000000000]
trunc_ln16               (trunc              ) [ 00000000000000000000000000000000000000]
tmp_data_1               (icmp               ) [ 00000000000000000000000000000000000000]
zext_ln16                (zext               ) [ 01000000000000000000000000000000000001]
write_ln17               (write              ) [ 00000000000000000000000000000000000000]
ret_ln25                 (ret                ) [ 00000000000000000000000000000000000000]
</LifeTime>

<model>

<comp_list>
<comp id="0" class="1000" name="A_V_data_V">
<pin_list>
<pin id="1" dir="1" index="0" bw="1" slack="0"/>
</pin_list>
<bind>
<StgValue><ssdm name="A_V_data_V"/></StgValue>
</bind>
</comp>

<comp id="2" class="1000" name="A_V_keep_V">
<pin_list>
<pin id="3" dir="1" index="0" bw="1" slack="0"/>
</pin_list>
<bind>
<StgValue><ssdm name="A_V_keep_V"/></StgValue>
</bind>
</comp>

<comp id="4" class="1000" name="A_V_strb_V">
<pin_list>
<pin id="5" dir="1" index="0" bw="1" slack="0"/>
</pin_list>
<bind>
<StgValue><ssdm name="A_V_strb_V"/></StgValue>
</bind>
</comp>

<comp id="6" class="1000" name="A_V_user_V">
<pin_list>
<pin id="7" dir="1" index="0" bw="1" slack="0"/>
</pin_list>
<bind>
<StgValue><ssdm name="A_V_user_V"/></StgValue>
</bind>
</comp>

<comp id="8" class="1000" name="A_V_last_V">
<pin_list>
<pin id="9" dir="1" index="0" bw="1" slack="0"/>
</pin_list>
<bind>
<StgValue><ssdm name="A_V_last_V"/></StgValue>
</bind>
</comp>

<comp id="10" class="1000" name="A_V_id_V">
<pin_list>
<pin id="11" dir="1" index="0" bw="1" slack="0"/>
</pin_list>
<bind>
<StgValue><ssdm name="A_V_id_V"/></StgValue>
</bind>
</comp>

<comp id="12" class="1000" name="A_V_dest_V">
<pin_list>
<pin id="13" dir="1" index="0" bw="1" slack="0"/>
</pin_list>
<bind>
<StgValue><ssdm name="A_V_dest_V"/></StgValue>
</bind>
</comp>

<comp id="14" class="1000" name="B_V_data_V">
<pin_list>
<pin id="15" dir="1" index="0" bw="1" slack="0"/>
</pin_list>
<bind>
<StgValue><ssdm name="B_V_data_V"/></StgValue>
</bind>
</comp>

<comp id="16" class="1000" name="B_V_keep_V">
<pin_list>
<pin id="17" dir="1" index="0" bw="1" slack="0"/>
</pin_list>
<bind>
<StgValue><ssdm name="B_V_keep_V"/></StgValue>
</bind>
</comp>

<comp id="18" class="1000" name="B_V_strb_V">
<pin_list>
<pin id="19" dir="1" index="0" bw="1" slack="0"/>
</pin_list>
<bind>
<StgValue><ssdm name="B_V_strb_V"/></StgValue>
</bind>
</comp>

<comp id="20" class="1000" name="B_V_user_V">
<pin_list>
<pin id="21" dir="1" index="0" bw="1" slack="0"/>
</pin_list>
<bind>
<StgValue><ssdm name="B_V_user_V"/></StgValue>
</bind>
</comp>

<comp id="22" class="1000" name="B_V_last_V">
<pin_list>
<pin id="23" dir="1" index="0" bw="1" slack="0"/>
</pin_list>
<bind>
<StgValue><ssdm name="B_V_last_V"/></StgValue>
</bind>
</comp>

<comp id="24" class="1000" name="B_V_id_V">
<pin_list>
<pin id="25" dir="1" index="0" bw="1" slack="0"/>
</pin_list>
<bind>
<StgValue><ssdm name="B_V_id_V"/></StgValue>
</bind>
</comp>

<comp id="26" class="1000" name="B_V_dest_V">
<pin_list>
<pin id="27" dir="1" index="0" bw="1" slack="0"/>
</pin_list>
<bind>
<StgValue><ssdm name="B_V_dest_V"/></StgValue>
</bind>
</comp>

<comp id="28" class="1001" name="const_28">
<pin_list>
<pin id="29" dir="1" index="0" bw="1" slack="2147483647"/>
</pin_list>
<bind>
<StgValue><ssdm name="_ssdm_op_SpecTopModule"/></StgValue>
</bind>
</comp>

<comp id="30" class="1001" name="const_30">
<pin_list>
<pin id="31" dir="1" index="0" bw="1" slack="2147483647"/>
</pin_list>
<bind>
<StgValue><ssdm name="empty_6"/></StgValue>
</bind>
</comp>

<comp id="32" class="1001" name="const_32">
<pin_list>
<pin id="33" dir="1" index="0" bw="1" slack="2147483647"/>
</pin_list>
<bind>
<StgValue><ssdm name="_ssdm_op_SpecInterface"/></StgValue>
</bind>
</comp>

<comp id="34" class="1001" name="const_34">
<pin_list>
<pin id="35" dir="1" index="0" bw="1" slack="2147483647"/>
</pin_list>
<bind>
<StgValue><ssdm name="empty"/></StgValue>
</bind>
</comp>

<comp id="36" class="1001" name="const_36">
<pin_list>
<pin id="37" dir="1" index="0" bw="1" slack="2147483647"/>
</pin_list>
<bind>
<StgValue><ssdm name=""/></StgValue>
</bind>
</comp>

<comp id="38" class="1001" name="const_38">
<pin_list>
<pin id="39" dir="1" index="0" bw="1" slack="2147483647"/>
</pin_list>
<bind>
<StgValue><ssdm name="empty_0"/></StgValue>
</bind>
</comp>

<comp id="40" class="1001" name="const_40">
<pin_list>
<pin id="41" dir="1" index="0" bw="1" slack="2147483647"/>
</pin_list>
<bind>
<StgValue><ssdm name=""/></StgValue>
</bind>
</comp>

<comp id="42" class="1001" name="const_42">
<pin_list>
<pin id="43" dir="1" index="0" bw="1" slack="2147483647"/>
</pin_list>
<bind>
<StgValue><ssdm name="empty_1"/></StgValue>
</bind>
</comp>

<comp id="44" class="1001" name="const_44">
<pin_list>
<pin id="45" dir="1" index="0" bw="1" slack="2147483647"/>
</pin_list>
<bind>
<StgValue><ssdm name=""/></StgValue>
</bind>
</comp>

<comp id="46" class="1001" name="const_46">
<pin_list>
<pin id="47" dir="1" index="0" bw="1" slack="2147483647"/>
</pin_list>
<bind>
<StgValue><ssdm name="_ssdm_op_SpecBitsMap"/></StgValue>
</bind>
</comp>

<comp id="48" class="1001" name="const_48">
<pin_list>
<pin id="49" dir="1" index="0" bw="1" slack="2147483647"/>
</pin_list>
<bind>
<StgValue><ssdm name="empty_2"/></StgValue>
</bind>
</comp>

<comp id="50" class="1001" name="const_50">
<pin_list>
<pin id="51" dir="1" index="0" bw="1" slack="2147483647"/>
</pin_list>
<bind>
<StgValue><ssdm name="empty_3"/></StgValue>
</bind>
</comp>

<comp id="52" class="1001" name="const_52">
<pin_list>
<pin id="53" dir="1" index="0" bw="1" slack="2147483647"/>
</pin_list>
<bind>
<StgValue><ssdm name="_ssdm_op_SpecAXISSideChannel"/></StgValue>
</bind>
</comp>

<comp id="54" class="1001" name="const_54">
<pin_list>
<pin id="55" dir="1" index="0" bw="1" slack="2147483647"/>
</pin_list>
<bind>
<StgValue><ssdm name="empty_4"/></StgValue>
</bind>
</comp>

<comp id="56" class="1001" name="const_56">
<pin_list>
<pin id="57" dir="1" index="0" bw="1" slack="2147483647"/>
</pin_list>
<bind>
<StgValue><ssdm name="empty_5"/></StgValue>
</bind>
</comp>

<comp id="58" class="1001" name="const_58">
<pin_list>
<pin id="59" dir="1" index="0" bw="1" slack="0"/>
</pin_list>
<bind>
<StgValue><ssdm name="_ssdm_op_Read.axis.volatile.i32P0A.i4P0A.i4P0A.i2P0A.i1P0A.i5P0A.i6P0A"/></StgValue>
</bind>
</comp>

<comp id="60" class="1001" name="const_60">
<pin_list>
<pin id="61" dir="1" index="0" bw="1" slack="0"/>
</pin_list>
<bind>
<StgValue><ssdm name=""/></StgValue>
</bind>
</comp>

<comp id="62" class="1001" name="const_62">
<pin_list>
<pin id="63" dir="1" index="0" bw="1" slack="2147483647"/>
</pin_list>
<bind>
<StgValue><ssdm name="_ssdm_op_SpecPipeline"/></StgValue>
</bind>
</comp>

<comp id="64" class="1001" name="const_64">
<pin_list>
<pin id="65" dir="1" index="0" bw="1" slack="2147483647"/>
</pin_list>
<bind>
<StgValue><ssdm name="_ssdm_op_SpecLoopName"/></StgValue>
</bind>
</comp>

<comp id="66" class="1001" name="const_66">
<pin_list>
<pin id="67" dir="1" index="0" bw="1" slack="2147483647"/>
</pin_list>
<bind>
<StgValue><ssdm name="empty_7"/></StgValue>
</bind>
</comp>

<comp id="68" class="1001" name="const_68">
<pin_list>
<pin id="69" dir="1" index="0" bw="1" slack="0"/>
</pin_list>
<bind>
<StgValue><ssdm name=""/></StgValue>
</bind>
</comp>

<comp id="70" class="1001" name="const_70">
<pin_list>
<pin id="71" dir="1" index="0" bw="1" slack="0"/>
</pin_list>
<bind>
<StgValue><ssdm name="_ssdm_op_Write.axis.volatile.i32P0A.i4P0A.i4P0A.i2P0A.i1P0A.i5P0A.i6P0A"/></StgValue>
</bind>
</comp>

<comp id="72" class="1004" name="empty_read_fu_72">
<pin_list>
<pin id="73" dir="0" index="0" bw="54" slack="0"/>
<pin id="74" dir="0" index="1" bw="32" slack="0"/>
<pin id="75" dir="0" index="2" bw="4" slack="0"/>
<pin id="76" dir="0" index="3" bw="4" slack="0"/>
<pin id="77" dir="0" index="4" bw="2" slack="0"/>
<pin id="78" dir="0" index="5" bw="1" slack="0"/>
<pin id="79" dir="0" index="6" bw="5" slack="0"/>
<pin id="80" dir="0" index="7" bw="6" slack="0"/>
<pin id="81" dir="1" index="8" bw="54" slack="0"/>
</pin_list>
<bind>
<opcode="read(1150) " fcode="read"/>
<opset="empty/1 "/>
</bind>
</comp>

<comp id="90" class="1004" name="grp_write_fu_90">
<pin_list>
<pin id="91" dir="0" index="0" bw="0" slack="0"/>
<pin id="92" dir="0" index="1" bw="32" slack="0"/>
<pin id="93" dir="0" index="2" bw="4" slack="0"/>
<pin id="94" dir="0" index="3" bw="4" slack="0"/>
<pin id="95" dir="0" index="4" bw="2" slack="0"/>
<pin id="96" dir="0" index="5" bw="1" slack="0"/>
<pin id="97" dir="0" index="6" bw="5" slack="0"/>
<pin id="98" dir="0" index="7" bw="6" slack="0"/>
<pin id="99" dir="0" index="8" bw="1" slack="0"/>
<pin id="100" dir="0" index="9" bw="4" slack="35"/>
<pin id="101" dir="0" index="10" bw="4" slack="35"/>
<pin id="102" dir="0" index="11" bw="2" slack="35"/>
<pin id="103" dir="0" index="12" bw="1" slack="35"/>
<pin id="104" dir="0" index="13" bw="5" slack="35"/>
<pin id="105" dir="0" index="14" bw="6" slack="35"/>
<pin id="106" dir="1" index="15" bw="0" slack="2147483647"/>
</pin_list>
<bind>
<opcode="write(1151) " fcode="write"/>
<opset="write_ln17/36 "/>
</bind>
</comp>

<comp id="115" class="1004" name="tmp_data_fu_115">
<pin_list>
<pin id="116" dir="0" index="0" bw="54" slack="0"/>
<pin id="117" dir="1" index="1" bw="32" slack="0"/>
</pin_list>
<bind>
<opcode="extractvalue(56) " fcode="extractvalue"/>
<opset="tmp_data/1 "/>
</bind>
</comp>

<comp id="119" class="1004" name="tmp_keep_fu_119">
<pin_list>
<pin id="120" dir="0" index="0" bw="54" slack="0"/>
<pin id="121" dir="1" index="1" bw="4" slack="35"/>
</pin_list>
<bind>
<opcode="extractvalue(56) " fcode="extractvalue"/>
<opset="tmp_keep/1 "/>
</bind>
</comp>

<comp id="123" class="1004" name="tmp_strb_fu_123">
<pin_list>
<pin id="124" dir="0" index="0" bw="54" slack="0"/>
<pin id="125" dir="1" index="1" bw="4" slack="35"/>
</pin_list>
<bind>
<opcode="extractvalue(56) " fcode="extractvalue"/>
<opset="tmp_strb/1 "/>
</bind>
</comp>

<comp id="127" class="1004" name="tmp_user_fu_127">
<pin_list>
<pin id="128" dir="0" index="0" bw="54" slack="0"/>
<pin id="129" dir="1" index="1" bw="2" slack="35"/>
</pin_list>
<bind>
<opcode="extractvalue(56) " fcode="extractvalue"/>
<opset="tmp_user/1 "/>
</bind>
</comp>

<comp id="131" class="1004" name="tmp_last_fu_131">
<pin_list>
<pin id="132" dir="0" index="0" bw="54" slack="0"/>
<pin id="133" dir="1" index="1" bw="1" slack="35"/>
</pin_list>
<bind>
<opcode="extractvalue(56) " fcode="extractvalue"/>
<opset="tmp_last/1 "/>
</bind>
</comp>

<comp id="135" class="1004" name="tmp_id_fu_135">
<pin_list>
<pin id="136" dir="0" index="0" bw="54" slack="0"/>
<pin id="137" dir="1" index="1" bw="5" slack="35"/>
</pin_list>
<bind>
<opcode="extractvalue(56) " fcode="extractvalue"/>
<opset="tmp_id/1 "/>
</bind>
</comp>

<comp id="139" class="1004" name="tmp_dest_fu_139">
<pin_list>
<pin id="140" dir="0" index="0" bw="54" slack="0"/>
<pin id="141" dir="1" index="1" bw="6" slack="35"/>
</pin_list>
<bind>
<opcode="extractvalue(56) " fcode="extractvalue"/>
<opset="tmp_dest/1 "/>
</bind>
</comp>

<comp id="143" class="1004" name="grp_fu_143">
<pin_list>
<pin id="144" dir="0" index="0" bw="32" slack="0"/>
<pin id="145" dir="0" index="1" bw="5" slack="0"/>
<pin id="146" dir="1" index="2" bw="5" slack="0"/>
</pin_list>
<bind>
<opcode="srem(18) " fcode="srem"/>
<opset="srem_ln16/1 "/>
</bind>
</comp>

<comp id="149" class="1004" name="trunc_ln16_fu_149">
<pin_list>
<pin id="150" dir="0" index="0" bw="5" slack="0"/>
<pin id="151" dir="1" index="1" bw="5" slack="0"/>
</pin_list>
<bind>
<opcode="trunc(33) " fcode="trunc"/>
<opset="trunc_ln16/36 "/>
</bind>
</comp>

<comp id="153" class="1004" name="tmp_data_1_fu_153">
<pin_list>
<pin id="154" dir="0" index="0" bw="5" slack="0"/>
<pin id="155" dir="0" index="1" bw="1" slack="0"/>
<pin id="156" dir="1" index="2" bw="1" slack="0"/>
</pin_list>
<bind>
<opcode="icmp(45) " fcode="icmp"/>
<opset="tmp_data_1/36 "/>
</bind>
</comp>

<comp id="159" class="1004" name="zext_ln16_fu_159">
<pin_list>
<pin id="160" dir="0" index="0" bw="1" slack="0"/>
<pin id="161" dir="1" index="1" bw="32" slack="0"/>
</pin_list>
<bind>
<opcode="zext(34) " fcode="zext"/>
<opset="zext_ln16/36 "/>
</bind>
</comp>

<comp id="164" class="1005" name="tmp_data_reg_164">
<pin_list>
<pin id="165" dir="0" index="0" bw="32" slack="1"/>
<pin id="166" dir="1" index="1" bw="32" slack="1"/>
</pin_list>
<bind>
<opset="tmp_data "/>
</bind>
</comp>

<comp id="169" class="1005" name="tmp_keep_reg_169">
<pin_list>
<pin id="170" dir="0" index="0" bw="4" slack="35"/>
<pin id="171" dir="1" index="1" bw="4" slack="35"/>
</pin_list>
<bind>
<opset="tmp_keep "/>
</bind>
</comp>

<comp id="174" class="1005" name="tmp_strb_reg_174">
<pin_list>
<pin id="175" dir="0" index="0" bw="4" slack="35"/>
<pin id="176" dir="1" index="1" bw="4" slack="35"/>
</pin_list>
<bind>
<opset="tmp_strb "/>
</bind>
</comp>

<comp id="179" class="1005" name="tmp_user_reg_179">
<pin_list>
<pin id="180" dir="0" index="0" bw="2" slack="35"/>
<pin id="181" dir="1" index="1" bw="2" slack="35"/>
</pin_list>
<bind>
<opset="tmp_user "/>
</bind>
</comp>

<comp id="184" class="1005" name="tmp_last_reg_184">
<pin_list>
<pin id="185" dir="0" index="0" bw="1" slack="35"/>
<pin id="186" dir="1" index="1" bw="1" slack="35"/>
</pin_list>
<bind>
<opset="tmp_last "/>
</bind>
</comp>

<comp id="189" class="1005" name="tmp_id_reg_189">
<pin_list>
<pin id="190" dir="0" index="0" bw="5" slack="35"/>
<pin id="191" dir="1" index="1" bw="5" slack="35"/>
</pin_list>
<bind>
<opset="tmp_id "/>
</bind>
</comp>

<comp id="194" class="1005" name="tmp_dest_reg_194">
<pin_list>
<pin id="195" dir="0" index="0" bw="6" slack="35"/>
<pin id="196" dir="1" index="1" bw="6" slack="35"/>
</pin_list>
<bind>
<opset="tmp_dest "/>
</bind>
</comp>

<comp id="199" class="1005" name="zext_ln16_reg_199">
<pin_list>
<pin id="200" dir="0" index="0" bw="32" slack="1"/>
<pin id="201" dir="1" index="1" bw="32" slack="1"/>
</pin_list>
<bind>
<opset="zext_ln16 "/>
</bind>
</comp>

</comp_list>

<net_list>
<net id="82"><net_src comp="58" pin="0"/><net_sink comp="72" pin=0"/></net>

<net id="83"><net_src comp="0" pin="0"/><net_sink comp="72" pin=1"/></net>

<net id="84"><net_src comp="2" pin="0"/><net_sink comp="72" pin=2"/></net>

<net id="85"><net_src comp="4" pin="0"/><net_sink comp="72" pin=3"/></net>

<net id="86"><net_src comp="6" pin="0"/><net_sink comp="72" pin=4"/></net>

<net id="87"><net_src comp="8" pin="0"/><net_sink comp="72" pin=5"/></net>

<net id="88"><net_src comp="10" pin="0"/><net_sink comp="72" pin=6"/></net>

<net id="89"><net_src comp="12" pin="0"/><net_sink comp="72" pin=7"/></net>

<net id="107"><net_src comp="70" pin="0"/><net_sink comp="90" pin=0"/></net>

<net id="108"><net_src comp="14" pin="0"/><net_sink comp="90" pin=1"/></net>

<net id="109"><net_src comp="16" pin="0"/><net_sink comp="90" pin=2"/></net>

<net id="110"><net_src comp="18" pin="0"/><net_sink comp="90" pin=3"/></net>

<net id="111"><net_src comp="20" pin="0"/><net_sink comp="90" pin=4"/></net>

<net id="112"><net_src comp="22" pin="0"/><net_sink comp="90" pin=5"/></net>

<net id="113"><net_src comp="24" pin="0"/><net_sink comp="90" pin=6"/></net>

<net id="114"><net_src comp="26" pin="0"/><net_sink comp="90" pin=7"/></net>

<net id="118"><net_src comp="72" pin="8"/><net_sink comp="115" pin=0"/></net>

<net id="122"><net_src comp="72" pin="8"/><net_sink comp="119" pin=0"/></net>

<net id="126"><net_src comp="72" pin="8"/><net_sink comp="123" pin=0"/></net>

<net id="130"><net_src comp="72" pin="8"/><net_sink comp="127" pin=0"/></net>

<net id="134"><net_src comp="72" pin="8"/><net_sink comp="131" pin=0"/></net>

<net id="138"><net_src comp="72" pin="8"/><net_sink comp="135" pin=0"/></net>

<net id="142"><net_src comp="72" pin="8"/><net_sink comp="139" pin=0"/></net>

<net id="147"><net_src comp="115" pin="1"/><net_sink comp="143" pin=0"/></net>

<net id="148"><net_src comp="60" pin="0"/><net_sink comp="143" pin=1"/></net>

<net id="152"><net_src comp="143" pin="2"/><net_sink comp="149" pin=0"/></net>

<net id="157"><net_src comp="149" pin="1"/><net_sink comp="153" pin=0"/></net>

<net id="158"><net_src comp="68" pin="0"/><net_sink comp="153" pin=1"/></net>

<net id="162"><net_src comp="153" pin="2"/><net_sink comp="159" pin=0"/></net>

<net id="163"><net_src comp="159" pin="1"/><net_sink comp="90" pin=8"/></net>

<net id="167"><net_src comp="115" pin="1"/><net_sink comp="164" pin=0"/></net>

<net id="168"><net_src comp="164" pin="1"/><net_sink comp="143" pin=0"/></net>

<net id="172"><net_src comp="119" pin="1"/><net_sink comp="169" pin=0"/></net>

<net id="173"><net_src comp="169" pin="1"/><net_sink comp="90" pin=9"/></net>

<net id="177"><net_src comp="123" pin="1"/><net_sink comp="174" pin=0"/></net>

<net id="178"><net_src comp="174" pin="1"/><net_sink comp="90" pin=10"/></net>

<net id="182"><net_src comp="127" pin="1"/><net_sink comp="179" pin=0"/></net>

<net id="183"><net_src comp="179" pin="1"/><net_sink comp="90" pin=11"/></net>

<net id="187"><net_src comp="131" pin="1"/><net_sink comp="184" pin=0"/></net>

<net id="188"><net_src comp="184" pin="1"/><net_sink comp="90" pin=12"/></net>

<net id="192"><net_src comp="135" pin="1"/><net_sink comp="189" pin=0"/></net>

<net id="193"><net_src comp="189" pin="1"/><net_sink comp="90" pin=13"/></net>

<net id="197"><net_src comp="139" pin="1"/><net_sink comp="194" pin=0"/></net>

<net id="198"><net_src comp="194" pin="1"/><net_sink comp="90" pin=14"/></net>

<net id="202"><net_src comp="159" pin="1"/><net_sink comp="199" pin=0"/></net>

<net id="203"><net_src comp="199" pin="1"/><net_sink comp="90" pin=8"/></net>

</net_list>

</model> 
---------------- Datapath Model END ------------------

* FSMD analyzer results:
  - Output states:
	Port: B_V_data_V | {37 }
	Port: B_V_keep_V | {37 }
	Port: B_V_strb_V | {37 }
	Port: B_V_user_V | {37 }
	Port: B_V_last_V | {37 }
	Port: B_V_id_V | {37 }
	Port: B_V_dest_V | {37 }
 - Input state : 
	Port: divide_by_13 : A_V_data_V | {1 }
	Port: divide_by_13 : A_V_keep_V | {1 }
	Port: divide_by_13 : A_V_strb_V | {1 }
	Port: divide_by_13 : A_V_user_V | {1 }
	Port: divide_by_13 : A_V_last_V | {1 }
	Port: divide_by_13 : A_V_id_V | {1 }
	Port: divide_by_13 : A_V_dest_V | {1 }
  - Chain level:
	State 1
		srem_ln16 : 1
		br_ln18 : 1
	State 2
	State 3
	State 4
	State 5
	State 6
	State 7
	State 8
	State 9
	State 10
	State 11
	State 12
	State 13
	State 14
	State 15
	State 16
	State 17
	State 18
	State 19
	State 20
	State 21
	State 22
	State 23
	State 24
	State 25
	State 26
	State 27
	State 28
	State 29
	State 30
	State 31
	State 32
	State 33
	State 34
	State 35
	State 36
		trunc_ln16 : 1
		tmp_data_1 : 2
		zext_ln16 : 3
		write_ln17 : 4
	State 37


============================================================
+ Verbose Summary: Datapath Resource usage 
============================================================

* Functional unit list:
|----------|-------------------|---------|---------|
| Operation|  Functional Unit  |    FF   |   LUT   |
|----------|-------------------|---------|---------|
|   srem   |     grp_fu_143    |   2283  |   1738  |
|----------|-------------------|---------|---------|
|   icmp   | tmp_data_1_fu_153 |    0    |    12   |
|----------|-------------------|---------|---------|
|   read   |  empty_read_fu_72 |    0    |    0    |
|----------|-------------------|---------|---------|
|   write  |  grp_write_fu_90  |    0    |    0    |
|----------|-------------------|---------|---------|
|          |  tmp_data_fu_115  |    0    |    0    |
|          |  tmp_keep_fu_119  |    0    |    0    |
|          |  tmp_strb_fu_123  |    0    |    0    |
|extractvalue|  tmp_user_fu_127  |    0    |    0    |
|          |  tmp_last_fu_131  |    0    |    0    |
|          |   tmp_id_fu_135   |    0    |    0    |
|          |  tmp_dest_fu_139  |    0    |    0    |
|----------|-------------------|---------|---------|
|   trunc  | trunc_ln16_fu_149 |    0    |    0    |
|----------|-------------------|---------|---------|
|   zext   |  zext_ln16_fu_159 |    0    |    0    |
|----------|-------------------|---------|---------|
|   Total  |                   |   2283  |   1750  |
|----------|-------------------|---------|---------|

Memories:
N/A

* Register list:
+-----------------+--------+
|                 |   FF   |
+-----------------+--------+
| tmp_data_reg_164|   32   |
| tmp_dest_reg_194|    6   |
|  tmp_id_reg_189 |    5   |
| tmp_keep_reg_169|    4   |
| tmp_last_reg_184|    1   |
| tmp_strb_reg_174|    4   |
| tmp_user_reg_179|    2   |
|zext_ln16_reg_199|   32   |
+-----------------+--------+
|      Total      |   86   |
+-----------------+--------+

* Multiplexer (MUX) list: 
|-----------------|------|------|------|--------||---------||---------||---------|
|       Comp      |  Pin | Size |  BW  | S x BW ||  Delay  ||    FF   ||   LUT   |
|-----------------|------|------|------|--------||---------||---------||---------|
| grp_write_fu_90 |  p8  |   2  |   1  |    2   ||    0    ||    9    |
|    grp_fu_143   |  p0  |   2  |  32  |   64   ||    0    ||    9    |
|-----------------|------|------|------|--------||---------||---------||---------|
|      Total      |      |      |      |   66   ||  0.854  ||    0    ||    18   |
|-----------------|------|------|------|--------||---------||---------||---------|



* Summary:
+-----------+--------+--------+--------+
|           |  Delay |   FF   |   LUT  |
+-----------+--------+--------+--------+
|  Function |    -   |  2283  |  1750  |
|   Memory  |    -   |    -   |    -   |
|Multiplexer|    0   |    0   |   18   |
|  Register |    -   |   86   |    -   |
+-----------+--------+--------+--------+
|   Total   |    0   |  2369  |  1768  |
+-----------+--------+--------+--------+
