
*** Running vivado
    with args -log adder_wrapper.vds -m64 -product Vivado -mode batch -messageDb vivado.pb -notrace -source adder_wrapper.tcl



****** Vivado v2024.1 (64-bit)
  **** SW Build 5076996 on Wed May 22 18:37:14 MDT 2024
  **** IP Build 5075265 on Wed May 22 21:45:21 MDT 2024
  **** SharedData Build 5076995 on Wed May 22 18:29:18 MDT 2024
  **** Start of session at: Wed Jan 21 15:47:56 2026
    ** Copyright 1986-2022 Xilinx, Inc. All Rights Reserved.
    ** Copyright 2022-2024 Advanced Micro Devices, Inc. All Rights Reserved.

source adder_wrapper.tcl -notrace
create_project: Time (s): cpu = 00:00:07 ; elapsed = 00:00:08 . Memory (MB): peak = 646.305 ; gain = 202.719
INFO: [IP_Flow 19-234] Refreshing IP repositories
INFO: [IP_Flow 19-1700] Loaded user IP repository 'c:/Users/langweil.m/Documents/EECE4632'.
INFO: [IP_Flow 19-2313] Loaded Vivado IP repository 'C:/Xilinx/Vivado/2024.1/data/ip'.
Command: synth_design -top adder_wrapper -part xczu3eg-sfvc784-2-e
Starting synth_design
Attempting to get a license for feature 'Synthesis' and/or device 'xczu3eg'
INFO: [Common 17-349] Got license for feature 'Synthesis' and/or device 'xczu3eg'
INFO: [Device 21-403] Loading part xczu3eg-sfvc784-2-e
INFO: [Synth 8-7079] Multithreading enabled for synth_design using a maximum of 2 processes.
INFO: [Synth 8-7078] Launching helper process for spawning children vivado processes
INFO: [Synth 8-7075] Helper process launched with PID 240
---------------------------------------------------------------------------------
Starting RTL Elaboration : Time (s): cpu = 00:00:04 ; elapsed = 00:00:05 . Memory (MB): peak = 2005.344 ; gain = 393.637
---------------------------------------------------------------------------------
INFO: [Synth 8-6157] synthesizing module 'adder_wrapper' [c:/Users/langweil.m/Documents/Lab2_vivado/Lab2/Lab2.gen/sources_1/bd/adder/hdl/adder_wrapper.v:13]
INFO: [Synth 8-6157] synthesizing module 'adder' [c:/Users/langweil.m/Documents/Lab2_vivado/Lab2/Lab2.gen/sources_1/bd/adder/synth/adder.v:13]
INFO: [Synth 8-6157] synthesizing module 'adder_proc_sys_reset_0_0' [C:/Users/langweil.m/Documents/Lab2_vivado/Lab2/Lab2.runs/synth_1/.Xil/Vivado-16948-WFXA4BB6DBB67AF/realtime/adder_proc_sys_reset_0_0_stub.v:6]
INFO: [Synth 8-6155] done synthesizing module 'adder_proc_sys_reset_0_0' (0#1) [C:/Users/langweil.m/Documents/Lab2_vivado/Lab2/Lab2.runs/synth_1/.Xil/Vivado-16948-WFXA4BB6DBB67AF/realtime/adder_proc_sys_reset_0_0_stub.v:6]
WARNING: [Synth 8-7071] port 'mb_reset' of module 'adder_proc_sys_reset_0_0' is unconnected for instance 'proc_sys_reset_0' [c:/Users/langweil.m/Documents/Lab2_vivado/Lab2/Lab2.gen/sources_1/bd/adder/synth/adder.v:75]
WARNING: [Synth 8-7071] port 'bus_struct_reset' of module 'adder_proc_sys_reset_0_0' is unconnected for instance 'proc_sys_reset_0' [c:/Users/langweil.m/Documents/Lab2_vivado/Lab2/Lab2.gen/sources_1/bd/adder/synth/adder.v:75]
WARNING: [Synth 8-7071] port 'peripheral_reset' of module 'adder_proc_sys_reset_0_0' is unconnected for instance 'proc_sys_reset_0' [c:/Users/langweil.m/Documents/Lab2_vivado/Lab2/Lab2.gen/sources_1/bd/adder/synth/adder.v:75]
WARNING: [Synth 8-7071] port 'interconnect_aresetn' of module 'adder_proc_sys_reset_0_0' is unconnected for instance 'proc_sys_reset_0' [c:/Users/langweil.m/Documents/Lab2_vivado/Lab2/Lab2.gen/sources_1/bd/adder/synth/adder.v:75]
WARNING: [Synth 8-7023] instance 'proc_sys_reset_0' of module 'adder_proc_sys_reset_0_0' has 10 connections declared, but only 6 given [c:/Users/langweil.m/Documents/Lab2_vivado/Lab2/Lab2.gen/sources_1/bd/adder/synth/adder.v:75]
INFO: [Synth 8-6157] synthesizing module 'adder_ps8_0_axi_periph_0' [c:/Users/langweil.m/Documents/Lab2_vivado/Lab2/Lab2.gen/sources_1/bd/adder/synth/adder.v:206]
INFO: [Synth 8-6157] synthesizing module 's00_couplers_imp_80939S' [c:/Users/langweil.m/Documents/Lab2_vivado/Lab2/Lab2.gen/sources_1/bd/adder/synth/adder.v:506]
INFO: [Synth 8-6157] synthesizing module 'adder_auto_pc_0' [C:/Users/langweil.m/Documents/Lab2_vivado/Lab2/Lab2.runs/synth_1/.Xil/Vivado-16948-WFXA4BB6DBB67AF/realtime/adder_auto_pc_0_stub.v:6]
INFO: [Synth 8-6155] done synthesizing module 'adder_auto_pc_0' (0#1) [C:/Users/langweil.m/Documents/Lab2_vivado/Lab2/Lab2.runs/synth_1/.Xil/Vivado-16948-WFXA4BB6DBB67AF/realtime/adder_auto_pc_0_stub.v:6]
WARNING: [Synth 8-7071] port 'm_axi_awprot' of module 'adder_auto_pc_0' is unconnected for instance 'auto_pc' [c:/Users/langweil.m/Documents/Lab2_vivado/Lab2/Lab2.gen/sources_1/bd/adder/synth/adder.v:737]
WARNING: [Synth 8-7071] port 'm_axi_arprot' of module 'adder_auto_pc_0' is unconnected for instance 'auto_pc' [c:/Users/langweil.m/Documents/Lab2_vivado/Lab2/Lab2.gen/sources_1/bd/adder/synth/adder.v:737]
WARNING: [Synth 8-7023] instance 'auto_pc' of module 'adder_auto_pc_0' has 60 connections declared, but only 58 given [c:/Users/langweil.m/Documents/Lab2_vivado/Lab2/Lab2.gen/sources_1/bd/adder/synth/adder.v:737]
INFO: [Synth 8-6155] done synthesizing module 's00_couplers_imp_80939S' (0#1) [c:/Users/langweil.m/Documents/Lab2_vivado/Lab2/Lab2.gen/sources_1/bd/adder/synth/adder.v:506]
INFO: [Synth 8-6155] done synthesizing module 'adder_ps8_0_axi_periph_0' (0#1) [c:/Users/langweil.m/Documents/Lab2_vivado/Lab2/Lab2.gen/sources_1/bd/adder/synth/adder.v:206]
INFO: [Synth 8-6157] synthesizing module 'adder_add_0_0' [C:/Users/langweil.m/Documents/Lab2_vivado/Lab2/Lab2.runs/synth_1/.Xil/Vivado-16948-WFXA4BB6DBB67AF/realtime/adder_add_0_0_stub.v:6]
INFO: [Synth 8-6155] done synthesizing module 'adder_add_0_0' (0#1) [C:/Users/langweil.m/Documents/Lab2_vivado/Lab2/Lab2.runs/synth_1/.Xil/Vivado-16948-WFXA4BB6DBB67AF/realtime/adder_add_0_0_stub.v:6]
INFO: [Synth 8-6157] synthesizing module 'adder_zynq_ultra_ps_e_0_0' [C:/Users/langweil.m/Documents/Lab2_vivado/Lab2/Lab2.runs/synth_1/.Xil/Vivado-16948-WFXA4BB6DBB67AF/realtime/adder_zynq_ultra_ps_e_0_0_stub.v:6]
INFO: [Synth 8-6155] done synthesizing module 'adder_zynq_ultra_ps_e_0_0' (0#1) [C:/Users/langweil.m/Documents/Lab2_vivado/Lab2/Lab2.runs/synth_1/.Xil/Vivado-16948-WFXA4BB6DBB67AF/realtime/adder_zynq_ultra_ps_e_0_0_stub.v:6]
WARNING: [Synth 8-7071] port 'maxigp2_awuser' of module 'adder_zynq_ultra_ps_e_0_0' is unconnected for instance 'zynq_ultra_ps_e_0' [c:/Users/langweil.m/Documents/Lab2_vivado/Lab2/Lab2.gen/sources_1/bd/adder/synth/adder.v:163]
WARNING: [Synth 8-7071] port 'maxigp2_aruser' of module 'adder_zynq_ultra_ps_e_0_0' is unconnected for instance 'zynq_ultra_ps_e_0' [c:/Users/langweil.m/Documents/Lab2_vivado/Lab2/Lab2.gen/sources_1/bd/adder/synth/adder.v:163]
WARNING: [Synth 8-7023] instance 'zynq_ultra_ps_e_0' of module 'adder_zynq_ultra_ps_e_0_0' has 42 connections declared, but only 40 given [c:/Users/langweil.m/Documents/Lab2_vivado/Lab2/Lab2.gen/sources_1/bd/adder/synth/adder.v:163]
INFO: [Synth 8-6155] done synthesizing module 'adder' (0#1) [c:/Users/langweil.m/Documents/Lab2_vivado/Lab2/Lab2.gen/sources_1/bd/adder/synth/adder.v:13]
INFO: [Synth 8-6155] done synthesizing module 'adder_wrapper' (0#1) [c:/Users/langweil.m/Documents/Lab2_vivado/Lab2/Lab2.gen/sources_1/bd/adder/hdl/adder_wrapper.v:13]
WARNING: [Synth 8-7129] Port M_ACLK in module s00_couplers_imp_80939S is either unconnected or has no load
WARNING: [Synth 8-7129] Port M_ARESETN in module s00_couplers_imp_80939S is either unconnected or has no load
WARNING: [Synth 8-7129] Port ACLK in module adder_ps8_0_axi_periph_0 is either unconnected or has no load
WARNING: [Synth 8-7129] Port ARESETN in module adder_ps8_0_axi_periph_0 is either unconnected or has no load
---------------------------------------------------------------------------------
Finished RTL Elaboration : Time (s): cpu = 00:00:06 ; elapsed = 00:00:06 . Memory (MB): peak = 2119.172 ; gain = 507.465
---------------------------------------------------------------------------------
---------------------------------------------------------------------------------
Start Handling Custom Attributes
---------------------------------------------------------------------------------
---------------------------------------------------------------------------------
Finished Handling Custom Attributes : Time (s): cpu = 00:00:06 ; elapsed = 00:00:06 . Memory (MB): peak = 2119.172 ; gain = 507.465
---------------------------------------------------------------------------------
---------------------------------------------------------------------------------
Finished RTL Optimization Phase 1 : Time (s): cpu = 00:00:06 ; elapsed = 00:00:06 . Memory (MB): peak = 2119.172 ; gain = 507.465
---------------------------------------------------------------------------------
Netlist sorting complete. Time (s): cpu = 00:00:00 ; elapsed = 00:00:00.006 . Memory (MB): peak = 2119.172 ; gain = 0.000
INFO: [Project 1-570] Preparing netlist for logic optimization

Processing XDC Constraints
Initializing timing engine
Parsing XDC File [c:/Users/langweil.m/Documents/Lab2_vivado/Lab2/Lab2.gen/sources_1/bd/adder/ip/adder_proc_sys_reset_0_0/adder_proc_sys_reset_0_0/adder_proc_sys_reset_0_0_in_context.xdc] for cell 'adder_i/proc_sys_reset_0'
Finished Parsing XDC File [c:/Users/langweil.m/Documents/Lab2_vivado/Lab2/Lab2.gen/sources_1/bd/adder/ip/adder_proc_sys_reset_0_0/adder_proc_sys_reset_0_0/adder_proc_sys_reset_0_0_in_context.xdc] for cell 'adder_i/proc_sys_reset_0'
Parsing XDC File [c:/Users/langweil.m/Documents/Lab2_vivado/Lab2/Lab2.gen/sources_1/bd/adder/ip/adder_zynq_ultra_ps_e_0_0/adder_zynq_ultra_ps_e_0_0/adder_zynq_ultra_ps_e_0_0_in_context.xdc] for cell 'adder_i/zynq_ultra_ps_e_0'
Finished Parsing XDC File [c:/Users/langweil.m/Documents/Lab2_vivado/Lab2/Lab2.gen/sources_1/bd/adder/ip/adder_zynq_ultra_ps_e_0_0/adder_zynq_ultra_ps_e_0_0/adder_zynq_ultra_ps_e_0_0_in_context.xdc] for cell 'adder_i/zynq_ultra_ps_e_0'
Parsing XDC File [c:/Users/langweil.m/Documents/Lab2_vivado/Lab2/Lab2.gen/sources_1/bd/adder/ip/adder_add_0_0/adder_add_0_0/adder_add_0_0_in_context.xdc] for cell 'adder_i/scalar_add'
Finished Parsing XDC File [c:/Users/langweil.m/Documents/Lab2_vivado/Lab2/Lab2.gen/sources_1/bd/adder/ip/adder_add_0_0/adder_add_0_0/adder_add_0_0_in_context.xdc] for cell 'adder_i/scalar_add'
Parsing XDC File [c:/Users/langweil.m/Documents/Lab2_vivado/Lab2/Lab2.gen/sources_1/bd/adder/ip/adder_auto_pc_0/adder_auto_pc_0/adder_auto_pc_0_in_context.xdc] for cell 'adder_i/ps8_0_axi_periph/s00_couplers/auto_pc'
Finished Parsing XDC File [c:/Users/langweil.m/Documents/Lab2_vivado/Lab2/Lab2.gen/sources_1/bd/adder/ip/adder_auto_pc_0/adder_auto_pc_0/adder_auto_pc_0_in_context.xdc] for cell 'adder_i/ps8_0_axi_periph/s00_couplers/auto_pc'
Parsing XDC File [C:/Users/langweil.m/Documents/Lab2_vivado/Lab2/Lab2.runs/synth_1/dont_touch.xdc]
Finished Parsing XDC File [C:/Users/langweil.m/Documents/Lab2_vivado/Lab2/Lab2.runs/synth_1/dont_touch.xdc]
Completed Processing XDC Constraints

Netlist sorting complete. Time (s): cpu = 00:00:00 ; elapsed = 00:00:00 . Memory (MB): peak = 2120.379 ; gain = 0.000
INFO: [Project 1-111] Unisim Transformation Summary:
No Unisim elements were transformed.

Constraint Validation Runtime : Time (s): cpu = 00:00:00 ; elapsed = 00:00:00.003 . Memory (MB): peak = 2120.379 ; gain = 0.000
---------------------------------------------------------------------------------
Finished Constraint Validation : Time (s): cpu = 00:00:17 ; elapsed = 00:00:18 . Memory (MB): peak = 2120.379 ; gain = 508.672
---------------------------------------------------------------------------------
---------------------------------------------------------------------------------
Start Loading Part and Timing Information
---------------------------------------------------------------------------------
Loading part: xczu3eg-sfvc784-2-e
INFO: [Synth 8-6742] Reading net delay rules and data
---------------------------------------------------------------------------------
Finished Loading Part and Timing Information : Time (s): cpu = 00:00:17 ; elapsed = 00:00:18 . Memory (MB): peak = 2120.379 ; gain = 508.672
---------------------------------------------------------------------------------
---------------------------------------------------------------------------------
Start Applying 'set_property' XDC Constraints
---------------------------------------------------------------------------------
Applied set_property KEEP_HIERARCHY = SOFT for adder_i. (constraint file  auto generated constraint).
Applied set_property KEEP_HIERARCHY = SOFT for adder_i/proc_sys_reset_0. (constraint file  auto generated constraint).
Applied set_property KEEP_HIERARCHY = SOFT for adder_i/zynq_ultra_ps_e_0. (constraint file  auto generated constraint).
Applied set_property KEEP_HIERARCHY = SOFT for adder_i/scalar_add. (constraint file  auto generated constraint).
Applied set_property KEEP_HIERARCHY = SOFT for adder_i/ps8_0_axi_periph/s00_couplers/auto_pc. (constraint file  auto generated constraint).
Applied set_property KEEP_HIERARCHY = SOFT for adder_i/ps8_0_axi_periph. (constraint file  auto generated constraint).
---------------------------------------------------------------------------------
Finished applying 'set_property' XDC Constraints : Time (s): cpu = 00:00:17 ; elapsed = 00:00:18 . Memory (MB): peak = 2120.379 ; gain = 508.672
---------------------------------------------------------------------------------
---------------------------------------------------------------------------------
Finished RTL Optimization Phase 2 : Time (s): cpu = 00:00:17 ; elapsed = 00:00:18 . Memory (MB): peak = 2120.379 ; gain = 508.672
---------------------------------------------------------------------------------
---------------------------------------------------------------------------------
Start RTL Component Statistics 
---------------------------------------------------------------------------------
Detailed RTL Component Info : 
---------------------------------------------------------------------------------
Finished RTL Component Statistics 
---------------------------------------------------------------------------------
---------------------------------------------------------------------------------
Start Part Resource Summary
---------------------------------------------------------------------------------
Part Resources:
DSPs: 360 (col length:72)
BRAMs: 432 (col length: RAMB18 72 RAMB36 36)
---------------------------------------------------------------------------------
Finished Part Resource Summary
---------------------------------------------------------------------------------
---------------------------------------------------------------------------------
Start Cross Boundary and Area Optimization
---------------------------------------------------------------------------------
WARNING: [Synth 8-7080] Parallel synthesis criteria is not met
WARNING: [Synth 8-7129] Port ACLK in module adder_ps8_0_axi_periph_0 is either unconnected or has no load
WARNING: [Synth 8-7129] Port ARESETN in module adder_ps8_0_axi_periph_0 is either unconnected or has no load
WARNING: [Synth 8-7129] Port M00_ACLK in module adder_ps8_0_axi_periph_0 is either unconnected or has no load
WARNING: [Synth 8-7129] Port M00_ARESETN in module adder_ps8_0_axi_periph_0 is either unconnected or has no load
---------------------------------------------------------------------------------
Finished Cross Boundary and Area Optimization : Time (s): cpu = 00:00:19 ; elapsed = 00:00:20 . Memory (MB): peak = 2120.379 ; gain = 508.672
---------------------------------------------------------------------------------
---------------------------------------------------------------------------------
Start Applying XDC Timing Constraints
---------------------------------------------------------------------------------
---------------------------------------------------------------------------------
Finished Applying XDC Timing Constraints : Time (s): cpu = 00:00:29 ; elapsed = 00:00:31 . Memory (MB): peak = 2601.984 ; gain = 990.277
---------------------------------------------------------------------------------
---------------------------------------------------------------------------------
Start Timing Optimization
---------------------------------------------------------------------------------
---------------------------------------------------------------------------------
Finished Timing Optimization : Time (s): cpu = 00:00:29 ; elapsed = 00:00:31 . Memory (MB): peak = 2601.984 ; gain = 990.277
---------------------------------------------------------------------------------
---------------------------------------------------------------------------------
Start Technology Mapping
---------------------------------------------------------------------------------
---------------------------------------------------------------------------------
Finished Technology Mapping : Time (s): cpu = 00:00:29 ; elapsed = 00:00:31 . Memory (MB): peak = 2612.047 ; gain = 1000.340
---------------------------------------------------------------------------------
---------------------------------------------------------------------------------
Start IO Insertion
---------------------------------------------------------------------------------
---------------------------------------------------------------------------------
Start Flattening Before IO Insertion
---------------------------------------------------------------------------------
---------------------------------------------------------------------------------
Finished Flattening Before IO Insertion
---------------------------------------------------------------------------------
---------------------------------------------------------------------------------
Start Final Netlist Cleanup
---------------------------------------------------------------------------------
---------------------------------------------------------------------------------
Finished Final Netlist Cleanup
---------------------------------------------------------------------------------
---------------------------------------------------------------------------------
Finished IO Insertion : Time (s): cpu = 00:00:34 ; elapsed = 00:00:35 . Memory (MB): peak = 2626.855 ; gain = 1015.148
---------------------------------------------------------------------------------
---------------------------------------------------------------------------------
Start Renaming Generated Instances
---------------------------------------------------------------------------------
---------------------------------------------------------------------------------
Finished Renaming Generated Instances : Time (s): cpu = 00:00:34 ; elapsed = 00:00:35 . Memory (MB): peak = 2626.855 ; gain = 1015.148
---------------------------------------------------------------------------------
---------------------------------------------------------------------------------
Start Rebuilding User Hierarchy
---------------------------------------------------------------------------------
---------------------------------------------------------------------------------
Finished Rebuilding User Hierarchy : Time (s): cpu = 00:00:34 ; elapsed = 00:00:35 . Memory (MB): peak = 2626.855 ; gain = 1015.148
---------------------------------------------------------------------------------
---------------------------------------------------------------------------------
Start Renaming Generated Ports
---------------------------------------------------------------------------------
---------------------------------------------------------------------------------
Finished Renaming Generated Ports : Time (s): cpu = 00:00:34 ; elapsed = 00:00:35 . Memory (MB): peak = 2626.855 ; gain = 1015.148
---------------------------------------------------------------------------------
---------------------------------------------------------------------------------
Start Handling Custom Attributes
---------------------------------------------------------------------------------
---------------------------------------------------------------------------------
Finished Handling Custom Attributes : Time (s): cpu = 00:00:34 ; elapsed = 00:00:35 . Memory (MB): peak = 2626.855 ; gain = 1015.148
---------------------------------------------------------------------------------
---------------------------------------------------------------------------------
Start Renaming Generated Nets
---------------------------------------------------------------------------------
---------------------------------------------------------------------------------
Finished Renaming Generated Nets : Time (s): cpu = 00:00:34 ; elapsed = 00:00:35 . Memory (MB): peak = 2626.855 ; gain = 1015.148
---------------------------------------------------------------------------------
---------------------------------------------------------------------------------
Start Writing Synthesis Report
---------------------------------------------------------------------------------

Report BlackBoxes: 
+------+--------------------------+----------+
|      |BlackBox name             |Instances |
+------+--------------------------+----------+
|1     |adder_proc_sys_reset_0_0  |         1|
|2     |adder_auto_pc_0           |         1|
|3     |adder_add_0_0             |         1|
|4     |adder_zynq_ultra_ps_e_0_0 |         1|
+------+--------------------------+----------+

Report Cell Usage: 
+------+------------------------+------+
|      |Cell                    |Count |
+------+------------------------+------+
|1     |adder_add_0             |     1|
|2     |adder_auto_pc           |     1|
|3     |adder_proc_sys_reset_0  |     1|
|4     |adder_zynq_ultra_ps_e_0 |     1|
+------+------------------------+------+
---------------------------------------------------------------------------------
Finished Writing Synthesis Report : Time (s): cpu = 00:00:34 ; elapsed = 00:00:35 . Memory (MB): peak = 2626.855 ; gain = 1015.148
---------------------------------------------------------------------------------
Synthesis finished with 0 errors, 0 critical warnings and 5 warnings.
Synthesis Optimization Runtime : Time (s): cpu = 00:00:22 ; elapsed = 00:00:29 . Memory (MB): peak = 2626.855 ; gain = 1013.941
Synthesis Optimization Complete : Time (s): cpu = 00:00:34 ; elapsed = 00:00:36 . Memory (MB): peak = 2626.855 ; gain = 1015.148
INFO: [Project 1-571] Translating synthesized netlist
Netlist sorting complete. Time (s): cpu = 00:00:00 ; elapsed = 00:00:00.006 . Memory (MB): peak = 2626.855 ; gain = 0.000
INFO: [Project 1-570] Preparing netlist for logic optimization
INFO: [Opt 31-138] Pushed 0 inverter(s) to 0 load pin(s).
Netlist sorting complete. Time (s): cpu = 00:00:00 ; elapsed = 00:00:00 . Memory (MB): peak = 2626.855 ; gain = 0.000
INFO: [Project 1-111] Unisim Transformation Summary:
No Unisim elements were transformed.

Synth Design complete | Checksum: 25caba01
INFO: [Common 17-83] Releasing license: Synthesis
32 Infos, 20 Warnings, 0 Critical Warnings and 0 Errors encountered.
synth_design completed successfully
synth_design: Time (s): cpu = 00:00:41 ; elapsed = 00:00:44 . Memory (MB): peak = 2626.855 ; gain = 1927.859
INFO: [Common 17-1381] The checkpoint 'C:/Users/langweil.m/Documents/Lab2_vivado/Lab2/Lab2.runs/synth_1/adder_wrapper.dcp' has been generated.
INFO: [Vivado 12-24828] Executing command : report_utilization -file adder_wrapper_utilization_synth.rpt -pb adder_wrapper_utilization_synth.pb
INFO: [Common 17-206] Exiting Vivado at Wed Jan 21 15:48:55 2026...
